[93mWARNING [0m:   DEPRECATED FEATURE: flwr.server.start_server() is deprecated.
	Instead, use the `flower-superlink` CLI command to start a SuperLink as shown below:

		$ flower-superlink --insecure

	To view usage and all available options, run:

		$ flower-superlink --help

	Using `start_server()` is deprecated.

            This is a deprecated feature. It will be removed
            entirely in future versions of Flower.
        
[92mINFO [0m:      Starting Flower server, config: num_rounds=10, no round_timeout
[92mINFO [0m:      Flower ECE: gRPC server running (10 rounds), SSL is disabled
[92mINFO [0m:      [INIT]
[92mINFO [0m:      Requesting initial parameters from one random client
[92mINFO [0m:      Received initial parameters from one random client
[92mINFO [0m:      Starting evaluation of initial global parameters
[92mINFO [0m:      initial parameters (loss, other metrics): 0.0, {'rmse': 0.0, 'mse': 0.0, 'mae': 0.0, 'r2': 0.0}
[92mINFO [0m:      
[92mINFO [0m:      [ROUND 1]
[92mINFO [0m:      configure_fit: strategy sampled 12 clients (out of 25)
[92mINFO [0m:      aggregate_fit: received 12 results and 0 failures
[93mWARNING [0m:   No fit_metrics_aggregation_fn provided
[92mINFO [0m:      fit progress: (1, 0.0, {'rmse': 0.0, 'mse': 0.0, 'mae': 0.0, 'r2': 0.0}, 44.54606654700183)
[92mINFO [0m:      configure_evaluate: strategy sampled 25 clients (out of 25)
[92mINFO [0m:      aggregate_evaluate: received 0 results and 25 failures
[92mINFO [0m:      
[92mINFO [0m:      [ROUND 2]
[92mINFO [0m:      configure_fit: strategy sampled 25 clients (out of 25)
[92mINFO [0m:      aggregate_fit: received 25 results and 0 failures
[92mINFO [0m:      fit progress: (2, 0.0, {'rmse': 0.0, 'mse': 0.0, 'mae': 0.0, 'r2': 0.0}, 47.0274983240015)
[92mINFO [0m:      configure_evaluate: strategy sampled 25 clients (out of 25)
[92mINFO [0m:      aggregate_evaluate: received 0 results and 25 failures
[92mINFO [0m:      
[92mINFO [0m:      [ROUND 3]
[92mINFO [0m:      configure_fit: strategy sampled 25 clients (out of 25)
[92mINFO [0m:      aggregate_fit: received 25 results and 0 failures
[92mINFO [0m:      fit progress: (3, 0.0, {'rmse': 0.0, 'mse': 0.0, 'mae': 0.0, 'r2': 0.0}, 49.45965878899733)
[92mINFO [0m:      configure_evaluate: strategy sampled 25 clients (out of 25)
[92mINFO [0m:      aggregate_evaluate: received 0 results and 25 failures
[92mINFO [0m:      
[92mINFO [0m:      [ROUND 4]
[92mINFO [0m:      configure_fit: strategy sampled 25 clients (out of 25)
[92mINFO [0m:      aggregate_fit: received 25 results and 0 failures
[92mINFO [0m:      fit progress: (4, 0.0, {'rmse': 0.0, 'mse': 0.0, 'mae': 0.0, 'r2': 0.0}, 51.80471723499795)
[92mINFO [0m:      configure_evaluate: strategy sampled 25 clients (out of 25)
[92mINFO [0m:      aggregate_evaluate: received 0 results and 25 failures
[92mINFO [0m:      
[92mINFO [0m:      [ROUND 5]
[92mINFO [0m:      configure_fit: strategy sampled 25 clients (out of 25)
[92mINFO [0m:      aggregate_fit: received 25 results and 0 failures
[92mINFO [0m:      fit progress: (5, 0.0, {'rmse': 0.0, 'mse': 0.0, 'mae': 0.0, 'r2': 0.0}, 56.63437610500114)
[92mINFO [0m:      configure_evaluate: strategy sampled 25 clients (out of 25)
[92mINFO [0m:      aggregate_evaluate: received 0 results and 25 failures
[92mINFO [0m:      
[92mINFO [0m:      [ROUND 6]
[92mINFO [0m:      configure_fit: strategy sampled 25 clients (out of 25)
[92mINFO [0m:      aggregate_fit: received 25 results and 0 failures
[92mINFO [0m:      fit progress: (6, 0.0, {'rmse': 0.0, 'mse': 0.0, 'mae': 0.0, 'r2': 0.0}, 58.84953560500435)
[92mINFO [0m:      configure_evaluate: strategy sampled 25 clients (out of 25)
[92mINFO [0m:      aggregate_evaluate: received 0 results and 25 failures
[92mINFO [0m:      
[92mINFO [0m:      [ROUND 7]
[92mINFO [0m:      configure_fit: strategy sampled 25 clients (out of 25)
[92mINFO [0m:      aggregate_fit: received 25 results and 0 failures
[92mINFO [0m:      fit progress: (7, 0.0, {'rmse': 0.0, 'mse': 0.0, 'mae': 0.0, 'r2': 0.0}, 61.12389054000232)
[92mINFO [0m:      configure_evaluate: strategy sampled 25 clients (out of 25)
[92mINFO [0m:      aggregate_evaluate: received 0 results and 25 failures
[92mINFO [0m:      
[92mINFO [0m:      [ROUND 8]
[92mINFO [0m:      configure_fit: strategy sampled 25 clients (out of 25)
[92mINFO [0m:      aggregate_fit: received 25 results and 0 failures
[92mINFO [0m:      fit progress: (8, 0.0, {'rmse': 0.0, 'mse': 0.0, 'mae': 0.0, 'r2': 0.0}, 63.42134498800442)
[92mINFO [0m:      configure_evaluate: strategy sampled 25 clients (out of 25)
[92mINFO [0m:      aggregate_evaluate: received 0 results and 25 failures
[92mINFO [0m:      
[92mINFO [0m:      [ROUND 9]
[92mINFO [0m:      configure_fit: strategy sampled 25 clients (out of 25)
[92mINFO [0m:      aggregate_fit: received 25 results and 0 failures
[92mINFO [0m:      fit progress: (9, 0.0, {'rmse': 0.0, 'mse': 0.0, 'mae': 0.0, 'r2': 0.0}, 68.30352404699806)
[92mINFO [0m:      configure_evaluate: strategy sampled 25 clients (out of 25)
[92mINFO [0m:      aggregate_evaluate: received 0 results and 25 failures
[92mINFO [0m:      
[92mINFO [0m:      [ROUND 10]
[92mINFO [0m:      configure_fit: strategy sampled 25 clients (out of 25)
[92mINFO [0m:      aggregate_fit: received 25 results and 0 failures
[92mINFO [0m:      fit progress: (10, 0.0, {'rmse': 0.0, 'mse': 0.0, 'mae': 0.0, 'r2': 0.0}, 73.0994909650035)
[92mINFO [0m:      configure_evaluate: strategy sampled 25 clients (out of 25)
[92mINFO [0m:      aggregate_evaluate: received 0 results and 25 failures
[92mINFO [0m:      
[92mINFO [0m:      [SUMMARY]
[92mINFO [0m:      Run finished 10 round(s) in 73.15s
[92mINFO [0m:      	History (loss, centralized):
[92mINFO [0m:      		round 0: 0.0
[92mINFO [0m:      		round 1: 0.0
[92mINFO [0m:      		round 2: 0.0
[92mINFO [0m:      		round 3: 0.0
[92mINFO [0m:      		round 4: 0.0
[92mINFO [0m:      		round 5: 0.0
[92mINFO [0m:      		round 6: 0.0
[92mINFO [0m:      		round 7: 0.0
[92mINFO [0m:      		round 8: 0.0
[92mINFO [0m:      		round 9: 0.0
[92mINFO [0m:      		round 10: 0.0
[92mINFO [0m:      	History (metrics, centralized):
[92mINFO [0m:      	{'mae': [(0, 0.0),
[92mINFO [0m:      	         (1, 0.0),
[92mINFO [0m:      	         (2, 0.0),
[92mINFO [0m:      	         (3, 0.0),
[92mINFO [0m:      	         (4, 0.0),
[92mINFO [0m:      	         (5, 0.0),
[92mINFO [0m:      	         (6, 0.0),
[92mINFO [0m:      	         (7, 0.0),
[92mINFO [0m:      	         (8, 0.0),
[92mINFO [0m:      	         (9, 0.0),
[92mINFO [0m:      	         (10, 0.0)],
[92mINFO [0m:      	 'mse': [(0, 0.0),
[92mINFO [0m:      	         (1, 0.0),
[92mINFO [0m:      	         (2, 0.0),
[92mINFO [0m:      	         (3, 0.0),
[92mINFO [0m:      	         (4, 0.0),
[92mINFO [0m:      	         (5, 0.0),
[92mINFO [0m:      	         (6, 0.0),
[92mINFO [0m:      	         (7, 0.0),
[92mINFO [0m:      	         (8, 0.0),
[92mINFO [0m:      	         (9, 0.0),
[92mINFO [0m:      	         (10, 0.0)],
[92mINFO [0m:      	 'r2': [(0, 0.0),
[92mINFO [0m:      	        (1, 0.0),
[92mINFO [0m:      	        (2, 0.0),
[92mINFO [0m:      	        (3, 0.0),
[92mINFO [0m:      	        (4, 0.0),
[92mINFO [0m:      	        (5, 0.0),
[92mINFO [0m:      	        (6, 0.0),
[92mINFO [0m:      	        (7, 0.0),
[92mINFO [0m:      	        (8, 0.0),
[92mINFO [0m:      	        (9, 0.0),
[92mINFO [0m:      	        (10, 0.0)],
[92mINFO [0m:      	 'rmse': [(0, 0.0),
[92mINFO [0m:      	          (1, 0.0),
[92mINFO [0m:      	          (2, 0.0),
[92mINFO [0m:      	          (3, 0.0),
[92mINFO [0m:      	          (4, 0.0),
[92mINFO [0m:      	          (5, 0.0),
[92mINFO [0m:      	          (6, 0.0),
[92mINFO [0m:      	          (7, 0.0),
[92mINFO [0m:      	          (8, 0.0),
[92mINFO [0m:      	          (9, 0.0),
[92mINFO [0m:      	          (10, 0.0)]}
[92mINFO [0m:      
🚀 Starting NASA Federated Learning Server
==================================================
Experiment ID: nasa_25c_alpha_0.1_fedavg
Algorithm: FEDAVG
Server: localhost:8686
Rounds: 10
Strategy: fedavg
Min Clients: 25
Results Directory: /mnt/ceph_drive/FL_IoT_Network/scale/results/run_20251029_112745/nasa_25c_alpha_0.1_fedavg
==================================================
🔄 Starting FL server on localhost:8686...
📊 Round 1 Fit Metrics:
   Clients: 12
   Avg Train Loss: 10815.7264
   Avg Val Loss: 10816.3147
   Avg Val R²: -0.5766
📊 Round 2 Fit Metrics:
   Clients: 25
   Avg Train Loss: 7210.9201
   Avg Val Loss: 7069.2830
   Avg Val R²: -0.0152
📊 Round 3 Fit Metrics:
   Clients: 25
   Avg Train Loss: 7200.0683
   Avg Val Loss: 7056.1759
   Avg Val R²: -0.0135
📊 Round 4 Fit Metrics:
   Clients: 25
   Avg Train Loss: 7190.2259
   Avg Val Loss: 7047.3026
   Avg Val R²: -0.0121
📊 Round 5 Fit Metrics:
   Clients: 25
   Avg Train Loss: 7180.3678
   Avg Val Loss: 7038.9630
   Avg Val R²: -0.0109
📊 Round 6 Fit Metrics:
   Clients: 25
   Avg Train Loss: 7179.6040
   Avg Val Loss: 7035.9270
   Avg Val R²: -0.0104
📊 Round 7 Fit Metrics:
   Clients: 25
   Avg Train Loss: 7187.9400
   Avg Val Loss: 7046.8104
   Avg Val R²: -0.0119
📊 Round 8 Fit Metrics:
   Clients: 25
   Avg Train Loss: 7180.3246
   Avg Val Loss: 7038.9592
   Avg Val R²: -0.0106
📊 Round 9 Fit Metrics:
   Clients: 25
   Avg Train Loss: 7176.8157
   Avg Val Loss: 7034.7454
   Avg Val R²: -0.0102
📊 Round 10 Fit Metrics:
   Clients: 25
   Avg Train Loss: 7185.2786
   Avg Val Loss: 7041.9952
   Avg Val R²: -0.0112
✅ Server completed successfully!
📊 Results saved to: /mnt/ceph_drive/FL_IoT_Network/scale/results/run_20251029_112745/nasa_25c_alpha_0.1_fedavg/nasa_25c_alpha_0.1_fedavg
