[93mWARNING [0m:   DEPRECATED FEATURE: flwr.server.start_server() is deprecated.
	Instead, use the `flower-superlink` CLI command to start a SuperLink as shown below:

		$ flower-superlink --insecure

	To view usage and all available options, run:

		$ flower-superlink --help

	Using `start_server()` is deprecated.

            This is a deprecated feature. It will be removed
            entirely in future versions of Flower.
        
[92mINFO [0m:      Starting Flower server, config: num_rounds=10, no round_timeout
[92mINFO [0m:      Flower ECE: gRPC server running (10 rounds), SSL is disabled
[92mINFO [0m:      [INIT]
[92mINFO [0m:      Requesting initial parameters from one random client
[92mINFO [0m:      Received initial parameters from one random client
[92mINFO [0m:      Starting evaluation of initial global parameters
[92mINFO [0m:      initial parameters (loss, other metrics): 0.0, {'rmse': 0.0, 'mse': 0.0, 'mae': 0.0, 'r2': 0.0}
[92mINFO [0m:      
[92mINFO [0m:      [ROUND 1]
[92mINFO [0m:      configure_fit: strategy sampled 12 clients (out of 25)
[92mINFO [0m:      aggregate_fit: received 12 results and 0 failures
[93mWARNING [0m:   No fit_metrics_aggregation_fn provided
[92mINFO [0m:      fit progress: (1, 0.0, {'rmse': 0.0, 'mse': 0.0, 'mae': 0.0, 'r2': 0.0}, 43.13254648199654)
[92mINFO [0m:      configure_evaluate: strategy sampled 25 clients (out of 25)
[92mINFO [0m:      aggregate_evaluate: received 25 results and 0 failures
[93mWARNING [0m:   No evaluate_metrics_aggregation_fn provided
[92mINFO [0m:      
[92mINFO [0m:      [ROUND 2]
[92mINFO [0m:      configure_fit: strategy sampled 25 clients (out of 25)
[92mINFO [0m:      aggregate_fit: received 25 results and 0 failures
[92mINFO [0m:      fit progress: (2, 0.0, {'rmse': 0.0, 'mse': 0.0, 'mae': 0.0, 'r2': 0.0}, 45.771759328999906)
[92mINFO [0m:      configure_evaluate: strategy sampled 25 clients (out of 25)
[92mINFO [0m:      aggregate_evaluate: received 25 results and 0 failures
[92mINFO [0m:      
[92mINFO [0m:      [ROUND 3]
[92mINFO [0m:      configure_fit: strategy sampled 25 clients (out of 25)
[92mINFO [0m:      aggregate_fit: received 25 results and 0 failures
[92mINFO [0m:      fit progress: (3, 0.0, {'rmse': 0.0, 'mse': 0.0, 'mae': 0.0, 'r2': 0.0}, 48.292220713999995)
[92mINFO [0m:      configure_evaluate: strategy sampled 25 clients (out of 25)
[92mINFO [0m:      aggregate_evaluate: received 25 results and 0 failures
[92mINFO [0m:      
[92mINFO [0m:      [ROUND 4]
[92mINFO [0m:      configure_fit: strategy sampled 25 clients (out of 25)
[92mINFO [0m:      aggregate_fit: received 25 results and 0 failures
[92mINFO [0m:      fit progress: (4, 0.0, {'rmse': 0.0, 'mse': 0.0, 'mae': 0.0, 'r2': 0.0}, 50.766278238996165)
[92mINFO [0m:      configure_evaluate: strategy sampled 25 clients (out of 25)
[92mINFO [0m:      aggregate_evaluate: received 25 results and 0 failures
[92mINFO [0m:      
[92mINFO [0m:      [ROUND 5]
[92mINFO [0m:      configure_fit: strategy sampled 25 clients (out of 25)
[92mINFO [0m:      aggregate_fit: received 25 results and 0 failures
[92mINFO [0m:      fit progress: (5, 0.0, {'rmse': 0.0, 'mse': 0.0, 'mae': 0.0, 'r2': 0.0}, 55.62643048400059)
[92mINFO [0m:      configure_evaluate: strategy sampled 25 clients (out of 25)
[92mINFO [0m:      aggregate_evaluate: received 25 results and 0 failures
[92mINFO [0m:      
[92mINFO [0m:      [ROUND 6]
[92mINFO [0m:      configure_fit: strategy sampled 25 clients (out of 25)
[92mINFO [0m:      aggregate_fit: received 25 results and 0 failures
[92mINFO [0m:      fit progress: (6, 0.0, {'rmse': 0.0, 'mse': 0.0, 'mae': 0.0, 'r2': 0.0}, 57.96392446800019)
[92mINFO [0m:      configure_evaluate: strategy sampled 25 clients (out of 25)
[92mINFO [0m:      aggregate_evaluate: received 25 results and 0 failures
[92mINFO [0m:      
[92mINFO [0m:      [ROUND 7]
[92mINFO [0m:      configure_fit: strategy sampled 25 clients (out of 25)
[92mINFO [0m:      aggregate_fit: received 25 results and 0 failures
[92mINFO [0m:      fit progress: (7, 0.0, {'rmse': 0.0, 'mse': 0.0, 'mae': 0.0, 'r2': 0.0}, 60.44977673199901)
[92mINFO [0m:      configure_evaluate: strategy sampled 25 clients (out of 25)
[92mINFO [0m:      aggregate_evaluate: received 25 results and 0 failures
[92mINFO [0m:      
[92mINFO [0m:      [ROUND 8]
[92mINFO [0m:      configure_fit: strategy sampled 25 clients (out of 25)
[92mINFO [0m:      aggregate_fit: received 25 results and 0 failures
[92mINFO [0m:      fit progress: (8, 0.0, {'rmse': 0.0, 'mse': 0.0, 'mae': 0.0, 'r2': 0.0}, 62.820747454999946)
[92mINFO [0m:      configure_evaluate: strategy sampled 25 clients (out of 25)
[92mINFO [0m:      aggregate_evaluate: received 25 results and 0 failures
[92mINFO [0m:      
[92mINFO [0m:      [ROUND 9]
[92mINFO [0m:      configure_fit: strategy sampled 25 clients (out of 25)
[92mINFO [0m:      aggregate_fit: received 25 results and 0 failures
[92mINFO [0m:      fit progress: (9, 0.0, {'rmse': 0.0, 'mse': 0.0, 'mae': 0.0, 'r2': 0.0}, 67.69521730999986)
[92mINFO [0m:      configure_evaluate: strategy sampled 25 clients (out of 25)
[92mINFO [0m:      aggregate_evaluate: received 25 results and 0 failures
[92mINFO [0m:      
[92mINFO [0m:      [ROUND 10]
[92mINFO [0m:      configure_fit: strategy sampled 25 clients (out of 25)
[92mINFO [0m:      aggregate_fit: received 25 results and 0 failures
[92mINFO [0m:      fit progress: (10, 0.0, {'rmse': 0.0, 'mse': 0.0, 'mae': 0.0, 'r2': 0.0}, 72.6192066789954)
[92mINFO [0m:      configure_evaluate: strategy sampled 25 clients (out of 25)
[92mINFO [0m:      aggregate_evaluate: received 25 results and 0 failures
[92mINFO [0m:      
[92mINFO [0m:      [SUMMARY]
[92mINFO [0m:      Run finished 10 round(s) in 72.73s
[92mINFO [0m:      	History (loss, distributed):
[92mINFO [0m:      		round 1: 14789.828299239165
[92mINFO [0m:      		round 2: 7440.976903562113
[92mINFO [0m:      		round 3: 7421.320389398466
[92mINFO [0m:      		round 4: 7357.329896385777
[92mINFO [0m:      		round 5: 7327.648298840381
[92mINFO [0m:      		round 6: 7338.197426632354
[92mINFO [0m:      		round 7: 7336.686706807834
[92mINFO [0m:      		round 8: 7324.454000830006
[92mINFO [0m:      		round 9: 7333.745628814969
[92mINFO [0m:      		round 10: 7322.771778569369
[92mINFO [0m:      	History (loss, centralized):
[92mINFO [0m:      		round 0: 0.0
[92mINFO [0m:      		round 1: 0.0
[92mINFO [0m:      		round 2: 0.0
[92mINFO [0m:      		round 3: 0.0
[92mINFO [0m:      		round 4: 0.0
[92mINFO [0m:      		round 5: 0.0
[92mINFO [0m:      		round 6: 0.0
[92mINFO [0m:      		round 7: 0.0
[92mINFO [0m:      		round 8: 0.0
[92mINFO [0m:      		round 9: 0.0
[92mINFO [0m:      		round 10: 0.0
[92mINFO [0m:      	History (metrics, centralized):
[92mINFO [0m:      	{'mae': [(0, 0.0),
[92mINFO [0m:      	         (1, 0.0),
[92mINFO [0m:      	         (2, 0.0),
[92mINFO [0m:      	         (3, 0.0),
[92mINFO [0m:      	         (4, 0.0),
[92mINFO [0m:      	         (5, 0.0),
[92mINFO [0m:      	         (6, 0.0),
[92mINFO [0m:      	         (7, 0.0),
[92mINFO [0m:      	         (8, 0.0),
[92mINFO [0m:      	         (9, 0.0),
[92mINFO [0m:      	         (10, 0.0)],
[92mINFO [0m:      	 'mse': [(0, 0.0),
[92mINFO [0m:      	         (1, 0.0),
[92mINFO [0m:      	         (2, 0.0),
[92mINFO [0m:      	         (3, 0.0),
[92mINFO [0m:      	         (4, 0.0),
[92mINFO [0m:      	         (5, 0.0),
[92mINFO [0m:      	         (6, 0.0),
[92mINFO [0m:      	         (7, 0.0),
[92mINFO [0m:      	         (8, 0.0),
[92mINFO [0m:      	         (9, 0.0),
[92mINFO [0m:      	         (10, 0.0)],
[92mINFO [0m:      	 'r2': [(0, 0.0),
[92mINFO [0m:      	        (1, 0.0),
[92mINFO [0m:      	        (2, 0.0),
[92mINFO [0m:      	        (3, 0.0),
[92mINFO [0m:      	        (4, 0.0),
[92mINFO [0m:      	        (5, 0.0),
[92mINFO [0m:      	        (6, 0.0),
[92mINFO [0m:      	        (7, 0.0),
[92mINFO [0m:      	        (8, 0.0),
[92mINFO [0m:      	        (9, 0.0),
[92mINFO [0m:      	        (10, 0.0)],
[92mINFO [0m:      	 'rmse': [(0, 0.0),
[92mINFO [0m:      	          (1, 0.0),
[92mINFO [0m:      	          (2, 0.0),
[92mINFO [0m:      	          (3, 0.0),
[92mINFO [0m:      	          (4, 0.0),
[92mINFO [0m:      	          (5, 0.0),
[92mINFO [0m:      	          (6, 0.0),
[92mINFO [0m:      	          (7, 0.0),
[92mINFO [0m:      	          (8, 0.0),
[92mINFO [0m:      	          (9, 0.0),
[92mINFO [0m:      	          (10, 0.0)]}
[92mINFO [0m:      
🚀 Starting NASA Federated Learning Server
==================================================
Experiment ID: nasa_25c_alpha_0.1_fedavg
Algorithm: FEDAVG
Server: localhost:8686
Rounds: 10
Strategy: fedavg
Min Clients: 25
Fit Fraction: 1.0
Eval Fraction: 1.0
Results Directory: /mnt/ceph_drive/FL_IoT_Network/scale/results/run_20251029_120724/nasa_25c_alpha_0.1_fedavg
==================================================
🔄 Starting FL server on localhost:8686...
📊 Evaluation enabled: True
📊 Round 1 Fit Metrics:
   Clients: 12
   Avg Train Loss: 14042.9121
   Avg Val Loss: 13639.5653
   Avg Val R²: -1.0839
🧪 Round 1 Client Test Evaluation:
   Clients: 25
   Avg Test Loss: 14647.6400
   Avg Test R²: -1.0720
📊 Round 2 Fit Metrics:
   Clients: 25
   Avg Train Loss: 7304.2207
   Avg Val Loss: 7163.4763
   Avg Val R²: -0.0283
🧪 Round 2 Client Test Evaluation:
   Clients: 25
   Avg Test Loss: 7374.6423
   Avg Test R²: -0.0340
📊 Round 3 Fit Metrics:
   Clients: 25
   Avg Train Loss: 7269.5063
   Avg Val Loss: 7125.8540
   Avg Val R²: -0.0240
🧪 Round 3 Client Test Evaluation:
   Clients: 25
   Avg Test Loss: 7355.7160
   Avg Test R²: -0.0316
📊 Round 4 Fit Metrics:
   Clients: 25
   Avg Train Loss: 7215.4567
   Avg Val Loss: 7073.4034
   Avg Val R²: -0.0159
🧪 Round 4 Client Test Evaluation:
   Clients: 25
   Avg Test Loss: 7294.4154
   Avg Test R²: -0.0239
📊 Round 5 Fit Metrics:
   Clients: 25
   Avg Train Loss: 7197.8332
   Avg Val Loss: 7056.8125
   Avg Val R²: -0.0134
🧪 Round 5 Client Test Evaluation:
   Clients: 25
   Avg Test Loss: 7266.2196
   Avg Test R²: -0.0206
📊 Round 6 Fit Metrics:
   Clients: 25
   Avg Train Loss: 7210.9404
   Avg Val Loss: 7070.1312
   Avg Val R²: -0.0149
🧪 Round 6 Client Test Evaluation:
   Clients: 25
   Avg Test Loss: 7276.2171
   Avg Test R²: -0.0218
📊 Round 7 Fit Metrics:
   Clients: 25
   Avg Train Loss: 7209.7596
   Avg Val Loss: 7068.1101
   Avg Val R²: -0.0149
🧪 Round 7 Client Test Evaluation:
   Clients: 25
   Avg Test Loss: 7274.7837
   Avg Test R²: -0.0216
📊 Round 8 Fit Metrics:
   Clients: 25
   Avg Train Loss: 7200.0298
   Avg Val Loss: 7058.9612
   Avg Val R²: -0.0132
🧪 Round 8 Client Test Evaluation:
   Clients: 25
   Avg Test Loss: 7263.1984
   Avg Test R²: -0.0202
📊 Round 9 Fit Metrics:
   Clients: 25
   Avg Train Loss: 7204.0916
   Avg Val Loss: 7062.8721
   Avg Val R²: -0.0144
🧪 Round 9 Client Test Evaluation:
   Clients: 25
   Avg Test Loss: 7271.9946
   Avg Test R²: -0.0213
📊 Round 10 Fit Metrics:
   Clients: 25
   Avg Train Loss: 7194.9207
   Avg Val Loss: 7052.7240
   Avg Val R²: -0.0130
🧪 Round 10 Client Test Evaluation:
   Clients: 25
   Avg Test Loss: 7261.6085
   Avg Test R²: -0.0200
✅ Server completed successfully!
📊 Results saved to: /mnt/ceph_drive/FL_IoT_Network/scale/results/run_20251029_120724/nasa_25c_alpha_0.1_fedavg/nasa_25c_alpha_0.1_fedavg

📈 FINAL SUMMARY:
   Round metrics: /mnt/ceph_drive/FL_IoT_Network/scale/results/run_20251029_120724/nasa_25c_alpha_0.1_fedavg/nasa_25c_alpha_0.1_fedavg/round_metrics.csv
   Client metrics: /mnt/ceph_drive/FL_IoT_Network/scale/results/run_20251029_120724/nasa_25c_alpha_0.1_fedavg/nasa_25c_alpha_0.1_fedavg/client_metrics.csv
   Test metrics: /mnt/ceph_drive/FL_IoT_Network/scale/results/run_20251029_120724/nasa_25c_alpha_0.1_fedavg/nasa_25c_alpha_0.1_fedavg/test_metrics.csv
   Eval metrics: /mnt/ceph_drive/FL_IoT_Network/scale/results/run_20251029_120724/nasa_25c_alpha_0.1_fedavg/nasa_25c_alpha_0.1_fedavg/eval_metrics.csv
.....