[93mWARNING [0m:   DEPRECATED FEATURE: flwr.client.start_numpy_client() is deprecated. 
	Instead, use `flwr.client.start_client()` by ensuring you first call the `.to_client()` method as shown below: 
	flwr.client.start_client(
		server_address='<IP>:<PORT>',
		client=FlowerClient().to_client(), # <-- where FlowerClient is of type flwr.client.NumPyClient object
	)
	Using `start_numpy_client()` is deprecated.

            This is a deprecated feature. It will be removed
            entirely in future versions of Flower.
        
[93mWARNING [0m:   DEPRECATED FEATURE: flwr.client.start_client() is deprecated.
	Instead, use the `flower-supernode` CLI command to start a SuperNode as shown below:

		$ flower-supernode --insecure --superlink='<IP>:<PORT>'

	To view all available options, run:

		$ flower-supernode --help

	Using `start_client()` is deprecated.

            This is a deprecated feature. It will be removed
            entirely in future versions of Flower.
        
[92mINFO [0m:      
[92mINFO [0m:      Received: train message ae95af3a-01b5-489e-8a51-059b1373c9be
[92mINFO [0m:      Sent reply
[92mINFO [0m:      
[92mINFO [0m:      Received: evaluate message 9649c3f3-e9e5-44da-8d6d-9622a9ca10c6
[92mINFO [0m:      Sent reply
[92mINFO [0m:      
[92mINFO [0m:      Received: train message 86dde925-9dde-4279-86e4-89981b94ef65
[92mINFO [0m:      Sent reply
[92mINFO [0m:      
[92mINFO [0m:      Received: evaluate message ef7d8d16-db86-4513-9af2-03c51187f3a7
[92mINFO [0m:      Sent reply
[92mINFO [0m:      
[92mINFO [0m:      Received: evaluate message 3d0e2ddc-f4a8-4485-b1e7-a0a258604210
[92mINFO [0m:      Sent reply
[92mINFO [0m:      
[92mINFO [0m:      Received: train message 51f9f50a-d1b5-448d-9471-de0dae727018
[92mINFO [0m:      Sent reply
[92mINFO [0m:      
[92mINFO [0m:      Received: evaluate message 21888ab6-cb48-418a-9b9c-2e29c84469c2
[92mINFO [0m:      Sent reply
[92mINFO [0m:      
[92mINFO [0m:      Received: evaluate message 51331a6e-d10f-4696-99e3-17c1711e3630
[92mINFO [0m:      Sent reply
[92mINFO [0m:      
[92mINFO [0m:      Received: evaluate message b4a2759b-bb9f-4f4b-a7f1-0276106adf5b
[92mINFO [0m:      Sent reply
[92mINFO [0m:      
[92mINFO [0m:      Received: train message 428cef8e-f626-47d5-93ab-03a19d342f23
[92mINFO [0m:      Sent reply
[92mINFO [0m:      
[92mINFO [0m:      Received: train message 6611615d-1629-480e-ac89-91430691093d
[92mINFO [0m:      Sent reply
[92mINFO [0m:      
[92mINFO [0m:      Received: evaluate message 5174d134-6569-4a9e-80fd-082694186bf7
[92mINFO [0m:      Sent reply
[92mINFO [0m:      
[92mINFO [0m:      Received: evaluate message 0bbd263d-3a93-4e5c-aa1f-8e18e71b4e8d
[92mINFO [0m:      Sent reply
[92mINFO [0m:      
[92mINFO [0m:      Received: train message 626a1aa2-a1a5-42cf-bdb3-63d6a885dadd
[92mINFO [0m:      Sent reply
[92mINFO [0m:      
[92mINFO [0m:      Received: evaluate message 288429e7-d58e-4b43-a1e8-b6ca9f84199f
[92mINFO [0m:      Sent reply
[92mINFO [0m:      
[92mINFO [0m:      Received: evaluate message b3a93cda-9433-4f74-8b0a-63408b8465e2
[92mINFO [0m:      Sent reply
[92mINFO [0m:      
[92mINFO [0m:      Received: train message 5fd4d0c5-2508-438d-beff-52766a65e15c
[92mINFO [0m:      Sent reply
[92mINFO [0m:      
[92mINFO [0m:      Received: train message b14a26d0-5719-4e80-a94e-a3ea3004b4eb
[92mINFO [0m:      Sent reply
[92mINFO [0m:      
[92mINFO [0m:      Received: evaluate message f62a2067-8de8-4a7d-85b9-f42eb8e9274f
[92mINFO [0m:      Sent reply
[92mINFO [0m:      
[92mINFO [0m:      Received: evaluate message c29e6ddc-9ec2-4bdd-812d-ec0d3e271c58
[92mINFO [0m:      Sent reply
[92mINFO [0m:      
[92mINFO [0m:      Received: train message 1876c510-92ed-4bfb-936e-3fa79a920d05
[92mINFO [0m:      Sent reply
[92mINFO [0m:      
[92mINFO [0m:      Received: evaluate message 3ff34764-8872-4c68-9854-18d69fdb0afe
[92mINFO [0m:      Sent reply
[92mINFO [0m:      
[92mINFO [0m:      Received: train message 2915907b-df15-4cce-9451-04136446a8f0
[92mINFO [0m:      Sent reply
[92mINFO [0m:      
[92mINFO [0m:      Received: train message 834a9adb-3778-4f5c-a9c7-caa18747089c
[92mINFO [0m:      Sent reply
[92mINFO [0m:      
[92mINFO [0m:      Received: evaluate message aa5b3acc-1495-4584-8e17-781d2aed680a
[92mINFO [0m:      Sent reply
[92mINFO [0m:      
[92mINFO [0m:      Received: evaluate message 4af8bc13-9490-466e-90f9-da289a300a5c
[92mINFO [0m:      Sent reply
[92mINFO [0m:      
[92mINFO [0m:      Received: train message c9ef821e-61d9-402e-a046-d082eb9534c0
[92mINFO [0m:      Sent reply
[92mINFO [0m:      
[92mINFO [0m:      Received: train message 8c86255b-b4a9-4fa5-8587-93af38c27830
[92mINFO [0m:      Sent reply
[92mINFO [0m:      
[92mINFO [0m:      Received: train message 87830111-5137-4186-a7ae-f9ddc2e9a66f
[92mINFO [0m:      Sent reply
[92mINFO [0m:      
[92mINFO [0m:      Received: evaluate message 2b7ab87c-9919-4250-9769-d8f876ff73a8
[92mINFO [0m:      Sent reply
[92mINFO [0m:      
[92mINFO [0m:      Received: evaluate message 54da0e2a-5668-47bf-b5e1-366ddb9f93d8
[92mINFO [0m:      Sent reply
[92mINFO [0m:      
[92mINFO [0m:      Received: train message b99c1f35-cce7-44f7-a6ee-badda24b2b93
[92mINFO [0m:      Sent reply
[92mINFO [0m:      
[92mINFO [0m:      Received: evaluate message eb8edcde-df30-4eca-89e8-428c51819700
[92mINFO [0m:      Sent reply
[92mINFO [0m:      
[92mINFO [0m:      Received: evaluate message 8eab7e89-b539-47ad-b307-6a37934fe349
[92mINFO [0m:      Sent reply
[92mINFO [0m:      
[92mINFO [0m:      Received: train message 3fbb4148-182b-4795-8503-85e65de3ca3c
[92mINFO [0m:      Sent reply
[92mINFO [0m:      
[92mINFO [0m:      Received: train message ae6903b0-5491-44ef-b323-27917403b123
[92mINFO [0m:      Sent reply
[92mINFO [0m:      
[92mINFO [0m:      Received: evaluate message 83a6a30d-5be2-4a69-908f-c7ac9e1a140d
[92mINFO [0m:      Sent reply
[92mINFO [0m:      
[92mINFO [0m:      Received: train message 72d10098-8304-499b-8dc5-4762b831a383
[92mINFO [0m:      Sent reply
[92mINFO [0m:      
[92mINFO [0m:      Received: evaluate message a37f018b-689e-4671-ac1f-dfee30ed7b6c
[92mINFO [0m:      Sent reply
[92mINFO [0m:      
[92mINFO [0m:      Received: evaluate message 7bad934a-1791-4852-94c9-5dc21341eb32
[92mINFO [0m:      Sent reply
[92mINFO [0m:      
[92mINFO [0m:      Received: evaluate message 1ae59382-d799-437a-9208-b05399a2aadc
[92mINFO [0m:      Sent reply
[92mINFO [0m:      
[92mINFO [0m:      Received: train message c08e9b3d-4b70-455b-a401-4167de28f45b
[92mINFO [0m:      Sent reply
[92mINFO [0m:      
[92mINFO [0m:      Received: evaluate message 724c8ed4-2fc7-441c-9476-d44420f92dd4
[92mINFO [0m:      Sent reply
[92mINFO [0m:      
[92mINFO [0m:      Received: evaluate message 632d0965-9192-4783-ab37-41365c93e0dc
[92mINFO [0m:      Sent reply
[92mINFO [0m:      
[92mINFO [0m:      Received: train message 81c19167-a100-4991-b834-026b42a1bd87
[92mINFO [0m:      Sent reply
[92mINFO [0m:      
[92mINFO [0m:      Received: evaluate message 48b9c524-1e7a-43d2-8ff5-479ad73444e2
[92mINFO [0m:      Sent reply
[92mINFO [0m:      
[92mINFO [0m:      Received: evaluate message fb0b3a03-f575-42fc-980f-6859948a873f
[92mINFO [0m:      Sent reply
[92mINFO [0m:      
[92mINFO [0m:      Received: evaluate message 38387b74-ce2f-45b1-8531-63ffad4677d4
[92mINFO [0m:      Sent reply
[92mINFO [0m:      
[92mINFO [0m:      Received: train message c009771c-a394-4428-bb6c-a795634ea71a
[92mINFO [0m:      Sent reply
[92mINFO [0m:      
[92mINFO [0m:      Received: train message 38cbdaf0-120c-4c7c-bf64-f341728502d2
[92mINFO [0m:      Sent reply
[92mINFO [0m:      
[92mINFO [0m:      Received: evaluate message 35cc54e8-df3b-4edf-9aa3-2c501080abd9
[92mINFO [0m:      Sent reply
[92mINFO [0m:      
[92mINFO [0m:      Received: train message e954c406-1298-4479-9685-48edf8ffe549
[92mINFO [0m:      Sent reply
[92mINFO [0m:      
[92mINFO [0m:      Received: evaluate message 77a41176-e442-491c-ac7a-6bffbca5f9d2
[92mINFO [0m:      Sent reply
[92mINFO [0m:      
[92mINFO [0m:      Received: train message f39ad5eb-0ed3-423a-b02a-4c6887529e8b
[92mINFO [0m:      Sent reply
[92mINFO [0m:      
[92mINFO [0m:      Received: train message 7c45cb75-3893-443a-be2d-36c643b01f75
[92mINFO [0m:      Sent reply
[92mINFO [0m:      
[92mINFO [0m:      Received: train message 69a043f9-f8e1-4350-a8f2-5f70db2cdb64
[92mINFO [0m:      Sent reply
[92mINFO [0m:      
[92mINFO [0m:      Received: train message 5ce4af32-9ed3-4f43-b517-a799e8c14b7c
[92mINFO [0m:      Sent reply
[92mINFO [0m:      
[92mINFO [0m:      Received: evaluate message 0f4ede8e-18ef-4424-8bed-e40215588559
[92mINFO [0m:      Sent reply
[92mINFO [0m:      
[92mINFO [0m:      Received: evaluate message 323c598f-aeba-45a5-8ca0-722233ce2395
[92mINFO [0m:      Sent reply
[92mINFO [0m:      
[92mINFO [0m:      Received: evaluate message 09fe338c-18bf-4518-9509-b0416dee7d32
[92mINFO [0m:      Sent reply
[92mINFO [0m:      
[92mINFO [0m:      Received: train message 6603367b-a49d-4022-8c9c-bab5a40fbfb1
[92mINFO [0m:      Sent reply
[92mINFO [0m:      
[92mINFO [0m:      Received: train message a0ea3864-a494-446e-9158-59083c52e5ab
[92mINFO [0m:      Sent reply
[92mINFO [0m:      
[92mINFO [0m:      Received: evaluate message f2ee16f1-3ac2-4586-acee-f84e2f3ee190
[92mINFO [0m:      Sent reply
[92mINFO [0m:      
[92mINFO [0m:      Received: train message c8dc82f4-f0d2-4858-ad2d-ac0c47f7fd7f
[92mINFO [0m:      Sent reply
[92mINFO [0m:      
[92mINFO [0m:      Received: train message 64e4eaa1-f737-47f8-a4c6-66137cf0cc48
[92mINFO [0m:      Sent reply
[92mINFO [0m:      
[92mINFO [0m:      Received: evaluate message 6de14ebc-a4ec-470e-8724-c5e3d346b9d9
[92mINFO [0m:      Sent reply
[92mINFO [0m:      
[92mINFO [0m:      Received: train message e5fb0305-97e0-44c9-94e3-3a8e08d45d09
[92mINFO [0m:      Sent reply
[92mINFO [0m:      
[92mINFO [0m:      Received: evaluate message 4fb5da6d-8ef3-4671-b079-b385fef34634
[92mINFO [0m:      Sent reply
[92mINFO [0m:      
[92mINFO [0m:      Received: evaluate message 43063fbc-ee50-43b1-ad62-469039a08ef9
[92mINFO [0m:      Sent reply
[92mINFO [0m:      
[92mINFO [0m:      Received: evaluate message eac71a28-b7d2-497c-818c-2cb940a79e91
[92mINFO [0m:      Sent reply
[92mINFO [0m:      
[92mINFO [0m:      Received: evaluate message 9d79826f-c634-4d80-a8e8-1e3ee926ab36
[92mINFO [0m:      Sent reply
[92mINFO [0m:      
[92mINFO [0m:      Received: evaluate message 965dbb83-182b-43a3-88ec-b4e7ea39dfc5
[92mINFO [0m:      Sent reply
[92mINFO [0m:      
[92mINFO [0m:      Received: evaluate message b0d6280a-9a4a-4144-b343-fc7d0d23e9c0
[92mINFO [0m:      Sent reply
[92mINFO [0m:      
[92mINFO [0m:      Received: train message 90f7e578-c2aa-4b05-9d6e-463c6a9d78f1
[92mINFO [0m:      Sent reply
[92mINFO [0m:      
[92mINFO [0m:      Received: evaluate message 99d66af7-2c0e-462d-910f-e5cece374f2c
[92mINFO [0m:      Sent reply
[92mINFO [0m:      
[92mINFO [0m:      Received: train message ec328b7a-11dd-4b5b-9485-874d5abe1f91
[92mINFO [0m:      Sent reply
[92mINFO [0m:      
[92mINFO [0m:      Received: train message 45108261-6c8b-42dd-ad8b-f2a1b31bfdf4
[92mINFO [0m:      Sent reply
[92mINFO [0m:      
[92mINFO [0m:      Received: train message 0809918a-0fcb-4ce6-90e9-14f2f050a3e7
[92mINFO [0m:      Sent reply
[92mINFO [0m:      
[92mINFO [0m:      Received: train message 6ea2e78f-9beb-4298-9f87-e201b54b5f7c
[92mINFO [0m:      Sent reply
[92mINFO [0m:      
[92mINFO [0m:      Received: evaluate message b005f31f-ded7-4809-9ff8-7d909fa8bfa5
[92mINFO [0m:      Sent reply
[92mINFO [0m:      
[92mINFO [0m:      Received: train message a902b0dc-fd9a-4f12-9785-f54289aa1fe1
[92mINFO [0m:      Sent reply
[92mINFO [0m:      
[92mINFO [0m:      Received: evaluate message be2556a8-c4a3-4ebc-9575-0b123e734341
[92mINFO [0m:      Sent reply
[92mINFO [0m:      
[92mINFO [0m:      Received: train message 12e1abea-a5ea-4bea-812b-45f76f65a34d
[92mINFO [0m:      Sent reply
[92mINFO [0m:      
[92mINFO [0m:      Received: train message 76641c31-d669-4d5b-80a6-f62707759938
[92mINFO [0m:      Sent reply
[92mINFO [0m:      
[92mINFO [0m:      Received: evaluate message 982de8e2-3bdb-4205-9508-5d90ef6c52ef
[92mINFO [0m:      Sent reply
[92mINFO [0m:      
[92mINFO [0m:      Received: train message 7088f016-3798-44f9-a94d-4e181a028d9b
[92mINFO [0m:      Sent reply
[92mINFO [0m:      
[92mINFO [0m:      Received: evaluate message b1a52777-16ad-4486-b47a-f654764c00ab
[92mINFO [0m:      Sent reply
[92mINFO [0m:      
[92mINFO [0m:      Received: train message c989c585-08f3-4d90-b153-032cdb20e7be
[92mINFO [0m:      Sent reply
[92mINFO [0m:      
[92mINFO [0m:      Received: evaluate message 28778798-75c7-4fca-a0a9-ac901ba2e476
[92mINFO [0m:      Sent reply
[92mINFO [0m:      
[92mINFO [0m:      Received: train message f5b1fe2b-0d4e-4cfd-8f94-b9928d55e16b
[92mINFO [0m:      Sent reply
[92mINFO [0m:      
[92mINFO [0m:      Received: evaluate message 73b3b8b3-6802-47f0-bfee-d1efb136aec0
[92mINFO [0m:      Sent reply
[92mINFO [0m:      
[92mINFO [0m:      Received: train message 867a47aa-d300-40b5-ba00-2f06fabd26fe
[92mINFO [0m:      Sent reply
[92mINFO [0m:      
[92mINFO [0m:      Received: evaluate message d1b27bab-ac6d-4cce-86d2-78145940a58c
[92mINFO [0m:      Sent reply
[92mINFO [0m:      
[92mINFO [0m:      Received: evaluate message 6f9976b2-c72a-4bca-b30f-9bb7fadf5d4a
[92mINFO [0m:      Sent reply
[92mINFO [0m:      
[92mINFO [0m:      Received: train message 7dbf14d3-292f-4063-a0ae-e862053cd697
[92mINFO [0m:      Sent reply
[92mINFO [0m:      
[92mINFO [0m:      Received: evaluate message cb626d02-1c08-4c20-8933-bf7858aaafb9
[92mINFO [0m:      Sent reply
[92mINFO [0m:      
[92mINFO [0m:      Received: evaluate message b5e6be1b-9deb-4e91-ae20-10dc3c3f97ef
[92mINFO [0m:      Sent reply
[92mINFO [0m:      
[92mINFO [0m:      Received: evaluate message f8c2f9fb-53b8-42d4-8e42-5d5cdebda1ef
[92mINFO [0m:      Sent reply
[92mINFO [0m:      
[92mINFO [0m:      Received: evaluate message 149e6b5d-a7e6-4d41-8e0e-d5ccd93e90ee
[92mINFO [0m:      Sent reply
[92mINFO [0m:      
[92mINFO [0m:      Received: train message c16be9b2-ec87-409d-b963-1fa9ac4b8638
[92mINFO [0m:      Sent reply
[92mINFO [0m:      
[92mINFO [0m:      Received: evaluate message 4910d340-e9f8-42d8-9353-303265249d6a
[92mINFO [0m:      Sent reply
[92mINFO [0m:      
[92mINFO [0m:      Received: evaluate message f3b51a4e-aed6-46f5-b35a-6e3d053e1f62
[92mINFO [0m:      Sent reply
[92mINFO [0m:      
[92mINFO [0m:      Received: evaluate message 474dc129-fd32-434f-ab2e-2610bc9ffcbd
[92mINFO [0m:      Sent reply
[92mINFO [0m:      
[92mINFO [0m:      Received: train message 13591ad2-96c0-4a24-b6bc-a45cc6f553e5
[92mINFO [0m:      Sent reply
[92mINFO [0m:      
[92mINFO [0m:      Received: evaluate message 5de2822b-c289-488d-80de-f80ebac465eb
[92mINFO [0m:      Sent reply
[92mINFO [0m:      
[92mINFO [0m:      Received: evaluate message 5aca59b7-62e6-4229-a498-40f6f3cb0041
[92mINFO [0m:      Sent reply
[92mINFO [0m:      
[92mINFO [0m:      Received: train message d0724998-1188-47e9-803c-808dfba90e77
[92mINFO [0m:      Sent reply
[92mINFO [0m:      
[92mINFO [0m:      Received: train message 8f8465d2-670e-48a7-b18b-8b6b072645c3
[92mINFO [0m:      Sent reply
[92mINFO [0m:      
[92mINFO [0m:      Received: train message d67bfa3c-4ecd-4229-9d4a-1e132435791f
[92mINFO [0m:      Sent reply
[92mINFO [0m:      
[92mINFO [0m:      Received: train message f2295ca7-2e21-4dfe-9587-bcccfeab548c
[92mINFO [0m:      Sent reply
[92mINFO [0m:      
[92mINFO [0m:      Received: train message 8e051904-a032-4b5e-a6fc-6c4f07318159
[92mINFO [0m:      Sent reply
[92mINFO [0m:      
[92mINFO [0m:      Received: train message 6adbf5eb-ba2e-4fb1-9322-968faa5b0383
[92mINFO [0m:      Sent reply
[92mINFO [0m:      
[92mINFO [0m:      Received: train message fe426be3-05ed-4661-827e-7401742f28aa
[92mINFO [0m:      Sent reply
[92mINFO [0m:      
[92mINFO [0m:      Received: evaluate message 8e3c6771-2944-4455-912b-2b80cb82f6bf
[92mINFO [0m:      Sent reply
[92mINFO [0m:      
[92mINFO [0m:      Received: evaluate message af42f576-787e-4e7b-bb05-9deabca8099f
[92mINFO [0m:      Sent reply
[92mINFO [0m:      
[92mINFO [0m:      Received: train message d434fb7b-18a3-4df3-8509-ca095b91e503
[92mINFO [0m:      Sent reply
[92mINFO [0m:      
[92mINFO [0m:      Received: train message b54d63a0-f8f2-455d-b932-bbce1707b355
[92mINFO [0m:      Sent reply
[92mINFO [0m:      
[92mINFO [0m:      Received: evaluate message ee4c3e97-2efc-4e5f-9830-c02405e3d849
[92mINFO [0m:      Sent reply
[92mINFO [0m:      
[92mINFO [0m:      Received: train message e09f05eb-5b50-4410-beac-e64b032c89bd
[92mINFO [0m:      Sent reply
[92mINFO [0m:      
[92mINFO [0m:      Received: train message 15bc2096-ba2e-47aa-86c8-12c0d63902e0
[92mINFO [0m:      Sent reply
[92mINFO [0m:      
[92mINFO [0m:      Received: evaluate message 223535cd-b061-4911-9400-074b6f14930c
[92mINFO [0m:      Sent reply
[92mINFO [0m:      
[92mINFO [0m:      Received: evaluate message dc09d543-9344-468d-99b4-58d23eee501e
[92mINFO [0m:      Sent reply
[92mINFO [0m:      
[92mINFO [0m:      Received: train message 06b7d3d6-b3a8-43a9-8af3-fa00ff1399b7
[92mINFO [0m:      Sent reply
[92mINFO [0m:      
[92mINFO [0m:      Received: evaluate message fb7103a3-322a-4d6f-8b57-2bc5da9bacce
[92mINFO [0m:      Sent reply
[92mINFO [0m:      
[92mINFO [0m:      Received: evaluate message d22d8043-496a-465c-8ac9-49610900280b
[92mINFO [0m:      Sent reply
[92mINFO [0m:      
[92mINFO [0m:      Received: train message a0c295c1-116a-42e7-8338-e85b23475e18
[92mINFO [0m:      Sent reply
[92mINFO [0m:      
[92mINFO [0m:      Received: train message ab8f7725-5a41-4133-b4f4-8f3a0189d2d4
[92mINFO [0m:      Sent reply
[92mINFO [0m:      
[92mINFO [0m:      Received: evaluate message caa2e76d-3af0-4115-86c8-4aa7d6b2aae3
[92mINFO [0m:      Sent reply
[92mINFO [0m:      
[92mINFO [0m:      Received: train message 9afe7ab0-c985-460d-9f56-74306c4d248a
[92mINFO [0m:      Sent reply
[92mINFO [0m:      
[92mINFO [0m:      Received: evaluate message 1ec280ff-8b08-4f0b-9912-f52738aa015d
[92mINFO [0m:      Sent reply
[92mINFO [0m:      
[92mINFO [0m:      Received: train message fe02d82c-e16c-4dc8-8795-9e2b05eef953
[92mINFO [0m:      Sent reply
[92mINFO [0m:      
[92mINFO [0m:      Received: evaluate message 6b527dde-1f91-4e8e-89fe-218b977a9450
[92mINFO [0m:      Sent reply
[92mINFO [0m:      
[92mINFO [0m:      Received: evaluate message 833f1baa-625e-4959-80ec-81aa49f7cfdb
[92mINFO [0m:      Sent reply
[92mINFO [0m:      
[92mINFO [0m:      Received: train message fb6b42f1-f621-46b1-9e7a-2e2ab8302ee5
[92mINFO [0m:      Sent reply
[92mINFO [0m:      
[92mINFO [0m:      Received: train message 05e74561-fc2f-4158-9db9-eadc3586d21f
[92mINFO [0m:      Sent reply
[92mINFO [0m:      
[92mINFO [0m:      Received: evaluate message 7b880f15-f02a-4f7b-b23f-90978284836a
[92mINFO [0m:      Sent reply
[92mINFO [0m:      
[92mINFO [0m:      Received: train message c67e8398-2ed7-466d-b812-93d19373768c
[92mINFO [0m:      Sent reply
[92mINFO [0m:      
[92mINFO [0m:      Received: evaluate message b66b53a3-6efe-4272-a6e8-be2b16bff8c4
[92mINFO [0m:      Sent reply
[92mINFO [0m:      
[92mINFO [0m:      Received: train message 5a2a09de-f2bb-414f-81f3-ae8c97f6726f
[92mINFO [0m:      Sent reply
[92mINFO [0m:      
[92mINFO [0m:      Received: train message 248090f3-af38-465c-b16f-b367f653921e
[92mINFO [0m:      Sent reply
[92mINFO [0m:      
[92mINFO [0m:      Received: train message a3f890b4-bfba-44cd-a3df-12477e790da2
[92mINFO [0m:      Sent reply
[92mINFO [0m:      
[92mINFO [0m:      Received: train message 73b98ffc-4e93-414e-95b3-e1e35bead3f1
[92mINFO [0m:      Sent reply
[92mINFO [0m:      
[92mINFO [0m:      Received: evaluate message 8f295738-23a1-43bf-8faa-348de522c85f
[92mINFO [0m:      Sent reply
[92mINFO [0m:      
[92mINFO [0m:      Received: train message d892ab62-792a-4751-b55c-5ed53f860a1c
[92mINFO [0m:      Sent reply
[92mINFO [0m:      
[92mINFO [0m:      Received: evaluate message 71f075d0-6d09-41fe-bd33-89019620337b
[92mINFO [0m:      Sent reply
[92mINFO [0m:      
[92mINFO [0m:      Received: train message a83e8c53-f5fc-4d17-a515-5a8d827e1124
[92mINFO [0m:      Sent reply
[92mINFO [0m:      
[92mINFO [0m:      Received: train message cc7708dc-ca35-4565-9f1f-f6a1b610dd09
[92mINFO [0m:      Sent reply
[92mINFO [0m:      
[92mINFO [0m:      Received: train message 70a69913-3640-4f7d-aebd-7eb2401e785d
[92mINFO [0m:      Sent reply
[92mINFO [0m:      
[92mINFO [0m:      Received: evaluate message 5907b4f5-171b-4e4a-8603-d914239868ca
[92mINFO [0m:      Sent reply
[92mINFO [0m:      
[92mINFO [0m:      Received: train message 00d43ae6-dc91-4dcb-bf93-28f80c87dc5f
[92mINFO [0m:      Sent reply
[92mINFO [0m:      
[92mINFO [0m:      Received: train message ba57a8ac-57b9-46f1-89a1-42256cc7348b
[92mINFO [0m:      Sent reply
[92mINFO [0m:      
[92mINFO [0m:      Received: evaluate message dcefaa5e-71b3-4780-b28c-4585834ea03a
[92mINFO [0m:      Sent reply
[92mINFO [0m:      
[92mINFO [0m:      Received: train message 95c41607-f433-4767-adcd-77255032d30e
[92mINFO [0m:      Sent reply
[92mINFO [0m:      
[92mINFO [0m:      Received: train message 57863227-d3cd-486f-b406-ffe84c8c1508
[92mINFO [0m:      Sent reply
[92mINFO [0m:      
[92mINFO [0m:      Received: evaluate message 94bb61dd-c7e8-439d-9ec5-61eb86d4f48c
[92mINFO [0m:      Sent reply
[92mINFO [0m:      
[92mINFO [0m:      Received: train message 123e3f96-1b4a-439c-ad35-1517c64ad4eb
[92mINFO [0m:      Sent reply
[92mINFO [0m:      
[92mINFO [0m:      Received: evaluate message 73e38e3d-2e18-49a0-88b4-efe7e3d352d9
[92mINFO [0m:      Sent reply
[92mINFO [0m:      
[92mINFO [0m:      Received: train message e6c7ca2b-3e6f-45a4-9186-52cdcc48882c
[92mINFO [0m:      Sent reply
[92mINFO [0m:      
[92mINFO [0m:      Received: evaluate message e4afd0c5-614b-4174-a8e4-613000118293
[92mINFO [0m:      Sent reply
[92mINFO [0m:      
[92mINFO [0m:      Received: train message 183adc7f-1482-4881-b963-86b6e46177b7
[92mINFO [0m:      Sent reply
[92mINFO [0m:      
[92mINFO [0m:      Received: evaluate message e5439f85-3c86-4d63-b505-17822c83fec0
[92mINFO [0m:      Sent reply
[92mINFO [0m:      
[92mINFO [0m:      Received: evaluate message c01d91bb-8a3f-45b7-a157-362c172c3fd6
[92mINFO [0m:      Sent reply
[92mINFO [0m:      
[92mINFO [0m:      Received: evaluate message 21d85d7f-9d49-423c-877d-b761e8c13a59
[92mINFO [0m:      Sent reply
[92mINFO [0m:      
[92mINFO [0m:      Received: train message 467d4c39-b894-4515-8e07-ec6fa759ace4
[92mINFO [0m:      Sent reply
[92mINFO [0m:      
[92mINFO [0m:      Received: evaluate message 19207bf7-4997-4749-938a-11d703d74493
[92mINFO [0m:      Sent reply
[92mINFO [0m:      
[92mINFO [0m:      Received: evaluate message 8e0243ce-6bab-4a7d-82a7-a5bfe3497443
[92mINFO [0m:      Sent reply
[92mINFO [0m:      
[92mINFO [0m:      Received: train message 5e4ac0bf-9d7a-4108-b20f-80679fba5b35
[92mINFO [0m:      Sent reply
[92mINFO [0m:      
[92mINFO [0m:      Received: evaluate message 95e7f25d-5a8f-4818-ac5b-9b0d08585832
[92mINFO [0m:      Sent reply
[92mINFO [0m:      
[92mINFO [0m:      Received: train message 30fce564-da29-4652-81c3-89cdeac397bb
[92mINFO [0m:      Sent reply
[92mINFO [0m:      
[92mINFO [0m:      Received: evaluate message 94473212-50f8-4a91-afc1-5adbffe9772f
[92mINFO [0m:      Sent reply
[92mINFO [0m:      
[92mINFO [0m:      Received: evaluate message c4e4cef5-e7aa-4316-9216-2946d7d581be
[92mINFO [0m:      Sent reply
[92mINFO [0m:      
[92mINFO [0m:      Received: train message 97870362-dad4-4b51-87a4-c050f2b1d763
[92mINFO [0m:      Sent reply
[92mINFO [0m:      
[92mINFO [0m:      Received: evaluate message f6f5c3d8-79eb-4664-94ac-11d738c43be5
[92mINFO [0m:      Sent reply
[92mINFO [0m:      
[92mINFO [0m:      Received: train message ebc7af84-9e6a-4385-8b26-e51b554333c4
[92mINFO [0m:      Sent reply
[92mINFO [0m:      
[92mINFO [0m:      Received: evaluate message 95f54405-3019-4d7e-8a25-cfa1c4a02963
[92mINFO [0m:      Sent reply
[92mINFO [0m:      
[92mINFO [0m:      Received: train message 5953b243-3584-452b-8a82-c09c692f51c4
[92mINFO [0m:      Sent reply
[92mINFO [0m:      
[92mINFO [0m:      Received: evaluate message ae25eb1d-703b-4309-a830-1f378538638d
[92mINFO [0m:      Sent reply
[92mINFO [0m:      
[92mINFO [0m:      Received: train message ea98c9f9-c97d-4cc5-87c0-8a92d1aff41b
[92mINFO [0m:      Sent reply
[92mINFO [0m:      
[92mINFO [0m:      Received: evaluate message d8ac2b78-050a-44e8-901f-c511949fafa1
[92mINFO [0m:      Sent reply
[92mINFO [0m:      
[92mINFO [0m:      Received: evaluate message e6fcbbac-150c-4fd1-a829-b32bb10cb109
[92mINFO [0m:      Sent reply
[92mINFO [0m:      
[92mINFO [0m:      Received: train message 76b28684-f0ae-4d2a-a6a0-7233e2c1a99b
[92mINFO [0m:      Sent reply
[92mINFO [0m:      
[92mINFO [0m:      Received: evaluate message 29320bd5-abc8-4ec2-8f60-5b84f5a03491
[92mINFO [0m:      Sent reply
[92mINFO [0m:      
[92mINFO [0m:      Received: train message 48285d7d-fae2-4f38-b1d3-d8e8cfbab7bb
[92mINFO [0m:      Sent reply
[92mINFO [0m:      
[92mINFO [0m:      Received: train message 89bda7a3-eca1-4c97-8b0f-d4b039b789bf
[92mINFO [0m:      Sent reply
[92mINFO [0m:      
[92mINFO [0m:      Received: train message 88c3356d-37d4-4301-8661-06edaacda4f6
[92mINFO [0m:      Sent reply
[92mINFO [0m:      
[92mINFO [0m:      Received: evaluate message 63dfabad-a80f-4f02-b13b-cc15ab8d466f
[92mINFO [0m:      Sent reply
[92mINFO [0m:      
[92mINFO [0m:      Received: train message 06d71f95-7e56-4ded-a487-300703f945f2
[92mINFO [0m:      Sent reply
[92mINFO [0m:      
[92mINFO [0m:      Received: evaluate message 091f37d5-ee7e-4202-aafc-4eabe4004082
[92mINFO [0m:      Sent reply
[92mINFO [0m:      
[92mINFO [0m:      Received: evaluate message b3ee1a7b-7803-4e69-bb24-40e67480498b
[92mINFO [0m:      Sent reply
[92mINFO [0m:      
[92mINFO [0m:      Received: evaluate message 1ff8ff9b-04e3-4b1b-980b-a95261368073
[92mINFO [0m:      Sent reply
[92mINFO [0m:      
[92mINFO [0m:      Received: train message 571a3121-8f81-42f1-8035-94b1a301303f
[92mINFO [0m:      Sent reply
[92mINFO [0m:      
[92mINFO [0m:      Received: evaluate message d0251026-d39b-46ac-adc3-aa40e58ec971
[92mINFO [0m:      Sent reply
[92mINFO [0m:      
[92mINFO [0m:      Received: evaluate message 9bee3689-ac2b-4913-9032-f631f9ed8c9d
[92mINFO [0m:      Sent reply
[92mINFO [0m:      
[92mINFO [0m:      Received: evaluate message 1cc47f3a-e4ec-4982-8ff9-6ceb9bcd0108
[92mINFO [0m:      Sent reply
[92mINFO [0m:      
[92mINFO [0m:      Received: train message 8afa08dc-5746-4cbf-87e2-9a5b74451193
[92mINFO [0m:      Sent reply
[92mINFO [0m:      
[92mINFO [0m:      Received: train message 203d49a5-68c2-48a5-9ccf-f229639a7aaf
[92mINFO [0m:      Sent reply
[92mINFO [0m:      
[92mINFO [0m:      Received: train message ebeaefd8-99e0-4f1d-b1f8-668426d16c26
[92mINFO [0m:      Sent reply
[92mINFO [0m:      
[92mINFO [0m:      Received: evaluate message c8dccf62-8c89-41a4-bca6-6e3101ace687
[92mINFO [0m:      Sent reply
[92mINFO [0m:      
[92mINFO [0m:      Received: train message 64973409-178d-4894-b200-3616da7a7b09
[92mINFO [0m:      Sent reply
[92mINFO [0m:      
[92mINFO [0m:      Received: train message 282442b8-2f09-4f4e-8a35-a4e2857a750e
[92mINFO [0m:      Sent reply
[92mINFO [0m:      
[92mINFO [0m:      Received: evaluate message 9123dde5-868b-4362-8c85-fe72398ff0ea
[92mINFO [0m:      Sent reply
[92mINFO [0m:      
[92mINFO [0m:      Received: train message 5177bd55-759b-4575-b883-dbd4f4c469dd
[92mINFO [0m:      Sent reply
[92mINFO [0m:      
[92mINFO [0m:      Received: evaluate message a1de151f-3384-4869-92bd-c38cc4b90181
[92mINFO [0m:      Sent reply
[92mINFO [0m:      
[92mINFO [0m:      Received: train message 082d3165-fc9a-4257-b634-d02b22611f8a
[92mINFO [0m:      Sent reply
[92mINFO [0m:      
[92mINFO [0m:      Received: train message 1e4e2d79-5906-4f69-9f3e-dcfadaed6ed4
[92mINFO [0m:      Sent reply
[92mINFO [0m:      
[92mINFO [0m:      Received: train message 1a8e92b8-e898-460c-a9cd-ac861e6d128c
[92mINFO [0m:      Sent reply
[92mINFO [0m:      
[92mINFO [0m:      Received: train message 6babc6ef-18d7-4bfc-9fa4-e0f936ac0568
[92mINFO [0m:      Sent reply
[92mINFO [0m:      
[92mINFO [0m:      Received: evaluate message 84652287-1b87-46b5-988e-286b182d28ad
[92mINFO [0m:      Sent reply
[92mINFO [0m:      
[92mINFO [0m:      Received: train message 01c25350-7c9b-4c72-8fb9-4a625e4f46d5
[92mINFO [0m:      Sent reply
[92mINFO [0m:      
[92mINFO [0m:      Received: evaluate message e385db9a-780b-400f-a574-0f34a3f97d60
[92mINFO [0m:      Sent reply
[92mINFO [0m:      
[92mINFO [0m:      Received: evaluate message 29ea2cbb-670f-4102-8570-cd8caa8dc00d
[92mINFO [0m:      Sent reply
[92mINFO [0m:      
[92mINFO [0m:      Received: train message 174a6671-b0bb-441f-bd7e-f5da9451a7aa
[92mINFO [0m:      Sent reply
[92mINFO [0m:      
[92mINFO [0m:      Received: evaluate message f38fd70d-8ea7-41da-88fa-ea15c3ae6e3f
[92mINFO [0m:      Sent reply
[92mINFO [0m:      
[92mINFO [0m:      Received: train message ac841f34-1001-421d-b571-2eaee17d1c87
[92mINFO [0m:      Sent reply
[92mINFO [0m:      
[92mINFO [0m:      Received: train message 29994ca4-03c5-4c11-86cb-621668ec46bb
[92mINFO [0m:      Sent reply
[92mINFO [0m:      
[92mINFO [0m:      Received: train message 8a93c7bc-ec2f-40f8-8290-c18af88b12da
[92mINFO [0m:      Sent reply
[92mINFO [0m:      
[92mINFO [0m:      Received: train message 7372e6bb-d36d-4d0e-a42f-50de2147a8ce
[92mINFO [0m:      Sent reply
[92mINFO [0m:      
[92mINFO [0m:      Received: evaluate message 7b1ae798-ee69-4fef-9666-baeeec495b33
[92mINFO [0m:      Sent reply
[92mINFO [0m:      
[92mINFO [0m:      Received: train message 0556c5b3-cae7-4b4c-a331-8af48f44acaf
[92mINFO [0m:      Sent reply
[92mINFO [0m:      
[92mINFO [0m:      Received: evaluate message 7db689c3-bb55-4fa5-a430-26cefa1173f2
[92mINFO [0m:      Sent reply
[92mINFO [0m:      
[92mINFO [0m:      Received: train message dca6d0ac-2f2f-40aa-827a-91ba7e20b7a2
[92mINFO [0m:      Sent reply
[92mINFO [0m:      
[92mINFO [0m:      Received: evaluate message 6f738d2e-b7ff-4d53-9429-cfd4bf0bbcf4
[92mINFO [0m:      Sent reply
[92mINFO [0m:      
[92mINFO [0m:      Received: train message 43afaad0-a97c-4993-b061-2a0ff716184a
[92mINFO [0m:      Sent reply
[92mINFO [0m:      
[92mINFO [0m:      Received: train message 95413b28-20b9-4879-aea2-f3b2bb9bdfb0
[92mINFO [0m:      Sent reply
[92mINFO [0m:      
[92mINFO [0m:      Received: train message 1665f7bd-53ca-4e94-b25f-cb2936eda41e
[92mINFO [0m:      Sent reply
[92mINFO [0m:      
[92mINFO [0m:      Received: train message 06a573bc-51b5-4812-9eb0-72f682e83aa8
[92mINFO [0m:      Sent reply
[92mINFO [0m:      
[92mINFO [0m:      Received: evaluate message c5a54f89-633c-4fb1-9b9b-ed3aa58e204a
[92mINFO [0m:      Sent reply
[92mINFO [0m:      
[92mINFO [0m:      Received: evaluate message 6ae7a55d-2f4a-4e58-9f5f-b099799584b5
[92mINFO [0m:      Sent reply
[92mINFO [0m:      
[92mINFO [0m:      Received: evaluate message 4299fc81-98f5-4eb4-89b6-250f6302f3ea
[92mINFO [0m:      Sent reply
[92mINFO [0m:      
[92mINFO [0m:      Received: evaluate message 4e5ae0a1-7b22-457b-a755-c48e4568b6aa
[92mINFO [0m:      Sent reply
[92mINFO [0m:      
[92mINFO [0m:      Received: evaluate message 4570f839-a137-4736-b904-5d009b724b25
[92mINFO [0m:      Sent reply
[92mINFO [0m:      
[92mINFO [0m:      Received: train message 6e770c0a-d9f2-4714-9dc7-f514a229ce59
[92mINFO [0m:      Sent reply
[92mINFO [0m:      
[92mINFO [0m:      Received: train message 8ff42a58-fb0a-4d62-90c5-b562f1492979
[92mINFO [0m:      Sent reply
[92mINFO [0m:      
[92mINFO [0m:      Received: train message a034df6d-6db8-49e1-ba71-bbeff96e9c24
[92mINFO [0m:      Sent reply
[92mINFO [0m:      
[92mINFO [0m:      Received: evaluate message 6ad55bd7-886d-41b6-b702-e7a9ff18d39e
[92mINFO [0m:      Sent reply
[92mINFO [0m:      
[92mINFO [0m:      Received: train message 5dff9473-eb0d-4541-894a-309fdd88dcf8
[92mINFO [0m:      Sent reply
[92mINFO [0m:      
[92mINFO [0m:      Received: train message 512bfb8e-429b-49a8-90c9-3f99c2e5e35f
[92mINFO [0m:      Sent reply
[92mINFO [0m:      
[92mINFO [0m:      Received: evaluate message 7df1c601-6934-4b78-8987-d5816aade8c3
[92mINFO [0m:      Sent reply
[92mINFO [0m:      
[92mINFO [0m:      Received: train message 076ab594-2f5d-4288-bc2b-f683be66e773
[92mINFO [0m:      Sent reply
[92mINFO [0m:      
[92mINFO [0m:      Received: evaluate message 19a4f976-93b2-48de-80c0-87cb118dead2
[92mINFO [0m:      Sent reply
[92mINFO [0m:      
[92mINFO [0m:      Received: train message 24f57952-fb15-4fda-bf1d-a7b8d182d905
[92mINFO [0m:      Sent reply
[92mINFO [0m:      
[92mINFO [0m:      Received: train message a9f10e63-4d4f-4b00-9d65-d4d92b916206
[92mINFO [0m:      Sent reply
[92mINFO [0m:      
[92mINFO [0m:      Received: train message 10195bd4-038e-4872-8465-a34727e77205
[92mINFO [0m:      Sent reply
[92mINFO [0m:      
[92mINFO [0m:      Received: evaluate message 46611ff7-2060-4662-901d-d023ad098d23
[92mINFO [0m:      Sent reply
[92mINFO [0m:      
[92mINFO [0m:      Received: train message 2ec22554-8870-4461-818b-b2226bd14a2b
[92mINFO [0m:      Sent reply
[92mINFO [0m:      
[92mINFO [0m:      Received: evaluate message 7418d6f8-85e7-4740-b25f-d06e4221b2fa
[92mINFO [0m:      Sent reply
[92mINFO [0m:      
[92mINFO [0m:      Received: evaluate message a7fe9d6a-a450-43c8-94fb-24d62d6fc4fc
[92mINFO [0m:      Sent reply
[92mINFO [0m:      
[92mINFO [0m:      Received: train message dfaa9b44-bc88-4251-b316-ee58e01e6283
[92mINFO [0m:      Sent reply
[92mINFO [0m:      
[92mINFO [0m:      Received: train message 4bdf4c31-f2fc-4c37-82d4-c9e40f26c734
[92mINFO [0m:      Sent reply
[92mINFO [0m:      
[92mINFO [0m:      Received: evaluate message b2ed4f61-6609-4093-8c9f-c85d706c45a3
[92mINFO [0m:      Sent reply
[92mINFO [0m:      
[92mINFO [0m:      Received: evaluate message b7d08a0b-53e0-48f5-a8ad-8c7a110172c7
[92mINFO [0m:      Sent reply
[92mINFO [0m:      
[92mINFO [0m:      Received: evaluate message 012b9336-dd4c-45ed-8cf3-b3ad20662ad4
[92mINFO [0m:      Sent reply
[92mINFO [0m:      
[92mINFO [0m:      Received: evaluate message bc37d5c7-3471-4d18-b16c-885fb4dab0b0
[92mINFO [0m:      Sent reply
[92mINFO [0m:      
[92mINFO [0m:      Received: train message 081fd47d-8172-45dc-bcce-078895e82153
[92mINFO [0m:      Sent reply
[92mINFO [0m:      
[92mINFO [0m:      Received: evaluate message 61eb6db9-e059-410f-8542-1665eafff344
[92mINFO [0m:      Sent reply
[92mINFO [0m:      
[92mINFO [0m:      Received: train message e5dc654e-0377-4fbf-b159-24e64956845e
[92mINFO [0m:      Sent reply
[92mINFO [0m:      
[92mINFO [0m:      Received: evaluate message b6df247c-c9b9-4b9d-94cd-413b80c03655
[92mINFO [0m:      Sent reply
[92mINFO [0m:      
[92mINFO [0m:      Received: evaluate message def6b316-3e13-4fd0-8994-a7253421fb17
[92mINFO [0m:      Sent reply
[92mINFO [0m:      
[92mINFO [0m:      Received: train message 60a1fc5f-1827-4153-8d10-768a31c4721f
[92mINFO [0m:      Sent reply
[92mINFO [0m:      
[92mINFO [0m:      Received: train message 45620066-bbcf-421c-af5a-d7cc717f2680
[92mINFO [0m:      Sent reply
[92mINFO [0m:      
[92mINFO [0m:      Received: train message 60ffc981-07f5-47df-856b-c45eabdce524
[92mINFO [0m:      Sent reply
[92mINFO [0m:      
[92mINFO [0m:      Received: evaluate message 629c38b1-1281-45eb-b530-052f0b75d5ba
[92mINFO [0m:      Sent reply
[92mINFO [0m:      
[92mINFO [0m:      Received: train message 8f648ad7-d5ed-44eb-a6be-b30b43baae68
[92mINFO [0m:      Sent reply
[92mINFO [0m:      
[92mINFO [0m:      Received: evaluate message 143d3da0-9826-486d-ac9c-c1c4775eb4d1
[92mINFO [0m:      Sent reply
[92mINFO [0m:      
[92mINFO [0m:      Received: train message 221f1617-2061-4652-a715-101a56ee3ddb
[92mINFO [0m:      Sent reply
[92mINFO [0m:      
[92mINFO [0m:      Received: train message 3d8494e3-6a42-4f2e-ba4b-29f8209e6ad6
[92mINFO [0m:      Sent reply
[92mINFO [0m:      
[92mINFO [0m:      Received: evaluate message b1d2d89f-3093-4085-ae2f-082644c6d1a5
[92mINFO [0m:      Sent reply
[92mINFO [0m:      
[92mINFO [0m:      Received: evaluate message 1dcb1e6a-bf84-481d-a64c-45b497690d86
[92mINFO [0m:      Sent reply
[92mINFO [0m:      
[92mINFO [0m:      Received: train message 54714700-af17-4160-9f06-f95751a51568
[92mINFO [0m:      Sent reply
[92mINFO [0m:      
[92mINFO [0m:      Received: train message 12f53b05-eba3-46ca-8e88-4d1d6a3982b5
[92mINFO [0m:      Sent reply
[92mINFO [0m:      
[92mINFO [0m:      Received: evaluate message 4f657f6f-43d7-4327-823a-1fec1fdae4df
[92mINFO [0m:      Sent reply
[92mINFO [0m:      
[92mINFO [0m:      Received: train message a823ed5a-4ac3-43f0-85f3-d99e965a8f7a
[92mINFO [0m:      Sent reply
[92mINFO [0m:      
[92mINFO [0m:      Received: train message 76d8e62b-b355-4994-b153-97e2912db07a
[92mINFO [0m:      Sent reply
[92mINFO [0m:      
[92mINFO [0m:      Received: train message fc920e72-68ac-4074-a75e-b0261ff00f19
[92mINFO [0m:      Sent reply
[92mINFO [0m:      
[92mINFO [0m:      Received: evaluate message aaffca2e-6b22-43d0-8b29-66ead126884f
[92mINFO [0m:      Sent reply
[92mINFO [0m:      
[92mINFO [0m:      Received: evaluate message a0a74114-64d9-4d80-bea8-60f9a17e4bb4
[92mINFO [0m:      Sent reply
[92mINFO [0m:      
[92mINFO [0m:      Received: train message 03292b23-b6bf-4070-a02b-fe5a979a003b
[92mINFO [0m:      Sent reply
[92mINFO [0m:      
[92mINFO [0m:      Received: train message 8d51f83b-712d-41f4-94bf-dd011d7ba6e3
[92mINFO [0m:      Sent reply
[92mINFO [0m:      
[92mINFO [0m:      Received: evaluate message c0ffb2ea-84cb-4223-b2a8-50e207d01367
[92mINFO [0m:      Sent reply
[92mINFO [0m:      
[92mINFO [0m:      Received: train message 358380d5-21f1-478e-bb70-4615a638b87e
[92mINFO [0m:      Sent reply
[92mINFO [0m:      
[92mINFO [0m:      Received: evaluate message a0d8b657-0b9d-44c3-a96d-2c8bbf4ca5f8
[92mINFO [0m:      Sent reply
[92mINFO [0m:      
[92mINFO [0m:      Received: train message 6df33a0b-7bf1-48bf-a14f-68645d65bd24
[92mINFO [0m:      Sent reply
[92mINFO [0m:      
[92mINFO [0m:      Received: evaluate message cfe2774a-f9e0-435f-9ae4-e958f7cbbda8
[92mINFO [0m:      Sent reply
[92mINFO [0m:      
[92mINFO [0m:      Received: train message c4579d6c-9c74-4c55-b9d6-b60f115d751b
[92mINFO [0m:      Sent reply
[92mINFO [0m:      
[92mINFO [0m:      Received: evaluate message c1a0a587-e41e-4b7b-9bac-8a5089eeefca
[92mINFO [0m:      Sent reply
[92mINFO [0m:      
[92mINFO [0m:      Received: train message 525e6bfd-67d2-4c94-997e-24fbd79a7c89
[92mINFO [0m:      Sent reply
[92mINFO [0m:      
[92mINFO [0m:      Received: evaluate message 4bb94d27-d7d8-4727-9b60-3e8431e8795c
[92mINFO [0m:      Sent reply
[92mINFO [0m:      
[92mINFO [0m:      Received: train message 46f14946-065c-4d5b-8d78-289c5af69a5f
[92mINFO [0m:      Sent reply
[92mINFO [0m:      
[92mINFO [0m:      Received: train message 713b7599-4aca-4465-b20a-852100fdf9fb
[92mINFO [0m:      Sent reply
[92mINFO [0m:      
[92mINFO [0m:      Received: train message b2d98daa-4fac-4cf3-85e7-db5f137e5c43
[92mINFO [0m:      Sent reply
[92mINFO [0m:      
[92mINFO [0m:      Received: evaluate message 17542a09-6b3d-414b-b77d-86f49fe87c7a
[92mINFO [0m:      Sent reply
[92mINFO [0m:      
[92mINFO [0m:      Received: train message 8de931dc-0b60-46ea-ba5f-1c4fe073099e
[92mINFO [0m:      Sent reply
[92mINFO [0m:      
[92mINFO [0m:      Received: train message 3d3d7966-73f1-4d3e-b7da-6a19a1d15b06
[92mINFO [0m:      Sent reply
[92mINFO [0m:      
[92mINFO [0m:      Received: train message 1d358912-4db3-4e83-851e-6e9bfd393ccf
[92mINFO [0m:      Sent reply
[92mINFO [0m:      
[92mINFO [0m:      Received: evaluate message f27aa2af-38e8-4cec-85b0-eeaab74e58ef
[92mINFO [0m:      Sent reply
[92mINFO [0m:      
[92mINFO [0m:      Received: evaluate message de61c30b-762a-4b97-9ca0-5936765f0441
[92mINFO [0m:      Sent reply
[92mINFO [0m:      
[92mINFO [0m:      Received: train message 5ad57f1e-a15b-4d36-8eab-2d9f4b786bff
[92mINFO [0m:      Sent reply
[92mINFO [0m:      
[92mINFO [0m:      Received: train message 6569942f-6ae5-4883-9ee2-5cf9d2019395
[92mINFO [0m:      Sent reply
[92mINFO [0m:      
[92mINFO [0m:      Received: train message a4cd8e8c-20a0-4eb3-b0b5-5216ef8522c2
[92mINFO [0m:      Sent reply
[92mINFO [0m:      
[92mINFO [0m:      Received: evaluate message 6202646d-c13e-4e7c-bf57-61ba23caea52
[92mINFO [0m:      Sent reply
[92mINFO [0m:      
[92mINFO [0m:      Received: train message 81ad0637-ef17-40dc-bc8a-0f39ae92db17
[92mINFO [0m:      Sent reply
[92mINFO [0m:      
[92mINFO [0m:      Received: train message b7678281-878d-4282-b1e5-18b8c6519604
[92mINFO [0m:      Sent reply
[92mINFO [0m:      
[92mINFO [0m:      Received: evaluate message c7e56235-77bf-44d7-8ec8-ea7cf0e84c93
[92mINFO [0m:      Sent reply
[92mINFO [0m:      
[92mINFO [0m:      Received: train message 46558b37-37c8-4284-9353-e42c5031b049
[92mINFO [0m:      Sent reply
[92mINFO [0m:      
[92mINFO [0m:      Received: evaluate message 65701c25-752b-4a54-af09-3494c7274a07
[92mINFO [0m:      Sent reply
[92mINFO [0m:      
[92mINFO [0m:      Received: train message 994d107b-ab68-45d7-9a26-2611c61bf8c2
[92mINFO [0m:      Sent reply
[92mINFO [0m:      
[92mINFO [0m:      Received: evaluate message 4792b038-4e5c-4109-a843-14112fd23ad9
[92mINFO [0m:      Sent reply
[92mINFO [0m:      
[92mINFO [0m:      Received: train message ef54eec0-0ef0-4285-983d-4ff8f57119a7
[92mINFO [0m:      Sent reply
[92mINFO [0m:      
[92mINFO [0m:      Received: evaluate message 04582eef-15bb-4b2a-ad0d-a8eab1abb73b
[92mINFO [0m:      Sent reply
[92mINFO [0m:      
[92mINFO [0m:      Received: evaluate message 094a02a5-9f3f-4174-be13-6c1b3badaec6
[92mINFO [0m:      Sent reply
[92mINFO [0m:      
[92mINFO [0m:      Received: evaluate message 552bcadf-787b-4bd8-bf74-740f7135df2e
[92mINFO [0m:      Sent reply
[92mINFO [0m:      
[92mINFO [0m:      Received: evaluate message 00da80c5-49ed-4229-874c-772a85a716e1
[92mINFO [0m:      Sent reply
[92mINFO [0m:      
[92mINFO [0m:      Received: train message 3f34a04a-fb85-43c4-870c-3ba00a6f3c2a
[92mINFO [0m:      Sent reply
[92mINFO [0m:      
[92mINFO [0m:      Received: evaluate message c12da32b-9c11-49cb-9d8e-9828681f8b1a
[92mINFO [0m:      Sent reply
[92mINFO [0m:      
[92mINFO [0m:      Received: evaluate message 4ced0da0-fc45-4439-8b53-62d25473310c
[92mINFO [0m:      Sent reply
[92mINFO [0m:      
[92mINFO [0m:      Received: evaluate message e400a40c-07c3-4d7d-8571-9269909065c8
[92mINFO [0m:      Sent reply
[92mINFO [0m:      
[92mINFO [0m:      Received: evaluate message e595745c-14eb-46b8-bb2d-5da0a635fde9
[92mINFO [0m:      Sent reply
[92mINFO [0m:      
[92mINFO [0m:      Received: train message f0506e3d-3469-4def-93e3-a9b262b077b2
[92mINFO [0m:      Sent reply
[92mINFO [0m:      
[92mINFO [0m:      Received: train message 35d19e9f-a6c8-4325-8c0f-43d98b66eba6
[92mINFO [0m:      Sent reply
[92mINFO [0m:      
[92mINFO [0m:      Received: train message 1c43aa65-2b29-4c3a-9091-8f9008f6474e
[92mINFO [0m:      Sent reply
[92mINFO [0m:      
[92mINFO [0m:      Received: train message 4487cf33-2412-475c-90a4-1e7af02499c5
[92mINFO [0m:      Sent reply
[92mINFO [0m:      
[92mINFO [0m:      Received: evaluate message cbb83829-6dc2-4ca5-aa6d-db134aa2183f
[92mINFO [0m:      Sent reply
[92mINFO [0m:      
[92mINFO [0m:      Received: evaluate message 18947b14-9c6a-463e-9c68-933f526d2b1d
[92mINFO [0m:      Sent reply
[92mINFO [0m:      
[92mINFO [0m:      Received: evaluate message 9b148798-72a6-4e5e-8a07-c58ee2017ec8
[92mINFO [0m:      Sent reply
[92mINFO [0m:      
[92mINFO [0m:      Received: train message 60e1e585-a04b-4914-a45b-b6fc258507ff
[92mINFO [0m:      Sent reply
[92mINFO [0m:      
[92mINFO [0m:      Received: train message 4efed03d-0968-4090-8088-4ca26f2d0b8b
[92mINFO [0m:      Sent reply
[92mINFO [0m:      
[92mINFO [0m:      Received: evaluate message 75d24f87-8180-44ee-9894-5010bfd47b69
[92mINFO [0m:      Sent reply
[92mINFO [0m:      
[92mINFO [0m:      Received: train message e5f9786c-82ab-4411-9c44-a546bf47f5c5
[92mINFO [0m:      Sent reply
[92mINFO [0m:      
[92mINFO [0m:      Received: evaluate message c7fa285d-4491-4516-b5c5-f48753bcdf02
[92mINFO [0m:      Sent reply
[92mINFO [0m:      
[92mINFO [0m:      Received: evaluate message 3faee192-901a-4cb3-8118-bd22d3fc6e45
[92mINFO [0m:      Sent reply
[92mINFO [0m:      
[92mINFO [0m:      Received: train message 89ad1fae-15de-4e64-89c2-60676b5c0fac
[92mINFO [0m:      Sent reply
[92mINFO [0m:      
[92mINFO [0m:      Received: train message e5699997-a4ab-4156-9ae6-ae6c0478a17a
[92mINFO [0m:      Sent reply
[92mINFO [0m:      
[92mINFO [0m:      Received: evaluate message 0a6093c6-7a72-4714-895b-abdc0d10bc8e
[92mINFO [0m:      Sent reply
[92mINFO [0m:      
[92mINFO [0m:      Received: evaluate message 7738c69f-cc7e-45e0-9722-4508f0b24115
[92mINFO [0m:      Sent reply
[92mINFO [0m:      
[92mINFO [0m:      Received: train message 38aecb4c-1fda-4393-a74b-d39b4110cb74
[92mINFO [0m:      Sent reply
[92mINFO [0m:      
[92mINFO [0m:      Received: train message e9208d72-40b7-49b0-9fa6-c21f473bea52
[92mINFO [0m:      Sent reply
[92mINFO [0m:      
[92mINFO [0m:      Received: evaluate message 69e68fdb-eb10-41f1-91b6-d20e040614b4
[92mINFO [0m:      Sent reply
[92mINFO [0m:      
[92mINFO [0m:      Received: train message 81d7a07c-dd4e-45e7-9607-e48f9cfce9d6
[92mINFO [0m:      Sent reply
[92mINFO [0m:      
[92mINFO [0m:      Received: train message 3f2ca76a-95e5-4926-8ee5-49caac29a02d
[92mINFO [0m:      Sent reply
[92mINFO [0m:      
[92mINFO [0m:      Received: evaluate message 8daed4a2-9835-42cd-9208-2c0b21208383
[92mINFO [0m:      Sent reply
[92mINFO [0m:      
[92mINFO [0m:      Received: train message 62be9e19-edde-4d90-8d9a-0e3f6e546628
[92mINFO [0m:      Sent reply
[92mINFO [0m:      
[92mINFO [0m:      Received: evaluate message a6604f9f-9283-415a-86b4-7d86c131f096
[92mINFO [0m:      Sent reply
[92mINFO [0m:      
[92mINFO [0m:      Received: train message dde488e1-6cf1-4d1b-b220-5f7b6a47d2af
[92mINFO [0m:      Sent reply
[92mINFO [0m:      
[92mINFO [0m:      Received: evaluate message a27a3014-3df2-430d-adcd-471cc8ca0c94
[92mINFO [0m:      Sent reply
[92mINFO [0m:      
[92mINFO [0m:      Received: train message fde145be-4bb8-4d69-9675-d381f84bfb2e
[92mINFO [0m:      Sent reply
[92mINFO [0m:      
[92mINFO [0m:      Received: evaluate message 29208a37-fcd2-4f79-bf97-ea4b7f9ec46b
[92mINFO [0m:      Sent reply
[92mINFO [0m:      
[92mINFO [0m:      Received: train message 4d87ad53-fbf8-4003-8c4b-3700e1e2a2f5
[92mINFO [0m:      Sent reply
[92mINFO [0m:      
[92mINFO [0m:      Received: evaluate message 8757384b-74ae-4875-ba16-57f94bee2302
[92mINFO [0m:      Sent reply
[92mINFO [0m:      
[92mINFO [0m:      Received: train message 60851dbb-aba9-44e7-b7f4-5dc06b00632d
[92mINFO [0m:      Sent reply
[92mINFO [0m:      
[92mINFO [0m:      Received: train message faf9c887-3503-40a1-89f2-21106bfb2af0
[92mINFO [0m:      Sent reply
[92mINFO [0m:      
[92mINFO [0m:      Received: evaluate message 9ba98bae-139f-4c03-841b-81fa7f701477
[92mINFO [0m:      Sent reply
[92mINFO [0m:      
[92mINFO [0m:      Received: train message e92bdfc8-0990-4d10-a376-e5587bb19466
[92mINFO [0m:      Sent reply
[92mINFO [0m:      
[92mINFO [0m:      Received: evaluate message 344f40aa-ef62-4560-9ae2-ab2871da39fd
[92mINFO [0m:      Sent reply
[92mINFO [0m:      
[92mINFO [0m:      Received: train message 21652eef-dba8-43f9-892d-58fadc403621
[92mINFO [0m:      Sent reply
[92mINFO [0m:      
[92mINFO [0m:      Received: train message 6a4e9080-2485-4601-8a02-62dc383a749e
[92mINFO [0m:      Sent reply
[92mINFO [0m:      
[92mINFO [0m:      Received: evaluate message 700ca3fe-5e55-4d5f-802c-8dbf74bac372
[92mINFO [0m:      Sent reply
[92mINFO [0m:      
[92mINFO [0m:      Received: train message a21eb675-811f-4c08-9740-6ffd70aab181
[92mINFO [0m:      Sent reply
[92mINFO [0m:      
[92mINFO [0m:      Received: train message 6d02b676-593d-453f-90f1-b947ef36a989
[92mINFO [0m:      Sent reply
[92mINFO [0m:      
[92mINFO [0m:      Received: evaluate message cf5b54de-addb-4431-985b-519e2c7ae02f
[92mINFO [0m:      Sent reply
[92mINFO [0m:      
[92mINFO [0m:      Received: train message a1afb585-f1c6-4d4d-b25a-80702291e787
[92mINFO [0m:      Sent reply
[92mINFO [0m:      
[92mINFO [0m:      Received: train message da7829fc-9669-4f4e-bf59-aec2f2d830b1
[92mINFO [0m:      Sent reply
[92mINFO [0m:      
[92mINFO [0m:      Received: train message 9a5832d6-bbed-4634-bae2-09449dd4be46
[92mINFO [0m:      Sent reply
[92mINFO [0m:      
[92mINFO [0m:      Received: evaluate message b660b72e-f6f4-4df0-a354-be6c655d67ba
[92mINFO [0m:      Sent reply
[92mINFO [0m:      
[92mINFO [0m:      Received: train message 15b6cbb6-e795-44a2-a908-39ccfd81e680
[92mINFO [0m:      Sent reply
[92mINFO [0m:      
[92mINFO [0m:      Received: train message 7986516f-e5a1-47a7-b9b8-72d03ed56cbc
[92mINFO [0m:      Sent reply
[92mINFO [0m:      
[92mINFO [0m:      Received: evaluate message 0d8bfad8-9790-48c3-b6e5-23677f782a68
[92mINFO [0m:      Sent reply
[92mINFO [0m:      
[92mINFO [0m:      Received: evaluate message 2ced583c-2b7c-45e5-8998-99a3eeef72b1
[92mINFO [0m:      Sent reply
[92mINFO [0m:      
[92mINFO [0m:      Received: evaluate message 2b67687a-f83e-41a5-aa60-571f5dcffa3e
[92mINFO [0m:      Sent reply
[92mINFO [0m:      
[92mINFO [0m:      Received: train message 69964286-68b4-4a3b-a26d-bbe29166c8ff
[92mINFO [0m:      Sent reply
[92mINFO [0m:      
[92mINFO [0m:      Received: train message c092aed2-fe4a-4d6e-a906-4b5ef9cc2a04
[92mINFO [0m:      Sent reply
[92mINFO [0m:      
[92mINFO [0m:      Received: train message 7b5a41c9-4c90-40de-8fcc-ae75c8e2c96e
[92mINFO [0m:      Sent reply
[92mINFO [0m:      
[92mINFO [0m:      Received: train message e5dffafa-e504-43d8-a872-ba72303fb2a0
[92mINFO [0m:      Sent reply
[92mINFO [0m:      
[92mINFO [0m:      Received: evaluate message 2695ba90-939b-41d1-94ab-b933edcc3b55
[92mINFO [0m:      Sent reply
[92mINFO [0m:      
[92mINFO [0m:      Received: evaluate message 429b8b9a-941c-4914-bf85-e9a713ad6d85
[92mINFO [0m:      Sent reply
[92mINFO [0m:      
[92mINFO [0m:      Received: train message 5e198f9b-43d4-4b3a-97bb-a4197a5dcad2
[92mINFO [0m:      Sent reply
[92mINFO [0m:      
[92mINFO [0m:      Received: evaluate message fa5e0fac-58de-4585-8335-f4c791fef4fa
[92mINFO [0m:      Sent reply
[92mINFO [0m:      
[92mINFO [0m:      Received: train message 0be5370f-5783-4171-ae71-a234753bda76
[92mINFO [0m:      Sent reply
[92mINFO [0m:      
[92mINFO [0m:      Received: evaluate message f0f02278-426e-4d3c-aa3e-4c00c834520d
[92mINFO [0m:      Sent reply
[92mINFO [0m:      
[92mINFO [0m:      Received: train message 7b5cedbe-45a8-442f-848a-4e3763659e3b
[92mINFO [0m:      Sent reply
[92mINFO [0m:      
[92mINFO [0m:      Received: evaluate message e6d6c398-b777-4ae7-bf57-63fe7ff81e2a
[92mINFO [0m:      Sent reply
[92mINFO [0m:      
[92mINFO [0m:      Received: train message f43f8ebc-cd8d-45f3-ab85-02b628f359dc
[92mINFO [0m:      Sent reply
[92mINFO [0m:      
[92mINFO [0m:      Received: train message 04caeaad-e63f-458a-a5c1-427e6d1a6617
[92mINFO [0m:      Sent reply
[92mINFO [0m:      
[92mINFO [0m:      Received: evaluate message 3e3c8686-fbdc-4fa9-9ff6-00f64621462e
[92mINFO [0m:      Sent reply
[92mINFO [0m:      
[92mINFO [0m:      Received: train message e3b5421e-0922-4643-9cf1-ccc472745428
[92mINFO [0m:      Sent reply
[92mINFO [0m:      
[92mINFO [0m:      Received: evaluate message d1fa2425-ee30-4881-b0d2-40209f2cecb7
[92mINFO [0m:      Sent reply
[92mINFO [0m:      
[92mINFO [0m:      Received: evaluate message bcb8707e-f3ea-4be2-970e-3cb526527670
[92mINFO [0m:      Sent reply
[92mINFO [0m:      
[92mINFO [0m:      Received: train message 80c3d873-935b-4cb6-90d2-249a3e855b3c
[92mINFO [0m:      Sent reply
[92mINFO [0m:      
[92mINFO [0m:      Received: evaluate message 9ab7f5c9-f4ab-407c-9e93-73e47b539f6b
[92mINFO [0m:      Sent reply
[92mINFO [0m:      
[92mINFO [0m:      Received: train message 817bb66b-69b7-4268-a43a-b1fc7210d8f2
[92mINFO [0m:      Sent reply
[92mINFO [0m:      
[92mINFO [0m:      Received: evaluate message 7429b874-2a72-4f83-af68-520c75dea9ae
[92mINFO [0m:      Sent reply
[92mINFO [0m:      
[92mINFO [0m:      Received: evaluate message 547193b3-e8ad-441f-b1f2-b26f9b6d2244
[92mINFO [0m:      Sent reply
[92mINFO [0m:      
[92mINFO [0m:      Received: train message 165a4c03-ca0d-4e06-90b8-ff310b27f1f5
[92mINFO [0m:      Sent reply
[92mINFO [0m:      
[92mINFO [0m:      Received: train message 78d8a066-a820-4670-a6a0-0691fe83478c
[92mINFO [0m:      Sent reply
[92mINFO [0m:      
[92mINFO [0m:      Received: train message 418a9e09-3713-4115-a0c8-4d224ff194e6
[92mINFO [0m:      Sent reply
[92mINFO [0m:      
[92mINFO [0m:      Received: evaluate message 55a057f1-aa5b-447d-a6f1-f5885ac90067
[92mINFO [0m:      Sent reply
[92mINFO [0m:      
[92mINFO [0m:      Received: evaluate message ac0a7546-7690-4fe2-b0c6-5d71ef6a58f2
[92mINFO [0m:      Sent reply
[92mINFO [0m:      
[92mINFO [0m:      Received: train message 34e39642-7ee1-4695-8265-bcb6bf0dac91
[92mINFO [0m:      Sent reply
[92mINFO [0m:      
[92mINFO [0m:      Received: evaluate message ec27462b-f9a8-4f43-b920-5fed8187a31e
[92mINFO [0m:      Sent reply
[92mINFO [0m:      
[92mINFO [0m:      Received: train message 75a3591b-eda1-4539-a5c4-1a31aa354b69
[92mINFO [0m:      Sent reply
[92mINFO [0m:      
[92mINFO [0m:      Received: evaluate message 4d004629-39c0-41e0-88c2-da073f28fb16
[92mINFO [0m:      Sent reply
[92mINFO [0m:      
[92mINFO [0m:      Received: evaluate message 4abf687f-d2df-49b9-b5ef-d1a600fd1ad1
[92mINFO [0m:      Sent reply
[92mINFO [0m:      
[92mINFO [0m:      Received: train message 916a1165-7e43-495b-9646-17784088e4fe
[92mINFO [0m:      Sent reply
[92mINFO [0m:      
[92mINFO [0m:      Received: evaluate message e8b0beb6-bfef-46ae-a1df-55dc5ce4e98c
[92mINFO [0m:      Sent reply
[92mINFO [0m:      
[92mINFO [0m:      Received: evaluate message 6f04fe56-8b34-4f4e-8fbd-e35e962c36c6
[92mINFO [0m:      Sent reply
[92mINFO [0m:      
[92mINFO [0m:      Received: train message bc238f64-acde-4adf-a196-449124607489
[92mINFO [0m:      Sent reply
[92mINFO [0m:      
[92mINFO [0m:      Received: train message b431596d-d2dc-4c7e-a426-78f7dcb72742
[92mINFO [0m:      Sent reply
[92mINFO [0m:      
[92mINFO [0m:      Received: evaluate message d2f93e26-96fc-4275-b8a1-d53249565131
[92mINFO [0m:      Sent reply
[92mINFO [0m:      
[92mINFO [0m:      Received: train message ff97fd49-6ea1-47b5-8c41-2a56fad63f85
[92mINFO [0m:      Sent reply
[92mINFO [0m:      
[92mINFO [0m:      Received: evaluate message fd2e73f0-26b6-449d-afad-0ed23a5b5c04
[92mINFO [0m:      Sent reply
[92mINFO [0m:      
[92mINFO [0m:      Received: evaluate message 77e613d1-5894-4e6c-b368-e75a8e03e4d8
[92mINFO [0m:      Sent reply
[92mINFO [0m:      
[92mINFO [0m:      Received: evaluate message 519ef40f-f7cc-465e-a68d-ddbdddf35989
[92mINFO [0m:      Sent reply
[92mINFO [0m:      
[92mINFO [0m:      Received: train message c04c261d-3fbd-4360-8100-2da3dba33d2a
[92mINFO [0m:      Sent reply
[92mINFO [0m:      
[92mINFO [0m:      Received: evaluate message 0a4e218c-a967-44f2-9d67-767a131761e2
[92mINFO [0m:      Sent reply
[92mINFO [0m:      
[92mINFO [0m:      Received: train message 26b34681-ecef-4635-8df5-d5eb0ab84b32
[92mINFO [0m:      Sent reply
[92mINFO [0m:      
[92mINFO [0m:      Received: evaluate message 25d31c28-0488-4137-b507-f7f20d7c2ae9
[92mINFO [0m:      Sent reply
[92mINFO [0m:      
[92mINFO [0m:      Received: train message 7a34c2cf-99e1-4470-b468-ee067db2d243
[92mINFO [0m:      Sent reply
[92mINFO [0m:      
[92mINFO [0m:      Received: evaluate message 7c6a9415-384f-492a-b0ea-a082474b4733
[92mINFO [0m:      Sent reply
[92mINFO [0m:      
[92mINFO [0m:      Received: train message 7e639af5-b883-4618-8fe3-f6f47ba4f4c6
[92mINFO [0m:      Sent reply
[92mINFO [0m:      
[92mINFO [0m:      Received: evaluate message 59b01279-bfb2-4854-bfff-1814a040679d
[92mINFO [0m:      Sent reply
[92mINFO [0m:      
[92mINFO [0m:      Received: evaluate message 67ec223b-3476-44a9-bd28-9dc6ac94c623
[92mINFO [0m:      Sent reply
[92mINFO [0m:      
[92mINFO [0m:      Received: evaluate message 39b7fb9e-2903-4392-86f5-e464810e2d28
[92mINFO [0m:      Sent reply
[92mINFO [0m:      
[92mINFO [0m:      Received: train message 0897f471-d539-4052-abfa-e4456280a16d
[92mINFO [0m:      Sent reply
[92mINFO [0m:      
[92mINFO [0m:      Received: evaluate message 3b18d4fa-148f-405c-bad1-00fbc810ff56
[92mINFO [0m:      Sent reply
[92mINFO [0m:      
[92mINFO [0m:      Received: train message 041d1fad-07d7-4d7c-b3e2-31f2c72c2b5e
[92mINFO [0m:      Sent reply
[92mINFO [0m:      
[92mINFO [0m:      Received: evaluate message 78f28c0b-9d76-4d13-bf8c-7fa47895745e
[92mINFO [0m:      Sent reply
[92mINFO [0m:      
[92mINFO [0m:      Received: train message d796f1a6-4084-497a-980a-82f90c4b258a
[92mINFO [0m:      Sent reply
[92mINFO [0m:      
[92mINFO [0m:      Received: evaluate message 4621dd41-0728-4709-8e26-c6f7f86f31b3
[92mINFO [0m:      Sent reply
[92mINFO [0m:      
[92mINFO [0m:      Received: train message ae474fea-d2a0-47f8-99f1-65f93d258b53
[92mINFO [0m:      Sent reply
[92mINFO [0m:      
[92mINFO [0m:      Received: evaluate message 62441373-6007-474d-9c97-ce3acbf6b092
[92mINFO [0m:      Sent reply
[92mINFO [0m:      
[92mINFO [0m:      Received: train message ffde1f3a-4348-4dff-8505-f1625e8901b9
[92mINFO [0m:      Sent reply
[92mINFO [0m:      
[92mINFO [0m:      Received: evaluate message 434ae8a7-9c26-47c2-bdbc-a7a8f2cc48ca
[92mINFO [0m:      Sent reply
[92mINFO [0m:      
[92mINFO [0m:      Received: evaluate message cb0fca23-5b2e-4115-8421-e2dcacde9220
[92mINFO [0m:      Sent reply
[92mINFO [0m:      
[92mINFO [0m:      Received: evaluate message c48c36a2-520f-4596-9cd7-8b0e4114ff2f
[92mINFO [0m:      Sent reply
[92mINFO [0m:      
[92mINFO [0m:      Received: train message a362fd3f-a665-4eb5-a33e-4e65d685e31f
[92mINFO [0m:      Sent reply
[92mINFO [0m:      
[92mINFO [0m:      Received: train message f458238b-449e-410f-add3-84622ea346ba
[92mINFO [0m:      Sent reply
[92mINFO [0m:      
[92mINFO [0m:      Received: evaluate message 8dd88819-27ed-4364-ab45-4e220fad55f0
[92mINFO [0m:      Sent reply
[92mINFO [0m:      
[92mINFO [0m:      Received: train message c1e6ca5f-09bb-4729-a88d-fd46efc121da
[92mINFO [0m:      Sent reply
[92mINFO [0m:      
[92mINFO [0m:      Received: evaluate message e39b6065-888f-4b67-805f-0378baade937
[92mINFO [0m:      Sent reply
[92mINFO [0m:      
[92mINFO [0m:      Received: train message 1a1d9c3f-12d6-4cbb-9bba-e21ab0ddd502
[92mINFO [0m:      Sent reply
[92mINFO [0m:      
[92mINFO [0m:      Received: train message c43796c4-1123-4f27-a532-61542ca52ec3
[92mINFO [0m:      Sent reply
[92mINFO [0m:      
[92mINFO [0m:      Received: evaluate message 63937720-be8c-4a91-8197-0d6624909cae
[92mINFO [0m:      Sent reply
[92mINFO [0m:      
[92mINFO [0m:      Received: train message 6fe57bd3-bcd8-4871-b40a-3978e1a43f91
[92mINFO [0m:      Sent reply
[92mINFO [0m:      
[92mINFO [0m:      Received: evaluate message e3ee9343-8097-4937-8a62-5346d1c8435e
[92mINFO [0m:      Sent reply
[92mINFO [0m:      
[92mINFO [0m:      Received: evaluate message b39ff800-c0c3-4906-9802-7c5d669bfdae
[92mINFO [0m:      Sent reply
[92mINFO [0m:      
[92mINFO [0m:      Received: train message b9ca8060-a1d3-45ac-8f28-4120450d0edb
[92mINFO [0m:      Sent reply
[92mINFO [0m:      
[92mINFO [0m:      Received: train message ccec8320-7894-41fc-b202-253d17e4d58b
[92mINFO [0m:      Sent reply
[92mINFO [0m:      
[92mINFO [0m:      Received: evaluate message 3c2f8446-138f-4036-96c5-c031f76949f5
[92mINFO [0m:      Sent reply
[92mINFO [0m:      
[92mINFO [0m:      Received: train message c227ef65-5fae-46cc-86f7-bf7dd9a463b4
[92mINFO [0m:      Sent reply
[92mINFO [0m:      
[92mINFO [0m:      Received: evaluate message 4354e3e0-cce2-4cdb-bb41-f64da97a5cb8
[92mINFO [0m:      Sent reply
[92mINFO [0m:      
[92mINFO [0m:      Received: evaluate message d91588d0-b0f4-4557-aced-210a9f99ac75
[92mINFO [0m:      Sent reply
[92mINFO [0m:      
[92mINFO [0m:      Received: train message 95e4bbae-8ad1-465e-b20c-70ef46a098e5
[92mINFO [0m:      Sent reply
[92mINFO [0m:      
[92mINFO [0m:      Received: evaluate message dc18bfb0-c962-4f27-bcfd-fcb711ebc4d9
[92mINFO [0m:      Sent reply
[92mINFO [0m:      
[92mINFO [0m:      Received: evaluate message c18144f6-0834-49c5-a3ee-a666e3a1424c
[92mINFO [0m:      Sent reply
[92mINFO [0m:      
[92mINFO [0m:      Received: train message 81c80f15-5464-4bd8-9166-19efc97fb373
[92mINFO [0m:      Sent reply
[92mINFO [0m:      
[92mINFO [0m:      Received: evaluate message 9199c41e-2510-4d9f-8fd9-e417aa7d1dd3
[92mINFO [0m:      Sent reply
[92mINFO [0m:      
[92mINFO [0m:      Received: train message 7c01b8b8-2cf5-412c-ae9b-261a65cec8bc
[92mINFO [0m:      Sent reply
[92mINFO [0m:      
[92mINFO [0m:      Received: train message 40cafd03-693d-4654-a504-47a9a263e0fd
[92mINFO [0m:      Sent reply
[92mINFO [0m:      
[92mINFO [0m:      Received: evaluate message 39fa64bb-8be8-4521-bcd6-deb0e4f79a3d
[92mINFO [0m:      Sent reply
[92mINFO [0m:      
[92mINFO [0m:      Received: train message 900552f3-5933-45ed-8ab8-d636ff350f5f
[92mINFO [0m:      Sent reply
[92mINFO [0m:      
[92mINFO [0m:      Received: train message 1d6f2d89-e35b-48b3-b8eb-f180bcc0e1c7
[92mINFO [0m:      Sent reply
[92mINFO [0m:      
[92mINFO [0m:      Received: train message 0a5458d7-37d2-40dd-8905-6cf9ba7c762d
[92mINFO [0m:      Sent reply
[92mINFO [0m:      
[92mINFO [0m:      Received: train message d718f0b6-32de-4119-a4ff-a9334a339bee
[92mINFO [0m:      Sent reply
[92mINFO [0m:      
[92mINFO [0m:      Received: evaluate message cc959f6d-d9ae-4762-a947-c9e8fdc377ff
[92mINFO [0m:      Sent reply
[92mINFO [0m:      
[92mINFO [0m:      Received: train message 323c2d0e-b8c0-4d1c-bcd7-ec728f4bec5c
[92mINFO [0m:      Sent reply
[92mINFO [0m:      
[92mINFO [0m:      Received: evaluate message 427eb7d0-110f-43b7-b445-6d5ecdd48cbc
[92mINFO [0m:      Sent reply
[92mINFO [0m:      
[92mINFO [0m:      Received: train message 5bb46449-8f3d-40ab-b72a-04b5f31048aa
[92mINFO [0m:      Sent reply
[92mINFO [0m:      
[92mINFO [0m:      Received: evaluate message d874a113-7ec2-4658-bbb9-be3d53433ef6
[92mINFO [0m:      Sent reply
[92mINFO [0m:      
[92mINFO [0m:      Received: evaluate message 62cc0bd8-bb01-41ea-af1f-d3778f680f5f
[92mINFO [0m:      Sent reply
[92mINFO [0m:      
[92mINFO [0m:      Received: train message f0d7bc58-d91d-48cb-ba10-829668374d3e
[92mINFO [0m:      Sent reply
[92mINFO [0m:      
[92mINFO [0m:      Received: evaluate message b02435ce-9149-44a1-9f94-18f01c2520cb
[92mINFO [0m:      Sent reply
[92mINFO [0m:      
[92mINFO [0m:      Received: train message 3d563bf8-ad77-4d64-bd76-c87e60971696
[92mINFO [0m:      Sent reply
[92mINFO [0m:      
[92mINFO [0m:      Received: train message 54ec2051-3d2d-4de6-b237-a25af5bf76b6
[92mINFO [0m:      Sent reply
[92mINFO [0m:      
[92mINFO [0m:      Received: evaluate message deccb135-2823-40d5-8ba2-ac593d6acc8c
[92mINFO [0m:      Sent reply
[92mINFO [0m:      
[92mINFO [0m:      Received: train message 7888ffd9-acbc-4b57-a9b8-06faa21033f1
[92mINFO [0m:      Sent reply
[92mINFO [0m:      
[92mINFO [0m:      Received: evaluate message af5db073-2959-42f2-ac6a-f19dd1058511
[92mINFO [0m:      Sent reply
[92mINFO [0m:      
[92mINFO [0m:      Received: train message ba7f9c2d-7281-468d-ba6b-88308b866789
[92mINFO [0m:      Sent reply
[92mINFO [0m:      
[92mINFO [0m:      Received: evaluate message 966a2573-6170-425d-a873-6be359a1e1f8
[92mINFO [0m:      Sent reply
[92mINFO [0m:      
[92mINFO [0m:      Received: train message 18e103df-3f49-400a-8cd2-c069a38a649d
[92mINFO [0m:      Sent reply
[92mINFO [0m:      
[92mINFO [0m:      Received: train message ff9d015d-63ca-420e-a83b-727c5da1e8ce
[92mINFO [0m:      Sent reply
[92mINFO [0m:      
[92mINFO [0m:      Received: train message d081049a-bb12-45ac-b829-e92149a29064
[92mINFO [0m:      Sent reply
[92mINFO [0m:      
[92mINFO [0m:      Received: train message 1bcb2612-8c8d-497c-960c-33e983613eaa
[92mINFO [0m:      Sent reply
[92mINFO [0m:      
[92mINFO [0m:      Received: evaluate message 5048a7b5-06e1-4427-99af-8dae6525af9b
[92mINFO [0m:      Sent reply
[92mINFO [0m:      
[92mINFO [0m:      Received: train message 450416f6-8362-4057-8f04-2de4ee97b0f5
[92mINFO [0m:      Sent reply
[92mINFO [0m:      
[92mINFO [0m:      Received: train message 479ad77e-0553-469c-95b5-3ff8a3fd11a6
[92mINFO [0m:      Sent reply
[92mINFO [0m:      
[92mINFO [0m:      Received: evaluate message 1221c4df-18a4-4bb9-830c-dc264debec6d
[92mINFO [0m:      Sent reply
[92mINFO [0m:      
[92mINFO [0m:      Received: train message 9a4bbf0a-4dcd-43eb-8100-85526ab9826c
[92mINFO [0m:      Sent reply
[92mINFO [0m:      
[92mINFO [0m:      Received: train message c67b638a-c890-469e-9138-7dd741d40a5b
[92mINFO [0m:      Sent reply
[92mINFO [0m:      
[92mINFO [0m:      Received: evaluate message 0e098464-d3af-4266-8187-644d97c68034
[92mINFO [0m:      Sent reply
[92mINFO [0m:      
[92mINFO [0m:      Received: evaluate message ac19f4e3-a1c2-4987-a30c-a91a3e39c78b
[92mINFO [0m:      Sent reply
[92mINFO [0m:      
[92mINFO [0m:      Received: evaluate message e7ad4014-0645-4988-b306-c7734b72cbec
[92mINFO [0m:      Sent reply
[92mINFO [0m:      
[92mINFO [0m:      Received: train message b73995e2-bdf9-4fd9-b839-f46b4694c4b9
[92mINFO [0m:      Sent reply
[92mINFO [0m:      
[92mINFO [0m:      Received: evaluate message c8a998f4-2b99-4a0c-b2ef-f4628cd9d1aa
[92mINFO [0m:      Sent reply
[92mINFO [0m:      
[92mINFO [0m:      Received: train message 7f8fc249-6943-4f39-a603-90f24cf90074
[92mINFO [0m:      Sent reply
[92mINFO [0m:      
[92mINFO [0m:      Received: train message 04bc03a9-c475-4078-8f4d-9bfa6b9c0c70
[92mINFO [0m:      Sent reply
[92mINFO [0m:      
[92mINFO [0m:      Received: evaluate message cdeb722c-71cc-485d-b74d-6416c68e03c1
[92mINFO [0m:      Sent reply
[92mINFO [0m:      
[92mINFO [0m:      Received: train message 61093e57-f812-4866-8f33-73f4329670c3
[92mINFO [0m:      Sent reply
[92mINFO [0m:      
[92mINFO [0m:      Received: evaluate message 6d562c85-a7ed-4d3b-ac59-3a665e861c1d
[92mINFO [0m:      Sent reply
[92mINFO [0m:      
[92mINFO [0m:      Received: train message 63b3517d-087d-4aa2-ae0b-a6428008d09a
[92mINFO [0m:      Sent reply
[92mINFO [0m:      
[92mINFO [0m:      Received: evaluate message b1407ff1-30ab-4106-8f40-ae2de77551fb
[92mINFO [0m:      Sent reply
[92mINFO [0m:      
[92mINFO [0m:      Received: train message aa945753-b75c-4436-8845-f49b00070980
[92mINFO [0m:      Sent reply
[92mINFO [0m:      
[92mINFO [0m:      Received: train message 13620099-cdb6-482a-9d2a-06d34bfb0bdc
[92mINFO [0m:      Sent reply
[92mINFO [0m:      
[92mINFO [0m:      Received: evaluate message 9143b398-417a-49fb-b6a2-4e2aa389b0d6
[92mINFO [0m:      Sent reply
[92mINFO [0m:      
[92mINFO [0m:      Received: train message 635400c2-798f-459a-8fb5-5109f9e5050d
[92mINFO [0m:      Sent reply
[92mINFO [0m:      
[92mINFO [0m:      Received: train message 083340a4-792f-42c8-b741-7c81aad8bbd4
[92mINFO [0m:      Sent reply
[92mINFO [0m:      
[92mINFO [0m:      Received: evaluate message 9bf84ac5-0cbe-4323-b732-bdd81f010176
[92mINFO [0m:      Sent reply
[92mINFO [0m:      
[92mINFO [0m:      Received: train message d95f9b95-6ec4-4e43-941a-a8be53ac709f
[92mINFO [0m:      Sent reply
[92mINFO [0m:      
[92mINFO [0m:      Received: evaluate message c13fd696-f3b3-48ee-98ae-157edefd6972
[92mINFO [0m:      Sent reply
[92mINFO [0m:      
[92mINFO [0m:      Received: evaluate message d210cd08-ed0f-4e5b-ab99-75af7a1a3c0d
[92mINFO [0m:      Sent reply
[92mINFO [0m:      
[92mINFO [0m:      Received: evaluate message 2b10120d-edd7-4d86-b0cc-2f5554fe5b2e
[92mINFO [0m:      Sent reply
[92mINFO [0m:      
[92mINFO [0m:      Received: train message 17453e38-87a5-43d2-be88-f1ffa378fd64
[92mINFO [0m:      Sent reply
[92mINFO [0m:      
[92mINFO [0m:      Received: train message be085256-65ee-43b5-86ba-561c589eefdb
[92mINFO [0m:      Sent reply
[92mINFO [0m:      
[92mINFO [0m:      Received: evaluate message 9ee853fa-0396-44e8-9f9c-e783fe971092
[92mINFO [0m:      Sent reply
[92mINFO [0m:      
[92mINFO [0m:      Received: evaluate message 5d17ad46-2130-4e03-b8bd-dcbb6d33721a
[92mINFO [0m:      Sent reply
[92mINFO [0m:      
[92mINFO [0m:      Received: train message 38340b4b-b660-4caa-bbc1-5c18a1ff08bf
[92mINFO [0m:      Sent reply
[92mINFO [0m:      
[92mINFO [0m:      Received: evaluate message c0a99c6c-680e-4f76-814f-984c0cd749b0
[92mINFO [0m:      Sent reply
[92mINFO [0m:      
[92mINFO [0m:      Received: train message ded4c3e9-303f-48d1-b010-f8063b0e7420
[92mINFO [0m:      Sent reply
[92mINFO [0m:      
[92mINFO [0m:      Received: train message ba3b4f9b-92e5-4d8c-811c-8c446b3e9e70
[92mINFO [0m:      Sent reply
[92mINFO [0m:      
[92mINFO [0m:      Received: evaluate message 23271579-992f-426e-807f-0ac0714e793a
[92mINFO [0m:      Sent reply
[92mINFO [0m:      
[92mINFO [0m:      Received: train message f4e3c3d3-79a9-445d-917d-97e4fb7a07e7
[92mINFO [0m:      Sent reply
[92mINFO [0m:      
[92mINFO [0m:      Received: evaluate message 9db0f317-9a5d-46a2-bad3-fbfa573a8f01
[92mINFO [0m:      Sent reply
[92mINFO [0m:      
[92mINFO [0m:      Received: train message 76cd3a25-5983-4ca0-b608-a5b29857e66c
[92mINFO [0m:      Sent reply
[92mINFO [0m:      
[92mINFO [0m:      Received: evaluate message f74e554a-4384-4650-8b7f-da3c7b801964
[92mINFO [0m:      Sent reply
[92mINFO [0m:      
[92mINFO [0m:      Received: evaluate message 999e8bb5-6e4d-4192-a376-7bd2f706bdcb
[92mINFO [0m:      Sent reply
[92mINFO [0m:      
[92mINFO [0m:      Received: evaluate message 13036872-a8b0-4aaf-81f9-8d7108291bba
[92mINFO [0m:      Sent reply
[92mINFO [0m:      
[92mINFO [0m:      Received: train message 8556f2da-4098-4811-8be7-be3b545ebf73
[92mINFO [0m:      Sent reply
[92mINFO [0m:      
[92mINFO [0m:      Received: evaluate message 7fb49b3b-d8c7-4936-99c8-805bac6f136f
[92mINFO [0m:      Sent reply
[92mINFO [0m:      
[92mINFO [0m:      Received: train message 394d928a-934e-426a-a257-ded40263b2d3
[92mINFO [0m:      Sent reply
[92mINFO [0m:      
[92mINFO [0m:      Received: evaluate message 0165c019-1c29-435c-99dd-4aa26044d937
[92mINFO [0m:      Sent reply
[92mINFO [0m:      
[92mINFO [0m:      Received: train message b420909b-de71-415d-8f09-acdd89475a9a
[92mINFO [0m:      Sent reply
[92mINFO [0m:      
[92mINFO [0m:      Received: train message 6dd6c6e1-8d7c-48b3-98dc-9df74a3d576f
[92mINFO [0m:      Sent reply
[92mINFO [0m:      
[92mINFO [0m:      Received: train message 34f2cc8d-e3e4-4cf4-89a9-60ce96c16631
[92mINFO [0m:      Sent reply
[92mINFO [0m:      
[92mINFO [0m:      Received: train message ff1c8a2d-08e8-4358-be3b-99be53ec5dbe
[92mINFO [0m:      Sent reply
[92mINFO [0m:      
[92mINFO [0m:      Received: train message 86a13c29-db99-43d1-ad9a-5eb1c91791b0
[92mINFO [0m:      Sent reply
[92mINFO [0m:      
[92mINFO [0m:      Received: train message d928c544-afd9-426e-b855-4938db24a026
[92mINFO [0m:      Sent reply
[92mINFO [0m:      
[92mINFO [0m:      Received: evaluate message 7a25988c-a35a-4ae8-b062-80c18d710f8c
[92mINFO [0m:      Sent reply
[92mINFO [0m:      
[92mINFO [0m:      Received: train message 8f95689b-a832-49ca-98d3-de43acd61236
[92mINFO [0m:      Sent reply
[92mINFO [0m:      
[92mINFO [0m:      Received: evaluate message c35f834e-f35a-4b0c-a19d-2ff83b505f01
[92mINFO [0m:      Sent reply
[92mINFO [0m:      
[92mINFO [0m:      Received: evaluate message 50d817b3-5928-45a6-b861-f86f10877a09
[92mINFO [0m:      Sent reply
[92mINFO [0m:      
[92mINFO [0m:      Received: evaluate message ee81ade0-d55c-4d22-ae0f-c333af295d8e
[92mINFO [0m:      Sent reply
[92mINFO [0m:      
[92mINFO [0m:      Received: train message fbb9efdc-9dcb-4855-91f4-7f4ba0a888d3
[92mINFO [0m:      Sent reply
[92mINFO [0m:      
[92mINFO [0m:      Received: train message 91fdf316-0ceb-4666-bd69-5f7ac025d663
[92mINFO [0m:      Sent reply
[92mINFO [0m:      
[92mINFO [0m:      Received: evaluate message 79bbc2c5-6d79-4b74-a80f-c463da3aaef5
[92mINFO [0m:      Sent reply
[92mINFO [0m:      
[92mINFO [0m:      Received: train message 571f1f5b-3980-4915-ac35-093742e4fb7c
[92mINFO [0m:      Sent reply
[92mINFO [0m:      
[92mINFO [0m:      Received: evaluate message 6c6baf3e-4bdd-45c5-89cb-33375f13a83c
[92mINFO [0m:      Sent reply
[92mINFO [0m:      
[92mINFO [0m:      Received: evaluate message 9b713705-ca2e-42c4-a0c3-bccd70a07641
[92mINFO [0m:      Sent reply
[92mINFO [0m:      
[92mINFO [0m:      Received: evaluate message 9e722335-61cc-4da1-9f78-19ba6818d796
[92mINFO [0m:      Sent reply
[92mINFO [0m:      
[92mINFO [0m:      Received: train message f3d7fc0b-3ed8-41d7-9522-005fe9e22d68
[92mINFO [0m:      Sent reply
[92mINFO [0m:      
[92mINFO [0m:      Received: train message a0414b11-e81c-4c20-be07-65963c8221c4
[92mINFO [0m:      Sent reply
[92mINFO [0m:      
[92mINFO [0m:      Received: evaluate message 0835292f-7a54-4126-a7c7-d670134274e3
[92mINFO [0m:      Sent reply
[92mINFO [0m:      
[92mINFO [0m:      Received: evaluate message 562e9542-2831-4e7e-856c-fd4a221cc320
[92mINFO [0m:      Sent reply
[92mINFO [0m:      
[92mINFO [0m:      Received: train message da3f10ff-7239-4493-acf1-7d8924d4c7ce
[92mINFO [0m:      Sent reply
[92mINFO [0m:      
[92mINFO [0m:      Received: evaluate message 2e45ad3d-877f-43b8-a97b-4552d5563b18
[92mINFO [0m:      Sent reply
[92mINFO [0m:      
[92mINFO [0m:      Received: train message bb981446-68ef-41ce-8bcf-ac7a4aa7b5a4
[92mINFO [0m:      Sent reply
[92mINFO [0m:      
[92mINFO [0m:      Received: evaluate message f07fe961-e271-4155-88c7-8d817a77e5d4
[92mINFO [0m:      Sent reply
[92mINFO [0m:      
[92mINFO [0m:      Received: train message 85d5257b-914d-4b7a-b271-bb7c87c332fd
[92mINFO [0m:      Sent reply
[92mINFO [0m:      
[92mINFO [0m:      Received: train message 7c10ab90-ac61-4d2a-bd04-92c8fd821b6e
[92mINFO [0m:      Sent reply
[92mINFO [0m:      
[92mINFO [0m:      Received: train message 71323435-cda8-474c-8cb8-9937d95b0efe
[92mINFO [0m:      Sent reply
[92mINFO [0m:      
[92mINFO [0m:      Received: evaluate message ba95a0a1-cbfd-42e2-816c-f9970b4db95e
[92mINFO [0m:      Sent reply
[92mINFO [0m:      
[92mINFO [0m:      Received: evaluate message faf3872b-8f90-4aaa-ad05-7b87d34fca7d
[92mINFO [0m:      Sent reply
[92mINFO [0m:      
[92mINFO [0m:      Received: evaluate message d04e7a8e-652c-44ee-a17b-8d404f576fd3
[92mINFO [0m:      Sent reply
[92mINFO [0m:      
[92mINFO [0m:      Received: train message 39e60043-f9dd-4cf7-ade5-0f59a128f0e5
[92mINFO [0m:      Sent reply
[92mINFO [0m:      
[92mINFO [0m:      Received: evaluate message 7d4608bd-c87e-4f15-8b17-c29755f39562
[92mINFO [0m:      Sent reply
[92mINFO [0m:      
[92mINFO [0m:      Received: train message db022ec4-e48a-4641-ae44-6b4f53f69591
[92mINFO [0m:      Sent reply
[92mINFO [0m:      
[92mINFO [0m:      Received: train message ea4d9302-395a-4189-98df-051365deb459
[92mINFO [0m:      Sent reply
[92mINFO [0m:      
[92mINFO [0m:      Received: evaluate message e1424160-0198-4280-ab6a-5f9329fe508f
[92mINFO [0m:      Sent reply
[92mINFO [0m:      
[92mINFO [0m:      Received: train message b7e33a44-5082-4cf2-b99e-92faef521230
[92mINFO [0m:      Sent reply
[92mINFO [0m:      
[92mINFO [0m:      Received: train message 8d752f23-6b66-4b83-a118-508176ca83b9
[92mINFO [0m:      Sent reply
[92mINFO [0m:      
[92mINFO [0m:      Received: evaluate message 902970a0-f062-4c14-ad9b-e9408018c7d5
[92mINFO [0m:      Sent reply
[92mINFO [0m:      
[92mINFO [0m:      Received: evaluate message a6a0fd01-70ba-4861-ba3a-00385e012586
[92mINFO [0m:      Sent reply
[92mINFO [0m:      
[92mINFO [0m:      Received: evaluate message 763b4169-7958-4e02-8561-4dd3c3f4ad27
[92mINFO [0m:      Sent reply
[92mINFO [0m:      
[92mINFO [0m:      Received: evaluate message 48235f5b-d802-43d3-8d02-9452eb082fec
[92mINFO [0m:      Sent reply
[92mINFO [0m:      
[92mINFO [0m:      Received: train message 63d1271f-d5a1-4631-a644-dbc032860916
[92mINFO [0m:      Sent reply
[92mINFO [0m:      
[92mINFO [0m:      Received: train message 3478fbe0-add4-4f63-b406-a5c97b4f718e
[92mINFO [0m:      Sent reply
[92mINFO [0m:      
[92mINFO [0m:      Received: evaluate message fac0a416-969e-4310-a075-e65d3de50709
[92mINFO [0m:      Sent reply
[92mINFO [0m:      
[92mINFO [0m:      Received: train message 68fcc462-1b5f-4291-a451-b7285a1e7d45
[92mINFO [0m:      Sent reply
[92mINFO [0m:      
[92mINFO [0m:      Received: train message 5c344627-03e2-48bc-992b-a45233f66db0
[92mINFO [0m:      Sent reply
[92mINFO [0m:      
[92mINFO [0m:      Received: train message 88bf633c-6493-41eb-9c21-e69d8ba929b8
[92mINFO [0m:      Sent reply
[92mINFO [0m:      
[92mINFO [0m:      Received: evaluate message fa3707d9-83ca-4663-8748-a30c4e1fe877
[92mINFO [0m:      Sent reply
[92mINFO [0m:      
[92mINFO [0m:      Received: evaluate message df7406e8-3ab7-4ef9-811f-ab4fcedbb7e7
[92mINFO [0m:      Sent reply
[92mINFO [0m:      
[92mINFO [0m:      Received: evaluate message 92e01573-ab65-4047-afd8-bc30f1e81449
[92mINFO [0m:      Sent reply
[92mINFO [0m:      
[92mINFO [0m:      Received: train message 6ed07f0c-9d0c-4c03-a066-975c1a9a321a
[92mINFO [0m:      Sent reply
[92mINFO [0m:      
[92mINFO [0m:      Received: train message 9a5fe87b-ce10-411d-b273-b33bacc1e999
[92mINFO [0m:      Sent reply
[92mINFO [0m:      
[92mINFO [0m:      Received: train message e67b96ea-cd49-4132-b60d-0dc130e48c58
[92mINFO [0m:      Sent reply
[92mINFO [0m:      
[92mINFO [0m:      Received: evaluate message 99094fa0-4ff2-4445-ad7d-0831fba2dac9
[92mINFO [0m:      Sent reply
[92mINFO [0m:      
[92mINFO [0m:      Received: train message 096d8e9c-db91-45da-affe-0d425a61dc79
[92mINFO [0m:      Sent reply
[92mINFO [0m:      
[92mINFO [0m:      Received: evaluate message 75084376-dea3-488f-b639-3ad3dbae1e5f
[92mINFO [0m:      Sent reply
[92mINFO [0m:      
[92mINFO [0m:      Received: evaluate message 861c738a-d6e6-4bd7-910b-9c88149c62bf
[92mINFO [0m:      Sent reply
[92mINFO [0m:      
[92mINFO [0m:      Received: evaluate message 0a7a4a50-a571-4694-8aea-88c850f08104
[92mINFO [0m:      Sent reply
[92mINFO [0m:      
[92mINFO [0m:      Received: train message 0be61e33-552e-41db-aecb-17bcab1ec5f6
[92mINFO [0m:      Sent reply
[92mINFO [0m:      
[92mINFO [0m:      Received: train message 611d7d58-82ad-4aa8-8e07-bcbcb108b167
[92mINFO [0m:      Sent reply
[92mINFO [0m:      
[92mINFO [0m:      Received: evaluate message 290edfb0-ea49-45e8-a992-b49293274a1e
[92mINFO [0m:      Sent reply
[92mINFO [0m:      
[92mINFO [0m:      Received: train message dce006b1-92f6-44c4-8b60-935ee0b68fb0
[92mINFO [0m:      Sent reply
[92mINFO [0m:      
[92mINFO [0m:      Received: evaluate message 7e16f857-7167-4bcc-b80f-441e00b293a7
[92mINFO [0m:      Sent reply
[92mINFO [0m:      
[92mINFO [0m:      Received: evaluate message 644dd6c2-e254-466e-9495-d4183f754ed8
[92mINFO [0m:      Sent reply
[92mINFO [0m:      
[92mINFO [0m:      Received: evaluate message 70ca7dc8-4e60-4009-8087-cf647a014611
[92mINFO [0m:      Sent reply
[92mINFO [0m:      
[92mINFO [0m:      Received: evaluate message b8ef9451-743c-4821-8ccd-31c3b5d7fedc
[92mINFO [0m:      Sent reply
[92mINFO [0m:      
[92mINFO [0m:      Received: evaluate message 60e32ec3-0a08-44d3-b032-746938fb405f
[92mINFO [0m:      Sent reply
[92mINFO [0m:      
[92mINFO [0m:      Received: evaluate message b20e49a4-4d0d-415d-a5b5-bc454eafc5fe
[92mINFO [0m:      Sent reply
[92mINFO [0m:      
[92mINFO [0m:      Received: train message e5e6f555-70cb-48f3-9518-4e2a777dd95e
[92mINFO [0m:      Sent reply
[92mINFO [0m:      
[92mINFO [0m:      Received: train message 37fbade2-366b-4665-a9f4-dc3ecfb8fe77
[92mINFO [0m:      Sent reply
[92mINFO [0m:      
[92mINFO [0m:      Received: train message d1a1bad3-bb5e-4b49-aed4-0991c5c53968
[92mINFO [0m:      Sent reply
[92mINFO [0m:      
[92mINFO [0m:      Received: train message 871c9568-5eb9-4934-93cf-10ceed46a860
[92mINFO [0m:      Sent reply
[92mINFO [0m:      
[92mINFO [0m:      Received: evaluate message 4f296339-1acb-4708-8712-2571014735f1
[92mINFO [0m:      Sent reply
[92mINFO [0m:      
[92mINFO [0m:      Received: train message 8e1e6d85-e8f2-437f-9f93-74a177b09cf1
[92mINFO [0m:      Sent reply
[92mINFO [0m:      
[92mINFO [0m:      Received: evaluate message a7aaace6-e1e4-4925-a481-f3a5a2ba867f
[92mINFO [0m:      Sent reply
[92mINFO [0m:      
[92mINFO [0m:      Received: evaluate message 703f7347-5277-4689-9189-9a7ef22cbe4c
[92mINFO [0m:      Sent reply
[92mINFO [0m:      
[92mINFO [0m:      Received: train message defc9aa3-f0a5-435c-85b0-ab9c12bd4670
[92mINFO [0m:      Sent reply
[92mINFO [0m:      
[92mINFO [0m:      Received: evaluate message 4c413e37-aa1f-4fb0-9ae9-0c9af75bef96
[92mINFO [0m:      Sent reply
[92mINFO [0m:      
[92mINFO [0m:      Received: train message 87af18b4-797a-427e-8bfb-da59b9784221
[92mINFO [0m:      Sent reply
[92mINFO [0m:      
[92mINFO [0m:      Received: evaluate message c6580183-8ce4-466b-a3da-851efd3c1560
[92mINFO [0m:      Sent reply
[92mINFO [0m:      
[92mINFO [0m:      Received: train message 08094d43-c961-4440-9114-5b83db36d1d2
[92mINFO [0m:      Sent reply
[92mINFO [0m:      
[92mINFO [0m:      Received: evaluate message 7e9fb8bc-faee-42bf-85e4-edc1603e4678
[92mINFO [0m:      Sent reply
[92mINFO [0m:      
[92mINFO [0m:      Received: train message 92a55b30-9407-466c-9c37-87882e86260c
[92mINFO [0m:      Sent reply
[92mINFO [0m:      
[92mINFO [0m:      Received: train message 972644d3-3fea-4e4d-a89e-c127f5de99ca
[92mINFO [0m:      Sent reply
[92mINFO [0m:      
[92mINFO [0m:      Received: evaluate message cb64b112-f9e6-46b6-b630-9fcc36f0766e
[92mINFO [0m:      Sent reply
[92mINFO [0m:      
[92mINFO [0m:      Received: train message ca8ad404-5dfd-4a18-9675-db35eae58367
[92mINFO [0m:      Sent reply
[92mINFO [0m:      
[92mINFO [0m:      Received: train message dbdc6591-074b-4d8a-b5d7-b92e2d5730ee
[92mINFO [0m:      Sent reply
[92mINFO [0m:      
[92mINFO [0m:      Received: train message c39d0c20-f807-4df0-a9a9-397b6326dee8
[92mINFO [0m:      Sent reply
[92mINFO [0m:      
[92mINFO [0m:      Received: evaluate message ac2186e8-ee48-4ce6-81f4-f8e23f3d3524
[92mINFO [0m:      Sent reply
[92mINFO [0m:      
[92mINFO [0m:      Received: train message cd5b4e9f-063b-46a0-ab7c-63b42c9d4f9f
[92mINFO [0m:      Sent reply
[92mINFO [0m:      
[92mINFO [0m:      Received: evaluate message d490d4e0-b8a4-4abd-b21a-ddfca9e08648
[92mINFO [0m:      Sent reply
[92mINFO [0m:      
[92mINFO [0m:      Received: train message dedbf1bb-1c9d-49b5-812e-6d3a93c3c57c
[92mINFO [0m:      Sent reply
[92mINFO [0m:      
[92mINFO [0m:      Received: evaluate message 925dd4aa-e77f-4c31-b38a-c9dc2fc8372f
[92mINFO [0m:      Sent reply
[92mINFO [0m:      
[92mINFO [0m:      Received: train message 6d49f938-b3cc-488e-8eb3-708d9c629b6b
[92mINFO [0m:      Sent reply
[92mINFO [0m:      
[92mINFO [0m:      Received: evaluate message 6447ed38-52bd-4269-ab5e-5bf1f1cc009c
[92mINFO [0m:      Sent reply
[92mINFO [0m:      
[92mINFO [0m:      Received: train message 90ab9ca7-9e4a-4fd8-a08b-79eaac43b479
[92mINFO [0m:      Sent reply
[92mINFO [0m:      
[92mINFO [0m:      Received: evaluate message 2175fd4d-1cce-4a3e-bad9-d2e0163d6957
[92mINFO [0m:      Sent reply
[92mINFO [0m:      
[92mINFO [0m:      Received: evaluate message 12879349-3c15-4006-b37a-036510d033a5
[92mINFO [0m:      Sent reply
[92mINFO [0m:      
[92mINFO [0m:      Received: train message 186ec27a-ccce-452b-aeea-b5ca30e223c1
[92mINFO [0m:      Sent reply
[92mINFO [0m:      
[92mINFO [0m:      Received: evaluate message 59e93550-5085-417b-a249-9d4f0a38213f
[92mINFO [0m:      Sent reply
[92mINFO [0m:      
[92mINFO [0m:      Received: evaluate message 04b46d65-652b-461a-a315-9f6654cfabab
[92mINFO [0m:      Sent reply
[92mINFO [0m:      
[92mINFO [0m:      Received: evaluate message 14214ca5-1dbc-4f4b-b4a1-5bac8c076c2c
[92mINFO [0m:      Sent reply
[92mINFO [0m:      
[92mINFO [0m:      Received: train message e145b3c5-d7eb-4205-9fdb-2a766d27df94
[92mINFO [0m:      Sent reply
[92mINFO [0m:      
[92mINFO [0m:      Received: train message 308f43f0-a190-462a-b7c2-60008f7d2fc7
[92mINFO [0m:      Sent reply
[92mINFO [0m:      
[92mINFO [0m:      Received: train message ac314626-a67b-45e0-99ad-c1c6f599790e
[92mINFO [0m:      Sent reply
[92mINFO [0m:      
[92mINFO [0m:      Received: train message b7fd7189-62d6-47d6-8531-8d90d9fd61f4
[92mINFO [0m:      Sent reply
[92mINFO [0m:      
[92mINFO [0m:      Received: train message db72e587-f4e1-4ba6-be36-6db6eb307c9d
[92mINFO [0m:      Sent reply
[92mINFO [0m:      
[92mINFO [0m:      Received: evaluate message b7226fbf-172e-4105-946b-ae74c4fd3464
[92mINFO [0m:      Sent reply
[92mINFO [0m:      
[92mINFO [0m:      Received: train message 9c7e2269-f951-4b5c-911e-36cfc4cfb8a7
[92mINFO [0m:      Sent reply
[92mINFO [0m:      
[92mINFO [0m:      Received: evaluate message 9184c7c3-54ec-493d-8af2-9c582e9fc525
[92mINFO [0m:      Sent reply
