[93mWARNING [0m:   DEPRECATED FEATURE: flwr.server.start_server() is deprecated.
	Instead, use the `flower-superlink` CLI command to start a SuperLink as shown below:

		$ flower-superlink --insecure

	To view usage and all available options, run:

		$ flower-superlink --help

	Using `start_server()` is deprecated.

            This is a deprecated feature. It will be removed
            entirely in future versions of Flower.
        
[92mINFO [0m:      Starting Flower server, config: num_rounds=1000, no round_timeout
[92mINFO [0m:      Flower ECE: gRPC server running (1000 rounds), SSL is disabled
[92mINFO [0m:      [INIT]
[92mINFO [0m:      Using initial global parameters provided by strategy
[92mINFO [0m:      Starting evaluation of initial global parameters
[92mINFO [0m:      initial parameters (loss, other metrics): 0.6096246838569641, {'rmse': 0.7807846665382385, 'mse': 0.6096246838569641, 'mae': 0.6219047904014587, 'r2': -0.021040797233581543}
[92mINFO [0m:      
[92mINFO [0m:      [ROUND 1]
[92mINFO [0m:      configure_fit: strategy sampled 8 clients (out of 20)
[92mINFO [0m:      aggregate_fit: received 8 results and 0 failures
[93mWARNING [0m:   No fit_metrics_aggregation_fn provided
[92mINFO [0m:      fit progress: (1, 0.4905421733856201, {'rmse': 0.700387179851532, 'mse': 0.4905421733856201, 'mae': 0.5647408962249756, 'r2': -0.0009633302688598633}, 30.35277514999325)
[92mINFO [0m:      configure_evaluate: strategy sampled 9 clients (out of 24)
[92mINFO [0m:      aggregate_evaluate: received 9 results and 0 failures
[93mWARNING [0m:   No evaluate_metrics_aggregation_fn provided
[92mINFO [0m:      
[92mINFO [0m:      [ROUND 2]
[92mINFO [0m:      configure_fit: strategy sampled 9 clients (out of 24)
