[93mWARNING [0m:   DEPRECATED FEATURE: flwr.server.start_server() is deprecated.
	Instead, use the `flower-superlink` CLI command to start a SuperLink as shown below:

		$ flower-superlink --insecure

	To view usage and all available options, run:

		$ flower-superlink --help

	Using `start_server()` is deprecated.

            This is a deprecated feature. It will be removed
            entirely in future versions of Flower.
        
[92mINFO [0m:      Starting Flower server, config: num_rounds=10, no round_timeout
[92mINFO [0m:      Flower ECE: gRPC server running (10 rounds), SSL is disabled
[92mINFO [0m:      [INIT]
[92mINFO [0m:      Requesting initial parameters from one random client
[92mINFO [0m:      Received initial parameters from one random client
[92mINFO [0m:      Starting evaluation of initial global parameters
Traceback (most recent call last):
  File "/mnt/ceph_drive/FL_IoT_Network/scale/server.py", line 108, in evaluate_fn
    model = model_factory(hyperparams["model_type"], input_dim, **hyperparams)
            ^^^^^^^^^^^^^^^^^^^^^^^^^^^^^^^^^^^^^^^^^^^^^^^^^^^^^^^^^^^^^^^^^^
TypeError: create_model_factory.<locals>.model_factory() got multiple values for argument 'model_type'
[92mINFO [0m:      initial parameters (loss, other metrics): 10.0, {'rmse': 10.0, 'mse': 100.0, 'mae': 10.0, 'r2': -1.0}
[92mINFO [0m:      
[92mINFO [0m:      [ROUND 1]
[92mINFO [0m:      configure_fit: strategy sampled 12 clients (out of 25)
[92mINFO [0m:      aggregate_fit: received 12 results and 0 failures
[93mWARNING [0m:   No fit_metrics_aggregation_fn provided
Traceback (most recent call last):
  File "/mnt/ceph_drive/FL_IoT_Network/scale/server.py", line 108, in evaluate_fn
    model = model_factory(hyperparams["model_type"], input_dim, **hyperparams)
            ^^^^^^^^^^^^^^^^^^^^^^^^^^^^^^^^^^^^^^^^^^^^^^^^^^^^^^^^^^^^^^^^^^
TypeError: create_model_factory.<locals>.model_factory() got multiple values for argument 'model_type'
[92mINFO [0m:      fit progress: (1, 10.0, {'rmse': 10.0, 'mse': 100.0, 'mae': 10.0, 'r2': -1.0}, 34.45650890700199)
[92mINFO [0m:      configure_evaluate: strategy sampled 25 clients (out of 25)
[92mINFO [0m:      Flower server terminated gracefully.
🚀 Starting NASA Federated Learning Server
==================================================
Experiment ID: nasa_25c_alpha_0.1_fedavg
Algorithm: FEDAVG
Server: localhost:8686
Rounds: 10
Experiment dir: /mnt/ceph_drive/FL_IoT_Network/scale/results/run_20251029_171023/nasa_25c_alpha_0.1_fedavg/nasa_25c_alpha_0.1_fedavg
Metrics dir: /mnt/ceph_drive/FL_IoT_Network/scale/results/run_20251029_171023/nasa_25c_alpha_0.1_fedavg/nasa_25c_alpha_0.1_fedavg/metrics
==================================================
🔄 Starting FL server on localhost:8686...
📊 Evaluation enabled: True
📈 CSV files will be saved to: /mnt/ceph_drive/FL_IoT_Network/scale/results/run_20251029_171023/nasa_25c_alpha_0.1_fedavg/nasa_25c_alpha_0.1_fedavg/metrics
📁 Config saved to: /mnt/ceph_drive/FL_IoT_Network/scale/results/run_20251029_171023/nasa_25c_alpha_0.1_fedavg/nasa_25c_alpha_0.1_fedavg/config.json
🔍 Running centralized evaluation for round 0...
⚠️ Centralized evaluation error: create_model_factory.<locals>.model_factory() got multiple values for argument 'model_type'
📊 Round 1 Fit Metrics:
   Clients: 12
   Avg Train Loss: 12042.2095
   Avg Val Loss: 12176.5904
   Avg Val R²: -0.7483
🔍 Running centralized evaluation for round 1...
⚠️ Centralized evaluation error: create_model_factory.<locals>.model_factory() got multiple values for argument 'model_type'
