[93mWARNING [0m:   DEPRECATED FEATURE: flwr.client.start_numpy_client() is deprecated. 
	Instead, use `flwr.client.start_client()` by ensuring you first call the `.to_client()` method as shown below: 
	flwr.client.start_client(
		server_address='<IP>:<PORT>',
		client=FlowerClient().to_client(), # <-- where FlowerClient is of type flwr.client.NumPyClient object
	)
	Using `start_numpy_client()` is deprecated.

            This is a deprecated feature. It will be removed
            entirely in future versions of Flower.
        
[93mWARNING [0m:   DEPRECATED FEATURE: flwr.client.start_client() is deprecated.
	Instead, use the `flower-supernode` CLI command to start a SuperNode as shown below:

		$ flower-supernode --insecure --superlink='<IP>:<PORT>'

	To view all available options, run:

		$ flower-supernode --help

	Using `start_client()` is deprecated.

            This is a deprecated feature. It will be removed
            entirely in future versions of Flower.
        
[92mINFO [0m:      
[92mINFO [0m:      Received: evaluate message cd6bd3f0-a0bd-4bf4-aed7-0b1f7501df76
[92mINFO [0m:      Sent reply
[92mINFO [0m:      
[92mINFO [0m:      Received: evaluate message 03a1c565-258d-4d8c-95dc-cc395c60a4c6
[92mINFO [0m:      Sent reply
[92mINFO [0m:      
[92mINFO [0m:      Received: train message f3cba725-6e44-4609-bb4f-0ab42471186a
[92mINFO [0m:      Sent reply
[92mINFO [0m:      
[92mINFO [0m:      Received: evaluate message 33d3a0ac-cfaf-48ce-914d-28b8176b9bef
[92mINFO [0m:      Sent reply
[92mINFO [0m:      
[92mINFO [0m:      Received: evaluate message 53bc59cc-83e0-4cc1-b13b-ac28432481bb
[92mINFO [0m:      Sent reply
[92mINFO [0m:      
[92mINFO [0m:      Received: train message c00050ba-cc1d-4643-b069-de45283a4d59
[92mINFO [0m:      Sent reply
[92mINFO [0m:      
[92mINFO [0m:      Received: train message 47969875-548a-4dd4-8fd7-4dfff66ace2d
[92mINFO [0m:      Sent reply
[92mINFO [0m:      
[92mINFO [0m:      Received: train message 6a21deb3-1df8-49e3-9223-468c9b044fd9
[92mINFO [0m:      Sent reply
[92mINFO [0m:      
[92mINFO [0m:      Received: evaluate message 2ecf83b1-f945-4cfc-95a2-c54be1d696bb
[92mINFO [0m:      Sent reply
[92mINFO [0m:      
[92mINFO [0m:      Received: train message 3f5e8ebd-9059-4774-9898-204aa668454f
[92mINFO [0m:      Sent reply
[92mINFO [0m:      
[92mINFO [0m:      Received: train message 39a29a97-0c2d-4ba2-9e5e-b19169800b3c
[92mINFO [0m:      Sent reply
[92mINFO [0m:      
[92mINFO [0m:      Received: evaluate message a9b69455-b97d-4393-8822-8b1aacfcae09
[92mINFO [0m:      Sent reply
[92mINFO [0m:      
[92mINFO [0m:      Received: evaluate message e5f93dd4-6c37-4b69-97c9-e59b006faf52
[92mINFO [0m:      Sent reply
[92mINFO [0m:      
[92mINFO [0m:      Received: train message cdd3f9c5-9f3d-468e-baba-355afbe41dc6
[92mINFO [0m:      Sent reply
[92mINFO [0m:      
[92mINFO [0m:      Received: train message 5db3c243-4312-4156-a023-1fc710e166fc
[92mINFO [0m:      Sent reply
[92mINFO [0m:      
[92mINFO [0m:      Received: train message 90b5db79-075d-4f6a-9f9f-74b8480ee43d
[92mINFO [0m:      Sent reply
[92mINFO [0m:      
[92mINFO [0m:      Received: train message 63159589-1b78-4f95-9867-d7cd286b28d9
[92mINFO [0m:      Sent reply
[92mINFO [0m:      
[92mINFO [0m:      Received: train message 001900a3-0dd0-4290-96f6-e589fc27a260
[92mINFO [0m:      Sent reply
[92mINFO [0m:      
[92mINFO [0m:      Received: evaluate message 0e538ee9-bc89-4333-86e3-0235fdf0a308
[92mINFO [0m:      Sent reply
[92mINFO [0m:      
[92mINFO [0m:      Received: train message b656725b-3e9b-4aad-a98b-71c8ce8708dd
[92mINFO [0m:      Sent reply
[92mINFO [0m:      
[92mINFO [0m:      Received: evaluate message 07307d57-931c-4977-9b47-e8920689c92d
[92mINFO [0m:      Sent reply
[92mINFO [0m:      
[92mINFO [0m:      Received: evaluate message a19c0115-3130-4b68-bcbc-e2d67c13d232
[92mINFO [0m:      Sent reply
[92mINFO [0m:      
[92mINFO [0m:      Received: train message 8d24c01e-a586-4adb-b813-7262057c4ea4
[92mINFO [0m:      Sent reply
[92mINFO [0m:      
[92mINFO [0m:      Received: evaluate message b1e0a3f6-ec96-4443-a62c-8d731cdb833e
[92mINFO [0m:      Sent reply
[92mINFO [0m:      
[92mINFO [0m:      Received: train message f084b291-c14a-4f96-a4ca-4ee3d585bc51
[92mINFO [0m:      Sent reply
[92mINFO [0m:      
[92mINFO [0m:      Received: evaluate message 69a5aa60-6594-4faf-a389-4b40aa5aefe3
[92mINFO [0m:      Sent reply
[92mINFO [0m:      
[92mINFO [0m:      Received: train message c9433656-a021-42d0-85e7-23e7c3d6011b
[92mINFO [0m:      Sent reply
[92mINFO [0m:      
[92mINFO [0m:      Received: train message d88d5d2d-7425-476a-8098-cccfd81b1d12
[92mINFO [0m:      Sent reply
[92mINFO [0m:      
[92mINFO [0m:      Received: evaluate message f01d941c-eb75-4196-80ad-72f6d2b19a3c
[92mINFO [0m:      Sent reply
[92mINFO [0m:      
[92mINFO [0m:      Received: evaluate message 46001669-e5b3-471a-9cf3-ec1fd166087f
[92mINFO [0m:      Sent reply
[92mINFO [0m:      
[92mINFO [0m:      Received: evaluate message 33b4c620-4f88-4af8-b788-08a179f0cdf4
[92mINFO [0m:      Sent reply
[92mINFO [0m:      
[92mINFO [0m:      Received: train message b362fa10-7bee-4508-a6e4-998164237adf
[92mINFO [0m:      Sent reply
[92mINFO [0m:      
[92mINFO [0m:      Received: evaluate message 70389890-c147-4f14-a733-cf3932d0fcdf
[92mINFO [0m:      Sent reply
[92mINFO [0m:      
[92mINFO [0m:      Received: train message 87d4e12a-4af9-4c62-8fe8-cb3c9af58751
[92mINFO [0m:      Sent reply
[92mINFO [0m:      
[92mINFO [0m:      Received: evaluate message 85ce6ba5-db89-4044-b65a-ba864e70d7f9
[92mINFO [0m:      Sent reply
[92mINFO [0m:      
[92mINFO [0m:      Received: train message 3157cf59-d81c-4a16-9620-7f16a3b4f674
[92mINFO [0m:      Sent reply
[92mINFO [0m:      
[92mINFO [0m:      Received: evaluate message 3b21927e-08f7-4661-883d-a8dd6623ef0d
[92mINFO [0m:      Sent reply
[92mINFO [0m:      
[92mINFO [0m:      Received: train message d9335963-6e75-494f-b1e6-77158aeb1dd1
[92mINFO [0m:      Sent reply
[92mINFO [0m:      
[92mINFO [0m:      Received: train message 9d59d245-d065-48e9-b42a-218e21c55e90
[92mINFO [0m:      Sent reply
[92mINFO [0m:      
[92mINFO [0m:      Received: evaluate message 3773586e-272a-4342-91d8-f619bdafbf7a
[92mINFO [0m:      Sent reply
[92mINFO [0m:      
[92mINFO [0m:      Received: train message bc5e7fa7-2eac-4100-a6a0-0920454f18fd
[92mINFO [0m:      Sent reply
[92mINFO [0m:      
[92mINFO [0m:      Received: evaluate message 9296f3a2-0662-42a8-ac4c-21e5448b7af8
[92mINFO [0m:      Sent reply
[92mINFO [0m:      
[92mINFO [0m:      Received: train message 3bd21a7b-e4fe-4ebf-a35a-71159a506a2c
[92mINFO [0m:      Sent reply
[92mINFO [0m:      
[92mINFO [0m:      Received: evaluate message 3d4c1f26-4d9d-4e6e-81ab-175ecd5b96b2
[92mINFO [0m:      Sent reply
[92mINFO [0m:      
[92mINFO [0m:      Received: evaluate message 615db8eb-da0a-4945-9f2f-bf49754a9edd
[92mINFO [0m:      Sent reply
[92mINFO [0m:      
[92mINFO [0m:      Received: train message 90d8944d-7dbc-450e-af55-373d0dc14bc0
[92mINFO [0m:      Sent reply
[92mINFO [0m:      
[92mINFO [0m:      Received: train message 920135a5-f114-4265-a01f-6770a457c287
[92mINFO [0m:      Sent reply
[92mINFO [0m:      
[92mINFO [0m:      Received: train message 485c9111-d1cd-42f6-b50f-3bc257fccb70
[92mINFO [0m:      Sent reply
[92mINFO [0m:      
[92mINFO [0m:      Received: train message 2b9e30bd-6e9c-414e-a6b6-b313555bdcd1
[92mINFO [0m:      Sent reply
[92mINFO [0m:      
[92mINFO [0m:      Received: train message 59ec8cce-9143-4073-948d-dfb391305d23
[92mINFO [0m:      Sent reply
[92mINFO [0m:      
[92mINFO [0m:      Received: train message 7c95b8b9-75b2-4228-8c16-b997ce8808a4
[92mINFO [0m:      Sent reply
[92mINFO [0m:      
[92mINFO [0m:      Received: evaluate message e34bb610-e916-440f-aaa6-77719efa1df2
[92mINFO [0m:      Sent reply
[92mINFO [0m:      
[92mINFO [0m:      Received: evaluate message 7f966456-28d2-4f1c-9e09-293d3a53a128
[92mINFO [0m:      Sent reply
[92mINFO [0m:      
[92mINFO [0m:      Received: train message 3e7f07ca-bc52-444f-83af-892d0de27c60
[92mINFO [0m:      Sent reply
[92mINFO [0m:      
[92mINFO [0m:      Received: evaluate message 356743e6-7475-4fbf-a4a1-2d014457a438
[92mINFO [0m:      Sent reply
[92mINFO [0m:      
[92mINFO [0m:      Received: train message be3d5c8e-c8a3-44cf-badb-63c983b4dcc8
[92mINFO [0m:      Sent reply
[92mINFO [0m:      
[92mINFO [0m:      Received: evaluate message 401abab2-11c0-46ed-a07c-038b164456ed
[92mINFO [0m:      Sent reply
[92mINFO [0m:      
[92mINFO [0m:      Received: train message 4cb83f91-d637-4a0b-b96b-00980aec4491
[92mINFO [0m:      Sent reply
[92mINFO [0m:      
[92mINFO [0m:      Received: evaluate message c59d59f3-41c5-4217-84aa-6364bacccdb1
[92mINFO [0m:      Sent reply
[92mINFO [0m:      
[92mINFO [0m:      Received: train message 55408251-7e95-4f32-8208-e3d14c08152a
[92mINFO [0m:      Sent reply
[92mINFO [0m:      
[92mINFO [0m:      Received: train message 10165ac9-0495-449b-b1e6-c8606ba0dd87
[92mINFO [0m:      Sent reply
[92mINFO [0m:      
[92mINFO [0m:      Received: evaluate message f020ccdf-f4a9-48ef-b653-6a9976858a53
[92mINFO [0m:      Sent reply
[92mINFO [0m:      
[92mINFO [0m:      Received: evaluate message af208469-cc7a-47f0-ba13-644adc8d8b81
[92mINFO [0m:      Sent reply
[92mINFO [0m:      
[92mINFO [0m:      Received: evaluate message 56bb6955-3e49-44bd-ae8f-ac957d0a48de
[92mINFO [0m:      Sent reply
[92mINFO [0m:      
[92mINFO [0m:      Received: train message cf7bd52a-1f6c-43cc-a612-c1dcf01d91d9
[92mINFO [0m:      Sent reply
[92mINFO [0m:      
[92mINFO [0m:      Received: evaluate message 4ec63bc4-235d-471c-8fbb-a2ec9d991ad8
[92mINFO [0m:      Sent reply
[92mINFO [0m:      
[92mINFO [0m:      Received: train message d6186f3d-ca30-4f73-b600-2afd750c7a2e
[92mINFO [0m:      Sent reply
[92mINFO [0m:      
[92mINFO [0m:      Received: train message b4c9afff-61d1-4174-ae1f-2af55d64e29b
[92mINFO [0m:      Sent reply
[92mINFO [0m:      
[92mINFO [0m:      Received: evaluate message 8d318942-10f7-475a-8037-ae47e418a3df
[92mINFO [0m:      Sent reply
[92mINFO [0m:      
[92mINFO [0m:      Received: evaluate message 6603e024-5744-4688-95fc-9bb5a030e46f
[92mINFO [0m:      Sent reply
[92mINFO [0m:      
[92mINFO [0m:      Received: train message 6a17f31f-93f1-42b2-ac8f-449d326ee87b
[92mINFO [0m:      Sent reply
[92mINFO [0m:      
[92mINFO [0m:      Received: evaluate message 0f7f9842-8f1f-40f9-9e42-276f16a074be
[92mINFO [0m:      Sent reply
[92mINFO [0m:      
[92mINFO [0m:      Received: evaluate message 4f414c7d-92ef-44db-b682-a0a1cc15c4e5
[92mINFO [0m:      Sent reply
[92mINFO [0m:      
[92mINFO [0m:      Received: train message 3149f6ba-8be9-4480-9a31-eeb492de9253
[92mINFO [0m:      Sent reply
[92mINFO [0m:      
[92mINFO [0m:      Received: evaluate message 06f96546-cfc5-4671-b32b-385f31e15ab5
[92mINFO [0m:      Sent reply
[92mINFO [0m:      
[92mINFO [0m:      Received: train message 7ac43f84-f905-4185-9e0f-34b990393d1b
[92mINFO [0m:      Sent reply
[92mINFO [0m:      
[92mINFO [0m:      Received: train message 087b947a-18b6-4eac-aeb3-ce3ac916ac36
[92mINFO [0m:      Sent reply
[92mINFO [0m:      
[92mINFO [0m:      Received: evaluate message 080552ce-0c39-4ce0-ac8f-8fc852a2de27
[92mINFO [0m:      Sent reply
[92mINFO [0m:      
[92mINFO [0m:      Received: train message bb958e8e-26f1-4ac0-aaa8-d2bba8010d79
[92mINFO [0m:      Sent reply
[92mINFO [0m:      
[92mINFO [0m:      Received: train message b83434d1-1a5b-4c5b-8120-edb39b2dfe0d
[92mINFO [0m:      Sent reply
[92mINFO [0m:      
[92mINFO [0m:      Received: evaluate message 2be24900-c707-4db3-8b5c-5736858b2ab6
[92mINFO [0m:      Sent reply
[92mINFO [0m:      
[92mINFO [0m:      Received: evaluate message fc307690-a207-48bd-a90a-3846875666bb
[92mINFO [0m:      Sent reply
[92mINFO [0m:      
[92mINFO [0m:      Received: train message 2ca89d8e-6420-4a8e-8ec5-062cd520e673
[92mINFO [0m:      Sent reply
[92mINFO [0m:      
[92mINFO [0m:      Received: evaluate message afd44b38-f490-480e-b95b-4595288a7064
[92mINFO [0m:      Sent reply
[92mINFO [0m:      
[92mINFO [0m:      Received: evaluate message 225bdf4f-876c-424f-9bb7-e64d74f0186c
[92mINFO [0m:      Sent reply
[92mINFO [0m:      
[92mINFO [0m:      Received: train message 4945de28-66df-41c8-a009-a459f650dcf3
[92mINFO [0m:      Sent reply
[92mINFO [0m:      
[92mINFO [0m:      Received: evaluate message e99f0af9-f9e0-4f48-9d13-486cac5da995
[92mINFO [0m:      Sent reply
[92mINFO [0m:      
[92mINFO [0m:      Received: evaluate message 64838ab6-5cde-43b0-9a8d-ee529b0abbc5
[92mINFO [0m:      Sent reply
[92mINFO [0m:      
[92mINFO [0m:      Received: train message 19516ef1-b6de-44f0-bba4-44bfc9874fc8
[92mINFO [0m:      Sent reply
[92mINFO [0m:      
[92mINFO [0m:      Received: evaluate message 11750939-54ce-4cef-863f-2efce167c31e
[92mINFO [0m:      Sent reply
[92mINFO [0m:      
[92mINFO [0m:      Received: train message 0a268899-3885-419c-992e-bb15930ce7f9
[92mINFO [0m:      Sent reply
[92mINFO [0m:      
[92mINFO [0m:      Received: evaluate message c610b0aa-ba64-40c1-8218-abea777e6d9a
[92mINFO [0m:      Sent reply
[92mINFO [0m:      
[92mINFO [0m:      Received: train message 59716150-d439-44e6-8232-76205e9206a4
[92mINFO [0m:      Sent reply
[92mINFO [0m:      
[92mINFO [0m:      Received: evaluate message e3d4a821-cfe9-4cfd-b7a3-53d761cd1b03
[92mINFO [0m:      Sent reply
[92mINFO [0m:      
[92mINFO [0m:      Received: evaluate message 5d78b4d0-33b4-437c-a9d0-4aff35da3e02
[92mINFO [0m:      Sent reply
[92mINFO [0m:      
[92mINFO [0m:      Received: train message 23b67a03-3aec-4ea9-9daa-a553e9bd7f95
[92mINFO [0m:      Sent reply
[92mINFO [0m:      
[92mINFO [0m:      Received: train message 228b1df3-d7db-4ed8-a8cb-5fbd9f5fb7a3
[92mINFO [0m:      Sent reply
[92mINFO [0m:      
[92mINFO [0m:      Received: evaluate message 1fb7b6d5-b43b-468b-9f8e-9d648f5823ee
[92mINFO [0m:      Sent reply
[92mINFO [0m:      
[92mINFO [0m:      Received: evaluate message 42520d29-d8d1-4613-8a13-c28af23ebb06
[92mINFO [0m:      Sent reply
[92mINFO [0m:      
[92mINFO [0m:      Received: train message 183e6d5d-1010-4a8b-8369-2d60e35e01a8
[92mINFO [0m:      Sent reply
[92mINFO [0m:      
[92mINFO [0m:      Received: train message 929a728e-3be4-4c70-ab58-7720655ed177
[92mINFO [0m:      Sent reply
[92mINFO [0m:      
[92mINFO [0m:      Received: train message f67671d2-52d5-47d8-9670-708e772829eb
[92mINFO [0m:      Sent reply
[92mINFO [0m:      
[92mINFO [0m:      Received: evaluate message b61f7c67-835f-4fed-9517-d2837532e2a3
[92mINFO [0m:      Sent reply
[92mINFO [0m:      
[92mINFO [0m:      Received: train message 43752dcd-fd97-489d-997f-4c0eeccfc17a
[92mINFO [0m:      Sent reply
[92mINFO [0m:      
[92mINFO [0m:      Received: evaluate message 9eb3cf55-09e2-434f-842f-6d986ce222e6
[92mINFO [0m:      Sent reply
[92mINFO [0m:      
[92mINFO [0m:      Received: train message 67a14b58-6a2a-4f72-b859-70378a0c5e02
[92mINFO [0m:      Sent reply
[92mINFO [0m:      
[92mINFO [0m:      Received: train message 8e412637-a758-42ca-bb04-adaf717f79a0
[92mINFO [0m:      Sent reply
[92mINFO [0m:      
[92mINFO [0m:      Received: evaluate message ae8981a4-fbe6-4b78-a6f9-60fcb0a7c367
[92mINFO [0m:      Sent reply
[92mINFO [0m:      
[92mINFO [0m:      Received: train message a8758ec7-40e8-4a44-8c60-14e2a64bf4d9
[92mINFO [0m:      Sent reply
[92mINFO [0m:      
[92mINFO [0m:      Received: evaluate message 17d66cc1-3430-42f4-8425-4689d7718730
[92mINFO [0m:      Sent reply
[92mINFO [0m:      
[92mINFO [0m:      Received: evaluate message 5ef59290-b230-4ace-a012-d41aeddb8d0d
[92mINFO [0m:      Sent reply
[92mINFO [0m:      
[92mINFO [0m:      Received: evaluate message 79287bc9-ada9-403d-aafe-3b6b469df8fa
[92mINFO [0m:      Sent reply
[92mINFO [0m:      
[92mINFO [0m:      Received: train message 0a0968c8-1acd-43eb-923d-67abdb894994
[92mINFO [0m:      Sent reply
[92mINFO [0m:      
[92mINFO [0m:      Received: train message e102b79a-8d43-4c77-ad7e-5d29bf4016e5
[92mINFO [0m:      Sent reply
[92mINFO [0m:      
[92mINFO [0m:      Received: train message d6ecaa18-875c-40bd-92f1-7d6587e0dc8e
[92mINFO [0m:      Sent reply
[92mINFO [0m:      
[92mINFO [0m:      Received: train message eddb9486-b6a7-4160-825e-6c6027313ef6
[92mINFO [0m:      Sent reply
[92mINFO [0m:      
[92mINFO [0m:      Received: train message 6862015b-80b5-465d-bc52-29aa987a6d0f
[92mINFO [0m:      Sent reply
[92mINFO [0m:      
[92mINFO [0m:      Received: train message 28853c10-a499-4ff3-971b-c020224419ed
[92mINFO [0m:      Sent reply
[92mINFO [0m:      
[92mINFO [0m:      Received: evaluate message 65a2075f-4179-46e2-8dd0-8eeb528102b2
[92mINFO [0m:      Sent reply
[92mINFO [0m:      
[92mINFO [0m:      Received: train message b9406954-d9f3-493d-b75c-332c21e63c97
[92mINFO [0m:      Sent reply
[92mINFO [0m:      
[92mINFO [0m:      Received: train message 74f9c5a3-3ad5-428c-b27b-fdcf8a119b24
[92mINFO [0m:      Sent reply
[92mINFO [0m:      
[92mINFO [0m:      Received: evaluate message 377f451a-31e7-4841-a575-77418c31bdef
[92mINFO [0m:      Sent reply
[92mINFO [0m:      
[92mINFO [0m:      Received: evaluate message 6c9c1913-5da0-48b5-a6f0-891a6528fbad
[92mINFO [0m:      Sent reply
[92mINFO [0m:      
[92mINFO [0m:      Received: train message 72cc99be-95e6-4748-9d34-414c1c8a0916
[92mINFO [0m:      Sent reply
[92mINFO [0m:      
[92mINFO [0m:      Received: evaluate message 1a113664-a7fb-49b5-af76-825230f42e72
[92mINFO [0m:      Sent reply
[92mINFO [0m:      
[92mINFO [0m:      Received: evaluate message 965b61ad-0e08-4fb8-b10f-8499b6246c69
[92mINFO [0m:      Sent reply
[92mINFO [0m:      
[92mINFO [0m:      Received: train message 911437e4-69f9-45ba-a1ab-6a0834a6d1ed
[92mINFO [0m:      Sent reply
[92mINFO [0m:      
[92mINFO [0m:      Received: evaluate message d4c55251-c8a4-4595-a3ca-c67309d068fd
[92mINFO [0m:      Sent reply
[92mINFO [0m:      
[92mINFO [0m:      Received: evaluate message 28e80426-4ebb-42a9-95d6-c723637cbcaa
[92mINFO [0m:      Sent reply
[92mINFO [0m:      
[92mINFO [0m:      Received: train message 39777def-d180-45c7-871e-04c8435791be
[92mINFO [0m:      Sent reply
[92mINFO [0m:      
[92mINFO [0m:      Received: evaluate message 91db1dee-5554-4ff4-a12a-3e30d8c554ef
[92mINFO [0m:      Sent reply
[92mINFO [0m:      
[92mINFO [0m:      Received: train message 4cde9d50-75d5-4ff4-88a1-c6d86246c17a
[92mINFO [0m:      Sent reply
[92mINFO [0m:      
[92mINFO [0m:      Received: evaluate message 4cdeaa3c-5d26-4951-8a8d-7cff67882d65
[92mINFO [0m:      Sent reply
[92mINFO [0m:      
[92mINFO [0m:      Received: train message d1faaac6-9122-4dd8-adac-fbbdcf5e9a2e
[92mINFO [0m:      Sent reply
[92mINFO [0m:      
[92mINFO [0m:      Received: evaluate message 7cb032f7-3bc8-4439-b4ba-9884313218c8
[92mINFO [0m:      Sent reply
[92mINFO [0m:      
[92mINFO [0m:      Received: evaluate message 9b6f9a3e-cab5-47bf-8970-3dcad6d00254
[92mINFO [0m:      Sent reply
[92mINFO [0m:      
[92mINFO [0m:      Received: train message 4d913f84-fc5f-43e7-a2cd-140b4c7c88c4
[92mINFO [0m:      Sent reply
[92mINFO [0m:      
[92mINFO [0m:      Received: evaluate message 40b9c31c-4767-436c-8519-f6955404d258
[92mINFO [0m:      Sent reply
[92mINFO [0m:      
[92mINFO [0m:      Received: train message c434680c-c67e-466f-87c3-8e81e9af7a03
[92mINFO [0m:      Sent reply
[92mINFO [0m:      
[92mINFO [0m:      Received: evaluate message 42939b08-31a8-4f6c-8a34-34dcb9ca59d8
[92mINFO [0m:      Sent reply
[92mINFO [0m:      
[92mINFO [0m:      Received: evaluate message 11465969-7255-4e8a-be5e-d4d99b3c9783
[92mINFO [0m:      Sent reply
[92mINFO [0m:      
[92mINFO [0m:      Received: train message 9115b9fb-b9ca-4d53-bc02-6339806ec5d0
[92mINFO [0m:      Sent reply
[92mINFO [0m:      
[92mINFO [0m:      Received: evaluate message 09f51902-a0d1-4767-94c5-010cda75681d
[92mINFO [0m:      Sent reply
[92mINFO [0m:      
[92mINFO [0m:      Received: train message 84ea205d-c35c-4e42-a2f8-e5a1f7e0d2e6
[92mINFO [0m:      Sent reply
[92mINFO [0m:      
[92mINFO [0m:      Received: evaluate message e2e8c4cf-08a3-4499-8d6f-72a2ccf4d341
[92mINFO [0m:      Sent reply
[92mINFO [0m:      
[92mINFO [0m:      Received: train message 01465a9d-c857-41d2-9351-cd96ee533f44
[92mINFO [0m:      Sent reply
[92mINFO [0m:      
[92mINFO [0m:      Received: evaluate message fd476532-6398-482d-b836-a8ffbd7a6880
[92mINFO [0m:      Sent reply
[92mINFO [0m:      
[92mINFO [0m:      Received: train message 5041291c-5eb3-433b-844d-c41311f64881
[92mINFO [0m:      Sent reply
[92mINFO [0m:      
[92mINFO [0m:      Received: evaluate message 69d21148-7e13-4b52-ade1-116707e50b72
[92mINFO [0m:      Sent reply
[92mINFO [0m:      
[92mINFO [0m:      Received: evaluate message 75b5e0a6-6979-4b44-b679-6801f285681f
[92mINFO [0m:      Sent reply
[92mINFO [0m:      
[92mINFO [0m:      Received: evaluate message 939cc234-7b19-4898-95bd-1a2fe088e305
[92mINFO [0m:      Sent reply
[92mINFO [0m:      
[92mINFO [0m:      Received: train message c4307060-3574-4bd6-b9f9-3061d55aa3ff
[92mINFO [0m:      Sent reply
[92mINFO [0m:      
[92mINFO [0m:      Received: evaluate message f190886b-f8b5-4904-abcc-b8a28928507c
[92mINFO [0m:      Sent reply
[92mINFO [0m:      
[92mINFO [0m:      Received: train message a890e6c1-069b-47c1-b2bd-baef79d17941
[92mINFO [0m:      Sent reply
[92mINFO [0m:      
[92mINFO [0m:      Received: evaluate message 965ac731-b63a-4041-98b1-e82f94bd31c2
[92mINFO [0m:      Sent reply
[92mINFO [0m:      
[92mINFO [0m:      Received: train message 4d4c9fe5-8911-42d6-aa61-9e4af342b7ec
[92mINFO [0m:      Sent reply
[92mINFO [0m:      
[92mINFO [0m:      Received: evaluate message 25571e99-57b6-4b10-a757-5f3163f0a5c0
[92mINFO [0m:      Sent reply
[92mINFO [0m:      
[92mINFO [0m:      Received: evaluate message 0816b2c4-b63b-4be4-be32-f0cd539d9058
[92mINFO [0m:      Sent reply
[92mINFO [0m:      
[92mINFO [0m:      Received: evaluate message cce33f41-113b-4c3f-a9e5-a01e2474c171
[92mINFO [0m:      Sent reply
[92mINFO [0m:      
[92mINFO [0m:      Received: train message 24b021c6-2e8d-4e37-bb9b-16f4f5018f79
[92mINFO [0m:      Sent reply
[92mINFO [0m:      
[92mINFO [0m:      Received: evaluate message 10a8593b-ba0f-4038-b2bc-cb01179312eb
[92mINFO [0m:      Sent reply
[92mINFO [0m:      
[92mINFO [0m:      Received: train message 4e775561-5576-4b8b-9908-646bcbf83ce3
[92mINFO [0m:      Sent reply
