[93mWARNING [0m:   DEPRECATED FEATURE: flwr.client.start_numpy_client() is deprecated. 
	Instead, use `flwr.client.start_client()` by ensuring you first call the `.to_client()` method as shown below: 
	flwr.client.start_client(
		server_address='<IP>:<PORT>',
		client=FlowerClient().to_client(), # <-- where FlowerClient is of type flwr.client.NumPyClient object
	)
	Using `start_numpy_client()` is deprecated.

            This is a deprecated feature. It will be removed
            entirely in future versions of Flower.
        
[93mWARNING [0m:   DEPRECATED FEATURE: flwr.client.start_client() is deprecated.
	Instead, use the `flower-supernode` CLI command to start a SuperNode as shown below:

		$ flower-supernode --insecure --superlink='<IP>:<PORT>'

	To view all available options, run:

		$ flower-supernode --help

	Using `start_client()` is deprecated.

            This is a deprecated feature. It will be removed
            entirely in future versions of Flower.
        
[92mINFO [0m:      
[92mINFO [0m:      Received: train message f38ce8a5-6218-44ed-834b-7ee4911e31e3
[92mINFO [0m:      Sent reply
[92mINFO [0m:      
[92mINFO [0m:      Received: evaluate message c50fe769-a32e-40af-bfba-9eab9c2c46e0
[92mINFO [0m:      Sent reply
[92mINFO [0m:      
[92mINFO [0m:      Received: evaluate message 738466e0-8b3e-4e96-84d5-bd362793e74a
[92mINFO [0m:      Sent reply
[92mINFO [0m:      
[92mINFO [0m:      Received: train message 74ff6c7e-4e35-42f9-a1ee-5a092a2d3b62
[92mINFO [0m:      Sent reply
[92mINFO [0m:      
[92mINFO [0m:      Received: evaluate message 357565de-97d8-4d81-9626-259d79d13a2b
[92mINFO [0m:      Sent reply
[92mINFO [0m:      
[92mINFO [0m:      Received: evaluate message b8cc583b-25c9-47a9-9e9b-f2371e9e6738
[92mINFO [0m:      Sent reply
[92mINFO [0m:      
[92mINFO [0m:      Received: train message 0f8d8861-1113-4b7d-9ea4-9ab65fb86979
[92mINFO [0m:      Sent reply
[92mINFO [0m:      
[92mINFO [0m:      Received: evaluate message 511c24c1-54a0-4614-adc8-4b5702467368
[92mINFO [0m:      Sent reply
[92mINFO [0m:      
[92mINFO [0m:      Received: evaluate message a32d8695-cc97-402a-9637-b75d4db2ad4d
[92mINFO [0m:      Sent reply
[92mINFO [0m:      
[92mINFO [0m:      Received: train message b34004ec-7663-4f58-8393-22d75c769c5e
[92mINFO [0m:      Sent reply
[92mINFO [0m:      
[92mINFO [0m:      Received: train message b6b46d18-c56a-453e-8f10-0136b4f5737d
[92mINFO [0m:      Sent reply
[92mINFO [0m:      
[92mINFO [0m:      Received: evaluate message e17be206-2e2c-4e7b-93ba-d52f2edff517
[92mINFO [0m:      Sent reply
[92mINFO [0m:      
[92mINFO [0m:      Received: train message 7f50f8d7-4ef9-4b78-87d8-f789d6e22199
[92mINFO [0m:      Sent reply
[92mINFO [0m:      
[92mINFO [0m:      Received: evaluate message b8bf8d92-4645-43d2-b29b-1d41a6622afd
[92mINFO [0m:      Sent reply
[92mINFO [0m:      
[92mINFO [0m:      Received: train message 5235c55e-8343-445d-a7f7-aa25016f41ce
[92mINFO [0m:      Sent reply
[92mINFO [0m:      
[92mINFO [0m:      Received: evaluate message bfadb9e6-8716-45db-b7b6-10960648c39c
[92mINFO [0m:      Sent reply
[92mINFO [0m:      
[92mINFO [0m:      Received: train message 6e6528bb-19c1-4051-bdb2-062550ba9b50
[92mINFO [0m:      Sent reply
[92mINFO [0m:      
[92mINFO [0m:      Received: train message 7e6e166d-e3a7-4bb2-8aa8-9a13337a5f58
[92mINFO [0m:      Sent reply
[92mINFO [0m:      
[92mINFO [0m:      Received: train message 4cfac7c1-9244-445f-ad33-27176d7ea4b0
[92mINFO [0m:      Sent reply
[92mINFO [0m:      
[92mINFO [0m:      Received: train message 92706f04-5b4c-4dd7-9148-cdb764d270f2
[92mINFO [0m:      Sent reply
[92mINFO [0m:      
[92mINFO [0m:      Received: evaluate message 28b6b070-4dbd-488b-b7a1-53ec88bb2015
[92mINFO [0m:      Sent reply
[92mINFO [0m:      
[92mINFO [0m:      Received: evaluate message 83cedc1b-a5ae-40c3-bf06-bf6d3185938f
[92mINFO [0m:      Sent reply
[92mINFO [0m:      
[92mINFO [0m:      Received: train message 719eada0-03d5-40bf-9747-b0bd9f03cd4b
[92mINFO [0m:      Sent reply
[92mINFO [0m:      
[92mINFO [0m:      Received: evaluate message ec4a0a48-4bc9-4962-bc90-4b51899d982b
[92mINFO [0m:      Sent reply
[92mINFO [0m:      
[92mINFO [0m:      Received: evaluate message 68f85e8c-9e1a-47e0-976f-637a42f4cae7
[92mINFO [0m:      Sent reply
[92mINFO [0m:      
[92mINFO [0m:      Received: evaluate message 3edfcfdd-0ebe-4e5a-bcb0-f131ef93b54a
[92mINFO [0m:      Sent reply
[92mINFO [0m:      
[92mINFO [0m:      Received: train message 44a13cc5-0a2e-4e0f-a457-f9bcd8e65e18
[92mINFO [0m:      Sent reply
[92mINFO [0m:      
[92mINFO [0m:      Received: evaluate message 2cc28fef-c193-43e5-81a9-77aa8bcff0c0
[92mINFO [0m:      Sent reply
[92mINFO [0m:      
[92mINFO [0m:      Received: train message 817d8b0a-ac93-494e-b52d-5e876e306702
[92mINFO [0m:      Sent reply
[92mINFO [0m:      
[92mINFO [0m:      Received: evaluate message 84d0c9d5-a892-4f2e-abc7-23ed0e5651af
[92mINFO [0m:      Sent reply
[92mINFO [0m:      
[92mINFO [0m:      Received: evaluate message b6996536-ae2b-4314-b19f-584606e42ba7
[92mINFO [0m:      Sent reply
[92mINFO [0m:      
[92mINFO [0m:      Received: evaluate message 4fbe5ad5-4485-4737-9d4b-eaf60dac9680
[92mINFO [0m:      Sent reply
[92mINFO [0m:      
[92mINFO [0m:      Received: train message f0b9a998-5931-4dfb-a545-029c5c4becfc
[92mINFO [0m:      Sent reply
[92mINFO [0m:      
[92mINFO [0m:      Received: train message b3b97589-ca18-4943-94b3-c0ba7a783d79
[92mINFO [0m:      Sent reply
[92mINFO [0m:      
[92mINFO [0m:      Received: evaluate message 5b9d0fed-775b-4573-b953-4b80280efd9e
[92mINFO [0m:      Sent reply
[92mINFO [0m:      
[92mINFO [0m:      Received: train message dee0208e-a389-4bed-b7cf-3e0796744c77
[92mINFO [0m:      Sent reply
[92mINFO [0m:      
[92mINFO [0m:      Received: evaluate message 914ccb8a-ca1b-4ed1-bb5b-0abb466bfbbf
[92mINFO [0m:      Sent reply
[92mINFO [0m:      
[92mINFO [0m:      Received: evaluate message 2e6bedd8-df63-4e73-81bc-eb23c80b1e92
[92mINFO [0m:      Sent reply
[92mINFO [0m:      
[92mINFO [0m:      Received: train message 40fd85c7-c36e-4954-9ee7-5d74ea187c82
[92mINFO [0m:      Sent reply
[92mINFO [0m:      
[92mINFO [0m:      Received: evaluate message 437c1a83-4ec8-4e07-a2a1-330c212f689a
[92mINFO [0m:      Sent reply
[92mINFO [0m:      
[92mINFO [0m:      Received: train message 40cea689-5ec4-4786-a54a-f4e56ae55e34
[92mINFO [0m:      Sent reply
[92mINFO [0m:      
[92mINFO [0m:      Received: train message dc84afa3-f573-41aa-bc62-012392c13ee3
[92mINFO [0m:      Sent reply
[92mINFO [0m:      
[92mINFO [0m:      Received: train message 67849740-5553-4273-af69-ce5f7b2aa949
[92mINFO [0m:      Sent reply
[92mINFO [0m:      
[92mINFO [0m:      Received: evaluate message afd9881a-0116-4f82-b34a-4c7bd3f0edc5
[92mINFO [0m:      Sent reply
[92mINFO [0m:      
[92mINFO [0m:      Received: train message 4dfc819f-2522-4a88-abbd-c9613ec3332d
[92mINFO [0m:      Sent reply
[92mINFO [0m:      
[92mINFO [0m:      Received: train message fea06ea2-c2db-496e-8167-48915be23e95
[92mINFO [0m:      Sent reply
[92mINFO [0m:      
[92mINFO [0m:      Received: train message 443d62c7-0294-40db-8245-e9a3163996b8
[92mINFO [0m:      Sent reply
[92mINFO [0m:      
[92mINFO [0m:      Received: train message cc603876-836b-4a0e-b25f-c72274087a3d
[92mINFO [0m:      Sent reply
[92mINFO [0m:      
[92mINFO [0m:      Received: train message 65bd691e-b199-4500-897f-ebdfe4ba20dd
[92mINFO [0m:      Sent reply
[92mINFO [0m:      
[92mINFO [0m:      Received: train message b571c7c2-edee-4be6-9406-363dbbcf0958
[92mINFO [0m:      Sent reply
[92mINFO [0m:      
[92mINFO [0m:      Received: evaluate message 3b27fde8-ec3c-4b54-bbb2-3b598a89fb65
[92mINFO [0m:      Sent reply
[92mINFO [0m:      
[92mINFO [0m:      Received: train message 0360b0fd-2387-4cfe-9be4-c2db4634c338
[92mINFO [0m:      Sent reply
[92mINFO [0m:      
[92mINFO [0m:      Received: train message 0855f9df-5767-421f-8b08-d01ace776897
[92mINFO [0m:      Sent reply
[92mINFO [0m:      
[92mINFO [0m:      Received: train message 2a07d198-fd95-4dea-a5c5-7bcb04b90430
[92mINFO [0m:      Sent reply
[92mINFO [0m:      
[92mINFO [0m:      Received: evaluate message b850972e-7b27-44db-9611-3a17bf4776eb
[92mINFO [0m:      Sent reply
[92mINFO [0m:      
[92mINFO [0m:      Received: train message c4187bfa-24af-457b-a335-524a652fbdc5
[92mINFO [0m:      Sent reply
[92mINFO [0m:      
[92mINFO [0m:      Received: evaluate message da5cbb4b-e7d8-4837-b8ab-cd18dd88209a
[92mINFO [0m:      Sent reply
[92mINFO [0m:      
[92mINFO [0m:      Received: train message 35c453f2-0b8c-4b9c-a862-af7e1cd1bce1
[92mINFO [0m:      Sent reply
[92mINFO [0m:      
[92mINFO [0m:      Received: train message 5bdfc6a1-a4c9-4532-9d7c-9c9293fb6cd6
[92mINFO [0m:      Sent reply
[92mINFO [0m:      
[92mINFO [0m:      Received: evaluate message 0ebe69f8-ddbb-4135-9f94-d981c122446b
[92mINFO [0m:      Sent reply
[92mINFO [0m:      
[92mINFO [0m:      Received: train message dc83a9ef-9f35-4a9e-b647-a8e671ee6d32
[92mINFO [0m:      Sent reply
[92mINFO [0m:      
[92mINFO [0m:      Received: train message 980d9cdc-f1e5-40ef-9973-d8d36d0e2124
[92mINFO [0m:      Sent reply
[92mINFO [0m:      
[92mINFO [0m:      Received: evaluate message 82b5a26e-b1cf-447b-8665-c30b718f87f4
[92mINFO [0m:      Sent reply
[92mINFO [0m:      
[92mINFO [0m:      Received: train message 85b55129-b716-4a17-b44c-ac31e9b5572d
[92mINFO [0m:      Sent reply
[92mINFO [0m:      
[92mINFO [0m:      Received: evaluate message 242b701c-f3a0-482d-b3f0-9ce7a03bb7c9
[92mINFO [0m:      Sent reply
[92mINFO [0m:      
[92mINFO [0m:      Received: evaluate message 56d260af-c8a7-43f5-86c2-146756986f40
[92mINFO [0m:      Sent reply
[92mINFO [0m:      
[92mINFO [0m:      Received: train message b5e1c25c-d9f6-4729-b48f-c443a288aa59
[92mINFO [0m:      Sent reply
[92mINFO [0m:      
[92mINFO [0m:      Received: train message 2652f53c-b00a-4533-a497-65da3d72dada
[92mINFO [0m:      Sent reply
[92mINFO [0m:      
[92mINFO [0m:      Received: evaluate message 30692a66-20e2-450a-9dac-8159b10e73f8
[92mINFO [0m:      Sent reply
[92mINFO [0m:      
[92mINFO [0m:      Received: train message ea621729-f5c0-45da-af5b-8dd6cdcdd283
[92mINFO [0m:      Sent reply
[92mINFO [0m:      
[92mINFO [0m:      Received: evaluate message a3e5e448-81ce-48e5-ac4c-e18259797277
[92mINFO [0m:      Sent reply
[92mINFO [0m:      
[92mINFO [0m:      Received: train message 1bf9ab41-3844-473a-93a9-c93862946f80
[92mINFO [0m:      Sent reply
[92mINFO [0m:      
[92mINFO [0m:      Received: evaluate message d63e9e85-9a4e-4464-a466-109e5e9fea96
[92mINFO [0m:      Sent reply
[92mINFO [0m:      
[92mINFO [0m:      Received: train message 2623efdd-21a6-47ff-a70b-da1c988e4b15
[92mINFO [0m:      Sent reply
[92mINFO [0m:      
[92mINFO [0m:      Received: evaluate message ebc26545-32f9-4210-89a6-ca1067a08bc8
[92mINFO [0m:      Sent reply
[92mINFO [0m:      
[92mINFO [0m:      Received: evaluate message d816525f-d4fb-414c-8f9f-b082f72cdfa3
[92mINFO [0m:      Sent reply
[92mINFO [0m:      
[92mINFO [0m:      Received: train message d6c6ca09-f3e3-4a71-9d30-d9965cf0238d
[92mINFO [0m:      Sent reply
[92mINFO [0m:      
[92mINFO [0m:      Received: evaluate message ed71b36d-2350-4368-8cec-dc9f65db4c32
[92mINFO [0m:      Sent reply
[92mINFO [0m:      
[92mINFO [0m:      Received: evaluate message 90a76823-46f0-4613-96c6-05da0bd2dec7
[92mINFO [0m:      Sent reply
[92mINFO [0m:      
[92mINFO [0m:      Received: evaluate message 1881355b-5ae3-4ad3-851e-555f81fdbce1
[92mINFO [0m:      Sent reply
[92mINFO [0m:      
[92mINFO [0m:      Received: train message 4624ef3f-ef4c-45f1-8aa8-23e9b7dcb817
[92mINFO [0m:      Sent reply
[92mINFO [0m:      
[92mINFO [0m:      Received: train message 422866fc-e53b-4290-b60e-36707c5cac6e
[92mINFO [0m:      Sent reply
[92mINFO [0m:      
[92mINFO [0m:      Received: train message d4fc3424-8c66-4880-92fa-58edc76fe53f
[92mINFO [0m:      Sent reply
[92mINFO [0m:      
[92mINFO [0m:      Received: evaluate message eabf0432-5796-4ca0-85f3-55ac5dbf39db
[92mINFO [0m:      Sent reply
[92mINFO [0m:      
[92mINFO [0m:      Received: evaluate message 1f6f8cac-fe85-4d85-9890-c6ee40d5fe24
[92mINFO [0m:      Sent reply
[92mINFO [0m:      
[92mINFO [0m:      Received: train message 42e833e0-810f-4f31-8e09-1b228b6cf5a1
[92mINFO [0m:      Sent reply
[92mINFO [0m:      
[92mINFO [0m:      Received: train message 568ebf42-c2ab-4872-b088-30bdd5b801f0
[92mINFO [0m:      Sent reply
[92mINFO [0m:      
[92mINFO [0m:      Received: evaluate message 3e828654-7c9c-4c57-a055-4ecc7bbc24fb
[92mINFO [0m:      Sent reply
[92mINFO [0m:      
[92mINFO [0m:      Received: evaluate message d4ffaf8d-d4ef-4a4f-a8cd-3d3e3a57c4e8
[92mINFO [0m:      Sent reply
[92mINFO [0m:      
[92mINFO [0m:      Received: train message ad675db5-9349-4178-b85f-d433b2d61c3b
[92mINFO [0m:      Sent reply
[92mINFO [0m:      
[92mINFO [0m:      Received: train message 43f5d080-0908-4df0-9231-2c5d83d1e693
[92mINFO [0m:      Sent reply
[92mINFO [0m:      
[92mINFO [0m:      Received: train message a1620cf6-d999-4734-8c7e-ba30b1f342a2
[92mINFO [0m:      Sent reply
[92mINFO [0m:      
[92mINFO [0m:      Received: train message 89b222fa-f32e-4459-a6b9-4630ea528d2f
[92mINFO [0m:      Sent reply
[92mINFO [0m:      
[92mINFO [0m:      Received: evaluate message 6b7bd6ff-6897-42a7-9828-4fbf51488c0c
[92mINFO [0m:      Sent reply
[92mINFO [0m:      
[92mINFO [0m:      Received: evaluate message e3c66d87-9a05-48ee-99f4-8937098796d3
[92mINFO [0m:      Sent reply
[92mINFO [0m:      
[92mINFO [0m:      Received: train message 30a6e904-42e9-4090-91c7-af5cc244cb44
[92mINFO [0m:      Sent reply
[92mINFO [0m:      
[92mINFO [0m:      Received: train message cbaa7dc4-2eb3-4d12-9b9b-463880be2d87
[92mINFO [0m:      Sent reply
[92mINFO [0m:      
[92mINFO [0m:      Received: evaluate message 06dff397-265b-4226-ad7f-b5f9112e8280
[92mINFO [0m:      Sent reply
[92mINFO [0m:      
[92mINFO [0m:      Received: train message c72d8888-6321-4fc3-bae4-6b7975bc8ed2
[92mINFO [0m:      Sent reply
[92mINFO [0m:      
[92mINFO [0m:      Received: train message 9191041c-da40-499f-b439-ccca6bb6be93
[92mINFO [0m:      Sent reply
[92mINFO [0m:      
[92mINFO [0m:      Received: train message 27dcd243-2a9b-4ec9-b6dc-df417fb269f9
[92mINFO [0m:      Sent reply
[92mINFO [0m:      
[92mINFO [0m:      Received: evaluate message 8ada0b6f-12bd-40b8-9f7a-609d54e05c94
[92mINFO [0m:      Sent reply
[92mINFO [0m:      
[92mINFO [0m:      Received: evaluate message e2311162-2195-4690-a7da-443ff1b6e13e
[92mINFO [0m:      Sent reply
[92mINFO [0m:      
[92mINFO [0m:      Received: train message e2e6178a-2e14-48dd-bb26-0303e0ad6fb7
[92mINFO [0m:      Sent reply
[92mINFO [0m:      
[92mINFO [0m:      Received: evaluate message fe33ff48-a664-4194-a2c0-3f2866ea0411
[92mINFO [0m:      Sent reply
[92mINFO [0m:      
[92mINFO [0m:      Received: train message d3d2cc0d-7cc1-4082-81f4-68f487611f92
[92mINFO [0m:      Sent reply
[92mINFO [0m:      
[92mINFO [0m:      Received: evaluate message 376bb54e-4e51-409c-9428-f2f2757abfce
[92mINFO [0m:      Sent reply
[92mINFO [0m:      
[92mINFO [0m:      Received: train message bf114a02-2d52-4855-818e-91cab48b60cf
[92mINFO [0m:      Sent reply
[92mINFO [0m:      
[92mINFO [0m:      Received: evaluate message c5058758-78af-4595-b521-e308019f1a1e
[92mINFO [0m:      Sent reply
[92mINFO [0m:      
[92mINFO [0m:      Received: train message 6cffc7f0-cff4-4302-b6a9-c2a3540c81e2
[92mINFO [0m:      Sent reply
[92mINFO [0m:      
[92mINFO [0m:      Received: evaluate message e6f95545-833b-434a-bdda-3167a7656212
[92mINFO [0m:      Sent reply
[92mINFO [0m:      
[92mINFO [0m:      Received: train message 346e42bf-484b-4019-832f-77b46b82d2cf
[92mINFO [0m:      Sent reply
[92mINFO [0m:      
[92mINFO [0m:      Received: evaluate message cfab0b5a-ad9f-434d-a52d-15405d7bc65c
[92mINFO [0m:      Sent reply
[92mINFO [0m:      
[92mINFO [0m:      Received: evaluate message c3915b7a-5926-468b-a9b2-fe9a4665ff1f
[92mINFO [0m:      Sent reply
[92mINFO [0m:      
[92mINFO [0m:      Received: train message dcc8d7f8-0255-44ab-b104-462932e15056
[92mINFO [0m:      Sent reply
[92mINFO [0m:      
[92mINFO [0m:      Received: train message f2d0aa72-da74-41b0-bec7-3526e89a7208
[92mINFO [0m:      Sent reply
[92mINFO [0m:      
[92mINFO [0m:      Received: evaluate message 5833b492-ff9e-4079-9079-6f06429dd278
[92mINFO [0m:      Sent reply
[92mINFO [0m:      
[92mINFO [0m:      Received: train message 1b23baf4-319c-4fda-a9b4-5bcca9329793
[92mINFO [0m:      Sent reply
[92mINFO [0m:      
[92mINFO [0m:      Received: train message 05d75488-4d5b-4b8d-9818-ddd5d5a7eb9c
[92mINFO [0m:      Sent reply
[92mINFO [0m:      
[92mINFO [0m:      Received: evaluate message 07d30ec8-0cd3-46bc-a9be-635206d62c8d
[92mINFO [0m:      Sent reply
[92mINFO [0m:      
[92mINFO [0m:      Received: evaluate message 7647f5ff-9923-4583-891a-c60298003823
[92mINFO [0m:      Sent reply
[92mINFO [0m:      
[92mINFO [0m:      Received: evaluate message f65a7837-3d02-4f22-ae98-df61da260e4b
[92mINFO [0m:      Sent reply
[92mINFO [0m:      
[92mINFO [0m:      Received: train message 3b00b51e-4c72-46bc-b032-6d190467400b
[92mINFO [0m:      Sent reply
[92mINFO [0m:      
[92mINFO [0m:      Received: evaluate message 5c64a817-62bd-4b2e-b897-95d00a8a4b3a
[92mINFO [0m:      Sent reply
[92mINFO [0m:      
[92mINFO [0m:      Received: train message c846b53b-1e03-4b5c-b5b6-37022c07448e
[92mINFO [0m:      Sent reply
[92mINFO [0m:      
[92mINFO [0m:      Received: evaluate message 95a102c2-ffb3-45e3-b56c-99441b5f31ac
[92mINFO [0m:      Sent reply
[92mINFO [0m:      
[92mINFO [0m:      Received: evaluate message b7110c53-dc4e-4b44-92cf-5253e73b787d
[92mINFO [0m:      Sent reply
[92mINFO [0m:      
[92mINFO [0m:      Received: train message d597fd70-3a6a-48b1-b51b-c7112e67cab7
[92mINFO [0m:      Sent reply
[92mINFO [0m:      
[92mINFO [0m:      Received: evaluate message 7c35cac9-614c-4ced-8283-5c922753134d
[92mINFO [0m:      Sent reply
[92mINFO [0m:      
[92mINFO [0m:      Received: evaluate message ea07c92a-cfe0-4310-bcdb-c958196c5e57
[92mINFO [0m:      Sent reply
[92mINFO [0m:      
[92mINFO [0m:      Received: train message f075b8ef-e639-46cb-b5bc-0d6a70a6a1ec
[92mINFO [0m:      Sent reply
[92mINFO [0m:      
[92mINFO [0m:      Received: train message bbdcf162-b973-4091-83f2-0edca1a02f69
[92mINFO [0m:      Sent reply
[92mINFO [0m:      
[92mINFO [0m:      Received: evaluate message 8f2e1938-0da1-4cf0-b6a0-f016b5212895
[92mINFO [0m:      Sent reply
[92mINFO [0m:      
[92mINFO [0m:      Received: evaluate message 646da805-3a8e-4fc3-b315-50fac8d34a7c
[92mINFO [0m:      Sent reply
[92mINFO [0m:      
[92mINFO [0m:      Received: train message 2b29258a-1936-4184-a52e-e4ef1e74ffe8
[92mINFO [0m:      Sent reply
[92mINFO [0m:      
[92mINFO [0m:      Received: evaluate message 903e8595-c53e-4c19-a384-0a47213f6c9e
[92mINFO [0m:      Sent reply
[92mINFO [0m:      
[92mINFO [0m:      Received: evaluate message 475625db-b9f3-4068-af49-5f8436bc0ad7
[92mINFO [0m:      Sent reply
[92mINFO [0m:      
[92mINFO [0m:      Received: train message c986dc2b-758c-4f96-9021-001196429297
[92mINFO [0m:      Sent reply
[92mINFO [0m:      
[92mINFO [0m:      Received: evaluate message f8354472-3c6b-478e-b624-9fefeda11e9d
[92mINFO [0m:      Sent reply
[92mINFO [0m:      
[92mINFO [0m:      Received: evaluate message 759cce37-7b2e-4068-9f1d-743bdd1b354e
[92mINFO [0m:      Sent reply
[92mINFO [0m:      
[92mINFO [0m:      Received: train message 46a42b5f-b1d3-48ff-b900-ef2dd135563d
[92mINFO [0m:      Sent reply
[92mINFO [0m:      
[92mINFO [0m:      Received: evaluate message d4f7d7fe-4125-48c4-8515-0df1915898c0
[92mINFO [0m:      Sent reply
[92mINFO [0m:      
[92mINFO [0m:      Received: evaluate message 1a82a97d-1573-4b79-9ea1-2bb4490f5be5
[92mINFO [0m:      Sent reply
[92mINFO [0m:      
[92mINFO [0m:      Received: evaluate message a2dda13b-6cbc-45db-8c29-8a8c35095c80
[92mINFO [0m:      Sent reply
[92mINFO [0m:      
[92mINFO [0m:      Received: train message 19ac1f26-d078-4b49-b25c-073083cb4ccf
[92mINFO [0m:      Sent reply
[92mINFO [0m:      
[92mINFO [0m:      Received: evaluate message 4fafd0d8-da9a-4050-96e8-17d588f4956b
[92mINFO [0m:      Sent reply
[92mINFO [0m:      
[92mINFO [0m:      Received: train message 710f32a2-43e7-49cf-9fc0-4763c752e4e5
[92mINFO [0m:      Sent reply
[92mINFO [0m:      
[92mINFO [0m:      Received: evaluate message a51c1722-11e0-41b2-96be-0660086461b3
[92mINFO [0m:      Sent reply
[92mINFO [0m:      
[92mINFO [0m:      Received: train message 94707762-f8b3-4df2-81ea-65e08cbe2629
[92mINFO [0m:      Sent reply
[92mINFO [0m:      
[92mINFO [0m:      Received: train message 928d8192-88dc-47cb-a12d-4d69d312d2fc
[92mINFO [0m:      Sent reply
[92mINFO [0m:      
[92mINFO [0m:      Received: evaluate message 25ccf3a6-ee97-47c3-b10d-a752185ae4f4
[92mINFO [0m:      Sent reply
[92mINFO [0m:      
[92mINFO [0m:      Received: train message 746c5fb8-ac89-4efb-89ec-517b0c0d2eff
[92mINFO [0m:      Sent reply
[92mINFO [0m:      
[92mINFO [0m:      Received: train message 2cf99196-82cc-4259-ab83-760026a9c184
[92mINFO [0m:      Sent reply
[92mINFO [0m:      
[92mINFO [0m:      Received: train message 1c1d6a6a-ab12-4a03-be70-0d2f221bd195
[92mINFO [0m:      Sent reply
[92mINFO [0m:      
[92mINFO [0m:      Received: evaluate message 9037ade5-08ac-475d-bf69-bfd0927d96fe
[92mINFO [0m:      Sent reply
[92mINFO [0m:      
[92mINFO [0m:      Received: train message 9f94f3b8-f4b1-4b6f-bd90-8a838daa2aa7
[92mINFO [0m:      Sent reply
[92mINFO [0m:      
[92mINFO [0m:      Received: evaluate message 47158fa0-4f0a-40b2-8794-cfa0904abd1b
[92mINFO [0m:      Sent reply
[92mINFO [0m:      
[92mINFO [0m:      Received: evaluate message c46aa5c8-3828-41f7-b43d-585f233bd8a8
[92mINFO [0m:      Sent reply
[92mINFO [0m:      
[92mINFO [0m:      Received: train message f37c0d3f-f11d-4fd2-8377-92b918c01906
[92mINFO [0m:      Sent reply
[92mINFO [0m:      
[92mINFO [0m:      Received: evaluate message f96cbf70-954c-44d7-bdd4-23fe660626d7
[92mINFO [0m:      Sent reply
[92mINFO [0m:      
[92mINFO [0m:      Received: evaluate message 84e5b92c-d209-45a0-b45d-9190c28ec859
[92mINFO [0m:      Sent reply
[92mINFO [0m:      
[92mINFO [0m:      Received: evaluate message c8d214ca-a8be-4dd0-98c7-283e38ca9a95
[92mINFO [0m:      Sent reply
[92mINFO [0m:      
[92mINFO [0m:      Received: train message 97fb9ee7-2bb7-4d34-8a05-1d8b5d32acfc
[92mINFO [0m:      Sent reply
[92mINFO [0m:      
[92mINFO [0m:      Received: train message 95fc7929-1133-4750-8ca4-debc6ffe0661
[92mINFO [0m:      Sent reply
[92mINFO [0m:      
[92mINFO [0m:      Received: evaluate message 6590f4ee-65dd-4bbf-be0d-69308acf1e92
[92mINFO [0m:      Sent reply
[92mINFO [0m:      
[92mINFO [0m:      Received: evaluate message ee61bdf0-358b-4a71-853c-9c14a0a781a1
[92mINFO [0m:      Sent reply
[92mINFO [0m:      
[92mINFO [0m:      Received: train message 562f693c-90a8-47fc-9333-c5b2c8b1dc61
[92mINFO [0m:      Sent reply
[92mINFO [0m:      
[92mINFO [0m:      Received: evaluate message faa0f6e0-ea65-43f3-9bc0-73f072fcab7d
[92mINFO [0m:      Sent reply
[92mINFO [0m:      
[92mINFO [0m:      Received: train message 403cadbc-7cad-408a-a9f3-3ddf3f8a3a73
[92mINFO [0m:      Sent reply
[92mINFO [0m:      
[92mINFO [0m:      Received: evaluate message 8c02e3e0-2c5c-43eb-a07b-b13f82ba691b
[92mINFO [0m:      Sent reply
[92mINFO [0m:      
[92mINFO [0m:      Received: train message 76a5f57d-8f62-47b7-98c6-463b09aa4cb0
[92mINFO [0m:      Sent reply
[92mINFO [0m:      
[92mINFO [0m:      Received: train message 8a12ac5c-c63e-44d5-9d81-1ec992babae7
[92mINFO [0m:      Sent reply
[92mINFO [0m:      
[92mINFO [0m:      Received: evaluate message 65e87e0b-545e-4939-babc-c5b713fc2a47
[92mINFO [0m:      Sent reply
[92mINFO [0m:      
[92mINFO [0m:      Received: train message 167650f3-617b-4ccb-bee2-f6979aedf858
[92mINFO [0m:      Sent reply
[92mINFO [0m:      
[92mINFO [0m:      Received: train message afdf823f-ec58-4e05-b5ed-18a7ce68d1d3
[92mINFO [0m:      Sent reply
[92mINFO [0m:      
[92mINFO [0m:      Received: evaluate message c77c0d5c-947d-4abd-b94a-97ef94afb2b6
[92mINFO [0m:      Sent reply
[92mINFO [0m:      
[92mINFO [0m:      Received: train message c7a2ee79-4435-4ac1-b536-c7a89119b477
[92mINFO [0m:      Sent reply
[92mINFO [0m:      
[92mINFO [0m:      Received: train message 9b9d0777-b1fd-45c5-ab63-74329025203b
[92mINFO [0m:      Sent reply
[92mINFO [0m:      
[92mINFO [0m:      Received: evaluate message e86642a8-5c81-4d72-9c68-b6864e73e95f
[92mINFO [0m:      Sent reply
[92mINFO [0m:      
[92mINFO [0m:      Received: train message 66fc84e8-967a-462e-8a9a-b7709ddd9f89
[92mINFO [0m:      Sent reply
[92mINFO [0m:      
[92mINFO [0m:      Received: train message bb202d0c-8d4e-4ae9-84d0-44c061cf7379
[92mINFO [0m:      Sent reply
[92mINFO [0m:      
[92mINFO [0m:      Received: evaluate message 65468375-731f-4325-9c44-3b5ed3328b7b
[92mINFO [0m:      Sent reply
[92mINFO [0m:      
[92mINFO [0m:      Received: train message dd1cec9a-371f-47b7-b83d-cc8d070f1ae7
[92mINFO [0m:      Sent reply
[92mINFO [0m:      
[92mINFO [0m:      Received: evaluate message e77140e9-fbc0-4e93-a837-466ec3a1103c
[92mINFO [0m:      Sent reply
[92mINFO [0m:      
[92mINFO [0m:      Received: evaluate message a84851bf-54a9-4607-8eea-8c6ed1b89de7
[92mINFO [0m:      Sent reply
[92mINFO [0m:      
[92mINFO [0m:      Received: evaluate message 30fdd98e-14ab-434e-983d-0ec71f1c77cb
[92mINFO [0m:      Sent reply
[92mINFO [0m:      
[92mINFO [0m:      Received: evaluate message 0fbd2d42-7edd-4ae5-853d-e97a95bee105
[92mINFO [0m:      Sent reply
[92mINFO [0m:      
[92mINFO [0m:      Received: evaluate message fd2eaa33-9867-4ed8-b1eb-ed806c74c67b
[92mINFO [0m:      Sent reply
[92mINFO [0m:      
[92mINFO [0m:      Received: evaluate message f9843fc0-8f65-47c6-a795-594a8da7fe5a
[92mINFO [0m:      Sent reply
[92mINFO [0m:      
[92mINFO [0m:      Received: evaluate message f139b8c1-4f5c-417e-a922-6dca1a86a277
[92mINFO [0m:      Sent reply
[92mINFO [0m:      
[92mINFO [0m:      Received: train message b64bebc2-adc3-40f6-8c2f-8536b548976b
[92mINFO [0m:      Sent reply
[92mINFO [0m:      
[92mINFO [0m:      Received: evaluate message 0a42fc35-abd9-4eae-8483-9c3c428c16c1
[92mINFO [0m:      Sent reply
[92mINFO [0m:      
[92mINFO [0m:      Received: evaluate message 35853374-f70d-4d1a-b635-e431c2631498
[92mINFO [0m:      Sent reply
[92mINFO [0m:      
[92mINFO [0m:      Received: train message d8b26f15-a648-4e4e-b052-28dd4ee9e916
[92mINFO [0m:      Sent reply
[92mINFO [0m:      
[92mINFO [0m:      Received: evaluate message 78390689-07ab-4d2f-b594-d1c1d29afd60
[92mINFO [0m:      Sent reply
[92mINFO [0m:      
[92mINFO [0m:      Received: train message dbe932f3-4a7c-4e06-af04-4933406710a6
[92mINFO [0m:      Sent reply
[92mINFO [0m:      
[92mINFO [0m:      Received: evaluate message 19671086-a4c0-4ad3-ae5d-51c567733fd3
[92mINFO [0m:      Sent reply
[92mINFO [0m:      
[92mINFO [0m:      Received: evaluate message ea3c24b6-8794-4cb4-8ba7-b9a7ccb28f2e
[92mINFO [0m:      Sent reply
[92mINFO [0m:      
[92mINFO [0m:      Received: train message bcb52bd5-2952-4916-9c3c-e1c02bc20595
[92mINFO [0m:      Sent reply
[92mINFO [0m:      
[92mINFO [0m:      Received: train message dd24a8f9-5f63-460a-9d15-dd381812aa97
[92mINFO [0m:      Sent reply
[92mINFO [0m:      
[92mINFO [0m:      Received: train message db79b034-746b-452a-b6e1-b8f4d4756917
[92mINFO [0m:      Sent reply
[92mINFO [0m:      
[92mINFO [0m:      Received: evaluate message 6df7f8fb-ad19-4516-bac2-7417720ebd4e
[92mINFO [0m:      Sent reply
[92mINFO [0m:      
[92mINFO [0m:      Received: train message ed1bd6b9-e0c5-4f42-b329-cee7e8228f64
[92mINFO [0m:      Sent reply
[92mINFO [0m:      
[92mINFO [0m:      Received: train message d6b624bf-40ba-4a5c-a42d-3415c1aa162f
[92mINFO [0m:      Sent reply
[92mINFO [0m:      
[92mINFO [0m:      Received: evaluate message 49a99285-1dcc-4efe-afba-9fa2104a1a59
[92mINFO [0m:      Sent reply
[92mINFO [0m:      
[92mINFO [0m:      Received: train message 992b2837-d8b9-45ad-af8c-c606b7d50a54
[92mINFO [0m:      Sent reply
[92mINFO [0m:      
[92mINFO [0m:      Received: train message b1e5f5be-3f81-4855-89ea-91ab7eff4f09
[92mINFO [0m:      Sent reply
[92mINFO [0m:      
[92mINFO [0m:      Received: evaluate message 9157de95-885c-4368-b975-7c9b8bfa2388
[92mINFO [0m:      Sent reply
[92mINFO [0m:      
[92mINFO [0m:      Received: evaluate message dd909b57-49dd-4e22-8b17-f5f5bb5e83dd
[92mINFO [0m:      Sent reply
[92mINFO [0m:      
[92mINFO [0m:      Received: train message 83a2d5b1-5ed8-4764-9572-47868fe1eb55
[92mINFO [0m:      Sent reply
[92mINFO [0m:      
[92mINFO [0m:      Received: train message 8a088c8c-6c8a-412f-ba0d-ceda9da7eff7
[92mINFO [0m:      Sent reply
[92mINFO [0m:      
[92mINFO [0m:      Received: evaluate message cd320115-bc38-41a3-8dcc-1a40aa5a4a91
[92mINFO [0m:      Sent reply
[92mINFO [0m:      
[92mINFO [0m:      Received: train message 4da5a48b-7f75-484a-9247-8afd47eda6cb
[92mINFO [0m:      Sent reply
[92mINFO [0m:      
[92mINFO [0m:      Received: evaluate message af4308bc-7845-4b4d-ac39-de6738e1b20e
[92mINFO [0m:      Sent reply
[92mINFO [0m:      
[92mINFO [0m:      Received: train message 34e15959-a390-4345-ab4c-57151566959d
[92mINFO [0m:      Sent reply
[92mINFO [0m:      
[92mINFO [0m:      Received: train message bc5ddb7b-c8ae-463e-b482-23c724527816
[92mINFO [0m:      Sent reply
[92mINFO [0m:      
[92mINFO [0m:      Received: train message ff6f0eef-d453-4853-8c2b-169c64be39b7
[92mINFO [0m:      Sent reply
[92mINFO [0m:      
[92mINFO [0m:      Received: train message 81810f88-12d0-4fa3-9010-26e0ac5e4a00
[92mINFO [0m:      Sent reply
[92mINFO [0m:      
[92mINFO [0m:      Received: train message f9342503-4c1e-4a15-8f92-943ea2f900b5
[92mINFO [0m:      Sent reply
[92mINFO [0m:      
[92mINFO [0m:      Received: evaluate message ab3a2567-f127-4558-9b30-34caaca8f548
[92mINFO [0m:      Sent reply
[92mINFO [0m:      
[92mINFO [0m:      Received: evaluate message 1d3cd7af-b72b-43cf-8140-a51bbb8642af
[92mINFO [0m:      Sent reply
[92mINFO [0m:      
[92mINFO [0m:      Received: train message 2c784820-0066-44c3-8882-10376d9b4e7c
[92mINFO [0m:      Sent reply
[92mINFO [0m:      
[92mINFO [0m:      Received: evaluate message e6c66707-eb7f-4059-8459-5871c8c8145d
[92mINFO [0m:      Sent reply
[92mINFO [0m:      
[92mINFO [0m:      Received: train message f296b3cd-12be-4515-820d-baf4026f5aa5
[92mINFO [0m:      Sent reply
[92mINFO [0m:      
[92mINFO [0m:      Received: evaluate message 54d39d15-304d-4d7e-9256-81b86f5f2313
[92mINFO [0m:      Sent reply
[92mINFO [0m:      
[92mINFO [0m:      Received: train message 8d52cd7d-40f8-4e47-af9d-1e6a6b9e3e9a
[92mINFO [0m:      Sent reply
[92mINFO [0m:      
[92mINFO [0m:      Received: evaluate message a180a01b-6f4c-4f57-85d0-414259bce38e
[92mINFO [0m:      Sent reply
[92mINFO [0m:      
[92mINFO [0m:      Received: train message 41d198b4-a3fe-49a4-98b4-bb90c7a69896
[92mINFO [0m:      Sent reply
[92mINFO [0m:      
[92mINFO [0m:      Received: evaluate message 2a876b24-0d07-426f-aefd-825be09a2c5d
[92mINFO [0m:      Sent reply
[92mINFO [0m:      
[92mINFO [0m:      Received: evaluate message 91056d82-7b20-4acb-b622-df393536722a
[92mINFO [0m:      Sent reply
[92mINFO [0m:      
[92mINFO [0m:      Received: evaluate message 783542d3-3076-41e6-bd56-a5be55a9e01d
[92mINFO [0m:      Sent reply
[92mINFO [0m:      
[92mINFO [0m:      Received: train message 3ebc6992-540a-468f-af59-8a14a2c7cf50
[92mINFO [0m:      Sent reply
[92mINFO [0m:      
[92mINFO [0m:      Received: train message 5bd18b82-1d28-44f0-9a6f-6f5043eedc52
[92mINFO [0m:      Sent reply
[92mINFO [0m:      
[92mINFO [0m:      Received: train message 66abda1f-549a-486c-b222-628b389fcca4
[92mINFO [0m:      Sent reply
[92mINFO [0m:      
[92mINFO [0m:      Received: evaluate message 0573404c-2f22-4955-afed-d307e83e3433
[92mINFO [0m:      Sent reply
[92mINFO [0m:      
[92mINFO [0m:      Received: train message 71536ab5-b820-4289-872e-d2b331c9ccde
[92mINFO [0m:      Sent reply
[92mINFO [0m:      
[92mINFO [0m:      Received: train message 493d70e3-e852-48a7-a040-431a46c7fcef
[92mINFO [0m:      Sent reply
[92mINFO [0m:      
[92mINFO [0m:      Received: evaluate message 12e8b51e-4596-46a9-83b9-765b320b9c12
[92mINFO [0m:      Sent reply
[92mINFO [0m:      
[92mINFO [0m:      Received: evaluate message 1c7776ad-82b1-47fe-b82f-74c969062e39
[92mINFO [0m:      Sent reply
[92mINFO [0m:      
[92mINFO [0m:      Received: evaluate message 654674c8-bf17-483e-869c-0952b68ecc47
[92mINFO [0m:      Sent reply
[92mINFO [0m:      
[92mINFO [0m:      Received: train message c0d7c916-1168-43f5-9147-825f758c9baf
[92mINFO [0m:      Sent reply
[92mINFO [0m:      
[92mINFO [0m:      Received: evaluate message 5e62de13-38bc-4186-85d9-a51653ff3826
[92mINFO [0m:      Sent reply
[92mINFO [0m:      
[92mINFO [0m:      Received: evaluate message b7f963e9-8d74-48a6-af6c-3c06c1e5f9cf
[92mINFO [0m:      Sent reply
[92mINFO [0m:      
[92mINFO [0m:      Received: train message c6653dc2-f484-4477-8c9a-acbde47a5756
[92mINFO [0m:      Sent reply
[92mINFO [0m:      
[92mINFO [0m:      Received: train message 68b5a10f-7ce7-4c4b-a89a-dcf7f7250a64
[92mINFO [0m:      Sent reply
[92mINFO [0m:      
[92mINFO [0m:      Received: train message 309ca82a-b895-4ee7-8cf0-b38b3dc85157
[92mINFO [0m:      Sent reply
[92mINFO [0m:      
[92mINFO [0m:      Received: train message d33c8a42-2f04-49bd-b27a-f8df5e903c34
[92mINFO [0m:      Sent reply
[92mINFO [0m:      
[92mINFO [0m:      Received: train message d2067244-1472-4e64-b90b-f00d2ad1d931
[92mINFO [0m:      Sent reply
[92mINFO [0m:      
[92mINFO [0m:      Received: train message 4839d379-29a7-4630-b103-a576fb79b927
[92mINFO [0m:      Sent reply
[92mINFO [0m:      
[92mINFO [0m:      Received: train message a645cc68-6966-44db-b99a-5daa450efabd
[92mINFO [0m:      Sent reply
[92mINFO [0m:      
[92mINFO [0m:      Received: train message c06c2f87-b0f5-44c3-bb34-79ded4984315
[92mINFO [0m:      Sent reply
[92mINFO [0m:      
[92mINFO [0m:      Received: evaluate message 2bf03d16-dd76-46e0-97e8-4b6b26bf1605
[92mINFO [0m:      Sent reply
[92mINFO [0m:      
[92mINFO [0m:      Received: evaluate message 1a03ab82-cbda-4810-a9c6-74e3c7c9133b
[92mINFO [0m:      Sent reply
[92mINFO [0m:      
[92mINFO [0m:      Received: train message a6836af8-b4da-429e-b950-f5db4ee7275c
[92mINFO [0m:      Sent reply
[92mINFO [0m:      
[92mINFO [0m:      Received: evaluate message 68ba148f-1d9c-470d-9264-d6e0b6c9dbf7
[92mINFO [0m:      Sent reply
[92mINFO [0m:      
[92mINFO [0m:      Received: train message 188a4c59-6dc1-4fcc-90cd-13db1f8f60de
[92mINFO [0m:      Sent reply
[92mINFO [0m:      
[92mINFO [0m:      Received: evaluate message 216a6712-b2c9-469b-97b3-066ae52294d7
[92mINFO [0m:      Sent reply
[92mINFO [0m:      
[92mINFO [0m:      Received: train message 6871821f-4431-4f26-ace4-fce8bf149fa3
[92mINFO [0m:      Sent reply
[92mINFO [0m:      
[92mINFO [0m:      Received: train message a45b7478-a8f9-41fa-9c9e-85c7c220c549
[92mINFO [0m:      Sent reply
[92mINFO [0m:      
[92mINFO [0m:      Received: evaluate message bfb02dc2-17d9-487d-8567-857d295426fe
[92mINFO [0m:      Sent reply
[92mINFO [0m:      
[92mINFO [0m:      Received: train message 206b63ca-14e5-4ae4-ba36-d7be7a6fec5e
[92mINFO [0m:      Sent reply
[92mINFO [0m:      
[92mINFO [0m:      Received: evaluate message b7cea78f-9e63-4d21-8081-a5800ec76e9e
[92mINFO [0m:      Sent reply
[92mINFO [0m:      
[92mINFO [0m:      Received: train message e46a7c0d-9d81-46f3-948e-cd90bd8eface
[92mINFO [0m:      Sent reply
[92mINFO [0m:      
[92mINFO [0m:      Received: evaluate message d5b0709e-70ab-4bd4-998a-d95b3108eea9
[92mINFO [0m:      Sent reply
[92mINFO [0m:      
[92mINFO [0m:      Received: train message 7f90badd-d2b2-445c-96ae-e4a2392e3d05
[92mINFO [0m:      Sent reply
[92mINFO [0m:      
[92mINFO [0m:      Received: evaluate message 3cf31cc2-3f53-401f-8670-8d11f8a0b271
[92mINFO [0m:      Sent reply
[92mINFO [0m:      
[92mINFO [0m:      Received: train message 72325c52-d672-4816-b1ad-563f69afc31a
[92mINFO [0m:      Sent reply
[92mINFO [0m:      
[92mINFO [0m:      Received: evaluate message 931ea282-a2f6-4f99-9886-8afa579047f5
[92mINFO [0m:      Sent reply
[92mINFO [0m:      
[92mINFO [0m:      Received: train message d73d40c7-ea20-4d48-abf7-e116f71ca286
[92mINFO [0m:      Sent reply
[92mINFO [0m:      
[92mINFO [0m:      Received: evaluate message d103b982-224f-48db-a649-21a9cd76b58a
[92mINFO [0m:      Sent reply
[92mINFO [0m:      
[92mINFO [0m:      Received: train message 8ba4c970-7917-4075-821b-5ba0e0174b8e
[92mINFO [0m:      Sent reply
[92mINFO [0m:      
[92mINFO [0m:      Received: train message 26341f50-22e5-4b5f-8d14-a30ddf172beb
[92mINFO [0m:      Sent reply
[92mINFO [0m:      
[92mINFO [0m:      Received: train message e6289282-0d73-405b-9e5a-12c4a64331ea
[92mINFO [0m:      Sent reply
[92mINFO [0m:      
[92mINFO [0m:      Received: evaluate message a5a95c1d-d52f-4d20-b1fd-9a105b86fc5f
[92mINFO [0m:      Sent reply
[92mINFO [0m:      
[92mINFO [0m:      Received: train message d7969546-f615-4b27-960a-527d9aa7280e
[92mINFO [0m:      Sent reply
[92mINFO [0m:      
[92mINFO [0m:      Received: evaluate message 6c8f3663-f751-4c1c-b6f9-ff4015f7c81e
[92mINFO [0m:      Sent reply
[92mINFO [0m:      
[92mINFO [0m:      Received: train message e8a279a0-6bda-4175-83d5-35ec34278d02
[92mINFO [0m:      Sent reply
[92mINFO [0m:      
[92mINFO [0m:      Received: evaluate message 480be49a-f73f-4500-8c96-a6437d039bf1
[92mINFO [0m:      Sent reply
[92mINFO [0m:      
[92mINFO [0m:      Received: train message f75396ec-5593-4a92-90ec-19d6e55efc99
[92mINFO [0m:      Sent reply
[92mINFO [0m:      
[92mINFO [0m:      Received: train message 416ed03e-979c-4f48-a9e9-7a11cb0a5a84
[92mINFO [0m:      Sent reply
[92mINFO [0m:      
[92mINFO [0m:      Received: train message 2a85402d-3f7b-4dfc-8e05-99c6961cee70
[92mINFO [0m:      Sent reply
[92mINFO [0m:      
[92mINFO [0m:      Received: evaluate message a29247bb-bd7f-4d46-90b1-2642758b14ee
[92mINFO [0m:      Sent reply
[92mINFO [0m:      
[92mINFO [0m:      Received: evaluate message 85594daa-f29f-4a86-89e5-09c0e4498e92
[92mINFO [0m:      Sent reply
[92mINFO [0m:      
[92mINFO [0m:      Received: evaluate message 314ecc68-f903-4488-af3d-bddfaec43315
[92mINFO [0m:      Sent reply
[92mINFO [0m:      
[92mINFO [0m:      Received: evaluate message 78c47b06-23e7-4f21-8004-28b4cbe735c2
[92mINFO [0m:      Sent reply
[92mINFO [0m:      
[92mINFO [0m:      Received: train message a77bd28c-bee4-45a9-a588-115069156164
[92mINFO [0m:      Sent reply
[92mINFO [0m:      
[92mINFO [0m:      Received: train message 29ad9b00-0b4b-4442-bd3b-b93e89072fab
[92mINFO [0m:      Sent reply
[92mINFO [0m:      
[92mINFO [0m:      Received: train message 50533941-3b18-4fc1-8343-2905a8fb8c42
[92mINFO [0m:      Sent reply
[92mINFO [0m:      
[92mINFO [0m:      Received: train message 52a29598-c11f-439d-afa4-b5103982053c
[92mINFO [0m:      Sent reply
[92mINFO [0m:      
[92mINFO [0m:      Received: train message 64c51626-e289-415a-8c75-4abf226b9d17
[92mINFO [0m:      Sent reply
[92mINFO [0m:      
[92mINFO [0m:      Received: evaluate message bbb0241e-bb58-4e4b-99e8-d2d76f996a49
[92mINFO [0m:      Sent reply
[92mINFO [0m:      
[92mINFO [0m:      Received: evaluate message 12addfe1-f2ff-4358-b1ff-062d613a5720
[92mINFO [0m:      Sent reply
[92mINFO [0m:      
[92mINFO [0m:      Received: evaluate message 84a1ea12-8fe5-421b-b4eb-b29c1d87fd65
[92mINFO [0m:      Sent reply
[92mINFO [0m:      
[92mINFO [0m:      Received: train message 2e2eddfe-2306-456c-9c8d-178c843e2fed
[92mINFO [0m:      Sent reply
[92mINFO [0m:      
[92mINFO [0m:      Received: train message 6fe8a899-d633-4540-97ab-2b315ed1308e
[92mINFO [0m:      Sent reply
[92mINFO [0m:      
[92mINFO [0m:      Received: train message f69c7c96-c241-440a-9c1a-5918113956f2
[92mINFO [0m:      Sent reply
[92mINFO [0m:      
[92mINFO [0m:      Received: evaluate message 987c2244-1942-4675-b91b-5c9759ad5e68
[92mINFO [0m:      Sent reply
[92mINFO [0m:      
[92mINFO [0m:      Received: evaluate message af321b0f-fbfc-42c0-876f-844496f032da
[92mINFO [0m:      Sent reply
[92mINFO [0m:      
[92mINFO [0m:      Received: train message f0306353-df99-40b7-ade9-1a1e7adf6d63
[92mINFO [0m:      Sent reply
[92mINFO [0m:      
[92mINFO [0m:      Received: evaluate message acc3ffbb-5116-41d3-83cb-bff4f5df44ab
[92mINFO [0m:      Sent reply
[92mINFO [0m:      
[92mINFO [0m:      Received: train message 434f2f15-d7fa-404e-b17d-79bb0cc22c03
[92mINFO [0m:      Sent reply
[92mINFO [0m:      
[92mINFO [0m:      Received: evaluate message 2bbd328f-d780-4e65-8337-326d84d0e788
[92mINFO [0m:      Sent reply
[92mINFO [0m:      
[92mINFO [0m:      Received: evaluate message c0e33c31-1c53-46bc-b427-92eed4877492
[92mINFO [0m:      Sent reply
[92mINFO [0m:      
[92mINFO [0m:      Received: evaluate message e14ed25e-e5c0-4bfc-bed3-60526b284f3e
[92mINFO [0m:      Sent reply
[92mINFO [0m:      
[92mINFO [0m:      Received: train message 63bad294-a64a-45f1-abd3-2c98334fb8bc
[92mINFO [0m:      Sent reply
[92mINFO [0m:      
[92mINFO [0m:      Received: evaluate message 130ee3d8-f571-4206-b5af-d42233079b61
[92mINFO [0m:      Sent reply
[92mINFO [0m:      
[92mINFO [0m:      Received: train message 02d09f23-ccfe-49de-a487-301737949e50
[92mINFO [0m:      Sent reply
[92mINFO [0m:      
[92mINFO [0m:      Received: evaluate message 608a78ca-0a1f-4d8a-9d19-a5f6e1f65074
[92mINFO [0m:      Sent reply
[92mINFO [0m:      
[92mINFO [0m:      Received: evaluate message a61ba658-23e1-4b6f-8832-8b77c76b74b7
[92mINFO [0m:      Sent reply
[92mINFO [0m:      
[92mINFO [0m:      Received: train message 399106f9-53b6-4e9a-b40f-c72f2f9b98f1
[92mINFO [0m:      Sent reply
[92mINFO [0m:      
[92mINFO [0m:      Received: evaluate message 6fa3ec9b-c6c1-4df7-a7e0-7e0ac511a7e4
[92mINFO [0m:      Sent reply
[92mINFO [0m:      
[92mINFO [0m:      Received: train message 722181ad-fbd0-4b98-8b2d-a59e834ce461
[92mINFO [0m:      Sent reply
[92mINFO [0m:      
[92mINFO [0m:      Received: train message e154342a-bbc3-48e4-9f45-e37357eb8973
[92mINFO [0m:      Sent reply
[92mINFO [0m:      
[92mINFO [0m:      Received: evaluate message 1eda8999-f948-411b-9966-34ebf3882501
[92mINFO [0m:      Sent reply
[92mINFO [0m:      
[92mINFO [0m:      Received: train message 2bc36644-8965-4434-a101-cd04a72069b8
[92mINFO [0m:      Sent reply
[92mINFO [0m:      
[92mINFO [0m:      Received: evaluate message a7f41b11-3ae3-4a82-b255-ac9256169a58
[92mINFO [0m:      Sent reply
[92mINFO [0m:      
[92mINFO [0m:      Received: train message 7976f61d-d4f2-43d5-a29c-5d99b74937eb
[92mINFO [0m:      Sent reply
[92mINFO [0m:      
[92mINFO [0m:      Received: evaluate message efbf5622-6ed9-4706-9640-68250b1398d4
[92mINFO [0m:      Sent reply
[92mINFO [0m:      
[92mINFO [0m:      Received: evaluate message 2327de81-aec0-4929-ac7e-e3967b023c2d
[92mINFO [0m:      Sent reply
[92mINFO [0m:      
[92mINFO [0m:      Received: train message 4143fc65-75c6-44d1-8e83-2fe4fdc9d31f
[92mINFO [0m:      Sent reply
[92mINFO [0m:      
[92mINFO [0m:      Received: evaluate message 9fe7dc06-bf4c-43c5-b803-19b2b0803b4d
[92mINFO [0m:      Sent reply
[92mINFO [0m:      
[92mINFO [0m:      Received: evaluate message 9d54919b-3e1d-40e8-bc7c-62342d23d23d
[92mINFO [0m:      Sent reply
[92mINFO [0m:      
[92mINFO [0m:      Received: evaluate message 572e03db-392e-48aa-a66b-2e4a501b8fd6
[92mINFO [0m:      Sent reply
[92mINFO [0m:      
[92mINFO [0m:      Received: evaluate message 27ec55b2-b24c-476f-831d-7e187eafdfea
[92mINFO [0m:      Sent reply
[92mINFO [0m:      
[92mINFO [0m:      Received: evaluate message 5912bff2-9663-49bf-a5f7-8dc4e5d81b3a
[92mINFO [0m:      Sent reply
[92mINFO [0m:      
[92mINFO [0m:      Received: train message acad61d1-7060-4a9e-be75-8fd3afc1d9ab
[92mINFO [0m:      Sent reply
[92mINFO [0m:      
[92mINFO [0m:      Received: evaluate message 82721a44-b752-4117-9835-b825b9a3bff8
[92mINFO [0m:      Sent reply
[92mINFO [0m:      
[92mINFO [0m:      Received: train message f50fa2e5-3192-4b6f-8be8-dcc706f9a861
[92mINFO [0m:      Sent reply
[92mINFO [0m:      
[92mINFO [0m:      Received: evaluate message 0493fc95-ca5c-4b38-a349-272e0936be25
[92mINFO [0m:      Sent reply
[92mINFO [0m:      
[92mINFO [0m:      Received: train message 347edbc6-5fa1-44fc-b181-ab77959017f5
[92mINFO [0m:      Sent reply
[92mINFO [0m:      
[92mINFO [0m:      Received: evaluate message 6525a302-163c-4e41-9fc8-9899ebdea774
[92mINFO [0m:      Sent reply
[92mINFO [0m:      
[92mINFO [0m:      Received: train message 6612d4d1-2a52-496e-8cb3-b6456027040d
[92mINFO [0m:      Sent reply
[92mINFO [0m:      
[92mINFO [0m:      Received: train message 6cf872df-bff5-4eca-a45b-3af645a2934f
[92mINFO [0m:      Sent reply
[92mINFO [0m:      
[92mINFO [0m:      Received: evaluate message 2dbef1b6-cb1e-4d3d-802e-1f8ec3e2e364
[92mINFO [0m:      Sent reply
[92mINFO [0m:      
[92mINFO [0m:      Received: train message 8a5e65e2-3a40-40d8-881a-f2b81ff90660
[92mINFO [0m:      Sent reply
[92mINFO [0m:      
[92mINFO [0m:      Received: evaluate message e2fe6338-f73f-40d0-85a8-4f316b4424d6
[92mINFO [0m:      Sent reply
[92mINFO [0m:      
[92mINFO [0m:      Received: evaluate message 7ff4157f-b39b-42cd-b895-999fd0b31f46
[92mINFO [0m:      Sent reply
[92mINFO [0m:      
[92mINFO [0m:      Received: train message 8c0346c6-ef29-4d00-add3-7e6d0ac8c233
[92mINFO [0m:      Sent reply
[92mINFO [0m:      
[92mINFO [0m:      Received: evaluate message 9202e48d-f5dc-402c-a29c-9f7dbd0241f4
[92mINFO [0m:      Sent reply
[92mINFO [0m:      
[92mINFO [0m:      Received: train message d782797c-b1a0-493a-960e-19c31ccba260
[92mINFO [0m:      Sent reply
[92mINFO [0m:      
[92mINFO [0m:      Received: evaluate message 3a467ddc-0fd2-4370-917e-e10dc394a151
[92mINFO [0m:      Sent reply
[92mINFO [0m:      
[92mINFO [0m:      Received: train message 2e0080cb-14e0-4921-b9bf-f4f95f7fd06d
[92mINFO [0m:      Sent reply
[92mINFO [0m:      
[92mINFO [0m:      Received: evaluate message afe26a17-789d-4cb5-932e-e0aff9de2a15
[92mINFO [0m:      Sent reply
[92mINFO [0m:      
[92mINFO [0m:      Received: train message c868f54f-bdce-4bf8-827e-e6c6a7e592ba
[92mINFO [0m:      Sent reply
[92mINFO [0m:      
[92mINFO [0m:      Received: evaluate message d4b98e14-183d-4758-9597-dff9893eafd8
[92mINFO [0m:      Sent reply
[92mINFO [0m:      
[92mINFO [0m:      Received: evaluate message b042b2b2-1626-4668-9980-07489897c14f
[92mINFO [0m:      Sent reply
[92mINFO [0m:      
[92mINFO [0m:      Received: evaluate message 3e4423b8-3573-476d-bf7f-3b0a9f98bfb3
[92mINFO [0m:      Sent reply
[92mINFO [0m:      
[92mINFO [0m:      Received: evaluate message 3a8167b5-c267-495a-a826-701b89d6b621
[92mINFO [0m:      Sent reply
[92mINFO [0m:      
[92mINFO [0m:      Received: train message bd2e169d-b04e-4564-899f-89b57f50278c
[92mINFO [0m:      Sent reply
[92mINFO [0m:      
[92mINFO [0m:      Received: train message c3896f59-e307-485b-9abe-740b2f48aab8
[92mINFO [0m:      Sent reply
[92mINFO [0m:      
[92mINFO [0m:      Received: evaluate message 0cca62d3-217d-45ca-aa2c-ce9eac962e38
[92mINFO [0m:      Sent reply
[92mINFO [0m:      
[92mINFO [0m:      Received: train message 37f62dca-7041-4b7e-853a-37340a08f324
[92mINFO [0m:      Sent reply
[92mINFO [0m:      
[92mINFO [0m:      Received: evaluate message 65037dbd-e677-4c57-8bd4-ad1840005eaa
[92mINFO [0m:      Sent reply
[92mINFO [0m:      
[92mINFO [0m:      Received: train message 630e874e-1a4e-44b5-aeef-d396805a5cb6
[92mINFO [0m:      Sent reply
[92mINFO [0m:      
[92mINFO [0m:      Received: evaluate message 2f4c3cac-3a67-41f0-b8e2-14388e4162ea
[92mINFO [0m:      Sent reply
[92mINFO [0m:      
[92mINFO [0m:      Received: train message d6187874-602f-470f-9c0e-8dd0e2207672
[92mINFO [0m:      Sent reply
[92mINFO [0m:      
[92mINFO [0m:      Received: evaluate message 7a0b3f10-cfe0-4ae3-b50e-7111ab5072d6
[92mINFO [0m:      Sent reply
[92mINFO [0m:      
[92mINFO [0m:      Received: train message d7d75c63-9afa-452a-895b-a49eda6e96b1
[92mINFO [0m:      Sent reply
[92mINFO [0m:      
[92mINFO [0m:      Received: train message a0200c19-a5a1-4c9b-b691-7bbcc4be94c0
[92mINFO [0m:      Sent reply
[92mINFO [0m:      
[92mINFO [0m:      Received: train message 17c3cd7a-e224-4ebc-bff5-b1e5e089133d
[92mINFO [0m:      Sent reply
[92mINFO [0m:      
[92mINFO [0m:      Received: train message 67424a3d-d42c-4ad5-b626-57c85d5e9b0f
[92mINFO [0m:      Sent reply
[92mINFO [0m:      
[92mINFO [0m:      Received: evaluate message 19471971-b743-4393-ae1e-35976d55ee20
[92mINFO [0m:      Sent reply
[92mINFO [0m:      
[92mINFO [0m:      Received: train message 5772cdaa-96fe-45ab-a130-b61b8af2f0bc
[92mINFO [0m:      Sent reply
[92mINFO [0m:      
[92mINFO [0m:      Received: evaluate message 8ad15510-04fc-4aeb-8c8a-b3e2eaa6ca2f
[92mINFO [0m:      Sent reply
[92mINFO [0m:      
[92mINFO [0m:      Received: train message e0097a3a-9f74-4b98-b84d-0dd9b1df8836
[92mINFO [0m:      Sent reply
[92mINFO [0m:      
[92mINFO [0m:      Received: train message ddf2067d-d0dc-4d35-b5ec-d59236b8d55b
[92mINFO [0m:      Sent reply
[92mINFO [0m:      
[92mINFO [0m:      Received: train message 053e418d-ffef-4cb3-9112-d006e556da70
[92mINFO [0m:      Sent reply
[92mINFO [0m:      
[92mINFO [0m:      Received: evaluate message 8d96ef85-4565-498e-9569-fbcde721436a
[92mINFO [0m:      Sent reply
[92mINFO [0m:      
[92mINFO [0m:      Received: evaluate message e8d478ce-4221-463e-b24f-e4daff78f27b
[92mINFO [0m:      Sent reply
[92mINFO [0m:      
[92mINFO [0m:      Received: evaluate message bae7087d-7607-4772-81a4-61bc016332dd
[92mINFO [0m:      Sent reply
[92mINFO [0m:      
[92mINFO [0m:      Received: train message 9c8aa2d8-21e8-4d00-8bd5-5a1cee912589
[92mINFO [0m:      Sent reply
[92mINFO [0m:      
[92mINFO [0m:      Received: evaluate message 4eb7c88c-b5e2-4489-9ee4-19a0ed460d24
[92mINFO [0m:      Sent reply
[92mINFO [0m:      
[92mINFO [0m:      Received: train message bca12d70-3398-4bbc-8f56-91625a29aef5
[92mINFO [0m:      Sent reply
[92mINFO [0m:      
[92mINFO [0m:      Received: evaluate message 45355416-def7-43f4-804f-075f982a9d35
[92mINFO [0m:      Sent reply
[92mINFO [0m:      
[92mINFO [0m:      Received: train message b606c875-2eb7-4317-8820-fdb4f67bcfc4
[92mINFO [0m:      Sent reply
[92mINFO [0m:      
[92mINFO [0m:      Received: train message 974cc098-8f8d-415c-b1a5-68d7d8f226cf
[92mINFO [0m:      Sent reply
[92mINFO [0m:      
[92mINFO [0m:      Received: train message 3f97f493-f5c8-43c2-9c24-804eaac60fd0
[92mINFO [0m:      Sent reply
[92mINFO [0m:      
[92mINFO [0m:      Received: evaluate message aebfbe4a-1e21-4cbb-86c4-35ce9c57d0e2
[92mINFO [0m:      Sent reply
[92mINFO [0m:      
[92mINFO [0m:      Received: train message 424a5f7d-df58-4a8c-95b1-991b3daf6daf
[92mINFO [0m:      Sent reply
[92mINFO [0m:      
[92mINFO [0m:      Received: train message e385d078-8e69-4aa0-9512-e3040659c097
[92mINFO [0m:      Sent reply
[92mINFO [0m:      
[92mINFO [0m:      Received: evaluate message 46ca2ad9-7622-413f-9ae9-c09ac841f140
[92mINFO [0m:      Sent reply
[92mINFO [0m:      
[92mINFO [0m:      Received: evaluate message 3e903ee1-1811-4295-8eda-41fe68591543
[92mINFO [0m:      Sent reply
[92mINFO [0m:      
[92mINFO [0m:      Received: train message 6dc479d5-e767-42c0-9b0e-4b58d6e9c328
[92mINFO [0m:      Sent reply
[92mINFO [0m:      
[92mINFO [0m:      Received: train message 0e57ea41-eba8-47c2-891c-c5bcd2ebdb75
[92mINFO [0m:      Sent reply
[92mINFO [0m:      
[92mINFO [0m:      Received: evaluate message 08adc3e7-effa-4861-b2c5-a67c8cd9fcde
[92mINFO [0m:      Sent reply
[92mINFO [0m:      
[92mINFO [0m:      Received: train message 24fbd7bf-8858-424a-9b40-178356d53d90
[92mINFO [0m:      Sent reply
[92mINFO [0m:      
[92mINFO [0m:      Received: evaluate message 93737a93-d7d2-44e4-9c90-874f09033eb5
[92mINFO [0m:      Sent reply
[92mINFO [0m:      
[92mINFO [0m:      Received: evaluate message 16e1a1b5-df79-4cdf-a8cb-87d3e82acd42
[92mINFO [0m:      Sent reply
[92mINFO [0m:      
[92mINFO [0m:      Received: train message f2c1f542-b41a-411e-a3bf-f775e87f1a26
[92mINFO [0m:      Sent reply
[92mINFO [0m:      
[92mINFO [0m:      Received: evaluate message c86d9150-f328-41f1-b144-15c0656ab0d1
[92mINFO [0m:      Sent reply
[92mINFO [0m:      
[92mINFO [0m:      Received: evaluate message 8186c2e1-74dc-45d9-a0d0-53b904cda85a
[92mINFO [0m:      Sent reply
[92mINFO [0m:      
[92mINFO [0m:      Received: evaluate message 2a61b616-205d-43ee-9e6b-12c2e6dd709d
[92mINFO [0m:      Sent reply
[92mINFO [0m:      
[92mINFO [0m:      Received: train message 988a3930-1baf-4467-8bbe-59023720cb25
[92mINFO [0m:      Sent reply
[92mINFO [0m:      
[92mINFO [0m:      Received: evaluate message c2fc7c67-70cb-426a-9e6c-0ab6d13eb7fc
[92mINFO [0m:      Sent reply
[92mINFO [0m:      
[92mINFO [0m:      Received: train message 5ad9ed16-db20-4663-93d0-c0af830d2e77
[92mINFO [0m:      Sent reply
[92mINFO [0m:      
[92mINFO [0m:      Received: evaluate message af910771-ae2f-4988-b343-e975db359282
[92mINFO [0m:      Sent reply
[92mINFO [0m:      
[92mINFO [0m:      Received: train message 2170d5b4-4fa1-44e8-a693-1b0743043614
[92mINFO [0m:      Sent reply
[92mINFO [0m:      
[92mINFO [0m:      Received: train message 5203273f-7906-4c0c-95a9-43de4504bf7d
[92mINFO [0m:      Sent reply
[92mINFO [0m:      
[92mINFO [0m:      Received: evaluate message df71c16e-2282-48ab-8ecd-88e83316fc35
[92mINFO [0m:      Sent reply
[92mINFO [0m:      
[92mINFO [0m:      Received: train message 734f1dc5-90b6-4644-b6cc-66747d41c9ec
[92mINFO [0m:      Sent reply
[92mINFO [0m:      
[92mINFO [0m:      Received: evaluate message d9bc380c-f49a-4805-918a-c00b0774ff9f
[92mINFO [0m:      Sent reply
[92mINFO [0m:      
[92mINFO [0m:      Received: evaluate message 6cb8f579-accc-4500-8dc0-55e95c41a8d2
[92mINFO [0m:      Sent reply
[92mINFO [0m:      
[92mINFO [0m:      Received: evaluate message 5a40e9b6-a59d-453b-ad47-ae129900a754
[92mINFO [0m:      Sent reply
[92mINFO [0m:      
[92mINFO [0m:      Received: evaluate message c87d18d2-b202-4c2c-943b-8aeff29878f4
[92mINFO [0m:      Sent reply
[92mINFO [0m:      
[92mINFO [0m:      Received: train message 2c55cde5-f1ec-4f96-9125-75de59d5af5c
[92mINFO [0m:      Sent reply
[92mINFO [0m:      
[92mINFO [0m:      Received: evaluate message 8ced886f-075a-4de0-9f06-6b83752454c6
[92mINFO [0m:      Sent reply
[92mINFO [0m:      
[92mINFO [0m:      Received: train message b8d118f6-ed37-44cf-9653-12c1e4fd5e64
[92mINFO [0m:      Sent reply
[92mINFO [0m:      
[92mINFO [0m:      Received: train message 2ccf8e2a-1bf3-4e83-b7af-199ed32cd9f6
[92mINFO [0m:      Sent reply
[92mINFO [0m:      
[92mINFO [0m:      Received: evaluate message fa8a3474-4621-4149-a5e3-3dd20d879f75
[92mINFO [0m:      Sent reply
[92mINFO [0m:      
[92mINFO [0m:      Received: train message d06232cf-1ad4-4011-870f-ecffb2e082a6
[92mINFO [0m:      Sent reply
[92mINFO [0m:      
[92mINFO [0m:      Received: evaluate message a44a1cb9-afd5-47d4-8a9c-53334f4a87e6
[92mINFO [0m:      Sent reply
[92mINFO [0m:      
[92mINFO [0m:      Received: evaluate message eae87b9d-f25d-45f3-b98f-461790805e28
[92mINFO [0m:      Sent reply
[92mINFO [0m:      
[92mINFO [0m:      Received: train message 4fe643e3-db74-431e-b751-5f5663cd8718
[92mINFO [0m:      Sent reply
[92mINFO [0m:      
[92mINFO [0m:      Received: evaluate message 52b72ea4-28b9-4782-9cbd-6bb7a925e992
[92mINFO [0m:      Sent reply
[92mINFO [0m:      
[92mINFO [0m:      Received: train message 864a0302-7889-45b0-837e-fa00384b6a82
[92mINFO [0m:      Sent reply
[92mINFO [0m:      
[92mINFO [0m:      Received: evaluate message c7bef278-5269-4361-91a1-6909d1f90740
[92mINFO [0m:      Sent reply
[92mINFO [0m:      
[92mINFO [0m:      Received: evaluate message a2653356-d4fc-4c90-bd92-a470189e1421
[92mINFO [0m:      Sent reply
[92mINFO [0m:      
[92mINFO [0m:      Received: train message f6fd4f3b-10a7-4dbd-840e-dfdc5ddc1e9f
[92mINFO [0m:      Sent reply
[92mINFO [0m:      
[92mINFO [0m:      Received: evaluate message e6a9be96-4bf8-4425-82ac-5fcde602c648
[92mINFO [0m:      Sent reply
[92mINFO [0m:      
[92mINFO [0m:      Received: train message 55a5988b-87b9-4cf0-ae8e-a0b9742915be
[92mINFO [0m:      Sent reply
[92mINFO [0m:      
[92mINFO [0m:      Received: train message 3c67ce5e-5b9b-492c-a315-992239786b2a
[92mINFO [0m:      Sent reply
[92mINFO [0m:      
[92mINFO [0m:      Received: evaluate message 44de2968-d182-4c77-b9c8-f5aa6842e720
[92mINFO [0m:      Sent reply
[92mINFO [0m:      
[92mINFO [0m:      Received: train message e1e1166a-ac31-4974-8084-5e9e931a57dd
[92mINFO [0m:      Sent reply
[92mINFO [0m:      
[92mINFO [0m:      Received: evaluate message 443ddac0-700a-4151-b505-79341499f805
[92mINFO [0m:      Sent reply
[92mINFO [0m:      
[92mINFO [0m:      Received: train message 0a3b320e-4fc2-445a-acb8-647274fbcc8e
[92mINFO [0m:      Sent reply
[92mINFO [0m:      
[92mINFO [0m:      Received: evaluate message 239198be-c9cf-431a-82c5-a5f3d69ca68c
[92mINFO [0m:      Sent reply
[92mINFO [0m:      
[92mINFO [0m:      Received: train message e45c13ce-1d8b-4e20-b191-13982663fcf9
[92mINFO [0m:      Sent reply
[92mINFO [0m:      
[92mINFO [0m:      Received: evaluate message 492696e5-83e3-4a46-86ba-6192a240c506
[92mINFO [0m:      Sent reply
[92mINFO [0m:      
[92mINFO [0m:      Received: train message 7a633f74-3928-4111-a1dd-baf18402c47e
[92mINFO [0m:      Sent reply
[92mINFO [0m:      
[92mINFO [0m:      Received: train message e42af844-8a5b-4a51-91d4-60667134d955
[92mINFO [0m:      Sent reply
[92mINFO [0m:      
[92mINFO [0m:      Received: evaluate message de348226-5630-4acf-905b-2ed6ade1af7a
[92mINFO [0m:      Sent reply
[92mINFO [0m:      
[92mINFO [0m:      Received: train message 6edfd485-7647-4ae7-9af6-665bbe779514
[92mINFO [0m:      Sent reply
[92mINFO [0m:      
[92mINFO [0m:      Received: evaluate message 5857dbbe-1bd1-49af-8715-2223a32a9d8e
[92mINFO [0m:      Sent reply
[92mINFO [0m:      
[92mINFO [0m:      Received: evaluate message 476b3a33-6d7d-4789-9ebb-230373b972ed
[92mINFO [0m:      Sent reply
[92mINFO [0m:      
[92mINFO [0m:      Received: train message b07b1504-6b9d-4586-87d6-22377ead15e1
[92mINFO [0m:      Sent reply
[92mINFO [0m:      
[92mINFO [0m:      Received: evaluate message 76792a66-206f-4b4f-b3f9-703e3cadfb38
[92mINFO [0m:      Sent reply
[92mINFO [0m:      
[92mINFO [0m:      Received: train message cb98d35e-3548-4fbe-8c7c-4a9e64798c40
[92mINFO [0m:      Sent reply
[92mINFO [0m:      
[92mINFO [0m:      Received: train message 46ee920f-a2c6-4179-8c3c-b8b04c00e1fc
[92mINFO [0m:      Sent reply
[92mINFO [0m:      
[92mINFO [0m:      Received: train message 8fb9bd3c-cb96-4c49-bd12-a678054dd7a8
[92mINFO [0m:      Sent reply
[92mINFO [0m:      
[92mINFO [0m:      Received: evaluate message 46785e10-3735-4f93-a8e5-c82d64561566
[92mINFO [0m:      Sent reply
[92mINFO [0m:      
[92mINFO [0m:      Received: train message 24185461-efca-4ea2-ba55-ef4ac9071c15
[92mINFO [0m:      Sent reply
[92mINFO [0m:      
[92mINFO [0m:      Received: evaluate message 7529e5b6-bedc-4c69-864f-7603de33c1c7
[92mINFO [0m:      Sent reply
[92mINFO [0m:      
[92mINFO [0m:      Received: train message 49a6f651-4d77-4e0a-9506-fbb844b956a8
[92mINFO [0m:      Sent reply
[92mINFO [0m:      
[92mINFO [0m:      Received: train message 46debe70-d7c5-437d-b23f-01583d76d1bb
[92mINFO [0m:      Sent reply
[92mINFO [0m:      
[92mINFO [0m:      Received: evaluate message f6eefb44-982b-4e7c-872e-bd0bb68afdcc
[92mINFO [0m:      Sent reply
[92mINFO [0m:      
[92mINFO [0m:      Received: train message 71841abf-f36b-46f6-901f-7b77a2f97e32
[92mINFO [0m:      Sent reply
[92mINFO [0m:      
[92mINFO [0m:      Received: train message 292a0afc-26c5-4395-8854-a7ec5eca97e3
[92mINFO [0m:      Sent reply
[92mINFO [0m:      
[92mINFO [0m:      Received: evaluate message 4e4e8852-229a-4f49-bf04-6d81b0527056
[92mINFO [0m:      Sent reply
[92mINFO [0m:      
[92mINFO [0m:      Received: train message 033846cb-ebd9-4278-aeca-6409f3e8ad41
[92mINFO [0m:      Sent reply
[92mINFO [0m:      
[92mINFO [0m:      Received: train message a4747431-4bfb-448c-9699-725a93c657bd
[92mINFO [0m:      Sent reply
[92mINFO [0m:      
[92mINFO [0m:      Received: evaluate message 0bfb3993-978c-400b-a572-f28236fe632f
[92mINFO [0m:      Sent reply
[92mINFO [0m:      
[92mINFO [0m:      Received: train message eaa7a0c2-e777-4afc-b2cb-a1120bb58456
[92mINFO [0m:      Sent reply
[92mINFO [0m:      
[92mINFO [0m:      Received: evaluate message b7d29e35-b1cd-4c9c-8aa2-5c63699fcbb7
[92mINFO [0m:      Sent reply
[92mINFO [0m:      
[92mINFO [0m:      Received: train message b08f745e-193a-408a-9267-1d82e33da763
[92mINFO [0m:      Sent reply
[92mINFO [0m:      
[92mINFO [0m:      Received: train message a1f42074-ebd4-43dc-ab72-b9d74b860643
[92mINFO [0m:      Sent reply
[92mINFO [0m:      
[92mINFO [0m:      Received: evaluate message 37dda197-7ebf-48e5-98d1-2379196dbd56
[92mINFO [0m:      Sent reply
[92mINFO [0m:      
[92mINFO [0m:      Received: train message 245b1bfe-f403-423d-8cd9-c2e29ddd64f8
[92mINFO [0m:      Sent reply
[92mINFO [0m:      
[92mINFO [0m:      Received: evaluate message 14665ddd-c9e4-464e-a807-654920337e73
[92mINFO [0m:      Sent reply
[92mINFO [0m:      
[92mINFO [0m:      Received: train message d051487a-5be7-4d75-ba9c-53dae4064dda
[92mINFO [0m:      Sent reply
[92mINFO [0m:      
[92mINFO [0m:      Received: train message e6afe96f-e6c5-473d-9ff0-6babf2281433
[92mINFO [0m:      Sent reply
[92mINFO [0m:      
[92mINFO [0m:      Received: train message c5ac58b0-6e75-48e1-8f3b-ed3ab8aa8b45
[92mINFO [0m:      Sent reply
[92mINFO [0m:      
[92mINFO [0m:      Received: train message dc63a721-1d68-4a67-9224-8ebd9859b977
[92mINFO [0m:      Sent reply
[92mINFO [0m:      
[92mINFO [0m:      Received: evaluate message 1063d59e-dbb7-40da-87fe-11c9dd088847
[92mINFO [0m:      Sent reply
[92mINFO [0m:      
[92mINFO [0m:      Received: train message 588adb9f-c168-41f2-9136-713e451eed76
[92mINFO [0m:      Sent reply
[92mINFO [0m:      
[92mINFO [0m:      Received: evaluate message ba23f3d9-f109-4b73-9e41-e00f2c2c53ac
[92mINFO [0m:      Sent reply
[92mINFO [0m:      
[92mINFO [0m:      Received: evaluate message 9e8ed62c-564a-40f7-8909-c64a2d2cb398
[92mINFO [0m:      Sent reply
[92mINFO [0m:      
[92mINFO [0m:      Received: train message 9a8e13a8-0764-4c28-b031-d5764f8e823a
[92mINFO [0m:      Sent reply
[92mINFO [0m:      
[92mINFO [0m:      Received: train message 9e21f18a-1cf4-4946-ac9c-05fa611f8706
[92mINFO [0m:      Sent reply
[92mINFO [0m:      
[92mINFO [0m:      Received: evaluate message aa282845-2232-40e8-bc78-d61c35140e0a
[92mINFO [0m:      Sent reply
[92mINFO [0m:      
[92mINFO [0m:      Received: train message 8c6a6517-99f0-4a5f-9966-72f8b9927754
[92mINFO [0m:      Sent reply
[92mINFO [0m:      
[92mINFO [0m:      Received: evaluate message 57421c5c-2c74-4b06-8df5-359a0a1fb841
[92mINFO [0m:      Sent reply
[92mINFO [0m:      
[92mINFO [0m:      Received: evaluate message 8e3c1b45-a3b7-4429-b02f-7c1ae1e649de
[92mINFO [0m:      Sent reply
[92mINFO [0m:      
[92mINFO [0m:      Received: train message f4ab266b-cf33-42c8-90c7-c0fa2384c38b
[92mINFO [0m:      Sent reply
[92mINFO [0m:      
[92mINFO [0m:      Received: train message a23b1361-de5d-40fa-936d-732e29c41b54
[92mINFO [0m:      Sent reply
[92mINFO [0m:      
[92mINFO [0m:      Received: train message 21d18cf4-11e9-4e4d-8b2e-4406cb77a4d6
[92mINFO [0m:      Sent reply
[92mINFO [0m:      
[92mINFO [0m:      Received: train message b6bff848-a6df-4942-aef7-c4741e265e07
[92mINFO [0m:      Sent reply
[92mINFO [0m:      
[92mINFO [0m:      Received: train message 90a8a3b4-b89b-4749-ac10-34cf5f89bb3a
[92mINFO [0m:      Sent reply
[92mINFO [0m:      
[92mINFO [0m:      Received: evaluate message 6d23ef60-df23-4e79-b22b-f7d04b0ba43f
[92mINFO [0m:      Sent reply
[92mINFO [0m:      
[92mINFO [0m:      Received: train message b9d3847e-8635-4b16-8f5c-7c4bbfb45f50
[92mINFO [0m:      Sent reply
[92mINFO [0m:      
[92mINFO [0m:      Received: evaluate message 8747667e-fbae-41f0-879d-995c66e9ba7a
[92mINFO [0m:      Sent reply
[92mINFO [0m:      
[92mINFO [0m:      Received: train message 3a71317f-2d8d-48df-826f-15496f44ced2
[92mINFO [0m:      Sent reply
[92mINFO [0m:      
[92mINFO [0m:      Received: evaluate message 7ba473ff-c9bf-4a73-8411-c22bc87284c9
[92mINFO [0m:      Sent reply
[92mINFO [0m:      
[92mINFO [0m:      Received: evaluate message d114ff8f-a622-4716-82f3-1230cadabe2a
[92mINFO [0m:      Sent reply
[92mINFO [0m:      
[92mINFO [0m:      Received: train message ef72355e-f3c9-4bd7-ab50-4a846de9516a
[92mINFO [0m:      Sent reply
[92mINFO [0m:      
[92mINFO [0m:      Received: evaluate message 8eeceed4-aee7-4ddb-b629-ab36e190bbde
[92mINFO [0m:      Sent reply
[92mINFO [0m:      
[92mINFO [0m:      Received: evaluate message 46b3bb5e-96fc-4a82-9594-d8968d8518ce
[92mINFO [0m:      Sent reply
[92mINFO [0m:      
[92mINFO [0m:      Received: train message 979d8410-ecce-4bd3-95f5-af638e9a4cab
[92mINFO [0m:      Sent reply
[92mINFO [0m:      
[92mINFO [0m:      Received: evaluate message 382cad7d-1f05-4874-b7c1-5ace62301ca5
[92mINFO [0m:      Sent reply
[92mINFO [0m:      
[92mINFO [0m:      Received: train message 43c28722-5bde-4550-8110-5e87742da0fd
[92mINFO [0m:      Sent reply
[92mINFO [0m:      
[92mINFO [0m:      Received: train message 61bafcf7-f629-487a-a251-5870c7fa3ddc
[92mINFO [0m:      Sent reply
[92mINFO [0m:      
[92mINFO [0m:      Received: evaluate message 6b1e5061-81c1-486b-a018-d5d3d0a5c387
[92mINFO [0m:      Sent reply
[92mINFO [0m:      
[92mINFO [0m:      Received: evaluate message c01d04b4-160e-48e7-aa9e-9f836be6eba8
[92mINFO [0m:      Sent reply
[92mINFO [0m:      
[92mINFO [0m:      Received: train message c4bef228-15ff-4c1e-85b6-110271025e44
[92mINFO [0m:      Sent reply
[92mINFO [0m:      
[92mINFO [0m:      Received: train message e5d4df13-33f2-4a1f-8b2f-c99ed3a099f3
[92mINFO [0m:      Sent reply
[92mINFO [0m:      
[92mINFO [0m:      Received: train message 5d7b66b3-f606-468d-9551-aa938ab670cc
[92mINFO [0m:      Sent reply
[92mINFO [0m:      
[92mINFO [0m:      Received: evaluate message 7d64ba99-7337-4ac9-92b5-ae9323514d45
[92mINFO [0m:      Sent reply
[92mINFO [0m:      
[92mINFO [0m:      Received: evaluate message 83a177a4-2d23-4b26-a9a5-77f0150b332d
[92mINFO [0m:      Sent reply
[92mINFO [0m:      
[92mINFO [0m:      Received: evaluate message 8e979317-7e87-4173-b362-e84dcb63fcd5
[92mINFO [0m:      Sent reply
[92mINFO [0m:      
[92mINFO [0m:      Received: evaluate message f2105d34-fc7b-4f9a-8e88-05c5080fdbba
[92mINFO [0m:      Sent reply
[92mINFO [0m:      
[92mINFO [0m:      Received: train message 3d952977-7988-4c28-b4be-e3ede1d2aa8a
[92mINFO [0m:      Sent reply
[92mINFO [0m:      
[92mINFO [0m:      Received: evaluate message 1b1ebd39-c6a0-4dd0-bb21-dbb10327add7
[92mINFO [0m:      Sent reply
[92mINFO [0m:      
[92mINFO [0m:      Received: train message a343a8e7-a6a8-44ce-9943-2623815cf02a
[92mINFO [0m:      Sent reply
[92mINFO [0m:      
[92mINFO [0m:      Received: evaluate message c50cafff-4b16-455c-a4d7-52ebd4e1cfd5
[92mINFO [0m:      Sent reply
[92mINFO [0m:      
[92mINFO [0m:      Received: train message 085a4675-e0ed-4abd-a090-092430eda141
[92mINFO [0m:      Sent reply
[92mINFO [0m:      
[92mINFO [0m:      Received: evaluate message 88dbf12d-9540-4200-b839-893fc9cec69d
[92mINFO [0m:      Sent reply
[92mINFO [0m:      
[92mINFO [0m:      Received: train message 84de5441-d201-4384-bd4b-772843e3f423
[92mINFO [0m:      Sent reply
[92mINFO [0m:      
[92mINFO [0m:      Received: train message c287bd43-bf7b-40d7-b75b-5848d1adb734
[92mINFO [0m:      Sent reply
[92mINFO [0m:      
[92mINFO [0m:      Received: train message a93ade63-1965-4c78-8261-25a608609b7c
[92mINFO [0m:      Sent reply
[92mINFO [0m:      
[92mINFO [0m:      Received: evaluate message 771bad0d-7a6a-4509-873c-46bdc84817a8
[92mINFO [0m:      Sent reply
[92mINFO [0m:      
[92mINFO [0m:      Received: evaluate message 5be06619-9c48-4cf3-9f74-878532438974
[92mINFO [0m:      Sent reply
[92mINFO [0m:      
[92mINFO [0m:      Received: train message 7e8dac29-964e-4a4c-8919-103a30fe63f4
[92mINFO [0m:      Sent reply
[92mINFO [0m:      
[92mINFO [0m:      Received: evaluate message 99a60d90-24e4-43ab-9c62-225a92402eaa
[92mINFO [0m:      Sent reply
[92mINFO [0m:      
[92mINFO [0m:      Received: train message 001cfdad-2ee4-4f19-bbaa-0f07b8956cbe
[92mINFO [0m:      Sent reply
[92mINFO [0m:      
[92mINFO [0m:      Received: train message 2df78496-53b2-4d02-bb25-8ec188ab044a
[92mINFO [0m:      Sent reply
[92mINFO [0m:      
[92mINFO [0m:      Received: train message ea30ba33-6613-42b0-be9f-5de23349a892
[92mINFO [0m:      Sent reply
[92mINFO [0m:      
[92mINFO [0m:      Received: evaluate message 3eeb6b44-5ae4-450b-862c-75e9ba68731b
[92mINFO [0m:      Sent reply
[92mINFO [0m:      
[92mINFO [0m:      Received: train message 47e0a067-3f2f-4f7d-94ed-c4b93c9d3470
[92mINFO [0m:      Sent reply
[92mINFO [0m:      
[92mINFO [0m:      Received: evaluate message 4bc40469-7605-475f-9514-3f69d8fdbfea
[92mINFO [0m:      Sent reply
[92mINFO [0m:      
[92mINFO [0m:      Received: train message e431859f-abe4-4385-a1a2-3677405deef7
[92mINFO [0m:      Sent reply
[92mINFO [0m:      
[92mINFO [0m:      Received: evaluate message 72ae2985-cfb5-4a9d-9391-7952a4a9a3d9
[92mINFO [0m:      Sent reply
[92mINFO [0m:      
[92mINFO [0m:      Received: train message 4623e792-96e5-4c47-bdaa-c31dee7c9e77
[92mINFO [0m:      Sent reply
[92mINFO [0m:      
[92mINFO [0m:      Received: train message df693561-4d7f-49e5-a469-f6ca16fc5389
[92mINFO [0m:      Sent reply
[92mINFO [0m:      
[92mINFO [0m:      Received: evaluate message e0b86e64-b8ac-4d0e-9836-62e21ac7d551
[92mINFO [0m:      Sent reply
[92mINFO [0m:      
[92mINFO [0m:      Received: evaluate message 2313a517-9f20-4183-9201-c7f65b9d30cd
[92mINFO [0m:      Sent reply
[92mINFO [0m:      
[92mINFO [0m:      Received: evaluate message 57e7a5de-44c2-4a36-bc20-208481669693
[92mINFO [0m:      Sent reply
[92mINFO [0m:      
[92mINFO [0m:      Received: evaluate message d58e0e4f-175f-4a39-98ce-dc7e9856b3a5
[92mINFO [0m:      Sent reply
