[93mWARNING [0m:   DEPRECATED FEATURE: flwr.client.start_numpy_client() is deprecated. 
	Instead, use `flwr.client.start_client()` by ensuring you first call the `.to_client()` method as shown below: 
	flwr.client.start_client(
		server_address='<IP>:<PORT>',
		client=FlowerClient().to_client(), # <-- where FlowerClient is of type flwr.client.NumPyClient object
	)
	Using `start_numpy_client()` is deprecated.

            This is a deprecated feature. It will be removed
            entirely in future versions of Flower.
        
[93mWARNING [0m:   DEPRECATED FEATURE: flwr.client.start_client() is deprecated.
	Instead, use the `flower-supernode` CLI command to start a SuperNode as shown below:

		$ flower-supernode --insecure --superlink='<IP>:<PORT>'

	To view all available options, run:

		$ flower-supernode --help

	Using `start_client()` is deprecated.

            This is a deprecated feature. It will be removed
            entirely in future versions of Flower.
        
[92mINFO [0m:      
[92mINFO [0m:      Received: train message 969a7a1c-5a1b-4a9e-9d51-33b369911b1c
[92mINFO [0m:      Sent reply
[92mINFO [0m:      
[92mINFO [0m:      Received: train message 5bcd6b9a-854f-45da-96b5-b89ea47e917e
[92mINFO [0m:      Sent reply
[92mINFO [0m:      
[92mINFO [0m:      Received: train message 29a21ffc-517b-4838-9321-189648fce971
[92mINFO [0m:      Sent reply
[92mINFO [0m:      
[92mINFO [0m:      Received: evaluate message 6f303af0-aafd-4c71-b55a-e7d14bf22c6e
[92mINFO [0m:      Sent reply
[92mINFO [0m:      
[92mINFO [0m:      Received: train message 915d61e4-6e24-4aa2-bd7b-41c338a6af56
[92mINFO [0m:      Sent reply
[92mINFO [0m:      
[92mINFO [0m:      Received: evaluate message 6ea0340f-c004-4b9f-be4e-e10d22b56930
[92mINFO [0m:      Sent reply
[92mINFO [0m:      
[92mINFO [0m:      Received: evaluate message ec5e3eb3-454b-4e42-b6c2-556f4757a4dc
[92mINFO [0m:      Sent reply
[92mINFO [0m:      
[92mINFO [0m:      Received: evaluate message 50d51448-6ee2-461c-8981-2c8c2da537c8
[92mINFO [0m:      Sent reply
[92mINFO [0m:      
[92mINFO [0m:      Received: train message 56e58025-2729-422a-9d37-e02a86d5d1ee
[92mINFO [0m:      Sent reply
[92mINFO [0m:      
[92mINFO [0m:      Received: train message cc702899-54b6-4e16-b3e8-fb7b2c5290b9
[92mINFO [0m:      Sent reply
[92mINFO [0m:      
[92mINFO [0m:      Received: evaluate message ec37f12e-9035-4464-bad6-ee635ee5c74a
[92mINFO [0m:      Sent reply
[92mINFO [0m:      
[92mINFO [0m:      Received: train message 7b6cc90c-62d0-494e-9590-4daaed0570a0
[92mINFO [0m:      Sent reply
[92mINFO [0m:      
[92mINFO [0m:      Received: evaluate message 87a5da7c-962c-4317-b49a-396375532846
[92mINFO [0m:      Sent reply
[92mINFO [0m:      
[92mINFO [0m:      Received: train message 2694e77b-c293-45ba-a0ed-0f460bd58aa6
[92mINFO [0m:      Sent reply
[92mINFO [0m:      
[92mINFO [0m:      Received: evaluate message 181bf4a6-c85b-4c92-b35f-0bc223bf695f
[92mINFO [0m:      Sent reply
[92mINFO [0m:      
[92mINFO [0m:      Received: train message ca3fa7f1-b794-461c-8d10-5f2fb62f8c5d
[92mINFO [0m:      Sent reply
[92mINFO [0m:      
[92mINFO [0m:      Received: evaluate message 922ac996-662e-4bf2-8401-1000ed251074
[92mINFO [0m:      Sent reply
[92mINFO [0m:      
[92mINFO [0m:      Received: evaluate message 8e050c9b-9a34-43ef-a9ad-2e3a3cdb6a8c
[92mINFO [0m:      Sent reply
[92mINFO [0m:      
[92mINFO [0m:      Received: evaluate message a33dd668-b1bc-4f85-8ebb-08f69c5befcb
[92mINFO [0m:      Sent reply
[92mINFO [0m:      
[92mINFO [0m:      Received: train message 80d2e0f1-81bf-4e58-9a4c-bb9803314168
[92mINFO [0m:      Sent reply
[92mINFO [0m:      
[92mINFO [0m:      Received: train message c33de75c-986c-4e9b-b8f1-08aeaf61a645
[92mINFO [0m:      Sent reply
[92mINFO [0m:      
[92mINFO [0m:      Received: evaluate message f49b6ef5-3b69-4ec4-b7c6-198f441edde2
[92mINFO [0m:      Sent reply
[92mINFO [0m:      
[92mINFO [0m:      Received: train message 2aa0c1e4-2ed6-4aea-bcfd-f18046265ed3
[92mINFO [0m:      Sent reply
[92mINFO [0m:      
[92mINFO [0m:      Received: evaluate message e3d5f650-9702-4991-934a-ef92e31c7c6f
[92mINFO [0m:      Sent reply
[92mINFO [0m:      
[92mINFO [0m:      Received: evaluate message 92fbb073-0c23-411d-a6df-a68f62b63487
[92mINFO [0m:      Sent reply
[92mINFO [0m:      
[92mINFO [0m:      Received: train message 66135c66-2f09-42a8-81cf-2d4dea555b72
[92mINFO [0m:      Sent reply
[92mINFO [0m:      
[92mINFO [0m:      Received: train message 3375b0da-10c3-44c1-b80a-0736bf69d284
[92mINFO [0m:      Sent reply
[92mINFO [0m:      
[92mINFO [0m:      Received: train message 5440b2b6-db6f-48ca-8786-b865c0e689bd
[92mINFO [0m:      Sent reply
[92mINFO [0m:      
[92mINFO [0m:      Received: evaluate message 7ca6905c-6edb-44ee-8537-00e5a6a84cf0
[92mINFO [0m:      Sent reply
[92mINFO [0m:      
[92mINFO [0m:      Received: train message cc1bb066-5d6d-43e6-ab80-1e3c3bebb131
[92mINFO [0m:      Sent reply
[92mINFO [0m:      
[92mINFO [0m:      Received: train message 5fc472be-28b6-47ee-9db5-4b36742b5261
[92mINFO [0m:      Sent reply
[92mINFO [0m:      
[92mINFO [0m:      Received: train message cad29ef6-8b7b-4b93-a4f7-aa26c955a09a
[92mINFO [0m:      Sent reply
[92mINFO [0m:      
[92mINFO [0m:      Received: evaluate message 15ccec16-665a-4a30-aacc-fe5f7ceaf383
[92mINFO [0m:      Sent reply
[92mINFO [0m:      
[92mINFO [0m:      Received: train message b4a7bb25-1a15-4b59-b67d-20e24b10cbf7
[92mINFO [0m:      Sent reply
[92mINFO [0m:      
[92mINFO [0m:      Received: train message e405d5fa-0c83-4f5c-a106-a018f9aabd74
[92mINFO [0m:      Sent reply
[92mINFO [0m:      
[92mINFO [0m:      Received: evaluate message fa57b58a-9c29-4029-beb2-9134639a40c1
[92mINFO [0m:      Sent reply
[92mINFO [0m:      
[92mINFO [0m:      Received: evaluate message 95565f31-ff2d-46cb-90d9-f06517970df8
[92mINFO [0m:      Sent reply
[92mINFO [0m:      
[92mINFO [0m:      Received: train message c4cccb81-1a52-40e3-a426-a4eee14a847b
[92mINFO [0m:      Sent reply
[92mINFO [0m:      
[92mINFO [0m:      Received: evaluate message ddcd615c-c1c7-4486-b9a3-0bb2dade8b8f
[92mINFO [0m:      Sent reply
[92mINFO [0m:      
[92mINFO [0m:      Received: train message 06f6975b-ff19-402c-9b23-b8e5406daf50
[92mINFO [0m:      Sent reply
[92mINFO [0m:      
[92mINFO [0m:      Received: evaluate message 2441da1e-fccf-4c24-893f-51b40217bced
[92mINFO [0m:      Sent reply
[92mINFO [0m:      
[92mINFO [0m:      Received: evaluate message f3fd5f7f-07ba-421f-8194-d4f75536aad8
[92mINFO [0m:      Sent reply
[92mINFO [0m:      
[92mINFO [0m:      Received: evaluate message 8770ec74-e914-43af-88b3-70b836f24956
[92mINFO [0m:      Sent reply
[92mINFO [0m:      
[92mINFO [0m:      Received: train message cc90c134-1fdf-4be7-bf6b-52440f5ab6eb
[92mINFO [0m:      Sent reply
[92mINFO [0m:      
[92mINFO [0m:      Received: train message 4cc8d57b-5380-4158-add7-e3059d962e08
[92mINFO [0m:      Sent reply
[92mINFO [0m:      
[92mINFO [0m:      Received: train message 7f40b04e-bf29-497f-8c32-50790602b0c7
[92mINFO [0m:      Sent reply
[92mINFO [0m:      
[92mINFO [0m:      Received: evaluate message a96a49a3-1f57-41e2-b540-04516994f917
[92mINFO [0m:      Sent reply
[92mINFO [0m:      
[92mINFO [0m:      Received: train message 0a06e3d4-7afc-4783-b045-734a479937e1
[92mINFO [0m:      Sent reply
[92mINFO [0m:      
[92mINFO [0m:      Received: evaluate message 3381dac5-6493-474a-a369-38c2c91b09a1
[92mINFO [0m:      Sent reply
[92mINFO [0m:      
[92mINFO [0m:      Received: evaluate message b64fd5a3-b639-4917-8537-519847d48e22
[92mINFO [0m:      Sent reply
[92mINFO [0m:      
[92mINFO [0m:      Received: train message 0bd60172-7e1d-4c47-96a2-92fcb1717ad7
[92mINFO [0m:      Sent reply
[92mINFO [0m:      
[92mINFO [0m:      Received: train message d4e033fa-7482-4cd7-ac27-6c3cbe36c58d
[92mINFO [0m:      Sent reply
[92mINFO [0m:      
[92mINFO [0m:      Received: train message 79f9c36d-ed08-4c4e-9e83-44280120dfb7
[92mINFO [0m:      Sent reply
[92mINFO [0m:      
[92mINFO [0m:      Received: train message ab675273-576a-45dc-a408-79baeab18ea5
[92mINFO [0m:      Sent reply
[92mINFO [0m:      
[92mINFO [0m:      Received: evaluate message d92efbcf-8f77-489f-a0c9-4fa441efa71a
[92mINFO [0m:      Sent reply
[92mINFO [0m:      
[92mINFO [0m:      Received: evaluate message c54f4e7d-fe18-4985-96cd-c71fe0ddc310
[92mINFO [0m:      Sent reply
[92mINFO [0m:      
[92mINFO [0m:      Received: train message 1e3d3d80-1bc9-421e-92a7-1a3accb544c7
[92mINFO [0m:      Sent reply
[92mINFO [0m:      
[92mINFO [0m:      Received: train message 0e5eb010-b5f3-4a70-b668-3d8bb4a6577a
[92mINFO [0m:      Sent reply
[92mINFO [0m:      
[92mINFO [0m:      Received: train message 6e224fd2-0549-4730-a1ea-3637bfea47c4
[92mINFO [0m:      Sent reply
[92mINFO [0m:      
[92mINFO [0m:      Received: evaluate message 5f34b69e-7ceb-43ae-acd1-701bec9f49e9
[92mINFO [0m:      Sent reply
[92mINFO [0m:      
[92mINFO [0m:      Received: train message 61520078-c9eb-4ff9-b0f2-bfb701e9f35c
[92mINFO [0m:      Sent reply
[92mINFO [0m:      
[92mINFO [0m:      Received: train message 9a13dd3a-6456-475c-96ab-723af1d64ac9
[92mINFO [0m:      Sent reply
[92mINFO [0m:      
[92mINFO [0m:      Received: train message 08be7574-59ed-4058-b1ef-18248013e41a
[92mINFO [0m:      Sent reply
[92mINFO [0m:      
[92mINFO [0m:      Received: evaluate message f7a6131a-cee5-4799-a558-b8c1288e8176
[92mINFO [0m:      Sent reply
[92mINFO [0m:      
[92mINFO [0m:      Received: train message cfc72be9-f041-4903-8f1b-5e4edd1104be
[92mINFO [0m:      Sent reply
[92mINFO [0m:      
[92mINFO [0m:      Received: evaluate message 6cd3932f-3084-4dfa-8a85-cfd57324bcee
[92mINFO [0m:      Sent reply
[92mINFO [0m:      
[92mINFO [0m:      Received: train message 84ef8a27-a671-44a0-a521-6f2449b77b34
[92mINFO [0m:      Sent reply
[92mINFO [0m:      
[92mINFO [0m:      Received: evaluate message bf90ed3e-89ef-45e5-9dff-a0130d999572
[92mINFO [0m:      Sent reply
[92mINFO [0m:      
[92mINFO [0m:      Received: train message c9ff1aab-c6c7-45a8-a212-09361644fa9e
[92mINFO [0m:      Sent reply
[92mINFO [0m:      
[92mINFO [0m:      Received: evaluate message 454ed70d-d2d1-42c3-9907-ef8190c5e80f
[92mINFO [0m:      Sent reply
[92mINFO [0m:      
[92mINFO [0m:      Received: train message 2dff769c-9ead-4837-b45c-8d7b8df14d26
[92mINFO [0m:      Sent reply
[92mINFO [0m:      
[92mINFO [0m:      Received: evaluate message 90809c1e-67ab-4ab8-b6bf-56d64205cb9f
[92mINFO [0m:      Sent reply
[92mINFO [0m:      
[92mINFO [0m:      Received: evaluate message d86fe32e-496a-4d60-b1a4-80591177f85b
[92mINFO [0m:      Sent reply
[92mINFO [0m:      
[92mINFO [0m:      Received: train message 396bbd30-6337-49a7-8202-c7b10b78c939
[92mINFO [0m:      Sent reply
[92mINFO [0m:      
[92mINFO [0m:      Received: evaluate message 089c9e75-1af7-4b92-a414-9d6c705290c7
[92mINFO [0m:      Sent reply
[92mINFO [0m:      
[92mINFO [0m:      Received: train message 7becbf9a-707b-4582-952d-fa8a3f9da144
[92mINFO [0m:      Sent reply
[92mINFO [0m:      
[92mINFO [0m:      Received: train message 89f3232a-4b8e-481a-99cd-7908c17590c7
[92mINFO [0m:      Sent reply
[92mINFO [0m:      
[92mINFO [0m:      Received: evaluate message fd1ca211-8328-4012-9dcb-0cebc609a9f2
[92mINFO [0m:      Sent reply
[92mINFO [0m:      
[92mINFO [0m:      Received: evaluate message 46167870-dbfb-4ff4-b5d2-0d009879c175
[92mINFO [0m:      Sent reply
[92mINFO [0m:      
[92mINFO [0m:      Received: evaluate message bb2e5f62-82fd-4ed3-9aa3-6aa1b572b146
[92mINFO [0m:      Sent reply
[92mINFO [0m:      
[92mINFO [0m:      Received: evaluate message 8e22a93b-302e-468d-99aa-3b80154e5dd7
[92mINFO [0m:      Sent reply
[92mINFO [0m:      
[92mINFO [0m:      Received: train message 0c8e609d-9536-4763-88b2-372740f9ada6
[92mINFO [0m:      Sent reply
[92mINFO [0m:      
[92mINFO [0m:      Received: evaluate message 62d378ec-d773-45a2-a0c5-5953c955e36b
[92mINFO [0m:      Sent reply
[92mINFO [0m:      
[92mINFO [0m:      Received: train message a18a0b57-ddb5-48d9-bbf7-3d563b550793
[92mINFO [0m:      Sent reply
[92mINFO [0m:      
[92mINFO [0m:      Received: train message eeae70d1-73c7-420b-b32d-0ee578974924
[92mINFO [0m:      Sent reply
[92mINFO [0m:      
[92mINFO [0m:      Received: train message ea4317fa-cbb6-4060-a7af-1cef6698322c
[92mINFO [0m:      Sent reply
[92mINFO [0m:      
[92mINFO [0m:      Received: evaluate message 60cdd85e-28b9-48a3-bef6-60b8fc3bbf97
[92mINFO [0m:      Sent reply
[92mINFO [0m:      
[92mINFO [0m:      Received: evaluate message c586d5bf-4fb3-4d5f-a1ad-528ad1d248e3
[92mINFO [0m:      Sent reply
[92mINFO [0m:      
[92mINFO [0m:      Received: train message 193fd761-c763-4fbe-97d1-2b5f1bb1e8e6
[92mINFO [0m:      Sent reply
[92mINFO [0m:      
[92mINFO [0m:      Received: train message 9ab88a1c-6962-4a79-8b42-6e9fb01840c6
[92mINFO [0m:      Sent reply
[92mINFO [0m:      
[92mINFO [0m:      Received: train message 745c4a0f-b7d7-4115-8946-e9abd8ad11cc
[92mINFO [0m:      Sent reply
[92mINFO [0m:      
[92mINFO [0m:      Received: evaluate message 65ef9a26-b82b-49e8-9ea8-55d90152b7f9
[92mINFO [0m:      Sent reply
[92mINFO [0m:      
[92mINFO [0m:      Received: train message e6a7f27c-9269-4ed0-afa1-37479c56ce6b
[92mINFO [0m:      Sent reply
[92mINFO [0m:      
[92mINFO [0m:      Received: evaluate message a567abcb-0ae7-456d-921b-da4791f5408d
[92mINFO [0m:      Sent reply
[92mINFO [0m:      
[92mINFO [0m:      Received: train message 40114776-38ca-403c-943e-386884d6cf49
[92mINFO [0m:      Sent reply
[92mINFO [0m:      
[92mINFO [0m:      Received: evaluate message 12a3501c-9013-4de6-95a0-098b9c85c25e
[92mINFO [0m:      Sent reply
[92mINFO [0m:      
[92mINFO [0m:      Received: evaluate message 2ab6f63e-df7d-485d-892e-f777c54089ab
[92mINFO [0m:      Sent reply
[92mINFO [0m:      
[92mINFO [0m:      Received: train message 926ca190-1b08-412c-ab80-3137174f3bf5
[92mINFO [0m:      Sent reply
[92mINFO [0m:      
[92mINFO [0m:      Received: train message 8ab8b11f-1f98-4769-8034-b8422714f20d
[92mINFO [0m:      Sent reply
[92mINFO [0m:      
[92mINFO [0m:      Received: evaluate message 502c8e88-cd61-4d76-b924-1ee712226970
[92mINFO [0m:      Sent reply
[92mINFO [0m:      
[92mINFO [0m:      Received: train message 8024cb27-de61-460d-acd8-625cb8f53033
[92mINFO [0m:      Sent reply
[92mINFO [0m:      
[92mINFO [0m:      Received: evaluate message 2257e279-1efa-43f3-8a63-da2565a3ed14
[92mINFO [0m:      Sent reply
[92mINFO [0m:      
[92mINFO [0m:      Received: train message 233390b2-a58f-497a-afcd-505e21c9187d
[92mINFO [0m:      Sent reply
[92mINFO [0m:      
[92mINFO [0m:      Received: evaluate message 527d2412-1930-43ef-9967-13d86744c5ea
[92mINFO [0m:      Sent reply
[92mINFO [0m:      
[92mINFO [0m:      Received: train message 0357abe2-87f4-4cf1-a53f-80c677762452
[92mINFO [0m:      Sent reply
[92mINFO [0m:      
[92mINFO [0m:      Received: train message 4fc4edc1-759d-49f5-91c8-0fb7e4bf2991
[92mINFO [0m:      Sent reply
[92mINFO [0m:      
[92mINFO [0m:      Received: train message fed43362-72e6-4265-b753-552c6d16144d
[92mINFO [0m:      Sent reply
[92mINFO [0m:      
[92mINFO [0m:      Received: evaluate message abc08f5a-2936-42bd-8ccd-64c85e4f5806
[92mINFO [0m:      Sent reply
[92mINFO [0m:      
[92mINFO [0m:      Received: train message a4bc2713-0447-4d2e-b049-2eef31aa0232
[92mINFO [0m:      Sent reply
[92mINFO [0m:      
[92mINFO [0m:      Received: train message 34492274-5b13-4ddb-be98-5bf1214f187c
[92mINFO [0m:      Sent reply
[92mINFO [0m:      
[92mINFO [0m:      Received: train message 15aa2f02-4a5b-4874-a1c8-a5b82fcb5c46
[92mINFO [0m:      Sent reply
[92mINFO [0m:      
[92mINFO [0m:      Received: train message 04509c48-6f9f-4c8f-b891-80a70284794c
[92mINFO [0m:      Sent reply
[92mINFO [0m:      
[92mINFO [0m:      Received: evaluate message 9a918f7c-2ee7-42fe-bc1b-e2e2ecc0f787
[92mINFO [0m:      Sent reply
[92mINFO [0m:      
[92mINFO [0m:      Received: train message 7229e859-aa2f-4d52-820f-89af1243188b
[92mINFO [0m:      Sent reply
[92mINFO [0m:      
[92mINFO [0m:      Received: evaluate message b9c3e639-b239-4f00-b3fe-4dc0ba76ae0d
[92mINFO [0m:      Sent reply
[92mINFO [0m:      
[92mINFO [0m:      Received: evaluate message f97405c9-2b78-41b5-8b88-dd2f5bf0e041
[92mINFO [0m:      Sent reply
[92mINFO [0m:      
[92mINFO [0m:      Received: evaluate message 8ce8af1b-77bc-455a-a4bf-2005509fce25
[92mINFO [0m:      Sent reply
[92mINFO [0m:      
[92mINFO [0m:      Received: evaluate message 4b3c8a3f-2ba7-40a5-8004-ade98d119663
[92mINFO [0m:      Sent reply
[92mINFO [0m:      
[92mINFO [0m:      Received: train message fe453f40-4302-46cd-9c35-145f87e876a1
[92mINFO [0m:      Sent reply
[92mINFO [0m:      
[92mINFO [0m:      Received: evaluate message 211751ca-f240-4e93-92b7-fd44517125e7
[92mINFO [0m:      Sent reply
[92mINFO [0m:      
[92mINFO [0m:      Received: train message f8ae45ce-a6f4-4677-994a-747a98cc60bd
[92mINFO [0m:      Sent reply
[92mINFO [0m:      
[92mINFO [0m:      Received: train message 915566b9-da31-4290-bfde-745dfa77aca2
[92mINFO [0m:      Sent reply
[92mINFO [0m:      
[92mINFO [0m:      Received: train message 8d90dccc-e851-427e-a374-15832b36b383
[92mINFO [0m:      Sent reply
[92mINFO [0m:      
[92mINFO [0m:      Received: evaluate message e47a3aa0-815a-4a6c-b32a-a0981390d698
[92mINFO [0m:      Sent reply
[92mINFO [0m:      
[92mINFO [0m:      Received: train message 96d68d8c-6ba0-4f91-89a6-6f5eec0e1ad8
[92mINFO [0m:      Sent reply
[92mINFO [0m:      
[92mINFO [0m:      Received: evaluate message 5e25f17d-991b-4781-b0de-9b6de1706dbb
[92mINFO [0m:      Sent reply
[92mINFO [0m:      
[92mINFO [0m:      Received: train message b92b6c39-7fe9-49b5-b6a7-efe034a23105
[92mINFO [0m:      Sent reply
[92mINFO [0m:      
[92mINFO [0m:      Received: evaluate message a03cb7fd-324c-4356-b897-79bef179a23b
[92mINFO [0m:      Sent reply
[92mINFO [0m:      
[92mINFO [0m:      Received: evaluate message ae712d3c-e99b-430c-ab33-f360438857b1
[92mINFO [0m:      Sent reply
[92mINFO [0m:      
[92mINFO [0m:      Received: train message e66ed071-b79a-47e2-b99e-85bdc16f10a2
[92mINFO [0m:      Sent reply
[92mINFO [0m:      
[92mINFO [0m:      Received: train message d83509ad-6ffa-4d93-a045-22be5ac26633
[92mINFO [0m:      Sent reply
[92mINFO [0m:      
[92mINFO [0m:      Received: evaluate message 5a9ed8e4-953f-452d-b911-2c2aeed1eb9f
[92mINFO [0m:      Sent reply
[92mINFO [0m:      
[92mINFO [0m:      Received: train message 93c8c300-71ed-4f29-b1ce-8bbd3e7af0ca
[92mINFO [0m:      Sent reply
[92mINFO [0m:      
[92mINFO [0m:      Received: train message 20586cff-2866-46f9-abf0-1eb0100ba406
[92mINFO [0m:      Sent reply
[92mINFO [0m:      
[92mINFO [0m:      Received: evaluate message d77cfa4c-12dd-472d-ad3f-adb5dfdaba84
[92mINFO [0m:      Sent reply
[92mINFO [0m:      
[92mINFO [0m:      Received: evaluate message aa1a99c6-4d45-4dff-b55a-26fcdc6e614e
[92mINFO [0m:      Sent reply
[92mINFO [0m:      
[92mINFO [0m:      Received: train message 013e7b67-5428-4c86-b45d-887b445bb7ca
[92mINFO [0m:      Sent reply
[92mINFO [0m:      
[92mINFO [0m:      Received: evaluate message 2d9a8998-2784-4476-84a1-1ceea0f693c6
[92mINFO [0m:      Sent reply
[92mINFO [0m:      
[92mINFO [0m:      Received: train message 93e50eca-3602-4992-bcda-658de8b8d007
[92mINFO [0m:      Sent reply
[92mINFO [0m:      
[92mINFO [0m:      Received: evaluate message c048d1f6-020f-4b10-8797-ce2e64bf9485
[92mINFO [0m:      Sent reply
[92mINFO [0m:      
[92mINFO [0m:      Received: evaluate message b1dc5be2-d909-4c04-a0a1-ada1f7c75be1
[92mINFO [0m:      Sent reply
[92mINFO [0m:      
[92mINFO [0m:      Received: evaluate message 53b4596c-21cf-4b8c-b04e-e26503fcc322
[92mINFO [0m:      Sent reply
[92mINFO [0m:      
[92mINFO [0m:      Received: evaluate message 4c49d612-3832-456b-ba28-7b934a035e44
[92mINFO [0m:      Sent reply
[92mINFO [0m:      
[92mINFO [0m:      Received: train message 7c884a11-fa14-46d3-8e24-97da3f484f5f
[92mINFO [0m:      Sent reply
[92mINFO [0m:      
[92mINFO [0m:      Received: evaluate message 2adbb5d0-3a4a-44b6-825e-fa61ae504bb2
[92mINFO [0m:      Sent reply
[92mINFO [0m:      
[92mINFO [0m:      Received: evaluate message 7f315873-6715-469f-a535-b3b72ae1761b
[92mINFO [0m:      Sent reply
[92mINFO [0m:      
[92mINFO [0m:      Received: train message 9e31497a-30d8-48f0-8123-6719b282a5fb
[92mINFO [0m:      Sent reply
[92mINFO [0m:      
[92mINFO [0m:      Received: evaluate message 641ee07c-7c34-4e00-a84e-181c995edf9a
[92mINFO [0m:      Sent reply
[92mINFO [0m:      
[92mINFO [0m:      Received: train message ed4a19b0-2aaf-43f4-909a-fe7c5b1f2ab3
[92mINFO [0m:      Sent reply
[92mINFO [0m:      
[92mINFO [0m:      Received: evaluate message 6cfbbc32-6a58-4480-b171-5b2de7fab17b
[92mINFO [0m:      Sent reply
[92mINFO [0m:      
[92mINFO [0m:      Received: evaluate message 9395a302-a254-43cc-aec6-8415ba781a05
[92mINFO [0m:      Sent reply
[92mINFO [0m:      
[92mINFO [0m:      Received: train message 08d6babb-6035-42d2-91ca-f64cf1052d82
[92mINFO [0m:      Sent reply
[92mINFO [0m:      
[92mINFO [0m:      Received: evaluate message 25959408-724a-475d-8e67-379d5de209dd
[92mINFO [0m:      Sent reply
[92mINFO [0m:      
[92mINFO [0m:      Received: evaluate message debca0de-3350-423a-8ea2-efa267b9100d
[92mINFO [0m:      Sent reply
[92mINFO [0m:      
[92mINFO [0m:      Received: train message de1acc89-d7c1-4e4a-add5-ac4cdb270e9b
[92mINFO [0m:      Sent reply
[92mINFO [0m:      
[92mINFO [0m:      Received: train message fbe934fb-90e5-40d4-bca6-0f53694ee9ef
[92mINFO [0m:      Sent reply
[92mINFO [0m:      
[92mINFO [0m:      Received: evaluate message 24ea052a-9ba0-4a28-abda-7a6b2f2bd359
[92mINFO [0m:      Sent reply
[92mINFO [0m:      
[92mINFO [0m:      Received: evaluate message 5c78eea2-18e1-4b92-998a-0146bce28efe
[92mINFO [0m:      Sent reply
[92mINFO [0m:      
[92mINFO [0m:      Received: train message bb1c92cc-7d3c-46ba-8089-258c0d26d89a
[92mINFO [0m:      Sent reply
[92mINFO [0m:      
[92mINFO [0m:      Received: evaluate message 3c6b0559-0b03-44bc-b410-7f1a69bed46c
[92mINFO [0m:      Sent reply
[92mINFO [0m:      
[92mINFO [0m:      Received: evaluate message 1ca3fd60-338c-4e24-af16-468569c57b42
[92mINFO [0m:      Sent reply
[92mINFO [0m:      
[92mINFO [0m:      Received: train message 02c7ba62-e560-41eb-81e5-d9fa49e03e7b
[92mINFO [0m:      Sent reply
[92mINFO [0m:      
[92mINFO [0m:      Received: train message 1f0ded57-8616-4acc-a952-c447fa4eb3ad
[92mINFO [0m:      Sent reply
[92mINFO [0m:      
[92mINFO [0m:      Received: train message 03df9d8e-8cfd-4bf9-a255-16a155a8eb9b
[92mINFO [0m:      Sent reply
[92mINFO [0m:      
[92mINFO [0m:      Received: train message 8b44a37b-3b25-4977-8a9d-97094bdbffb5
[92mINFO [0m:      Sent reply
[92mINFO [0m:      
[92mINFO [0m:      Received: train message 5888747a-b886-4e2a-a5cd-0f0be86c0ffe
[92mINFO [0m:      Sent reply
[92mINFO [0m:      
[92mINFO [0m:      Received: train message c273aac0-0078-4bc1-955c-d99053899049
[92mINFO [0m:      Sent reply
[92mINFO [0m:      
[92mINFO [0m:      Received: evaluate message 7da1dc90-4432-48f1-a3cf-5abfb19c3b6f
[92mINFO [0m:      Sent reply
[92mINFO [0m:      
[92mINFO [0m:      Received: evaluate message 0e427a78-afc3-4637-adb6-55d81482e68c
[92mINFO [0m:      Sent reply
[92mINFO [0m:      
[92mINFO [0m:      Received: evaluate message 0197a62b-e2d9-44b1-80b3-4d2f14d8cd19
[92mINFO [0m:      Sent reply
[92mINFO [0m:      
[92mINFO [0m:      Received: train message bc2a0dd4-82b9-451b-bfd2-962dcd38a04e
[92mINFO [0m:      Sent reply
[92mINFO [0m:      
[92mINFO [0m:      Received: evaluate message 27da2e02-16c8-4ef1-bfd0-b83418bce421
[92mINFO [0m:      Sent reply
[92mINFO [0m:      
[92mINFO [0m:      Received: train message 8e0abefc-fdb1-4f2c-8e86-a8904fcb9ae2
[92mINFO [0m:      Sent reply
[92mINFO [0m:      
[92mINFO [0m:      Received: train message 09f2f78e-26f5-41a6-ae78-f9a4e6355458
[92mINFO [0m:      Sent reply
[92mINFO [0m:      
[92mINFO [0m:      Received: evaluate message 0f6dffc5-c901-4a89-a00c-7d31aef62905
[92mINFO [0m:      Sent reply
[92mINFO [0m:      
[92mINFO [0m:      Received: evaluate message b79e30f5-3e74-4945-b84a-e8453a67b9bc
[92mINFO [0m:      Sent reply
[92mINFO [0m:      
[92mINFO [0m:      Received: evaluate message 9bd458db-55e4-43cb-8e23-5a6b6f59b5c9
[92mINFO [0m:      Sent reply
[92mINFO [0m:      
[92mINFO [0m:      Received: evaluate message c990a2b9-1125-4812-8e4d-5e8a62d70f1e
[92mINFO [0m:      Sent reply
[92mINFO [0m:      
[92mINFO [0m:      Received: train message 1608d13f-7fd7-477e-a06d-dfd6bb0d4555
[92mINFO [0m:      Sent reply
[92mINFO [0m:      
[92mINFO [0m:      Received: evaluate message 59d68a17-30bf-4f6b-8f15-4b23783ff0bd
[92mINFO [0m:      Sent reply
