[93mWARNING [0m:   DEPRECATED FEATURE: flwr.server.start_server() is deprecated.
	Instead, use the `flower-superlink` CLI command to start a SuperLink as shown below:

		$ flower-superlink --insecure

	To view usage and all available options, run:

		$ flower-superlink --help

	Using `start_server()` is deprecated.

            This is a deprecated feature. It will be removed
            entirely in future versions of Flower.
        
[92mINFO [0m:      Starting Flower server, config: num_rounds=10, no round_timeout
[92mINFO [0m:      Flower ECE: gRPC server running (10 rounds), SSL is disabled
[92mINFO [0m:      [INIT]
[92mINFO [0m:      Requesting initial parameters from one random client
[92mINFO [0m:      Received initial parameters from one random client
[92mINFO [0m:      Starting evaluation of initial global parameters
[92mINFO [0m:      initial parameters (loss, other metrics): 0.0, {'rmse': 0.0, 'mse': 0.0, 'mae': 0.0, 'r2': 0.0}
[92mINFO [0m:      
[92mINFO [0m:      [ROUND 1]
[92mINFO [0m:      configure_fit: strategy sampled 12 clients (out of 25)
[92mINFO [0m:      aggregate_fit: received 12 results and 0 failures
[93mWARNING [0m:   No fit_metrics_aggregation_fn provided
[92mINFO [0m:      fit progress: (1, 0.0, {'rmse': 0.0, 'mse': 0.0, 'mae': 0.0, 'r2': 0.0}, 44.852271768999344)
[92mINFO [0m:      configure_evaluate: strategy sampled 25 clients (out of 25)
[92mINFO [0m:      aggregate_evaluate: received 0 results and 25 failures
[92mINFO [0m:      
[92mINFO [0m:      [ROUND 2]
[92mINFO [0m:      configure_fit: strategy sampled 25 clients (out of 25)
[92mINFO [0m:      aggregate_fit: received 25 results and 0 failures
[92mINFO [0m:      fit progress: (2, 0.0, {'rmse': 0.0, 'mse': 0.0, 'mae': 0.0, 'r2': 0.0}, 49.95284048099711)
[92mINFO [0m:      configure_evaluate: strategy sampled 25 clients (out of 25)
[92mINFO [0m:      aggregate_evaluate: received 0 results and 25 failures
[92mINFO [0m:      
[92mINFO [0m:      [ROUND 3]
[92mINFO [0m:      configure_fit: strategy sampled 25 clients (out of 25)
[92mINFO [0m:      aggregate_fit: received 25 results and 0 failures
[92mINFO [0m:      fit progress: (3, 0.0, {'rmse': 0.0, 'mse': 0.0, 'mae': 0.0, 'r2': 0.0}, 54.82607910400111)
[92mINFO [0m:      configure_evaluate: strategy sampled 25 clients (out of 25)
[92mINFO [0m:      aggregate_evaluate: received 0 results and 25 failures
[92mINFO [0m:      
[92mINFO [0m:      [ROUND 4]
[92mINFO [0m:      configure_fit: strategy sampled 25 clients (out of 25)
[92mINFO [0m:      aggregate_fit: received 25 results and 0 failures
[92mINFO [0m:      fit progress: (4, 0.0, {'rmse': 0.0, 'mse': 0.0, 'mae': 0.0, 'r2': 0.0}, 59.6971400370021)
[92mINFO [0m:      configure_evaluate: strategy sampled 25 clients (out of 25)
[92mINFO [0m:      aggregate_evaluate: received 0 results and 25 failures
[92mINFO [0m:      
[92mINFO [0m:      [ROUND 5]
[92mINFO [0m:      configure_fit: strategy sampled 25 clients (out of 25)
[92mINFO [0m:      aggregate_fit: received 25 results and 0 failures
[92mINFO [0m:      fit progress: (5, 0.0, {'rmse': 0.0, 'mse': 0.0, 'mae': 0.0, 'r2': 0.0}, 64.53984624399891)
[92mINFO [0m:      configure_evaluate: strategy sampled 25 clients (out of 25)
[92mINFO [0m:      aggregate_evaluate: received 0 results and 25 failures
[92mINFO [0m:      
[92mINFO [0m:      [ROUND 6]
[92mINFO [0m:      configure_fit: strategy sampled 25 clients (out of 25)
[92mINFO [0m:      aggregate_fit: received 25 results and 0 failures
[92mINFO [0m:      fit progress: (6, 0.0, {'rmse': 0.0, 'mse': 0.0, 'mae': 0.0, 'r2': 0.0}, 69.3090653390027)
[92mINFO [0m:      configure_evaluate: strategy sampled 25 clients (out of 25)
[92mINFO [0m:      aggregate_evaluate: received 0 results and 25 failures
[92mINFO [0m:      
[92mINFO [0m:      [ROUND 7]
[92mINFO [0m:      configure_fit: strategy sampled 25 clients (out of 25)
[92mINFO [0m:      aggregate_fit: received 25 results and 0 failures
[92mINFO [0m:      fit progress: (7, 0.0, {'rmse': 0.0, 'mse': 0.0, 'mae': 0.0, 'r2': 0.0}, 74.16642959800083)
[92mINFO [0m:      configure_evaluate: strategy sampled 25 clients (out of 25)
[92mINFO [0m:      aggregate_evaluate: received 0 results and 25 failures
[92mINFO [0m:      
[92mINFO [0m:      [ROUND 8]
[92mINFO [0m:      configure_fit: strategy sampled 25 clients (out of 25)
[92mINFO [0m:      aggregate_fit: received 25 results and 0 failures
[92mINFO [0m:      fit progress: (8, 0.0, {'rmse': 0.0, 'mse': 0.0, 'mae': 0.0, 'r2': 0.0}, 78.96773021000263)
[92mINFO [0m:      configure_evaluate: strategy sampled 25 clients (out of 25)
[92mINFO [0m:      aggregate_evaluate: received 0 results and 25 failures
[92mINFO [0m:      
[92mINFO [0m:      [ROUND 9]
[92mINFO [0m:      configure_fit: strategy sampled 25 clients (out of 25)
[92mINFO [0m:      aggregate_fit: received 25 results and 0 failures
[92mINFO [0m:      fit progress: (9, 0.0, {'rmse': 0.0, 'mse': 0.0, 'mae': 0.0, 'r2': 0.0}, 83.75049538700114)
[92mINFO [0m:      configure_evaluate: strategy sampled 25 clients (out of 25)
[92mINFO [0m:      aggregate_evaluate: received 0 results and 25 failures
[92mINFO [0m:      
[92mINFO [0m:      [ROUND 10]
[92mINFO [0m:      configure_fit: strategy sampled 25 clients (out of 25)
[92mINFO [0m:      aggregate_fit: received 25 results and 0 failures
[92mINFO [0m:      fit progress: (10, 0.0, {'rmse': 0.0, 'mse': 0.0, 'mae': 0.0, 'r2': 0.0}, 88.54159212199738)
[92mINFO [0m:      configure_evaluate: strategy sampled 25 clients (out of 25)
[92mINFO [0m:      aggregate_evaluate: received 0 results and 25 failures
[92mINFO [0m:      
[92mINFO [0m:      [SUMMARY]
[92mINFO [0m:      Run finished 10 round(s) in 88.60s
[92mINFO [0m:      	History (loss, centralized):
[92mINFO [0m:      		round 0: 0.0
[92mINFO [0m:      		round 1: 0.0
[92mINFO [0m:      		round 2: 0.0
[92mINFO [0m:      		round 3: 0.0
[92mINFO [0m:      		round 4: 0.0
[92mINFO [0m:      		round 5: 0.0
[92mINFO [0m:      		round 6: 0.0
[92mINFO [0m:      		round 7: 0.0
[92mINFO [0m:      		round 8: 0.0
[92mINFO [0m:      		round 9: 0.0
[92mINFO [0m:      		round 10: 0.0
[92mINFO [0m:      	History (metrics, centralized):
[92mINFO [0m:      	{'mae': [(0, 0.0),
[92mINFO [0m:      	         (1, 0.0),
[92mINFO [0m:      	         (2, 0.0),
[92mINFO [0m:      	         (3, 0.0),
[92mINFO [0m:      	         (4, 0.0),
[92mINFO [0m:      	         (5, 0.0),
[92mINFO [0m:      	         (6, 0.0),
[92mINFO [0m:      	         (7, 0.0),
[92mINFO [0m:      	         (8, 0.0),
[92mINFO [0m:      	         (9, 0.0),
[92mINFO [0m:      	         (10, 0.0)],
[92mINFO [0m:      	 'mse': [(0, 0.0),
[92mINFO [0m:      	         (1, 0.0),
[92mINFO [0m:      	         (2, 0.0),
[92mINFO [0m:      	         (3, 0.0),
[92mINFO [0m:      	         (4, 0.0),
[92mINFO [0m:      	         (5, 0.0),
[92mINFO [0m:      	         (6, 0.0),
[92mINFO [0m:      	         (7, 0.0),
[92mINFO [0m:      	         (8, 0.0),
[92mINFO [0m:      	         (9, 0.0),
[92mINFO [0m:      	         (10, 0.0)],
[92mINFO [0m:      	 'r2': [(0, 0.0),
[92mINFO [0m:      	        (1, 0.0),
[92mINFO [0m:      	        (2, 0.0),
[92mINFO [0m:      	        (3, 0.0),
[92mINFO [0m:      	        (4, 0.0),
[92mINFO [0m:      	        (5, 0.0),
[92mINFO [0m:      	        (6, 0.0),
[92mINFO [0m:      	        (7, 0.0),
[92mINFO [0m:      	        (8, 0.0),
[92mINFO [0m:      	        (9, 0.0),
[92mINFO [0m:      	        (10, 0.0)],
[92mINFO [0m:      	 'rmse': [(0, 0.0),
[92mINFO [0m:      	          (1, 0.0),
[92mINFO [0m:      	          (2, 0.0),
[92mINFO [0m:      	          (3, 0.0),
[92mINFO [0m:      	          (4, 0.0),
[92mINFO [0m:      	          (5, 0.0),
[92mINFO [0m:      	          (6, 0.0),
[92mINFO [0m:      	          (7, 0.0),
[92mINFO [0m:      	          (8, 0.0),
[92mINFO [0m:      	          (9, 0.0),
[92mINFO [0m:      	          (10, 0.0)]}
[92mINFO [0m:      
🚀 Starting NASA Federated Learning Server
==================================================
Experiment ID: nasa_25c_alpha_0.1_fedavg
Algorithm: FEDAVG
Server: localhost:8686
Rounds: 10
Strategy: fedavg
Min Clients: 25
Results Directory: /mnt/ceph_drive/FL_IoT_Network/scale/results/run_20251029_110755/nasa_25c_alpha_0.1_fedavg
==================================================
🔄 Starting FL server on localhost:8686...
📊 Round 1 Fit Metrics:
   Clients: 12
   Avg Train Loss: 8864.5635
   Avg Val Loss: 8634.7842
   Avg Val R²: -0.4035
📈 Round 1 Centralized Evaluation:
   Loss: 0.0000
   R²: 0.0000
📊 Round 2 Fit Metrics:
   Clients: 25
   Avg Train Loss: 7193.4177
   Avg Val Loss: 7051.9520
   Avg Val R²: -0.0125
📈 Round 2 Centralized Evaluation:
   Loss: 0.0000
   R²: 0.0000
📊 Round 3 Fit Metrics:
   Clients: 25
   Avg Train Loss: 7211.5512
   Avg Val Loss: 7067.3584
   Avg Val R²: -0.0149
📈 Round 3 Centralized Evaluation:
   Loss: 0.0000
   R²: 0.0000
📊 Round 4 Fit Metrics:
   Clients: 25
   Avg Train Loss: 7205.2089
   Avg Val Loss: 7063.3188
   Avg Val R²: -0.0142
📈 Round 4 Centralized Evaluation:
   Loss: 0.0000
   R²: 0.0000
📊 Round 5 Fit Metrics:
   Clients: 25
   Avg Train Loss: 7189.7140
   Avg Val Loss: 7048.7184
   Avg Val R²: -0.0122
📈 Round 5 Centralized Evaluation:
   Loss: 0.0000
   R²: 0.0000
📊 Round 6 Fit Metrics:
   Clients: 25
   Avg Train Loss: 7204.4143
   Avg Val Loss: 7062.5841
   Avg Val R²: -0.0145
📈 Round 6 Centralized Evaluation:
   Loss: 0.0000
   R²: 0.0000
📊 Round 7 Fit Metrics:
   Clients: 25
   Avg Train Loss: 7199.0073
   Avg Val Loss: 7058.9246
   Avg Val R²: -0.0134
📈 Round 7 Centralized Evaluation:
   Loss: 0.0000
   R²: 0.0000
📊 Round 8 Fit Metrics:
   Clients: 25
   Avg Train Loss: 7203.4937
   Avg Val Loss: 7064.6256
   Avg Val R²: -0.0146
📈 Round 8 Centralized Evaluation:
   Loss: 0.0000
   R²: 0.0000
📊 Round 9 Fit Metrics:
   Clients: 25
   Avg Train Loss: 7200.7270
   Avg Val Loss: 7057.3551
   Avg Val R²: -0.0134
📈 Round 9 Centralized Evaluation:
   Loss: 0.0000
   R²: 0.0000
📊 Round 10 Fit Metrics:
   Clients: 25
   Avg Train Loss: 7198.3268
   Avg Val Loss: 7055.8532
   Avg Val R²: -0.0133
📈 Round 10 Centralized Evaluation:
   Loss: 0.0000
   R²: 0.0000
✅ Server completed successfully!
📊 Results saved to: /mnt/ceph_drive/FL_IoT_Network/scale/results/run_20251029_110755/nasa_25c_alpha_0.1_fedavg/nasa_25c_alpha_0.1_fedavg
