[93mWARNING [0m:   DEPRECATED FEATURE: flwr.client.start_numpy_client() is deprecated. 
	Instead, use `flwr.client.start_client()` by ensuring you first call the `.to_client()` method as shown below: 
	flwr.client.start_client(
		server_address='<IP>:<PORT>',
		client=FlowerClient().to_client(), # <-- where FlowerClient is of type flwr.client.NumPyClient object
	)
	Using `start_numpy_client()` is deprecated.

            This is a deprecated feature. It will be removed
            entirely in future versions of Flower.
        
[93mWARNING [0m:   DEPRECATED FEATURE: flwr.client.start_client() is deprecated.
	Instead, use the `flower-supernode` CLI command to start a SuperNode as shown below:

		$ flower-supernode --insecure --superlink='<IP>:<PORT>'

	To view all available options, run:

		$ flower-supernode --help

	Using `start_client()` is deprecated.

            This is a deprecated feature. It will be removed
            entirely in future versions of Flower.
        
[92mINFO [0m:      
[92mINFO [0m:      Received: train message fe3d7146-f835-4596-b1cb-6dc2f5699e5e
[92mINFO [0m:      Sent reply
[92mINFO [0m:      
[92mINFO [0m:      Received: evaluate message b2297871-1645-4825-a4ea-aa87570504d2
[92mINFO [0m:      Sent reply
[92mINFO [0m:      
[92mINFO [0m:      Received: train message 90c9e22a-bbb8-417c-a319-51210daa1a5c
[92mINFO [0m:      Sent reply
[92mINFO [0m:      
[92mINFO [0m:      Received: evaluate message a12db206-a688-421c-a39e-1fdaf03f34ef
[92mINFO [0m:      Sent reply
[92mINFO [0m:      
[92mINFO [0m:      Received: train message d4291d9c-215c-420d-897e-a5ab741becf7
[92mINFO [0m:      Sent reply
[92mINFO [0m:      
[92mINFO [0m:      Received: train message 21513a81-b1fc-4c59-b5b7-39b6f770d9fe
[92mINFO [0m:      Sent reply
[92mINFO [0m:      
[92mINFO [0m:      Received: evaluate message 1df9ed35-6cd6-4747-9421-1d7c89762c6f
[92mINFO [0m:      Sent reply
[92mINFO [0m:      
[92mINFO [0m:      Received: train message 3336c4b7-269b-4303-973e-b661f2aba63f
[92mINFO [0m:      Sent reply
[92mINFO [0m:      
[92mINFO [0m:      Received: evaluate message b5316b7c-8887-4f36-90eb-e4841ec30b4c
[92mINFO [0m:      Sent reply
[92mINFO [0m:      
[92mINFO [0m:      Received: train message 1aaf5955-2ade-4b5c-9af8-7c4961e4f856
[92mINFO [0m:      Sent reply
[92mINFO [0m:      
[92mINFO [0m:      Received: evaluate message 9326a429-80e0-42a2-9833-99bd227512c8
[92mINFO [0m:      Sent reply
[92mINFO [0m:      
[92mINFO [0m:      Received: evaluate message da69193d-6b1f-4485-9a93-ca2ec2fee196
[92mINFO [0m:      Sent reply
[92mINFO [0m:      
[92mINFO [0m:      Received: train message 70e4b0d6-4cd1-4b3c-8710-20862f1d0c84
[92mINFO [0m:      Sent reply
[92mINFO [0m:      
[92mINFO [0m:      Received: train message 13da3f4c-be06-48bb-af51-f647ee469101
[92mINFO [0m:      Sent reply
[92mINFO [0m:      
[92mINFO [0m:      Received: evaluate message 8e625128-132a-4e0a-b3ab-52beafb96380
[92mINFO [0m:      Sent reply
[92mINFO [0m:      
[92mINFO [0m:      Received: evaluate message 2cb6dea5-422e-4c3d-a609-800446e92ed7
[92mINFO [0m:      Sent reply
[92mINFO [0m:      
[92mINFO [0m:      Received: evaluate message 54cfadcc-b839-43e4-91b8-f3f0227f91e4
[92mINFO [0m:      Sent reply
[92mINFO [0m:      
[92mINFO [0m:      Received: train message 423c1e1d-43ff-42a8-aa90-3241cfaa8b0a
[92mINFO [0m:      Sent reply
[92mINFO [0m:      
[92mINFO [0m:      Received: train message a98021cc-7267-41a7-8279-f8a8526ad123
[92mINFO [0m:      Sent reply
[92mINFO [0m:      
[92mINFO [0m:      Received: train message e95801ea-a8c0-4889-b09b-3e771b132b3c
[92mINFO [0m:      Sent reply
[92mINFO [0m:      
[92mINFO [0m:      Received: train message 68eb09ca-f622-4ac0-80c2-9fc22da83dda
[92mINFO [0m:      Sent reply
[92mINFO [0m:      
[92mINFO [0m:      Received: evaluate message 4eb304d0-7c79-4645-941f-5b2ec131dc8b
[92mINFO [0m:      Sent reply
[92mINFO [0m:      
[92mINFO [0m:      Received: train message 1740b911-a962-42c5-b01b-f790407e3a26
[92mINFO [0m:      Sent reply
[92mINFO [0m:      
[92mINFO [0m:      Received: evaluate message 5493ba3c-df90-4b9e-bfec-b7f0d0c808dc
[92mINFO [0m:      Sent reply
[92mINFO [0m:      
[92mINFO [0m:      Received: train message cc0f7e36-97b2-4b85-9195-82d263cd1ec0
[92mINFO [0m:      Sent reply
[92mINFO [0m:      
[92mINFO [0m:      Received: evaluate message cec94d2a-510d-4ad0-b61a-5a52095b9238
[92mINFO [0m:      Sent reply
[92mINFO [0m:      
[92mINFO [0m:      Received: train message d20f2e85-96fc-458d-93c2-ef2b80699ec5
[92mINFO [0m:      Sent reply
[92mINFO [0m:      
[92mINFO [0m:      Received: train message ed6e9627-ebf7-4e91-99a6-feaf1f76a022
[92mINFO [0m:      Sent reply
[92mINFO [0m:      
[92mINFO [0m:      Received: train message da51d44c-de90-42bf-ad4d-8914186403d3
[92mINFO [0m:      Sent reply
[92mINFO [0m:      
[92mINFO [0m:      Received: evaluate message 3b482bca-4cfa-4792-80de-0ccf49742025
[92mINFO [0m:      Sent reply
[92mINFO [0m:      
[92mINFO [0m:      Received: train message 419330c3-c072-47a7-a006-f8278e492c75
[92mINFO [0m:      Sent reply
[92mINFO [0m:      
[92mINFO [0m:      Received: train message 33b28b95-34e3-41af-8118-65f9a8d167a1
[92mINFO [0m:      Sent reply
[92mINFO [0m:      
[92mINFO [0m:      Received: evaluate message 33440914-8333-43cd-89fa-7d0ad980dc8c
[92mINFO [0m:      Sent reply
[92mINFO [0m:      
[92mINFO [0m:      Received: train message eebff744-b0e2-48d3-8765-cc9cddee11ac
[92mINFO [0m:      Sent reply
[92mINFO [0m:      
[92mINFO [0m:      Received: evaluate message 7b8de3ef-231c-4964-9de1-bf5b96d2deb3
[92mINFO [0m:      Sent reply
[92mINFO [0m:      
[92mINFO [0m:      Received: evaluate message 95bf3c12-c433-4b59-875e-419ad59d5646
[92mINFO [0m:      Sent reply
[92mINFO [0m:      
[92mINFO [0m:      Received: train message 778dc817-75b2-4f1f-b7d5-4653ab270d21
[92mINFO [0m:      Sent reply
[92mINFO [0m:      
[92mINFO [0m:      Received: train message a1a26f0d-e462-4cb4-b8f2-da5592a9dcac
[92mINFO [0m:      Sent reply
[92mINFO [0m:      
[92mINFO [0m:      Received: evaluate message c5ec707f-341b-47ed-91bb-72309d9e32db
[92mINFO [0m:      Sent reply
[92mINFO [0m:      
[92mINFO [0m:      Received: train message 93abdf16-a72e-403e-92aa-523791dfc246
[92mINFO [0m:      Sent reply
[92mINFO [0m:      
[92mINFO [0m:      Received: train message 8f272e95-8393-4092-b12a-abb47e05f748
[92mINFO [0m:      Sent reply
[92mINFO [0m:      
[92mINFO [0m:      Received: train message 54625337-aede-479a-b8a0-ccea857352d7
[92mINFO [0m:      Sent reply
[92mINFO [0m:      
[92mINFO [0m:      Received: evaluate message 91128ac7-9496-4eec-9ec8-7955fb5dba4a
[92mINFO [0m:      Sent reply
[92mINFO [0m:      
[92mINFO [0m:      Received: train message 27043198-f703-4f9f-9ff2-16df47646e1a
[92mINFO [0m:      Sent reply
[92mINFO [0m:      
[92mINFO [0m:      Received: evaluate message 8820260b-8776-4e04-8709-f37081155d20
[92mINFO [0m:      Sent reply
[92mINFO [0m:      
[92mINFO [0m:      Received: train message 2ad9f47c-8a06-4902-bf0f-face4e5ffe89
[92mINFO [0m:      Sent reply
[92mINFO [0m:      
[92mINFO [0m:      Received: evaluate message 526ff2ce-4851-4c5a-a126-d49ca7b649ee
[92mINFO [0m:      Sent reply
[92mINFO [0m:      
[92mINFO [0m:      Received: train message 281b3db0-8ad7-4e16-8478-bce2dc06bf8d
[92mINFO [0m:      Sent reply
[92mINFO [0m:      
[92mINFO [0m:      Received: train message a18f574b-d73d-4623-86bf-8154fb8ad1e7
[92mINFO [0m:      Sent reply
[92mINFO [0m:      
[92mINFO [0m:      Received: train message 068b5764-084f-4533-a328-3f6d2a3e682e
[92mINFO [0m:      Sent reply
[92mINFO [0m:      
[92mINFO [0m:      Received: evaluate message 55b9b58b-888d-464c-873c-37ea97ec54fc
[92mINFO [0m:      Sent reply
[92mINFO [0m:      
[92mINFO [0m:      Received: train message c18069d4-b4a8-489e-86a1-900898ac1f0e
[92mINFO [0m:      Sent reply
[92mINFO [0m:      
[92mINFO [0m:      Received: evaluate message ff613865-8e54-4235-9810-f4d2f1089619
[92mINFO [0m:      Sent reply
[92mINFO [0m:      
[92mINFO [0m:      Received: train message 266f4661-ffd5-4991-a487-a7b975dcd353
[92mINFO [0m:      Sent reply
[92mINFO [0m:      
[92mINFO [0m:      Received: evaluate message 99236b46-286e-498d-b203-94857cea92b2
[92mINFO [0m:      Sent reply
[92mINFO [0m:      
[92mINFO [0m:      Received: train message 1b081b51-a341-41e5-98d9-804f2a633e54
[92mINFO [0m:      Sent reply
[92mINFO [0m:      
[92mINFO [0m:      Received: train message a3c92e7d-2b35-404f-bd00-c39bdc57bbe9
[92mINFO [0m:      Sent reply
[92mINFO [0m:      
[92mINFO [0m:      Received: evaluate message c2566772-f7fd-4979-9935-87baebeb9ea6
[92mINFO [0m:      Sent reply
[92mINFO [0m:      
[92mINFO [0m:      Received: train message 60fbe84d-b446-4328-821b-1584bcf137fd
[92mINFO [0m:      Sent reply
[92mINFO [0m:      
[92mINFO [0m:      Received: evaluate message 5c972f28-eea8-4f11-8cdd-164d12449666
[92mINFO [0m:      Sent reply
[92mINFO [0m:      
[92mINFO [0m:      Received: evaluate message 1d1328ec-dd09-4ca2-af6b-05e6c98381e0
[92mINFO [0m:      Sent reply
[92mINFO [0m:      
[92mINFO [0m:      Received: train message 522c490b-c19f-4112-aaae-ba07b81fcb72
[92mINFO [0m:      Sent reply
[92mINFO [0m:      
[92mINFO [0m:      Received: evaluate message 88fbd1e2-21fc-4498-bd17-6eff968e54c9
[92mINFO [0m:      Sent reply
[92mINFO [0m:      
[92mINFO [0m:      Received: train message 012b9dea-b44e-42a4-ba39-50700c68ae9c
[92mINFO [0m:      Sent reply
[92mINFO [0m:      
[92mINFO [0m:      Received: evaluate message 5e05ddec-f7e2-44a6-ba7a-33655a7901a2
[92mINFO [0m:      Sent reply
[92mINFO [0m:      
[92mINFO [0m:      Received: train message e50acafe-8b6d-4ecb-9b05-a43f00108a01
[92mINFO [0m:      Sent reply
[92mINFO [0m:      
[92mINFO [0m:      Received: evaluate message c1207cc9-4677-4783-9fbf-3199c2607ad1
[92mINFO [0m:      Sent reply
[92mINFO [0m:      
[92mINFO [0m:      Received: train message ca022554-9fec-4226-8c7b-dd5b21ec7207
[92mINFO [0m:      Sent reply
[92mINFO [0m:      
[92mINFO [0m:      Received: train message 53945377-a5db-4477-899b-e7631f03422e
[92mINFO [0m:      Sent reply
[92mINFO [0m:      
[92mINFO [0m:      Received: train message dbcc2faa-a569-42dc-a5aa-91b636f1e507
[92mINFO [0m:      Sent reply
[92mINFO [0m:      
[92mINFO [0m:      Received: evaluate message bba303bf-1568-4405-bed7-9439f336fab8
[92mINFO [0m:      Sent reply
[92mINFO [0m:      
[92mINFO [0m:      Received: evaluate message b097fd03-fdf4-4992-ae09-1578a6378c59
[92mINFO [0m:      Sent reply
[92mINFO [0m:      
[92mINFO [0m:      Received: train message 20b730e8-2aa3-45a3-b276-2c26a5a1e574
[92mINFO [0m:      Sent reply
[92mINFO [0m:      
[92mINFO [0m:      Received: train message 4f2a2f5e-7d8d-4f5a-8753-8cfa2d913484
[92mINFO [0m:      Sent reply
[92mINFO [0m:      
[92mINFO [0m:      Received: evaluate message a0d48618-0be3-4f23-94ff-6766fd70b165
[92mINFO [0m:      Sent reply
[92mINFO [0m:      
[92mINFO [0m:      Received: evaluate message d95ffc19-288d-4673-b70f-568d08d57117
[92mINFO [0m:      Sent reply
[92mINFO [0m:      
[92mINFO [0m:      Received: evaluate message 054bc5a3-7dc4-4f23-be7e-d77c281865fb
[92mINFO [0m:      Sent reply
[92mINFO [0m:      
[92mINFO [0m:      Received: train message 4f0455d0-4b9f-403c-a477-c11f028c2f83
[92mINFO [0m:      Sent reply
[92mINFO [0m:      
[92mINFO [0m:      Received: train message 99f3f6ab-e705-4e06-bbde-99480b42ad02
[92mINFO [0m:      Sent reply
[92mINFO [0m:      
[92mINFO [0m:      Received: evaluate message 85a48ac8-aa8e-4733-8484-5f818cf36b85
[92mINFO [0m:      Sent reply
[92mINFO [0m:      
[92mINFO [0m:      Received: train message 7357bb76-fa92-4207-a5d1-15db68398997
[92mINFO [0m:      Sent reply
[92mINFO [0m:      
[92mINFO [0m:      Received: evaluate message 052a90e8-e557-4cec-bc6a-a8a45e977553
[92mINFO [0m:      Sent reply
[92mINFO [0m:      
[92mINFO [0m:      Received: train message df4f90f5-aa08-4744-917d-52ccb27dbe15
[92mINFO [0m:      Sent reply
[92mINFO [0m:      
[92mINFO [0m:      Received: evaluate message d7e1eb8f-0d68-47ab-9887-3950a441bc41
[92mINFO [0m:      Sent reply
[92mINFO [0m:      
[92mINFO [0m:      Received: evaluate message 83efaf74-4499-4fab-bcb8-d290ad28d9a2
[92mINFO [0m:      Sent reply
[92mINFO [0m:      
[92mINFO [0m:      Received: evaluate message 4afa28f3-920f-45e0-b9fa-2ee98a9f2d87
[92mINFO [0m:      Sent reply
[92mINFO [0m:      
[92mINFO [0m:      Received: train message a9768cb7-2141-4403-8318-032d836fec4f
[92mINFO [0m:      Sent reply
[92mINFO [0m:      
[92mINFO [0m:      Received: evaluate message 8a905dc8-c8a1-410e-8f5a-1dd861b9e2f2
[92mINFO [0m:      Sent reply
[92mINFO [0m:      
[92mINFO [0m:      Received: train message 31c293e2-66d3-4ffb-bf9f-56e4cfecf0ce
[92mINFO [0m:      Sent reply
[92mINFO [0m:      
[92mINFO [0m:      Received: evaluate message 2b654eb9-ea8f-460c-a7b3-ce83ec1e29f2
[92mINFO [0m:      Sent reply
[92mINFO [0m:      
[92mINFO [0m:      Received: train message d13bd55c-53be-4d25-8ffa-f011ccccfbd2
[92mINFO [0m:      Sent reply
[92mINFO [0m:      
[92mINFO [0m:      Received: train message 8b172ca7-df72-4c17-b46f-e6ffc6508a29
[92mINFO [0m:      Sent reply
[92mINFO [0m:      
[92mINFO [0m:      Received: train message cd5d92b1-1248-4930-a974-daac7da42623
[92mINFO [0m:      Sent reply
[92mINFO [0m:      
[92mINFO [0m:      Received: evaluate message cfad95ee-5175-4301-a7e4-da3a37b7f8fc
[92mINFO [0m:      Sent reply
[92mINFO [0m:      
[92mINFO [0m:      Received: evaluate message bbd1f677-a485-46c1-8c82-1afcbf5e6d25
[92mINFO [0m:      Sent reply
[92mINFO [0m:      
[92mINFO [0m:      Received: evaluate message 29e2d383-9928-47d0-8c76-594d6b0ea892
[92mINFO [0m:      Sent reply
[92mINFO [0m:      
[92mINFO [0m:      Received: train message fd9f6552-a028-4459-98d6-26576502e6ff
[92mINFO [0m:      Sent reply
[92mINFO [0m:      
[92mINFO [0m:      Received: evaluate message 04c510b7-4b2f-45e8-938f-38997c2accfa
[92mINFO [0m:      Sent reply
[92mINFO [0m:      
[92mINFO [0m:      Received: evaluate message 23f30dd6-0e93-4cc1-b93a-27fa825ec14c
[92mINFO [0m:      Sent reply
[92mINFO [0m:      
[92mINFO [0m:      Received: evaluate message 704494c4-4754-4178-90bf-365933072d86
[92mINFO [0m:      Sent reply
[92mINFO [0m:      
[92mINFO [0m:      Received: train message 9134dc92-ee20-436a-ad7c-916d321f4a0b
[92mINFO [0m:      Sent reply
[92mINFO [0m:      
[92mINFO [0m:      Received: evaluate message c4ae8786-1b3a-482a-9d8b-ff96f7a9208c
[92mINFO [0m:      Sent reply
[92mINFO [0m:      
[92mINFO [0m:      Received: train message d2df027e-840b-4749-bf6f-42f96ba1cc1a
[92mINFO [0m:      Sent reply
[92mINFO [0m:      
[92mINFO [0m:      Received: evaluate message 966d24b0-7a86-4f29-be85-752655615178
[92mINFO [0m:      Sent reply
[92mINFO [0m:      
[92mINFO [0m:      Received: train message f4ff0c91-9cb7-4e1f-bd2a-544427e37fb3
[92mINFO [0m:      Sent reply
[92mINFO [0m:      
[92mINFO [0m:      Received: train message 53dab618-a711-4449-aab9-6412a667b389
[92mINFO [0m:      Sent reply
[92mINFO [0m:      
[92mINFO [0m:      Received: evaluate message 36b0c34b-1b65-4297-9ecf-0a6ed4dd825f
[92mINFO [0m:      Sent reply
[92mINFO [0m:      
[92mINFO [0m:      Received: evaluate message 32864182-9076-420f-aa6f-a37bf740131f
[92mINFO [0m:      Sent reply
[92mINFO [0m:      
[92mINFO [0m:      Received: train message e5ccee4c-4252-49a0-b68b-9faf9b313c5a
[92mINFO [0m:      Sent reply
[92mINFO [0m:      
[92mINFO [0m:      Received: train message c5e9c300-477a-4727-ba4f-c3a6c4e70b3c
[92mINFO [0m:      Sent reply
[92mINFO [0m:      
[92mINFO [0m:      Received: train message 4063ad63-7838-437b-b568-30931b46781a
[92mINFO [0m:      Sent reply
[92mINFO [0m:      
[92mINFO [0m:      Received: train message 4cf75346-42a5-464d-8240-c8df4646de3b
[92mINFO [0m:      Sent reply
[92mINFO [0m:      
[92mINFO [0m:      Received: evaluate message 498dcf17-87a2-4ba7-8bec-62df4b50664b
[92mINFO [0m:      Sent reply
[92mINFO [0m:      
[92mINFO [0m:      Received: train message 8bcd46fe-fd10-4b3f-8001-9216421951c9
[92mINFO [0m:      Sent reply
[92mINFO [0m:      
[92mINFO [0m:      Received: evaluate message 7c035387-8df2-43c2-ba4a-68823b9a31e1
[92mINFO [0m:      Sent reply
[92mINFO [0m:      
[92mINFO [0m:      Received: evaluate message b5a51a21-caa0-4fec-a731-85768c8e9d17
[92mINFO [0m:      Sent reply
[92mINFO [0m:      
[92mINFO [0m:      Received: evaluate message 0848a593-ea5f-4c44-a055-3ea33adf7a00
[92mINFO [0m:      Sent reply
[92mINFO [0m:      
[92mINFO [0m:      Received: evaluate message 4917ffcd-1a04-4217-bc2a-2e6366df4643
[92mINFO [0m:      Sent reply
[92mINFO [0m:      
[92mINFO [0m:      Received: train message 2b9c894e-eb32-49e9-a1ae-8aa21745664f
[92mINFO [0m:      Sent reply
[92mINFO [0m:      
[92mINFO [0m:      Received: evaluate message 20bf9ac4-4521-4dd1-bb91-034f7dd4227f
[92mINFO [0m:      Sent reply
[92mINFO [0m:      
[92mINFO [0m:      Received: train message 5e40f664-ae2e-4de8-b7a0-c33acd6f8903
[92mINFO [0m:      Sent reply
[92mINFO [0m:      
[92mINFO [0m:      Received: evaluate message 0fcfb62f-cfec-4237-8f3e-ad4988b3626b
[92mINFO [0m:      Sent reply
[92mINFO [0m:      
[92mINFO [0m:      Received: train message 614959fe-a437-412e-9cf8-59a710507948
[92mINFO [0m:      Sent reply
[92mINFO [0m:      
[92mINFO [0m:      Received: evaluate message a824e206-46c4-4618-a07b-b1a32841c7ec
[92mINFO [0m:      Sent reply
[92mINFO [0m:      
[92mINFO [0m:      Received: evaluate message e7981f54-b73a-43b5-8886-752a8daf0087
[92mINFO [0m:      Sent reply
[92mINFO [0m:      
[92mINFO [0m:      Received: train message b0fa361a-6694-49f9-aa1d-d1840a72f96e
[92mINFO [0m:      Sent reply
[92mINFO [0m:      
[92mINFO [0m:      Received: evaluate message b1fa18d6-5e70-48de-a8f7-144f67c95874
[92mINFO [0m:      Sent reply
[92mINFO [0m:      
[92mINFO [0m:      Received: train message 8db96993-452e-4caf-81df-183401893cfb
[92mINFO [0m:      Sent reply
[92mINFO [0m:      
[92mINFO [0m:      Received: evaluate message aeeddcc2-abeb-4cdc-a257-44df57a03c9a
[92mINFO [0m:      Sent reply
[92mINFO [0m:      
[92mINFO [0m:      Received: train message 224d0703-66df-4ffe-b78e-f16a12a5416f
[92mINFO [0m:      Sent reply
[92mINFO [0m:      
[92mINFO [0m:      Received: train message 952d3822-a87e-480f-8bd7-d25b3c1cfaec
[92mINFO [0m:      Sent reply
[92mINFO [0m:      
[92mINFO [0m:      Received: train message 395f2394-7d8f-40b5-8942-0a4a3c9165a1
[92mINFO [0m:      Sent reply
[92mINFO [0m:      
[92mINFO [0m:      Received: train message d9914429-18fc-459e-ba5d-63a69039dda0
[92mINFO [0m:      Sent reply
[92mINFO [0m:      
[92mINFO [0m:      Received: train message a4e1988e-6f6e-48d5-bee7-38842182be25
[92mINFO [0m:      Sent reply
[92mINFO [0m:      
[92mINFO [0m:      Received: train message 9c3fc79f-5d9e-4ed6-a76d-13f6f825808a
[92mINFO [0m:      Sent reply
[92mINFO [0m:      
[92mINFO [0m:      Received: evaluate message 2e4f86c0-b898-41b6-beac-af8c8fc21271
[92mINFO [0m:      Sent reply
[92mINFO [0m:      
[92mINFO [0m:      Received: train message 638986fd-7fa1-447d-b808-1fd90505707a
[92mINFO [0m:      Sent reply
[92mINFO [0m:      
[92mINFO [0m:      Received: train message 8aafc7b3-ac40-4456-87d4-7dcbccbc0ab3
[92mINFO [0m:      Sent reply
[92mINFO [0m:      
[92mINFO [0m:      Received: train message 77a930a1-7d25-48fa-af7f-2657c431c8d0
[92mINFO [0m:      Sent reply
[92mINFO [0m:      
[92mINFO [0m:      Received: evaluate message 29555fb3-48fc-4f5e-91f6-cff0152f8065
[92mINFO [0m:      Sent reply
[92mINFO [0m:      
[92mINFO [0m:      Received: train message c691bde0-0110-4c19-b262-ef4391984bef
[92mINFO [0m:      Sent reply
[92mINFO [0m:      
[92mINFO [0m:      Received: evaluate message f6f4d195-5609-475e-a6b9-167eb3fd89a2
[92mINFO [0m:      Sent reply
[92mINFO [0m:      
[92mINFO [0m:      Received: train message 239125fa-bf34-43e5-bf10-69eb9c28b898
[92mINFO [0m:      Sent reply
[92mINFO [0m:      
[92mINFO [0m:      Received: evaluate message b6a57597-63bd-4447-b2d6-e7b1765c1e49
[92mINFO [0m:      Sent reply
[92mINFO [0m:      
[92mINFO [0m:      Received: train message 90a02784-ca30-4f99-a2e8-2a2bea4adf2e
[92mINFO [0m:      Sent reply
[92mINFO [0m:      
[92mINFO [0m:      Received: evaluate message 7bc6aac1-a688-4689-a147-b5204c52e86b
[92mINFO [0m:      Sent reply
[92mINFO [0m:      
[92mINFO [0m:      Received: evaluate message fb290ddb-071e-45de-ab9c-61d11b29d580
[92mINFO [0m:      Sent reply
[92mINFO [0m:      
[92mINFO [0m:      Received: evaluate message 8a5dccb0-743d-4858-a72a-1db48d1175f1
[92mINFO [0m:      Sent reply
[92mINFO [0m:      
[92mINFO [0m:      Received: train message cc9f1b0d-763c-422c-9885-ba0b1615e0a2
[92mINFO [0m:      Sent reply
[92mINFO [0m:      
[92mINFO [0m:      Received: evaluate message 0afb430d-992c-471f-ad09-c3eec42662c5
[92mINFO [0m:      Sent reply
[92mINFO [0m:      
[92mINFO [0m:      Received: train message ba61ec07-d5f2-42cf-8ccc-16a7113dc2e1
[92mINFO [0m:      Sent reply
[92mINFO [0m:      
[92mINFO [0m:      Received: evaluate message 80f1c751-5bfa-42b2-a3b7-6f499dfe66b9
[92mINFO [0m:      Sent reply
[92mINFO [0m:      
[92mINFO [0m:      Received: evaluate message c306eb05-f057-4fb5-b6f1-d93fbf698e3f
[92mINFO [0m:      Sent reply
[92mINFO [0m:      
[92mINFO [0m:      Received: train message f9660d99-40df-4f6e-ad5a-fcef3f439495
[92mINFO [0m:      Sent reply
[92mINFO [0m:      
[92mINFO [0m:      Received: evaluate message 1983733a-4b94-47e5-93ba-d9d86555b071
[92mINFO [0m:      Sent reply
[92mINFO [0m:      
[92mINFO [0m:      Received: evaluate message 19e0838b-4744-46a0-babb-24cb2bc7df59
[92mINFO [0m:      Sent reply
[92mINFO [0m:      
[92mINFO [0m:      Received: train message d0382a6f-6105-445e-b2bd-0ae7f22d57b6
[92mINFO [0m:      Sent reply
[92mINFO [0m:      
[92mINFO [0m:      Received: train message 028db1c6-f57e-4b72-9e90-110996086a69
[92mINFO [0m:      Sent reply
[92mINFO [0m:      
[92mINFO [0m:      Received: train message d0b16dc8-4612-41c3-bf04-6c2b765bf223
[92mINFO [0m:      Sent reply
[92mINFO [0m:      
[92mINFO [0m:      Received: evaluate message f70b24af-e5a8-4a77-9039-495b280b51c3
[92mINFO [0m:      Sent reply
[92mINFO [0m:      
[92mINFO [0m:      Received: evaluate message c40cdb52-4f36-47ee-8836-d646a8288fb5
[92mINFO [0m:      Sent reply
[92mINFO [0m:      
[92mINFO [0m:      Received: train message 1515ecea-3807-433b-b95c-f80410e9467f
[92mINFO [0m:      Sent reply
[92mINFO [0m:      
[92mINFO [0m:      Received: evaluate message bdead32b-398a-4e87-80fb-2414e6c8f353
[92mINFO [0m:      Sent reply
[92mINFO [0m:      
[92mINFO [0m:      Received: train message 4b1ebb5f-cdcb-47bd-9bbc-a290d30c754c
[92mINFO [0m:      Sent reply
[92mINFO [0m:      
[92mINFO [0m:      Received: train message 1f5632ef-e747-4751-89cc-48c71b668e4c
[92mINFO [0m:      Sent reply
[92mINFO [0m:      
[92mINFO [0m:      Received: train message fa90097f-942c-4671-aee9-6f00f8978b9a
[92mINFO [0m:      Sent reply
[92mINFO [0m:      
[92mINFO [0m:      Received: evaluate message 3cab9b4f-e231-48c7-88c4-e9ff8b501bf8
[92mINFO [0m:      Sent reply
[92mINFO [0m:      
[92mINFO [0m:      Received: train message 4c3477a7-0461-442c-86ad-6f184798d477
[92mINFO [0m:      Sent reply
[92mINFO [0m:      
[92mINFO [0m:      Received: evaluate message bbc227a3-708d-4c7c-93ed-654a315b1650
[92mINFO [0m:      Sent reply
[92mINFO [0m:      
[92mINFO [0m:      Received: train message f34ff212-2be7-4b1e-a0bd-b540f974b89e
[92mINFO [0m:      Sent reply
[92mINFO [0m:      
[92mINFO [0m:      Received: evaluate message 383edcc3-a726-4dca-a566-57a27c2b2456
[92mINFO [0m:      Sent reply
[92mINFO [0m:      
[92mINFO [0m:      Received: train message 8d66957a-9423-4a78-89db-f36e734a1d10
[92mINFO [0m:      Sent reply
[92mINFO [0m:      
[92mINFO [0m:      Received: train message 1ebd4c62-64d7-4308-b36e-c9a801df35e4
[92mINFO [0m:      Sent reply
[92mINFO [0m:      
[92mINFO [0m:      Received: evaluate message de7a61a4-8dae-4404-a772-285fcd23e865
[92mINFO [0m:      Sent reply
