[93mWARNING [0m:   DEPRECATED FEATURE: flwr.client.start_numpy_client() is deprecated. 
	Instead, use `flwr.client.start_client()` by ensuring you first call the `.to_client()` method as shown below: 
	flwr.client.start_client(
		server_address='<IP>:<PORT>',
		client=FlowerClient().to_client(), # <-- where FlowerClient is of type flwr.client.NumPyClient object
	)
	Using `start_numpy_client()` is deprecated.

            This is a deprecated feature. It will be removed
            entirely in future versions of Flower.
        
[93mWARNING [0m:   DEPRECATED FEATURE: flwr.client.start_client() is deprecated.
	Instead, use the `flower-supernode` CLI command to start a SuperNode as shown below:

		$ flower-supernode --insecure --superlink='<IP>:<PORT>'

	To view all available options, run:

		$ flower-supernode --help

	Using `start_client()` is deprecated.

            This is a deprecated feature. It will be removed
            entirely in future versions of Flower.
        
[92mINFO [0m:      
[92mINFO [0m:      Received: evaluate message 8c033091-f452-458d-b9e7-0132c79ee3c9
[92mINFO [0m:      Sent reply
[92mINFO [0m:      
[92mINFO [0m:      Received: evaluate message 53986c29-d1b6-46c6-acf3-976b88f5e861
[92mINFO [0m:      Sent reply
[92mINFO [0m:      
[92mINFO [0m:      Received: train message 169cb962-66fb-40a2-aee4-f59862a33017
[92mINFO [0m:      Sent reply
[92mINFO [0m:      
[92mINFO [0m:      Received: train message a8440e70-5a73-4128-b9c0-a6855cf3b724
[92mINFO [0m:      Sent reply
[92mINFO [0m:      
[92mINFO [0m:      Received: evaluate message 076c4972-4852-4675-b7d8-53496415f0c7
[92mINFO [0m:      Sent reply
[92mINFO [0m:      
[92mINFO [0m:      Received: train message 549c20d1-3f52-4d6a-91de-dd5880131fb6
[92mINFO [0m:      Sent reply
[92mINFO [0m:      
[92mINFO [0m:      Received: train message d8aa1ca4-d1ad-4992-b6e8-d70db2db3300
[92mINFO [0m:      Sent reply
[92mINFO [0m:      
[92mINFO [0m:      Received: evaluate message 2e009343-4690-4a28-a001-e6c13714eb48
[92mINFO [0m:      Sent reply
[92mINFO [0m:      
[92mINFO [0m:      Received: evaluate message 944e4d78-88c1-4133-a991-0060cff1be5b
[92mINFO [0m:      Sent reply
[92mINFO [0m:      
[92mINFO [0m:      Received: evaluate message f9403c57-70ee-4d1b-8598-abd8cb1f5bff
[92mINFO [0m:      Sent reply
[92mINFO [0m:      
[92mINFO [0m:      Received: train message dea95fd1-7ab2-4576-ad69-e002aa00033a
[92mINFO [0m:      Sent reply
[92mINFO [0m:      
[92mINFO [0m:      Received: train message 03b92cd6-2593-4835-943e-d4aa76d7ebc2
[92mINFO [0m:      Sent reply
[92mINFO [0m:      
[92mINFO [0m:      Received: train message 2d1509a6-a0f3-44b3-b15e-d97b9e36c2c5
[92mINFO [0m:      Sent reply
[92mINFO [0m:      
[92mINFO [0m:      Received: evaluate message 196a71be-e087-4be2-bfdb-cd54123b0544
[92mINFO [0m:      Sent reply
[92mINFO [0m:      
[92mINFO [0m:      Received: train message f372eede-6591-48a7-96e2-57cb67c3a1bb
[92mINFO [0m:      Sent reply
[92mINFO [0m:      
[92mINFO [0m:      Received: evaluate message 1e4ab925-0f43-4012-b520-286baa192e91
[92mINFO [0m:      Sent reply
[92mINFO [0m:      
[92mINFO [0m:      Received: evaluate message 0d3ec4ff-4df2-4a7f-b820-2d2f6ddd7431
[92mINFO [0m:      Sent reply
[92mINFO [0m:      
[92mINFO [0m:      Received: train message 40cf3b19-6921-4e49-9d5c-334044071232
