[93mWARNING [0m:   DEPRECATED FEATURE: flwr.server.start_server() is deprecated.
	Instead, use the `flower-superlink` CLI command to start a SuperLink as shown below:

		$ flower-superlink --insecure

	To view usage and all available options, run:

		$ flower-superlink --help

	Using `start_server()` is deprecated.

            This is a deprecated feature. It will be removed
            entirely in future versions of Flower.
        
[92mINFO [0m:      Starting Flower server, config: num_rounds=300, no round_timeout
[92mINFO [0m:      Flower ECE: gRPC server running (300 rounds), SSL is disabled
[92mINFO [0m:      [INIT]
[92mINFO [0m:      Using initial global parameters provided by strategy
[92mINFO [0m:      Starting evaluation of initial global parameters
[92mINFO [0m:      initial parameters (loss, other metrics): 0.5080123543739319, {'rmse': 0.7127498388290405, 'mse': 0.5080122947692871, 'mae': 0.5747716426849365, 'r2': -0.0032292604446411133}
[92mINFO [0m:      
[92mINFO [0m:      [ROUND 1]
[92mINFO [0m:      configure_fit: strategy sampled 8 clients (out of 20)
[92mINFO [0m:      aggregate_fit: received 8 results and 0 failures
[93mWARNING [0m:   No fit_metrics_aggregation_fn provided
[92mINFO [0m:      fit progress: (1, 1.1901947259902954, {'rmse': 1.0909603834152222, 'mse': 1.1901946067810059, 'mae': 0.8935043215751648, 'r2': -0.9238617420196533}, 82.90021638200415)
[92mINFO [0m:      configure_evaluate: strategy sampled 10 clients (out of 25)
[92mINFO [0m:      aggregate_evaluate: received 10 results and 0 failures
[93mWARNING [0m:   No evaluate_metrics_aggregation_fn provided
[92mINFO [0m:      
[92mINFO [0m:      [ROUND 2]
[92mINFO [0m:      configure_fit: strategy sampled 10 clients (out of 25)
[92mINFO [0m:      aggregate_fit: received 10 results and 0 failures
[92mINFO [0m:      fit progress: (2, 1.3805842399597168, {'rmse': 1.1749825477600098, 'mse': 1.3805841207504272, 'mae': 0.9690448641777039, 'r2': -1.5281903743743896}, 160.56068434500048)
[92mINFO [0m:      configure_evaluate: strategy sampled 10 clients (out of 25)
[92mINFO [0m:      aggregate_evaluate: received 10 results and 0 failures
[92mINFO [0m:      
[92mINFO [0m:      [ROUND 3]
[92mINFO [0m:      configure_fit: strategy sampled 10 clients (out of 25)
[92mINFO [0m:      aggregate_fit: received 10 results and 0 failures
[92mINFO [0m:      fit progress: (3, 0.9932076334953308, {'rmse': 0.9965980648994446, 'mse': 0.9932076930999756, 'mae': 0.8421003818511963, 'r2': -1.1957972049713135}, 236.50267485000222)
[92mINFO [0m:      configure_evaluate: strategy sampled 10 clients (out of 25)
[92mINFO [0m:      aggregate_evaluate: received 10 results and 0 failures
[92mINFO [0m:      
[92mINFO [0m:      [ROUND 4]
[92mINFO [0m:      configure_fit: strategy sampled 10 clients (out of 25)
[92mINFO [0m:      aggregate_fit: received 10 results and 0 failures
[92mINFO [0m:      fit progress: (4, 1.1907048225402832, {'rmse': 1.0911942720413208, 'mse': 1.1907049417495728, 'mae': 0.9179254174232483, 'r2': -1.020998477935791}, 314.03085054900293)
[92mINFO [0m:      configure_evaluate: strategy sampled 10 clients (out of 25)
[92mINFO [0m:      aggregate_evaluate: received 10 results and 0 failures
[92mINFO [0m:      
[92mINFO [0m:      [ROUND 5]
[92mINFO [0m:      configure_fit: strategy sampled 10 clients (out of 25)
[92mINFO [0m:      aggregate_fit: received 10 results and 0 failures
[92mINFO [0m:      fit progress: (5, 1.0816349983215332, {'rmse': 1.040016770362854, 'mse': 1.0816349983215332, 'mae': 0.872260332107544, 'r2': -1.3920490741729736}, 390.0547520620021)
[92mINFO [0m:      configure_evaluate: strategy sampled 10 clients (out of 25)
[92mINFO [0m:      aggregate_evaluate: received 10 results and 0 failures
[92mINFO [0m:      
[92mINFO [0m:      [ROUND 6]
[92mINFO [0m:      configure_fit: strategy sampled 10 clients (out of 25)
[92mINFO [0m:      aggregate_fit: received 10 results and 0 failures
[92mINFO [0m:      fit progress: (6, 1.1562728881835938, {'rmse': 1.0753012895584106, 'mse': 1.1562728881835938, 'mae': 0.8510825634002686, 'r2': -1.7806167602539062}, 471.7413048439994)
[92mINFO [0m:      configure_evaluate: strategy sampled 10 clients (out of 25)
[92mINFO [0m:      aggregate_evaluate: received 10 results and 0 failures
[92mINFO [0m:      
[92mINFO [0m:      [ROUND 7]
[92mINFO [0m:      configure_fit: strategy sampled 10 clients (out of 25)
[92mINFO [0m:      aggregate_fit: received 10 results and 0 failures
[92mINFO [0m:      fit progress: (7, 1.021848201751709, {'rmse': 1.0108650922775269, 'mse': 1.021848201751709, 'mae': 0.8148128390312195, 'r2': -1.041442632675171}, 547.1550147189992)
[92mINFO [0m:      configure_evaluate: strategy sampled 10 clients (out of 25)
[92mINFO [0m:      aggregate_evaluate: received 10 results and 0 failures
[92mINFO [0m:      
[92mINFO [0m:      [ROUND 8]
[92mINFO [0m:      configure_fit: strategy sampled 10 clients (out of 25)
[92mINFO [0m:      aggregate_fit: received 10 results and 0 failures
[92mINFO [0m:      fit progress: (8, 0.9363864660263062, {'rmse': 0.9676706194877625, 'mse': 0.9363864660263062, 'mae': 0.7674471139907837, 'r2': -1.0332989692687988}, 623.7266806590051)
[92mINFO [0m:      configure_evaluate: strategy sampled 10 clients (out of 25)
[92mINFO [0m:      aggregate_evaluate: received 10 results and 0 failures
[92mINFO [0m:      
[92mINFO [0m:      [ROUND 9]
[92mINFO [0m:      configure_fit: strategy sampled 10 clients (out of 25)
[92mINFO [0m:      aggregate_fit: received 10 results and 0 failures
[92mINFO [0m:      fit progress: (9, 0.9762178659439087, {'rmse': 0.9880374670028687, 'mse': 0.9762179851531982, 'mae': 0.8274664878845215, 'r2': -1.1214840412139893}, 702.9991461900063)
[92mINFO [0m:      configure_evaluate: strategy sampled 10 clients (out of 25)
[92mINFO [0m:      aggregate_evaluate: received 10 results and 0 failures
[92mINFO [0m:      
[92mINFO [0m:      [ROUND 10]
[92mINFO [0m:      configure_fit: strategy sampled 10 clients (out of 25)
[92mINFO [0m:      aggregate_fit: received 10 results and 0 failures
[92mINFO [0m:      fit progress: (10, 0.6601357460021973, {'rmse': 0.8124874234199524, 'mse': 0.660135805606842, 'mae': 0.6686851382255554, 'r2': -1.1330325603485107}, 779.3948978560002)
[92mINFO [0m:      configure_evaluate: strategy sampled 10 clients (out of 25)
[92mINFO [0m:      aggregate_evaluate: received 10 results and 0 failures
[92mINFO [0m:      
[92mINFO [0m:      [ROUND 11]
[92mINFO [0m:      configure_fit: strategy sampled 10 clients (out of 25)
[92mINFO [0m:      aggregate_fit: received 10 results and 0 failures
[92mINFO [0m:      fit progress: (11, 0.8007824420928955, {'rmse': 0.894864559173584, 'mse': 0.8007826209068298, 'mae': 0.7355093359947205, 'r2': -0.6172173023223877}, 860.0627987910048)
[92mINFO [0m:      configure_evaluate: strategy sampled 10 clients (out of 25)
[92mINFO [0m:      aggregate_evaluate: received 10 results and 0 failures
[92mINFO [0m:      
[92mINFO [0m:      [ROUND 12]
[92mINFO [0m:      configure_fit: strategy sampled 10 clients (out of 25)
[92mINFO [0m:      aggregate_fit: received 10 results and 0 failures
[92mINFO [0m:      fit progress: (12, 0.934114396572113, {'rmse': 0.9664958715438843, 'mse': 0.9341142773628235, 'mae': 0.7885008454322815, 'r2': -1.02490234375}, 936.6129377230027)
[92mINFO [0m:      configure_evaluate: strategy sampled 10 clients (out of 25)
[92mINFO [0m:      aggregate_evaluate: received 10 results and 0 failures
[92mINFO [0m:      
[92mINFO [0m:      [ROUND 13]
[92mINFO [0m:      configure_fit: strategy sampled 10 clients (out of 25)
[92mINFO [0m:      aggregate_fit: received 10 results and 0 failures
[92mINFO [0m:      fit progress: (13, 1.062256932258606, {'rmse': 1.0306586027145386, 'mse': 1.0622570514678955, 'mae': 0.8358138203620911, 'r2': -1.1863899230957031}, 1011.7263647040018)
[92mINFO [0m:      configure_evaluate: strategy sampled 10 clients (out of 25)
[92mINFO [0m:      aggregate_evaluate: received 10 results and 0 failures
[92mINFO [0m:      
[92mINFO [0m:      [ROUND 14]
[92mINFO [0m:      configure_fit: strategy sampled 10 clients (out of 25)
[92mINFO [0m:      aggregate_fit: received 10 results and 0 failures
[92mINFO [0m:      fit progress: (14, 1.1521872282028198, {'rmse': 1.0733999013900757, 'mse': 1.1521872282028198, 'mae': 0.8510184288024902, 'r2': -0.9704591035842896}, 1087.9766039740061)
[92mINFO [0m:      configure_evaluate: strategy sampled 10 clients (out of 25)
[92mINFO [0m:      aggregate_evaluate: received 10 results and 0 failures
[92mINFO [0m:      
[92mINFO [0m:      [ROUND 15]
[92mINFO [0m:      configure_fit: strategy sampled 10 clients (out of 25)
[92mINFO [0m:      aggregate_fit: received 10 results and 0 failures
[92mINFO [0m:      fit progress: (15, 0.9392940998077393, {'rmse': 0.9691718816757202, 'mse': 0.9392940998077393, 'mae': 0.8057847619056702, 'r2': -0.8601852655410767}, 1160.1939335120042)
[92mINFO [0m:      configure_evaluate: strategy sampled 10 clients (out of 25)
[92mINFO [0m:      aggregate_evaluate: received 10 results and 0 failures
[92mINFO [0m:      
[92mINFO [0m:      [ROUND 16]
[92mINFO [0m:      configure_fit: strategy sampled 10 clients (out of 25)
[92mINFO [0m:      aggregate_fit: received 10 results and 0 failures
[92mINFO [0m:      fit progress: (16, 1.0187512636184692, {'rmse': 1.0093320608139038, 'mse': 1.0187512636184692, 'mae': 0.8326043486595154, 'r2': -0.9302011728286743}, 1230.10969931)
[92mINFO [0m:      configure_evaluate: strategy sampled 10 clients (out of 25)
[92mINFO [0m:      aggregate_evaluate: received 10 results and 0 failures
[92mINFO [0m:      
[92mINFO [0m:      [ROUND 17]
[92mINFO [0m:      configure_fit: strategy sampled 10 clients (out of 25)
[92mINFO [0m:      aggregate_fit: received 10 results and 0 failures
[92mINFO [0m:      fit progress: (17, 1.0256609916687012, {'rmse': 1.012749195098877, 'mse': 1.0256609916687012, 'mae': 0.8042011857032776, 'r2': -1.1507210731506348}, 1301.9181705600058)
[92mINFO [0m:      configure_evaluate: strategy sampled 10 clients (out of 25)
[92mINFO [0m:      aggregate_evaluate: received 10 results and 0 failures
[92mINFO [0m:      
[92mINFO [0m:      [ROUND 18]
[92mINFO [0m:      configure_fit: strategy sampled 10 clients (out of 25)
[92mINFO [0m:      aggregate_fit: received 10 results and 0 failures
[92mINFO [0m:      fit progress: (18, 1.0927294492721558, {'rmse': 1.0453369617462158, 'mse': 1.0927294492721558, 'mae': 0.8494793176651001, 'r2': -0.9936121702194214}, 1377.6548933939994)
[92mINFO [0m:      configure_evaluate: strategy sampled 10 clients (out of 25)
[92mINFO [0m:      aggregate_evaluate: received 10 results and 0 failures
[92mINFO [0m:      
[92mINFO [0m:      [ROUND 19]
[92mINFO [0m:      configure_fit: strategy sampled 10 clients (out of 25)
[92mINFO [0m:      aggregate_fit: received 10 results and 0 failures
[92mINFO [0m:      fit progress: (19, 1.1042762994766235, {'rmse': 1.0508455038070679, 'mse': 1.1042762994766235, 'mae': 0.8638807535171509, 'r2': -1.033869981765747}, 1452.6730098219996)
[92mINFO [0m:      configure_evaluate: strategy sampled 10 clients (out of 25)
[92mINFO [0m:      aggregate_evaluate: received 10 results and 0 failures
[92mINFO [0m:      
[92mINFO [0m:      [ROUND 20]
[92mINFO [0m:      configure_fit: strategy sampled 10 clients (out of 25)
[92mINFO [0m:      aggregate_fit: received 10 results and 0 failures
[92mINFO [0m:      fit progress: (20, 1.1956976652145386, {'rmse': 1.0934796333312988, 'mse': 1.1956976652145386, 'mae': 0.9101449847221375, 'r2': -1.7899818420410156}, 1522.7713498350058)
[92mINFO [0m:      configure_evaluate: strategy sampled 10 clients (out of 25)
[92mINFO [0m:      aggregate_evaluate: received 10 results and 0 failures
[92mINFO [0m:      
[92mINFO [0m:      [ROUND 21]
[92mINFO [0m:      configure_fit: strategy sampled 10 clients (out of 25)
[92mINFO [0m:      aggregate_fit: received 10 results and 0 failures
[92mINFO [0m:      fit progress: (21, 1.1896592378616333, {'rmse': 1.0907150506973267, 'mse': 1.1896593570709229, 'mae': 0.9112118482589722, 'r2': -1.3944742679595947}, 1599.1245990759999)
[92mINFO [0m:      configure_evaluate: strategy sampled 10 clients (out of 25)
[92mINFO [0m:      aggregate_evaluate: received 10 results and 0 failures
[92mINFO [0m:      
[92mINFO [0m:      [ROUND 22]
[92mINFO [0m:      configure_fit: strategy sampled 10 clients (out of 25)
[92mINFO [0m:      aggregate_fit: received 10 results and 0 failures
[92mINFO [0m:      fit progress: (22, 0.8884745240211487, {'rmse': 0.942589282989502, 'mse': 0.8884745836257935, 'mae': 0.7566181421279907, 'r2': -1.5202751159667969}, 1673.8806204630018)
[92mINFO [0m:      configure_evaluate: strategy sampled 10 clients (out of 25)
[92mINFO [0m:      aggregate_evaluate: received 10 results and 0 failures
[92mINFO [0m:      
[92mINFO [0m:      [ROUND 23]
[92mINFO [0m:      configure_fit: strategy sampled 10 clients (out of 25)
[92mINFO [0m:      aggregate_fit: received 10 results and 0 failures
[92mINFO [0m:      fit progress: (23, 1.0053679943084717, {'rmse': 1.0026804208755493, 'mse': 1.0053679943084717, 'mae': 0.8163975477218628, 'r2': -1.0666604042053223}, 1748.4934693940013)
[92mINFO [0m:      configure_evaluate: strategy sampled 10 clients (out of 25)
[92mINFO [0m:      aggregate_evaluate: received 10 results and 0 failures
[92mINFO [0m:      
[92mINFO [0m:      [ROUND 24]
[92mINFO [0m:      configure_fit: strategy sampled 10 clients (out of 25)
[92mINFO [0m:      aggregate_fit: received 10 results and 0 failures
[92mINFO [0m:      fit progress: (24, 0.9996129870414734, {'rmse': 0.9998065233230591, 'mse': 0.9996130466461182, 'mae': 0.7881548404693604, 'r2': -1.362091302871704}, 1822.7810435010033)
[92mINFO [0m:      configure_evaluate: strategy sampled 10 clients (out of 25)
[92mINFO [0m:      aggregate_evaluate: received 10 results and 0 failures
[92mINFO [0m:      
[92mINFO [0m:      [ROUND 25]
[92mINFO [0m:      configure_fit: strategy sampled 10 clients (out of 25)
[92mINFO [0m:      Flower server terminated gracefully.
