[93mWARNING [0m:   DEPRECATED FEATURE: flwr.server.start_server() is deprecated.
	Instead, use the `flower-superlink` CLI command to start a SuperLink as shown below:

		$ flower-superlink --insecure

	To view usage and all available options, run:

		$ flower-superlink --help

	Using `start_server()` is deprecated.

            This is a deprecated feature. It will be removed
            entirely in future versions of Flower.
        
[92mINFO [0m:      Starting Flower server, config: num_rounds=10, no round_timeout
[92mINFO [0m:      Flower ECE: gRPC server running (10 rounds), SSL is disabled
[92mINFO [0m:      [INIT]
[92mINFO [0m:      Requesting initial parameters from one random client
[92mINFO [0m:      Received initial parameters from one random client
[92mINFO [0m:      Starting evaluation of initial global parameters
[92mINFO [0m:      initial parameters (loss, other metrics): 0.0, {'rmse': 0.0, 'mse': 0.0, 'mae': 0.0, 'r2': 0.0}
[92mINFO [0m:      
[92mINFO [0m:      [ROUND 1]
[92mINFO [0m:      configure_fit: strategy sampled 12 clients (out of 25)
[92mINFO [0m:      aggregate_fit: received 12 results and 0 failures
[93mWARNING [0m:   No fit_metrics_aggregation_fn provided
[92mINFO [0m:      fit progress: (1, 0.0, {'rmse': 0.0, 'mse': 0.0, 'mae': 0.0, 'r2': 0.0}, 34.80624176400306)
[92mINFO [0m:      configure_evaluate: strategy sampled 25 clients (out of 25)
[92mINFO [0m:      aggregate_evaluate: received 25 results and 0 failures
[93mWARNING [0m:   No evaluate_metrics_aggregation_fn provided
[92mINFO [0m:      
[92mINFO [0m:      [ROUND 2]
[92mINFO [0m:      configure_fit: strategy sampled 25 clients (out of 25)
[92mINFO [0m:      aggregate_fit: received 25 results and 0 failures
[92mINFO [0m:      fit progress: (2, 0.0, {'rmse': 0.0, 'mse': 0.0, 'mae': 0.0, 'r2': 0.0}, 37.64058963199932)
[92mINFO [0m:      configure_evaluate: strategy sampled 25 clients (out of 25)
[92mINFO [0m:      aggregate_evaluate: received 25 results and 0 failures
[92mINFO [0m:      
[92mINFO [0m:      [ROUND 3]
[92mINFO [0m:      configure_fit: strategy sampled 25 clients (out of 25)
[92mINFO [0m:      aggregate_fit: received 25 results and 0 failures
[92mINFO [0m:      fit progress: (3, 0.0, {'rmse': 0.0, 'mse': 0.0, 'mae': 0.0, 'r2': 0.0}, 40.27051536500221)
[92mINFO [0m:      configure_evaluate: strategy sampled 25 clients (out of 25)
[92mINFO [0m:      aggregate_evaluate: received 25 results and 0 failures
[92mINFO [0m:      
[92mINFO [0m:      [ROUND 4]
[92mINFO [0m:      configure_fit: strategy sampled 25 clients (out of 25)
[92mINFO [0m:      aggregate_fit: received 25 results and 0 failures
[92mINFO [0m:      fit progress: (4, 0.0, {'rmse': 0.0, 'mse': 0.0, 'mae': 0.0, 'r2': 0.0}, 42.78977097800089)
[92mINFO [0m:      configure_evaluate: strategy sampled 25 clients (out of 25)
[92mINFO [0m:      aggregate_evaluate: received 25 results and 0 failures
[92mINFO [0m:      
[92mINFO [0m:      [ROUND 5]
[92mINFO [0m:      configure_fit: strategy sampled 25 clients (out of 25)
[92mINFO [0m:      aggregate_fit: received 25 results and 0 failures
[92mINFO [0m:      fit progress: (5, 0.0, {'rmse': 0.0, 'mse': 0.0, 'mae': 0.0, 'r2': 0.0}, 47.98792938000406)
[92mINFO [0m:      configure_evaluate: strategy sampled 25 clients (out of 25)
[92mINFO [0m:      aggregate_evaluate: received 25 results and 0 failures
[92mINFO [0m:      
[92mINFO [0m:      [ROUND 6]
[92mINFO [0m:      configure_fit: strategy sampled 25 clients (out of 25)
[92mINFO [0m:      aggregate_fit: received 25 results and 0 failures
[92mINFO [0m:      fit progress: (6, 0.0, {'rmse': 0.0, 'mse': 0.0, 'mae': 0.0, 'r2': 0.0}, 50.48368856400339)
[92mINFO [0m:      configure_evaluate: strategy sampled 25 clients (out of 25)
[92mINFO [0m:      aggregate_evaluate: received 25 results and 0 failures
[92mINFO [0m:      
[92mINFO [0m:      [ROUND 7]
[92mINFO [0m:      configure_fit: strategy sampled 25 clients (out of 25)
[92mINFO [0m:      aggregate_fit: received 25 results and 0 failures
[92mINFO [0m:      fit progress: (7, 0.0, {'rmse': 0.0, 'mse': 0.0, 'mae': 0.0, 'r2': 0.0}, 53.24907419700321)
[92mINFO [0m:      configure_evaluate: strategy sampled 25 clients (out of 25)
[92mINFO [0m:      aggregate_evaluate: received 25 results and 0 failures
[92mINFO [0m:      
[92mINFO [0m:      [ROUND 8]
[92mINFO [0m:      configure_fit: strategy sampled 25 clients (out of 25)
[92mINFO [0m:      aggregate_fit: received 25 results and 0 failures
[92mINFO [0m:      fit progress: (8, 0.0, {'rmse': 0.0, 'mse': 0.0, 'mae': 0.0, 'r2': 0.0}, 55.80992882300052)
[92mINFO [0m:      configure_evaluate: strategy sampled 25 clients (out of 25)
[92mINFO [0m:      aggregate_evaluate: received 25 results and 0 failures
[92mINFO [0m:      
[92mINFO [0m:      [ROUND 9]
[92mINFO [0m:      configure_fit: strategy sampled 25 clients (out of 25)
[92mINFO [0m:      aggregate_fit: received 25 results and 0 failures
[92mINFO [0m:      fit progress: (9, 0.0, {'rmse': 0.0, 'mse': 0.0, 'mae': 0.0, 'r2': 0.0}, 61.01131651200558)
[92mINFO [0m:      configure_evaluate: strategy sampled 25 clients (out of 25)
[92mINFO [0m:      aggregate_evaluate: received 25 results and 0 failures
[92mINFO [0m:      
[92mINFO [0m:      [ROUND 10]
[92mINFO [0m:      configure_fit: strategy sampled 25 clients (out of 25)
[92mINFO [0m:      aggregate_fit: received 25 results and 0 failures
[92mINFO [0m:      fit progress: (10, 0.0, {'rmse': 0.0, 'mse': 0.0, 'mae': 0.0, 'r2': 0.0}, 66.21789882500161)
[92mINFO [0m:      configure_evaluate: strategy sampled 25 clients (out of 25)
[92mINFO [0m:      aggregate_evaluate: received 25 results and 0 failures
[92mINFO [0m:      
[92mINFO [0m:      [SUMMARY]
[92mINFO [0m:      Run finished 10 round(s) in 66.65s
[92mINFO [0m:      	History (loss, distributed):
[92mINFO [0m:      		round 1: 11578.149407888672
[92mINFO [0m:      		round 2: 7359.32208325315
[92mINFO [0m:      		round 3: 7308.997948269048
[92mINFO [0m:      		round 4: 7310.418409035448
[92mINFO [0m:      		round 5: 7299.298740715782
[92mINFO [0m:      		round 6: 7300.763073577647
[92mINFO [0m:      		round 7: 7292.863037269437
[92mINFO [0m:      		round 8: 7297.523762807417
[92mINFO [0m:      		round 9: 7307.062760588924
[92mINFO [0m:      		round 10: 7297.4792831691
[92mINFO [0m:      	History (loss, centralized):
[92mINFO [0m:      		round 0: 0.0
[92mINFO [0m:      		round 1: 0.0
[92mINFO [0m:      		round 2: 0.0
[92mINFO [0m:      		round 3: 0.0
[92mINFO [0m:      		round 4: 0.0
[92mINFO [0m:      		round 5: 0.0
[92mINFO [0m:      		round 6: 0.0
[92mINFO [0m:      		round 7: 0.0
[92mINFO [0m:      		round 8: 0.0
[92mINFO [0m:      		round 9: 0.0
[92mINFO [0m:      		round 10: 0.0
[92mINFO [0m:      	History (metrics, centralized):
[92mINFO [0m:      	{'mae': [(0, 0.0),
[92mINFO [0m:      	         (1, 0.0),
[92mINFO [0m:      	         (2, 0.0),
[92mINFO [0m:      	         (3, 0.0),
[92mINFO [0m:      	         (4, 0.0),
[92mINFO [0m:      	         (5, 0.0),
[92mINFO [0m:      	         (6, 0.0),
[92mINFO [0m:      	         (7, 0.0),
[92mINFO [0m:      	         (8, 0.0),
[92mINFO [0m:      	         (9, 0.0),
[92mINFO [0m:      	         (10, 0.0)],
[92mINFO [0m:      	 'mse': [(0, 0.0),
[92mINFO [0m:      	         (1, 0.0),
[92mINFO [0m:      	         (2, 0.0),
[92mINFO [0m:      	         (3, 0.0),
[92mINFO [0m:      	         (4, 0.0),
[92mINFO [0m:      	         (5, 0.0),
[92mINFO [0m:      	         (6, 0.0),
[92mINFO [0m:      	         (7, 0.0),
[92mINFO [0m:      	         (8, 0.0),
[92mINFO [0m:      	         (9, 0.0),
[92mINFO [0m:      	         (10, 0.0)],
[92mINFO [0m:      	 'r2': [(0, 0.0),
[92mINFO [0m:      	        (1, 0.0),
[92mINFO [0m:      	        (2, 0.0),
[92mINFO [0m:      	        (3, 0.0),
[92mINFO [0m:      	        (4, 0.0),
[92mINFO [0m:      	        (5, 0.0),
[92mINFO [0m:      	        (6, 0.0),
[92mINFO [0m:      	        (7, 0.0),
[92mINFO [0m:      	        (8, 0.0),
[92mINFO [0m:      	        (9, 0.0),
[92mINFO [0m:      	        (10, 0.0)],
[92mINFO [0m:      	 'rmse': [(0, 0.0),
[92mINFO [0m:      	          (1, 0.0),
[92mINFO [0m:      	          (2, 0.0),
[92mINFO [0m:      	          (3, 0.0),
[92mINFO [0m:      	          (4, 0.0),
[92mINFO [0m:      	          (5, 0.0),
[92mINFO [0m:      	          (6, 0.0),
[92mINFO [0m:      	          (7, 0.0),
[92mINFO [0m:      	          (8, 0.0),
[92mINFO [0m:      	          (9, 0.0),
[92mINFO [0m:      	          (10, 0.0)]}
[92mINFO [0m:      
🚀 Starting NASA Federated Learning Server
==================================================
Experiment ID: nasa_25c_alpha_0.1_fedavg
Algorithm: FEDAVG
Server: localhost:8686
Rounds: 10
Strategy: fedavg
Min Clients: 25
Fit Fraction: 1.0
Eval Fraction: 1.0
Results Directory: /mnt/ceph_drive/FL_IoT_Network/scale/results/run_20251029_151745/nasa_25c_alpha_0.1_fedavg
==================================================
🔄 Starting FL server on localhost:8686...
📊 Evaluation enabled: True
📊 Round 1 Fit Metrics:
   Clients: 12
   Avg Train Loss: 10525.8339
   Avg Val Loss: 10385.2884
   Avg Val R²: -0.5893
🧪 Round 1 Client Test Evaluation:
   Clients: 25
   Avg Test Loss: 11457.9441
   Avg Test R²: 0.0000
📊 Round 2 Fit Metrics:
   Clients: 25
   Avg Train Loss: 7214.0320
   Avg Val Loss: 7072.9223
   Avg Val R²: -0.0159
🧪 Round 2 Client Test Evaluation:
   Clients: 25
   Avg Test Loss: 7296.3145
   Avg Test R²: 0.0000
📊 Round 3 Fit Metrics:
   Clients: 25
   Avg Train Loss: 7179.1754
   Avg Val Loss: 7036.3242
   Avg Val R²: -0.0105
🧪 Round 3 Client Test Evaluation:
   Clients: 25
   Avg Test Loss: 7248.6258
   Avg Test R²: 0.0000
📊 Round 4 Fit Metrics:
   Clients: 25
   Avg Train Loss: 7186.2706
   Avg Val Loss: 7044.3196
   Avg Val R²: -0.0114
🧪 Round 4 Client Test Evaluation:
   Clients: 25
   Avg Test Loss: 7249.9616
   Avg Test R²: 0.0000
📊 Round 5 Fit Metrics:
   Clients: 25
   Avg Train Loss: 7178.2330
   Avg Val Loss: 7035.6049
   Avg Val R²: -0.0104
🧪 Round 5 Client Test Evaluation:
   Clients: 25
   Avg Test Loss: 7239.5277
   Avg Test R²: 0.0000
📊 Round 6 Fit Metrics:
   Clients: 25
   Avg Train Loss: 7177.4595
   Avg Val Loss: 7034.2760
   Avg Val R²: -0.0101
🧪 Round 6 Client Test Evaluation:
   Clients: 25
   Avg Test Loss: 7240.8986
   Avg Test R²: 0.0000
📊 Round 7 Fit Metrics:
   Clients: 25
   Avg Train Loss: 7169.4102
   Avg Val Loss: 7027.5703
   Avg Val R²: -0.0092
🧪 Round 7 Client Test Evaluation:
   Clients: 25
   Avg Test Loss: 7233.5153
   Avg Test R²: 0.0000
📊 Round 8 Fit Metrics:
   Clients: 25
   Avg Train Loss: 7169.1613
   Avg Val Loss: 7028.0276
   Avg Val R²: -0.0090
🧪 Round 8 Client Test Evaluation:
   Clients: 25
   Avg Test Loss: 7237.8673
   Avg Test R²: 0.0000
📊 Round 9 Fit Metrics:
   Clients: 25
   Avg Train Loss: 7177.8234
   Avg Val Loss: 7039.1420
   Avg Val R²: -0.0109
🧪 Round 9 Client Test Evaluation:
   Clients: 25
   Avg Test Loss: 7246.8074
   Avg Test R²: 0.0000
📊 Round 10 Fit Metrics:
   Clients: 25
   Avg Train Loss: 7173.2681
   Avg Val Loss: 7032.5205
   Avg Val R²: -0.0100
🧪 Round 10 Client Test Evaluation:
   Clients: 25
   Avg Test Loss: 7237.8257
   Avg Test R²: 0.0000
✅ Server completed successfully!
📊 Results saved to: /mnt/ceph_drive/FL_IoT_Network/scale/results/run_20251029_151745/nasa_25c_alpha_0.1_fedavg/nasa_25c_alpha_0.1_fedavg

📈 FINAL SUMMARY:
   Round metrics: /mnt/ceph_drive/FL_IoT_Network/scale/results/run_20251029_151745/nasa_25c_alpha_0.1_fedavg/nasa_25c_alpha_0.1_fedavg/round_metrics.csv
   Client metrics: /mnt/ceph_drive/FL_IoT_Network/scale/results/run_20251029_151745/nasa_25c_alpha_0.1_fedavg/nasa_25c_alpha_0.1_fedavg/client_metrics.csv
   Test metrics: /mnt/ceph_drive/FL_IoT_Network/scale/results/run_20251029_151745/nasa_25c_alpha_0.1_fedavg/nasa_25c_alpha_0.1_fedavg/test_metrics.csv
   Eval metrics: /mnt/ceph_drive/FL_IoT_Network/scale/results/run_20251029_151745/nasa_25c_alpha_0.1_fedavg/nasa_25c_alpha_0.1_fedavg/eval_metrics.csv
