[93mWARNING [0m:   DEPRECATED FEATURE: flwr.client.start_numpy_client() is deprecated. 
	Instead, use `flwr.client.start_client()` by ensuring you first call the `.to_client()` method as shown below: 
	flwr.client.start_client(
		server_address='<IP>:<PORT>',
		client=FlowerClient().to_client(), # <-- where FlowerClient is of type flwr.client.NumPyClient object
	)
	Using `start_numpy_client()` is deprecated.

            This is a deprecated feature. It will be removed
            entirely in future versions of Flower.
        
[93mWARNING [0m:   DEPRECATED FEATURE: flwr.client.start_client() is deprecated.
	Instead, use the `flower-supernode` CLI command to start a SuperNode as shown below:

		$ flower-supernode --insecure --superlink='<IP>:<PORT>'

	To view all available options, run:

		$ flower-supernode --help

	Using `start_client()` is deprecated.

            This is a deprecated feature. It will be removed
            entirely in future versions of Flower.
        
[92mINFO [0m:      
[92mINFO [0m:      Received: evaluate message 5b404425-48e3-4ce6-a141-2653ce903d64
[92mINFO [0m:      Sent reply
[92mINFO [0m:      
[92mINFO [0m:      Received: evaluate message 366498ce-9a6d-4546-96ee-f770d383e3ce
[92mINFO [0m:      Sent reply
[92mINFO [0m:      
[92mINFO [0m:      Received: evaluate message ebe02fe7-7380-47ac-b6f8-6972d36ab777
[92mINFO [0m:      Sent reply
[92mINFO [0m:      
[92mINFO [0m:      Received: evaluate message 50120ad3-cc51-4776-b5f2-b1d7a3f8ac3d
[92mINFO [0m:      Sent reply
[92mINFO [0m:      
[92mINFO [0m:      Received: train message 942b6057-d7d2-4491-924f-b1a1ab176df4
[92mINFO [0m:      Sent reply
[92mINFO [0m:      
[92mINFO [0m:      Received: evaluate message daa1597b-7244-4162-9672-0e1b33c492ed
[92mINFO [0m:      Sent reply
[92mINFO [0m:      
[92mINFO [0m:      Received: train message 61bc2db0-1651-4a81-8e39-615d286c0cc5
[92mINFO [0m:      Sent reply
[92mINFO [0m:      
[92mINFO [0m:      Received: evaluate message 2eec86c9-f68b-4ab6-ae2f-6436cbc7ec03
[92mINFO [0m:      Sent reply
[92mINFO [0m:      
[92mINFO [0m:      Received: train message 4f230651-b022-4980-9e05-4d4f3aa5611a
[92mINFO [0m:      Sent reply
[92mINFO [0m:      
[92mINFO [0m:      Received: evaluate message 88dbfdf3-f9f6-4619-9603-8767390fe8b9
[92mINFO [0m:      Sent reply
[92mINFO [0m:      
[92mINFO [0m:      Received: train message e80f3a49-7cea-4da2-a7e9-46544e573be4
[92mINFO [0m:      Sent reply
[92mINFO [0m:      
[92mINFO [0m:      Received: evaluate message 6144a6dd-a630-401f-bff8-019768a22a53
[92mINFO [0m:      Sent reply
[92mINFO [0m:      
[92mINFO [0m:      Received: train message 4b6fbbfe-212b-4268-9022-5c50e8787698
[92mINFO [0m:      Sent reply
[92mINFO [0m:      
[92mINFO [0m:      Received: train message 1db26e6b-e949-44a0-8b41-cdf10d730ec8
[92mINFO [0m:      Sent reply
[92mINFO [0m:      
[92mINFO [0m:      Received: evaluate message eba2568e-c43f-415c-8c63-116aa2419bf3
[92mINFO [0m:      Sent reply
[92mINFO [0m:      
[92mINFO [0m:      Received: evaluate message eff8654d-409f-4e15-bd80-fc26d09892c2
[92mINFO [0m:      Sent reply
[92mINFO [0m:      
[92mINFO [0m:      Received: train message ce92a9dd-4b2c-49fa-8097-75795f26f89f
[92mINFO [0m:      Sent reply
[92mINFO [0m:      
[92mINFO [0m:      Received: train message f89b7055-083f-4268-9f7f-831725f0cecb
[92mINFO [0m:      Sent reply
[92mINFO [0m:      
[92mINFO [0m:      Received: train message 80454bab-3113-4d7c-a74d-f83a13e2dc94
[92mINFO [0m:      Sent reply
[92mINFO [0m:      
[92mINFO [0m:      Received: evaluate message 848a04b0-daa5-4021-83e9-71c447cfc260
[92mINFO [0m:      Sent reply
[92mINFO [0m:      
[92mINFO [0m:      Received: train message 79565b4a-5a30-469e-b5e6-d38c40a68946
[92mINFO [0m:      Sent reply
[92mINFO [0m:      
[92mINFO [0m:      Received: evaluate message a16a3585-d380-41d0-be18-d5c192c26e38
[92mINFO [0m:      Sent reply
[92mINFO [0m:      
[92mINFO [0m:      Received: train message 71662a94-b028-4ddf-a931-7c0290dda5f8
[92mINFO [0m:      Sent reply
[92mINFO [0m:      
[92mINFO [0m:      Received: train message 0de0337e-64aa-416d-8fe8-0199ecefe302
[92mINFO [0m:      Sent reply
[92mINFO [0m:      
[92mINFO [0m:      Received: evaluate message 85290438-be03-4b60-a2fa-d0656718432e
[92mINFO [0m:      Sent reply
[92mINFO [0m:      
[92mINFO [0m:      Received: train message 95fd0f37-e9dc-49e2-b0c3-e5d08a144d35
[92mINFO [0m:      Sent reply
[92mINFO [0m:      
[92mINFO [0m:      Received: train message 91a12e7c-6a76-4a17-b6d6-39231496a240
[92mINFO [0m:      Sent reply
[92mINFO [0m:      
[92mINFO [0m:      Received: evaluate message 77480cf0-2428-4c2a-9e83-f2f9ad1d5c50
[92mINFO [0m:      Sent reply
[92mINFO [0m:      
[92mINFO [0m:      Received: train message 842c2485-421c-4c2f-9bcf-e3b147a80f53
[92mINFO [0m:      Sent reply
[92mINFO [0m:      
[92mINFO [0m:      Received: evaluate message f97bb99c-35eb-48b0-8fe8-cce7a86ee48f
[92mINFO [0m:      Sent reply
[92mINFO [0m:      
[92mINFO [0m:      Received: train message 87a9d040-79db-437d-a52d-ff5e43f6c5ba
[92mINFO [0m:      Sent reply
[92mINFO [0m:      
[92mINFO [0m:      Received: evaluate message 8ff1aef1-a512-43f9-a177-66200e43c1af
[92mINFO [0m:      Sent reply
[92mINFO [0m:      
[92mINFO [0m:      Received: train message b735f29b-2d0e-43ec-ae99-02f3e31d9a05
[92mINFO [0m:      Sent reply
[92mINFO [0m:      
[92mINFO [0m:      Received: train message aa04cd75-238d-4f07-ac39-f0956ae791d2
[92mINFO [0m:      Sent reply
[92mINFO [0m:      
[92mINFO [0m:      Received: evaluate message 79ff0a43-9c14-4bc8-a50d-1b832e1e81e1
[92mINFO [0m:      Sent reply
[92mINFO [0m:      
[92mINFO [0m:      Received: evaluate message 8742deaa-8460-44e8-b640-8bdb15fa213d
[92mINFO [0m:      Sent reply
[92mINFO [0m:      
[92mINFO [0m:      Received: train message 54c8e1e0-c4bb-4d3b-8f6b-400cb652cc44
[92mINFO [0m:      Sent reply
[92mINFO [0m:      
[92mINFO [0m:      Received: train message e0145dc2-df5f-450d-8fac-58f44028b94b
[92mINFO [0m:      Sent reply
[92mINFO [0m:      
[92mINFO [0m:      Received: train message 3686ade9-7346-46a5-81af-805990e389bd
[92mINFO [0m:      Sent reply
[92mINFO [0m:      
[92mINFO [0m:      Received: train message 5fe071e8-d99f-4a15-998c-eaac25780583
[92mINFO [0m:      Sent reply
[92mINFO [0m:      
[92mINFO [0m:      Received: train message 2a658125-7a3a-479a-a82d-07adeff01ea8
[92mINFO [0m:      Sent reply
[92mINFO [0m:      
[92mINFO [0m:      Received: evaluate message 1973dd2b-5b8f-4789-8c25-10b1143b7644
[92mINFO [0m:      Sent reply
[92mINFO [0m:      
[92mINFO [0m:      Received: train message 7d70a5c1-d4e9-4eda-8cb4-07c9954c077d
[92mINFO [0m:      Sent reply
[92mINFO [0m:      
[92mINFO [0m:      Received: evaluate message 8ff77002-e1d7-49e9-9a8c-53bdbe6ed893
[92mINFO [0m:      Sent reply
[92mINFO [0m:      
[92mINFO [0m:      Received: train message 9b9b43e2-e941-46fb-8fef-8938392f66c8
[92mINFO [0m:      Sent reply
[92mINFO [0m:      
[92mINFO [0m:      Received: evaluate message e0f12eec-9b91-4434-a0d3-1c860d071fde
[92mINFO [0m:      Sent reply
[92mINFO [0m:      
[92mINFO [0m:      Received: train message 84a8ebf1-8180-42da-b823-a1a0a2069c60
[92mINFO [0m:      Sent reply
[92mINFO [0m:      
[92mINFO [0m:      Received: train message 5d9a1832-bd4e-49d6-ba8c-7adcf641dff2
[92mINFO [0m:      Sent reply
[92mINFO [0m:      
[92mINFO [0m:      Received: train message 9f71be6a-d952-43fa-8a8d-408ba0b0312c
[92mINFO [0m:      Sent reply
[92mINFO [0m:      
[92mINFO [0m:      Received: evaluate message 446aeb69-f1cf-4664-a25e-f1567b849a93
[92mINFO [0m:      Sent reply
[92mINFO [0m:      
[92mINFO [0m:      Received: evaluate message deacb615-4b28-4ac3-8419-0f4e5a94664f
[92mINFO [0m:      Sent reply
[92mINFO [0m:      
[92mINFO [0m:      Received: evaluate message a1a2b354-9e47-49ac-8b02-29fdddcf5c5b
[92mINFO [0m:      Sent reply
[92mINFO [0m:      
[92mINFO [0m:      Received: evaluate message 5c6efe76-709c-43aa-9361-735eae3df9c8
[92mINFO [0m:      Sent reply
[92mINFO [0m:      
[92mINFO [0m:      Received: train message 5246639f-e100-4b48-8c6e-92acc6f64357
[92mINFO [0m:      Sent reply
[92mINFO [0m:      
[92mINFO [0m:      Received: evaluate message 739ed613-e129-4b6a-a19c-ba7c6f66820b
[92mINFO [0m:      Sent reply
[92mINFO [0m:      
[92mINFO [0m:      Received: evaluate message 7639d60b-49e5-47b1-87a2-1eb53c22e4a9
[92mINFO [0m:      Sent reply
[92mINFO [0m:      
[92mINFO [0m:      Received: train message 9043c998-5b8f-4591-8f6f-2b057105894e
[92mINFO [0m:      Sent reply
[92mINFO [0m:      
[92mINFO [0m:      Received: evaluate message aed58096-a74a-40ae-a533-06da26fc4020
[92mINFO [0m:      Sent reply
[92mINFO [0m:      
[92mINFO [0m:      Received: train message 2b64d4e8-982a-4833-a8e7-372304ee7d5f
[92mINFO [0m:      Sent reply
[92mINFO [0m:      
[92mINFO [0m:      Received: train message d7a71b60-4bbe-49f7-9620-da48966c73bb
[92mINFO [0m:      Sent reply
[92mINFO [0m:      
[92mINFO [0m:      Received: evaluate message 8d999a8c-3ad7-4543-b3e0-b8aeb385aa5d
[92mINFO [0m:      Sent reply
[92mINFO [0m:      
[92mINFO [0m:      Received: evaluate message d3eec079-e1ce-4de3-a3f7-6c8d986149a9
[92mINFO [0m:      Sent reply
[92mINFO [0m:      
[92mINFO [0m:      Received: evaluate message f3e3c363-b3c0-428d-84df-d0c7eb5b1f09
[92mINFO [0m:      Sent reply
[92mINFO [0m:      
[92mINFO [0m:      Received: evaluate message 15bc2d4b-96be-4352-b62a-cabe87793362
[92mINFO [0m:      Sent reply
[92mINFO [0m:      
[92mINFO [0m:      Received: train message e4731796-887e-4160-a38f-a043e6ba7003
[92mINFO [0m:      Sent reply
[92mINFO [0m:      
[92mINFO [0m:      Received: train message 3048fc0a-4f42-490f-b905-78396e4818c5
[92mINFO [0m:      Sent reply
[92mINFO [0m:      
[92mINFO [0m:      Received: train message 897aa3c4-bdf5-4735-b361-1b6686349c65
[92mINFO [0m:      Sent reply
[92mINFO [0m:      
[92mINFO [0m:      Received: train message 894c3cb4-732e-442f-b63f-d6072c031c75
[92mINFO [0m:      Sent reply
[92mINFO [0m:      
[92mINFO [0m:      Received: evaluate message f254f3c4-3de6-48ea-aecb-fc8ff8e043d9
[92mINFO [0m:      Sent reply
[92mINFO [0m:      
[92mINFO [0m:      Received: train message 5b00adf1-7a9f-4900-ac9f-3bf2cbceb11d
[92mINFO [0m:      Sent reply
[92mINFO [0m:      
[92mINFO [0m:      Received: evaluate message 7964e9f5-5389-4553-a31f-24dc68d69b52
[92mINFO [0m:      Sent reply
[92mINFO [0m:      
[92mINFO [0m:      Received: train message b65328c8-6503-4598-b129-16f3a06c6bbb
[92mINFO [0m:      Sent reply
[92mINFO [0m:      
[92mINFO [0m:      Received: evaluate message 48368770-a855-43e6-9e4d-3a3926dc942b
[92mINFO [0m:      Sent reply
[92mINFO [0m:      
[92mINFO [0m:      Received: train message 1c9812ea-b6d5-467b-a5f6-6b57de56a3de
[92mINFO [0m:      Sent reply
[92mINFO [0m:      
[92mINFO [0m:      Received: evaluate message dd847f4e-9377-41be-8ace-ee9dffdd0c7f
[92mINFO [0m:      Sent reply
[92mINFO [0m:      
[92mINFO [0m:      Received: evaluate message fa27aa4f-70f8-4d54-8e03-ef47c6249be3
[92mINFO [0m:      Sent reply
[92mINFO [0m:      
[92mINFO [0m:      Received: evaluate message b018d667-249c-42b4-8c6d-af89fc06870b
[92mINFO [0m:      Sent reply
[92mINFO [0m:      
[92mINFO [0m:      Received: train message 7db17f47-eb19-477d-b782-62a02c14b4a5
[92mINFO [0m:      Sent reply
[92mINFO [0m:      
[92mINFO [0m:      Received: evaluate message 67aeb013-73fd-434b-8cfc-33ac1b373ccb
[92mINFO [0m:      Sent reply
[92mINFO [0m:      
[92mINFO [0m:      Received: train message 6483f202-05f0-443b-8677-5d80cc0aa26b
[92mINFO [0m:      Sent reply
[92mINFO [0m:      
[92mINFO [0m:      Received: evaluate message a9f61c44-4b11-4c8b-ad3a-342cf6f093f8
[92mINFO [0m:      Sent reply
[92mINFO [0m:      
[92mINFO [0m:      Received: train message dddcf0f7-3b09-4747-987d-21b85b3c0635
[92mINFO [0m:      Sent reply
[92mINFO [0m:      
[92mINFO [0m:      Received: evaluate message 6b6198b6-5b67-46d0-93eb-4ab1a41ebdc7
[92mINFO [0m:      Sent reply
[92mINFO [0m:      
[92mINFO [0m:      Received: train message 7da1ab8a-8f48-45e8-a0cb-97624f8aa7c8
[92mINFO [0m:      Sent reply
[92mINFO [0m:      
[92mINFO [0m:      Received: evaluate message af0e5aab-b734-4529-a568-ef3c2583ecb4
[92mINFO [0m:      Sent reply
[92mINFO [0m:      
[92mINFO [0m:      Received: evaluate message e006cc38-21cd-4775-86b6-d7ff834ab8cd
[92mINFO [0m:      Sent reply
[92mINFO [0m:      
[92mINFO [0m:      Received: evaluate message 4ae4ef61-8d0b-4954-8493-d2bc07f9a0f4
[92mINFO [0m:      Sent reply
[92mINFO [0m:      
[92mINFO [0m:      Received: train message 949cf465-2ffa-46c2-a8e9-3ad237effef5
[92mINFO [0m:      Sent reply
[92mINFO [0m:      
[92mINFO [0m:      Received: evaluate message 0d04370b-11e3-4df4-979b-84c1dda7a446
[92mINFO [0m:      Sent reply
[92mINFO [0m:      
[92mINFO [0m:      Received: train message 19ccc88c-fea9-4bec-8b1f-493e3095cd1e
[92mINFO [0m:      Sent reply
[92mINFO [0m:      
[92mINFO [0m:      Received: train message 0ce21403-18e7-448e-9dd0-6496afc795f4
[92mINFO [0m:      Sent reply
[92mINFO [0m:      
[92mINFO [0m:      Received: evaluate message d083d562-83b0-4e7c-8e5f-5ef563476fef
[92mINFO [0m:      Sent reply
[92mINFO [0m:      
[92mINFO [0m:      Received: train message e3366b9b-3334-4e05-a499-f61ef4f2c7d8
[92mINFO [0m:      Sent reply
[92mINFO [0m:      
[92mINFO [0m:      Received: train message 342678f0-96e2-48f1-8890-f75a9eb165a2
[92mINFO [0m:      Sent reply
[92mINFO [0m:      
[92mINFO [0m:      Received: train message e8c87284-2951-4114-bfc3-cae688042be7
[92mINFO [0m:      Sent reply
[92mINFO [0m:      
[92mINFO [0m:      Received: train message af35dd67-494c-4280-98eb-1d9213db3951
[92mINFO [0m:      Sent reply
[92mINFO [0m:      
[92mINFO [0m:      Received: train message 9854e689-9d1a-43e4-b68f-6c41f0b62771
[92mINFO [0m:      Sent reply
[92mINFO [0m:      
[92mINFO [0m:      Received: evaluate message 19353dd0-535a-47ce-a450-bbeec7ec0c89
[92mINFO [0m:      Sent reply
[92mINFO [0m:      
[92mINFO [0m:      Received: train message 1abe4171-9e19-4bc2-9719-57d5d1206003
[92mINFO [0m:      Sent reply
[92mINFO [0m:      
[92mINFO [0m:      Received: train message 331fd9b5-7687-4a61-8bc3-0ea35df02dc1
[92mINFO [0m:      Sent reply
[92mINFO [0m:      
[92mINFO [0m:      Received: train message 8304a7a5-58a7-4ed3-b1d9-cf0333848bc5
[92mINFO [0m:      Sent reply
[92mINFO [0m:      
[92mINFO [0m:      Received: train message 238fb9b9-cf4c-4204-8b6b-b4a3f32ee3d5
[92mINFO [0m:      Sent reply
[92mINFO [0m:      
[92mINFO [0m:      Received: train message cc5a181d-00c4-4c54-89b2-78bab38f1453
[92mINFO [0m:      Sent reply
[92mINFO [0m:      
[92mINFO [0m:      Received: train message 3be91805-6be0-437a-b8cb-313aeb1968e9
[92mINFO [0m:      Sent reply
[92mINFO [0m:      
[92mINFO [0m:      Received: train message 8748169d-b370-422a-9763-d745df4cc1fe
[92mINFO [0m:      Sent reply
[92mINFO [0m:      
[92mINFO [0m:      Received: train message 282f1dd6-a568-43ab-81f5-3680e2cc34b5
[92mINFO [0m:      Sent reply
[92mINFO [0m:      
[92mINFO [0m:      Received: evaluate message 7bd4daa8-0e1b-4921-9392-cfe2465a4d6e
[92mINFO [0m:      Sent reply
[92mINFO [0m:      
[92mINFO [0m:      Received: evaluate message bc19711b-f61a-43bd-b7bb-0e3ca4d2caf6
[92mINFO [0m:      Sent reply
[92mINFO [0m:      
[92mINFO [0m:      Received: train message 12d7c025-596b-4ea9-96e9-ec5c2675cd3c
[92mINFO [0m:      Sent reply
[92mINFO [0m:      
[92mINFO [0m:      Received: evaluate message 56002c26-839c-4543-814a-e6b55f043198
[92mINFO [0m:      Sent reply
[92mINFO [0m:      
[92mINFO [0m:      Received: train message 6649e934-4fac-41a0-91b6-8feb64ca3f0c
[92mINFO [0m:      Sent reply
[92mINFO [0m:      
[92mINFO [0m:      Received: train message 58bd98f2-eec8-43ac-a05c-3a639b5f544c
[92mINFO [0m:      Sent reply
[92mINFO [0m:      
[92mINFO [0m:      Received: evaluate message 86346260-254a-43c7-abaa-0762ac1e2bce
[92mINFO [0m:      Sent reply
[92mINFO [0m:      
[92mINFO [0m:      Received: evaluate message a844dade-e8a0-4d78-a77f-42878691c15e
[92mINFO [0m:      Sent reply
[92mINFO [0m:      
[92mINFO [0m:      Received: train message 44e3d48c-8133-4dfb-8b28-faa84e88f094
[92mINFO [0m:      Sent reply
[92mINFO [0m:      
[92mINFO [0m:      Received: evaluate message 8442f33a-1925-41ae-ba0f-04aabdefbeb1
[92mINFO [0m:      Sent reply
[92mINFO [0m:      
[92mINFO [0m:      Received: train message ebbb136b-4669-4f64-8288-d626eabb2f01
[92mINFO [0m:      Sent reply
[92mINFO [0m:      
[92mINFO [0m:      Received: evaluate message 7825bce4-be95-4a63-abb8-31719b62fdaa
[92mINFO [0m:      Sent reply
[92mINFO [0m:      
[92mINFO [0m:      Received: evaluate message 8a70f7b0-9525-47ce-9df2-0228fdf055bf
[92mINFO [0m:      Sent reply
[92mINFO [0m:      
[92mINFO [0m:      Received: evaluate message 5b47dcbe-6893-4635-ad74-d8847d60062d
[92mINFO [0m:      Sent reply
[92mINFO [0m:      
[92mINFO [0m:      Received: train message 069dcfff-1f01-4ecc-b20e-89be5f78afcc
[92mINFO [0m:      Sent reply
[92mINFO [0m:      
[92mINFO [0m:      Received: train message 30738de1-329c-4658-a3cf-8cdd18eb3617
[92mINFO [0m:      Sent reply
[92mINFO [0m:      
[92mINFO [0m:      Received: evaluate message 21a076d6-2b10-4b58-9390-4656a41cc40f
[92mINFO [0m:      Sent reply
[92mINFO [0m:      
[92mINFO [0m:      Received: evaluate message e7783d5d-6548-4f7e-8c47-430cc1558fc5
[92mINFO [0m:      Sent reply
[92mINFO [0m:      
[92mINFO [0m:      Received: evaluate message 83961065-abaa-41a6-a201-3ccc86cb00d8
[92mINFO [0m:      Sent reply
[92mINFO [0m:      
[92mINFO [0m:      Received: evaluate message 4346d8f8-e1b8-4979-ace9-779b58f52c97
[92mINFO [0m:      Sent reply
[92mINFO [0m:      
[92mINFO [0m:      Received: train message 367c23dd-f3ad-48bf-9c69-e4ebbb7a0201
[92mINFO [0m:      Sent reply
[92mINFO [0m:      
[92mINFO [0m:      Received: evaluate message ea3021cf-0694-404f-8b14-7d38a974e403
[92mINFO [0m:      Sent reply
[92mINFO [0m:      
[92mINFO [0m:      Received: train message c39ecaf5-cba8-45f2-8075-2b7a968dddcd
[92mINFO [0m:      Sent reply
[92mINFO [0m:      
[92mINFO [0m:      Received: evaluate message 5e8c1394-cfbc-4a39-8d8e-e62dab6354cd
[92mINFO [0m:      Sent reply
[92mINFO [0m:      
[92mINFO [0m:      Received: evaluate message 6f162d1a-4089-4e0d-b8b4-dbe4e245e3f7
[92mINFO [0m:      Sent reply
[92mINFO [0m:      
[92mINFO [0m:      Received: evaluate message 034d01a1-279a-45de-878f-6a83721a1213
[92mINFO [0m:      Sent reply
[92mINFO [0m:      
[92mINFO [0m:      Received: train message 4bb57292-14bb-4c17-a72b-696b3d0341fa
[92mINFO [0m:      Sent reply
[92mINFO [0m:      
[92mINFO [0m:      Received: evaluate message 8674d1ed-964d-4dc6-a093-fc1c87689143
[92mINFO [0m:      Sent reply
[92mINFO [0m:      
[92mINFO [0m:      Received: train message cf20eeb3-0e59-4ab6-b040-bae47b644505
[92mINFO [0m:      Sent reply
[92mINFO [0m:      
[92mINFO [0m:      Received: evaluate message 82aa8a45-21b2-4b5b-b802-b667926a4340
[92mINFO [0m:      Sent reply
[92mINFO [0m:      
[92mINFO [0m:      Received: train message 09f7689d-2104-4cc9-8c2d-268ba10fc499
[92mINFO [0m:      Sent reply
[92mINFO [0m:      
[92mINFO [0m:      Received: evaluate message 54cfe008-7c43-44d2-aa06-ab2771a49f8f
[92mINFO [0m:      Sent reply
[92mINFO [0m:      
[92mINFO [0m:      Received: train message 98c45b07-db64-48b5-939b-2575236a8651
[92mINFO [0m:      Sent reply
[92mINFO [0m:      
[92mINFO [0m:      Received: train message 02e86d14-ea06-494d-af54-c40c588ee8d6
[92mINFO [0m:      Sent reply
[92mINFO [0m:      
[92mINFO [0m:      Received: train message 225ffcd8-c6e3-4935-aeea-60b71f41c646
[92mINFO [0m:      Sent reply
[92mINFO [0m:      
[92mINFO [0m:      Received: evaluate message 0da41d74-8ec9-4071-b914-754e78e1d09c
[92mINFO [0m:      Sent reply
[92mINFO [0m:      
[92mINFO [0m:      Received: train message 0a5fcae4-47b7-4ac1-9ac9-1241388bf4e9
[92mINFO [0m:      Sent reply
[92mINFO [0m:      
[92mINFO [0m:      Received: train message 961a10c3-2116-4788-83d5-6fc322cb3862
[92mINFO [0m:      Sent reply
[92mINFO [0m:      
[92mINFO [0m:      Received: train message 9d13d5f8-bb6e-427b-ab60-51980ffcb183
[92mINFO [0m:      Sent reply
[92mINFO [0m:      
[92mINFO [0m:      Received: evaluate message c5d44b9e-4659-48e6-a726-e202726f2438
[92mINFO [0m:      Sent reply
[92mINFO [0m:      
[92mINFO [0m:      Received: train message e376897d-bf63-4234-a244-4c7d5f91d27c
[92mINFO [0m:      Sent reply
[92mINFO [0m:      
[92mINFO [0m:      Received: evaluate message eea8f836-d019-4fdc-af64-bd568ba18edd
[92mINFO [0m:      Sent reply
[92mINFO [0m:      
[92mINFO [0m:      Received: train message c14c4c9f-4a4c-41eb-a2ec-0df7c6466a4e
[92mINFO [0m:      Sent reply
[92mINFO [0m:      
[92mINFO [0m:      Received: evaluate message 815841bd-8125-46c3-8ef7-05168b20c804
[92mINFO [0m:      Sent reply
[92mINFO [0m:      
[92mINFO [0m:      Received: evaluate message aae7556f-e216-4ae1-b136-deaf31b49912
[92mINFO [0m:      Sent reply
[92mINFO [0m:      
[92mINFO [0m:      Received: train message 98bf6a1e-140d-439e-922c-4eabcf8f9109
[92mINFO [0m:      Sent reply
[92mINFO [0m:      
[92mINFO [0m:      Received: train message 9d6f9f15-49df-4f0d-87e8-1302ee27d95a
[92mINFO [0m:      Sent reply
[92mINFO [0m:      
[92mINFO [0m:      Received: evaluate message 11147c52-66cc-4900-85ab-1ab45fae485a
[92mINFO [0m:      Sent reply
[92mINFO [0m:      
[92mINFO [0m:      Received: train message c9f522e9-87bf-4ec3-8374-00a20348dad6
[92mINFO [0m:      Sent reply
[92mINFO [0m:      
[92mINFO [0m:      Received: evaluate message 31c5e4bd-a70b-4225-b114-7bdef90146b4
[92mINFO [0m:      Sent reply
[92mINFO [0m:      
[92mINFO [0m:      Received: train message 5281f4e3-c616-4e47-8a2a-1a64cc8d005f
[92mINFO [0m:      Sent reply
[92mINFO [0m:      
[92mINFO [0m:      Received: evaluate message e4ea4062-b896-4c89-9fc9-a76088cb34e8
[92mINFO [0m:      Sent reply
[92mINFO [0m:      
[92mINFO [0m:      Received: evaluate message 1df403f9-4b39-49fd-941d-6adba59fe4f0
[92mINFO [0m:      Sent reply
[92mINFO [0m:      
[92mINFO [0m:      Received: evaluate message 4731d173-3277-4063-bad4-37707464045e
[92mINFO [0m:      Sent reply
[92mINFO [0m:      
[92mINFO [0m:      Received: train message 3da433f1-d121-4277-a889-37042188c678
[92mINFO [0m:      Sent reply
[92mINFO [0m:      
[92mINFO [0m:      Received: train message 16ca0205-0ae6-4da1-8d8e-7a4f85ab031f
[92mINFO [0m:      Sent reply
[92mINFO [0m:      
[92mINFO [0m:      Received: evaluate message f44dce06-bf7a-4ecd-8be9-5a3a85838e0c
[92mINFO [0m:      Sent reply
[92mINFO [0m:      
[92mINFO [0m:      Received: evaluate message 09411f8d-a742-420f-b955-8d19db92f498
[92mINFO [0m:      Sent reply
[92mINFO [0m:      
[92mINFO [0m:      Received: train message be7a5f01-4ca6-4926-b423-d1617f9e53ba
[92mINFO [0m:      Sent reply
[92mINFO [0m:      
[92mINFO [0m:      Received: train message 4a353c54-664b-4366-b921-3ad87cd7e9de
[92mINFO [0m:      Sent reply
[92mINFO [0m:      
[92mINFO [0m:      Received: evaluate message 0b64e180-c89e-4cbf-9306-92c681f41b66
[92mINFO [0m:      Sent reply
[92mINFO [0m:      
[92mINFO [0m:      Received: evaluate message ba74bae7-7b7d-4fcb-a37f-450b34b5d338
[92mINFO [0m:      Sent reply
[92mINFO [0m:      
[92mINFO [0m:      Received: evaluate message 9ace05f2-1c59-4db9-a3cb-f66fcf3938e3
[92mINFO [0m:      Sent reply
[92mINFO [0m:      
[92mINFO [0m:      Received: train message 970b5f3b-604a-47b2-a1f2-906da4fda62e
[92mINFO [0m:      Sent reply
[92mINFO [0m:      
[92mINFO [0m:      Received: train message 06bef0f0-62e0-42dc-bc03-5a4a234cfa04
[92mINFO [0m:      Sent reply
[92mINFO [0m:      
[92mINFO [0m:      Received: train message d8d07552-2344-4633-8b28-0eb26608ef2e
[92mINFO [0m:      Sent reply
[92mINFO [0m:      
[92mINFO [0m:      Received: train message 8d22e5a7-82e2-4f39-b02e-880a6b263f8d
[92mINFO [0m:      Sent reply
[92mINFO [0m:      
[92mINFO [0m:      Received: train message 72f032da-1e96-4a4b-b9a8-7dfc28591af6
[92mINFO [0m:      Sent reply
[92mINFO [0m:      
[92mINFO [0m:      Received: evaluate message fec41e76-9a04-43bb-ab62-6cb35d7076e6
[92mINFO [0m:      Sent reply
[92mINFO [0m:      
[92mINFO [0m:      Received: train message 93a4d92e-4fdb-49b2-81ef-fae6643bcceb
[92mINFO [0m:      Sent reply
[92mINFO [0m:      
[92mINFO [0m:      Received: evaluate message ad8e3be9-12d7-4ec2-a5d7-384e6bf7d78b
[92mINFO [0m:      Sent reply
[92mINFO [0m:      
[92mINFO [0m:      Received: evaluate message abcc234f-f01c-4bc8-9b48-68f1518f871f
[92mINFO [0m:      Sent reply
[92mINFO [0m:      
[92mINFO [0m:      Received: train message b287ae40-6610-4677-ab5d-8ba2b75af60e
[92mINFO [0m:      Sent reply
[92mINFO [0m:      
[92mINFO [0m:      Received: evaluate message c1ee1e61-cd7c-478a-b99c-bd45a5c0b04f
[92mINFO [0m:      Sent reply
[92mINFO [0m:      
[92mINFO [0m:      Received: evaluate message 9f9540b8-a0de-47c6-97a0-e964530fb747
[92mINFO [0m:      Sent reply
[92mINFO [0m:      
[92mINFO [0m:      Received: evaluate message f2eecf7e-19b0-41e7-b4e9-21071cb08144
[92mINFO [0m:      Sent reply
[92mINFO [0m:      
[92mINFO [0m:      Received: evaluate message 10ccc642-dc4e-4e05-8c86-c3fa1c5c015f
[92mINFO [0m:      Sent reply
[92mINFO [0m:      
[92mINFO [0m:      Received: evaluate message 598739fc-523e-41de-a4a4-20ce383c153b
[92mINFO [0m:      Sent reply
[92mINFO [0m:      
[92mINFO [0m:      Received: train message 357af55f-c554-4570-9109-9a16549eb01a
[92mINFO [0m:      Sent reply
[92mINFO [0m:      
[92mINFO [0m:      Received: evaluate message a3667ce4-b23a-444b-8ad6-480ff3f795eb
[92mINFO [0m:      Sent reply
[92mINFO [0m:      
[92mINFO [0m:      Received: evaluate message b8210b1f-61df-4920-a969-489c32a89453
[92mINFO [0m:      Sent reply
[92mINFO [0m:      
[92mINFO [0m:      Received: train message 5428ee84-2abc-4da1-9b78-2070b8bea8a2
[92mINFO [0m:      Sent reply
[92mINFO [0m:      
[92mINFO [0m:      Received: evaluate message 73a729ea-afb1-42ba-9b93-7bd26d8f913e
[92mINFO [0m:      Sent reply
[92mINFO [0m:      
[92mINFO [0m:      Received: train message 4533cc8b-eaad-4d82-a4a7-def1056b8bfa
[92mINFO [0m:      Sent reply
[92mINFO [0m:      
[92mINFO [0m:      Received: evaluate message f5b77879-87ad-437c-a790-acbf6edc6c41
[92mINFO [0m:      Sent reply
[92mINFO [0m:      
[92mINFO [0m:      Received: evaluate message 974af187-dd93-4633-ae36-0cc706f4135f
[92mINFO [0m:      Sent reply
[92mINFO [0m:      
[92mINFO [0m:      Received: train message b75f76b9-8c54-4941-9ab5-68e4a8c9348e
[92mINFO [0m:      Sent reply
[92mINFO [0m:      
[92mINFO [0m:      Received: evaluate message dde4d59c-b3c8-4f71-a518-059faa2f9764
[92mINFO [0m:      Sent reply
[92mINFO [0m:      
[92mINFO [0m:      Received: train message bb9a24a3-6f90-4bb9-ae36-a3a2466d4c06
[92mINFO [0m:      Sent reply
[92mINFO [0m:      
[92mINFO [0m:      Received: evaluate message 5306e348-2f54-410d-b6f9-e23f2dd94ccc
[92mINFO [0m:      Sent reply
[92mINFO [0m:      
[92mINFO [0m:      Received: evaluate message a5ac9dc4-ccbf-4979-84f4-39a65f13d229
[92mINFO [0m:      Sent reply
[92mINFO [0m:      
[92mINFO [0m:      Received: train message cb31866c-33c6-4434-9a82-0461c171ec0b
[92mINFO [0m:      Sent reply
[92mINFO [0m:      
[92mINFO [0m:      Received: evaluate message 380497f2-bcef-4144-8ee5-b546c5b11837
[92mINFO [0m:      Sent reply
[92mINFO [0m:      
[92mINFO [0m:      Received: train message 0b249e59-275e-497a-bc19-a49f80dac4db
[92mINFO [0m:      Sent reply
[92mINFO [0m:      
[92mINFO [0m:      Received: evaluate message d47c9fe7-1f91-445c-ae2e-9c821e31ec83
[92mINFO [0m:      Sent reply
[92mINFO [0m:      
[92mINFO [0m:      Received: train message 9afcd72a-1b5c-458b-b06a-dc030e11ee02
[92mINFO [0m:      Sent reply
[92mINFO [0m:      
[92mINFO [0m:      Received: evaluate message 26fa685f-f351-4194-ba5c-b297c13605a0
[92mINFO [0m:      Sent reply
[92mINFO [0m:      
[92mINFO [0m:      Received: evaluate message 9ac67af2-d4be-46d0-a653-3872beaf2248
[92mINFO [0m:      Sent reply
[92mINFO [0m:      
[92mINFO [0m:      Received: train message 3952502c-e799-4690-b174-fd90e02db9af
[92mINFO [0m:      Sent reply
[92mINFO [0m:      
[92mINFO [0m:      Received: evaluate message 66ff1c2b-eca0-404d-b31f-56ef31aae8d5
[92mINFO [0m:      Sent reply
[92mINFO [0m:      
[92mINFO [0m:      Received: evaluate message d632cb98-3fdb-46e1-ad2c-bd0814ebbcde
[92mINFO [0m:      Sent reply
[92mINFO [0m:      
[92mINFO [0m:      Received: train message dd395169-ba1c-4b5b-8832-6cd65ec70510
[92mINFO [0m:      Sent reply
[92mINFO [0m:      
[92mINFO [0m:      Received: train message a16b8d40-cad8-4518-911d-58199549688b
[92mINFO [0m:      Sent reply
[92mINFO [0m:      
[92mINFO [0m:      Received: evaluate message b89f98b9-b16a-49a1-8241-193f9d9b8dc9
[92mINFO [0m:      Sent reply
[92mINFO [0m:      
[92mINFO [0m:      Received: evaluate message bfa15693-8a37-4c2a-8700-7d830aaa8594
[92mINFO [0m:      Sent reply
[92mINFO [0m:      
[92mINFO [0m:      Received: train message 24481420-4628-4d6f-b60e-0666519763dc
[92mINFO [0m:      Sent reply
[92mINFO [0m:      
[92mINFO [0m:      Received: train message bb566a90-3ca6-481a-b819-0e653061c5d9
[92mINFO [0m:      Sent reply
[92mINFO [0m:      
[92mINFO [0m:      Received: evaluate message a1b0f446-efb9-4765-91c8-00c1b15bdbaf
[92mINFO [0m:      Sent reply
[92mINFO [0m:      
[92mINFO [0m:      Received: train message e1659a98-0db6-4b35-96f8-3d7d7cada4de
[92mINFO [0m:      Sent reply
[92mINFO [0m:      
[92mINFO [0m:      Received: train message bf8a0c87-1295-4563-854f-3f9236918104
[92mINFO [0m:      Sent reply
[92mINFO [0m:      
[92mINFO [0m:      Received: evaluate message fea69938-fbe0-49ec-8e20-08b7a462c908
[92mINFO [0m:      Sent reply
[92mINFO [0m:      
[92mINFO [0m:      Received: evaluate message 04bd6f87-897f-4aa8-b770-5116f6a274b1
[92mINFO [0m:      Sent reply
[92mINFO [0m:      
[92mINFO [0m:      Received: evaluate message edb47777-d537-438b-bbb5-9e328bccce1f
[92mINFO [0m:      Sent reply
[92mINFO [0m:      
[92mINFO [0m:      Received: train message 63105dbb-93dc-486e-9b88-9a3f5dd43e2f
[92mINFO [0m:      Sent reply
[92mINFO [0m:      
[92mINFO [0m:      Received: train message f6e9c8c6-a655-4017-b1fe-d109b80aaabb
[92mINFO [0m:      Sent reply
[92mINFO [0m:      
[92mINFO [0m:      Received: evaluate message 2f5d6099-8011-41d1-8695-bbb206b1250f
[92mINFO [0m:      Sent reply
[92mINFO [0m:      
[92mINFO [0m:      Received: evaluate message a62c0744-8891-4100-ae95-891a1c0a80dd
[92mINFO [0m:      Sent reply
[92mINFO [0m:      
[92mINFO [0m:      Received: train message 0afef79e-4e8b-410e-9554-ef3c629b88eb
[92mINFO [0m:      Sent reply
[92mINFO [0m:      
[92mINFO [0m:      Received: evaluate message 6e9a41f7-c3da-4a3d-9c4b-59996c5c0057
[92mINFO [0m:      Sent reply
[92mINFO [0m:      
[92mINFO [0m:      Received: evaluate message eda2b007-be01-4f1a-9b62-9d5b8a8ef78e
[92mINFO [0m:      Sent reply
[92mINFO [0m:      
[92mINFO [0m:      Received: evaluate message 949d112c-1d7f-4515-9296-5e89906782c1
[92mINFO [0m:      Sent reply
[92mINFO [0m:      
[92mINFO [0m:      Received: train message c0211efe-c0d8-4b05-ac3f-d7791eb128e6
[92mINFO [0m:      Sent reply
[92mINFO [0m:      
[92mINFO [0m:      Received: evaluate message b9b9a17d-d763-4538-b7d9-31a79bbe19ce
[92mINFO [0m:      Sent reply
[92mINFO [0m:      
[92mINFO [0m:      Received: evaluate message 8dd842d3-cfa3-4ac2-bb97-091034f5f9df
[92mINFO [0m:      Sent reply
[92mINFO [0m:      
[92mINFO [0m:      Received: train message b913478f-5b51-4ecc-9ed0-46f1ef8aff61
[92mINFO [0m:      Sent reply
[92mINFO [0m:      
[92mINFO [0m:      Received: train message c2eeab4a-b7ed-4431-a013-6fc27d8f826f
[92mINFO [0m:      Sent reply
[92mINFO [0m:      
[92mINFO [0m:      Received: train message bc6c4182-100b-457d-8f85-fa6c090fd4b9
[92mINFO [0m:      Sent reply
[92mINFO [0m:      
[92mINFO [0m:      Received: evaluate message 5dd68701-16b7-4c7b-abd7-23c3e8a9f44b
[92mINFO [0m:      Sent reply
[92mINFO [0m:      
[92mINFO [0m:      Received: train message e22bfbaf-ee39-45ac-9284-db51cc931ebc
[92mINFO [0m:      Sent reply
[92mINFO [0m:      
[92mINFO [0m:      Received: evaluate message 44af5590-295a-4a69-9856-d89b93801098
[92mINFO [0m:      Sent reply
[92mINFO [0m:      
[92mINFO [0m:      Received: train message a6723dfb-d5aa-4144-832e-b474fd42efaa
[92mINFO [0m:      Sent reply
[92mINFO [0m:      
[92mINFO [0m:      Received: evaluate message a0b83e9c-6f27-461b-8359-a9fe9f4b435a
[92mINFO [0m:      Sent reply
[92mINFO [0m:      
[92mINFO [0m:      Received: evaluate message 7352e8e4-e6ab-46d1-8a6d-9a205807adf9
[92mINFO [0m:      Sent reply
[92mINFO [0m:      
[92mINFO [0m:      Received: train message dcc80923-5b3a-459e-a071-60c46b022527
[92mINFO [0m:      Sent reply
[92mINFO [0m:      
[92mINFO [0m:      Received: evaluate message d16826d9-eebc-4c0c-890c-8d14c736a720
[92mINFO [0m:      Sent reply
[92mINFO [0m:      
[92mINFO [0m:      Received: evaluate message defa2c37-88ba-489f-8b42-8fc0ea4d00a5
[92mINFO [0m:      Sent reply
[92mINFO [0m:      
[92mINFO [0m:      Received: train message 5f7f05a2-5885-41d0-b25a-c6582842e6e8
[92mINFO [0m:      Sent reply
[92mINFO [0m:      
[92mINFO [0m:      Received: evaluate message d652be8c-627e-4a34-a3c9-10234fa81903
[92mINFO [0m:      Sent reply
[92mINFO [0m:      
[92mINFO [0m:      Received: train message 87303e04-b225-4641-8f5b-b78ae40c33b1
[92mINFO [0m:      Sent reply
[92mINFO [0m:      
[92mINFO [0m:      Received: evaluate message 6496c5df-f89c-44ea-918e-e742ab8485c6
[92mINFO [0m:      Sent reply
[92mINFO [0m:      
[92mINFO [0m:      Received: evaluate message f938b1e2-52a3-4241-b20f-f04cb0c21288
[92mINFO [0m:      Sent reply
[92mINFO [0m:      
[92mINFO [0m:      Received: train message ecf05e78-24e5-489b-a693-b84a0ed9a06d
[92mINFO [0m:      Sent reply
[92mINFO [0m:      
[92mINFO [0m:      Received: train message 7184ead0-bf03-4782-81d4-f10b4425f6a7
[92mINFO [0m:      Sent reply
[92mINFO [0m:      
[92mINFO [0m:      Received: evaluate message 45566dc5-cc87-4065-93d0-12dcb5a09342
[92mINFO [0m:      Sent reply
[92mINFO [0m:      
[92mINFO [0m:      Received: train message 3b2f6786-b6f5-4317-b994-ab4c740d5cd8
[92mINFO [0m:      Sent reply
[92mINFO [0m:      
[92mINFO [0m:      Received: evaluate message 6c95bad5-0385-4d99-a35b-36e657ff2f37
[92mINFO [0m:      Sent reply
[92mINFO [0m:      
[92mINFO [0m:      Received: train message c1b080be-0683-407d-8c0a-4387e4b1f952
[92mINFO [0m:      Sent reply
[92mINFO [0m:      
[92mINFO [0m:      Received: evaluate message 4134637f-2b5b-4282-beb7-426e46907e78
[92mINFO [0m:      Sent reply
[92mINFO [0m:      
[92mINFO [0m:      Received: train message 82d5b6bf-d866-4933-a43d-2d1eb5b99777
[92mINFO [0m:      Sent reply
[92mINFO [0m:      
[92mINFO [0m:      Received: evaluate message 05a51caa-55b5-40ec-814d-f779966c5155
[92mINFO [0m:      Sent reply
[92mINFO [0m:      
[92mINFO [0m:      Received: train message a61ac8e2-7e7b-47be-ae30-8d8477b0f963
[92mINFO [0m:      Sent reply
[92mINFO [0m:      
[92mINFO [0m:      Received: evaluate message 30519f3e-c871-4f45-b9dd-c41eee1e2857
[92mINFO [0m:      Sent reply
[92mINFO [0m:      
[92mINFO [0m:      Received: evaluate message b012f07c-18eb-4d72-8740-42e1b84650e4
[92mINFO [0m:      Sent reply
[92mINFO [0m:      
[92mINFO [0m:      Received: train message 1fef5666-33b5-4fea-8a49-5d49c7d341fd
[92mINFO [0m:      Sent reply
[92mINFO [0m:      
[92mINFO [0m:      Received: evaluate message cd829af2-0f6a-4c05-a1d4-6c9481fe02cf
[92mINFO [0m:      Sent reply
[92mINFO [0m:      
[92mINFO [0m:      Received: train message b3ff6d41-e8d6-45c3-9e8f-51c1380bc3ef
[92mINFO [0m:      Sent reply
[92mINFO [0m:      
[92mINFO [0m:      Received: train message 8eed6073-13bb-485f-847e-fbf24d9fcd33
[92mINFO [0m:      Sent reply
[92mINFO [0m:      
[92mINFO [0m:      Received: train message 30a4cb18-3260-4ea2-a522-a61425bea41f
[92mINFO [0m:      Sent reply
[92mINFO [0m:      
[92mINFO [0m:      Received: evaluate message b5d981a3-aed8-47f4-92b2-07a916290235
[92mINFO [0m:      Sent reply
[92mINFO [0m:      
[92mINFO [0m:      Received: evaluate message 3875fd66-86d0-4eb2-b8dd-ffe6471e78da
[92mINFO [0m:      Sent reply
[92mINFO [0m:      
[92mINFO [0m:      Received: evaluate message 048ffb82-2597-403a-892c-287a03d0e39b
[92mINFO [0m:      Sent reply
[92mINFO [0m:      
[92mINFO [0m:      Received: train message 7f584968-8fde-40b0-90f5-fdb0d4c54db8
[92mINFO [0m:      Sent reply
[92mINFO [0m:      
[92mINFO [0m:      Received: train message 69097eef-f3bb-4e08-babf-8dd920080599
[92mINFO [0m:      Sent reply
[92mINFO [0m:      
[92mINFO [0m:      Received: train message a7d83e7e-ac23-4f48-ae93-983ffffaa92c
[92mINFO [0m:      Sent reply
[92mINFO [0m:      
[92mINFO [0m:      Received: evaluate message 5a4def79-b96f-4fac-b86d-c20aa3d215d1
[92mINFO [0m:      Sent reply
[92mINFO [0m:      
[92mINFO [0m:      Received: train message 665d611a-8ce6-4235-9abd-2498a19eda2c
[92mINFO [0m:      Sent reply
[92mINFO [0m:      
[92mINFO [0m:      Received: evaluate message 7fc6f87b-1f39-4e11-96bb-cb3231b05846
[92mINFO [0m:      Sent reply
[92mINFO [0m:      
[92mINFO [0m:      Received: train message aa30acac-217c-473e-b56a-5c9174e6c630
[92mINFO [0m:      Sent reply
[92mINFO [0m:      
[92mINFO [0m:      Received: evaluate message 4a7c02f0-92e3-43a3-bdf4-ec34ef8c63e9
[92mINFO [0m:      Sent reply
[92mINFO [0m:      
[92mINFO [0m:      Received: evaluate message 77626e67-64ab-4f42-a0be-256d256a6038
[92mINFO [0m:      Sent reply
[92mINFO [0m:      
[92mINFO [0m:      Received: train message 48e9d38d-02e3-4369-99b3-f5bdbfd48eaf
[92mINFO [0m:      Sent reply
[92mINFO [0m:      
[92mINFO [0m:      Received: evaluate message 118a13f0-1e00-4c79-9afc-bf5c591be223
[92mINFO [0m:      Sent reply
[92mINFO [0m:      
[92mINFO [0m:      Received: evaluate message b9e2573f-dcb9-4df1-9b32-b5d0dd8a9e92
[92mINFO [0m:      Sent reply
[92mINFO [0m:      
[92mINFO [0m:      Received: train message 7ace6f0f-554f-438d-8cfc-9690b9a70f16
[92mINFO [0m:      Sent reply
[92mINFO [0m:      
[92mINFO [0m:      Received: evaluate message 8fad88f8-5d38-421c-a99b-0a54d3402c71
[92mINFO [0m:      Sent reply
[92mINFO [0m:      
[92mINFO [0m:      Received: train message 0e45d10a-e51d-46d5-93bd-769e3a61146f
[92mINFO [0m:      Sent reply
[92mINFO [0m:      
[92mINFO [0m:      Received: evaluate message e0bf65c8-4b16-4f3b-a6a3-d6519dfb12e1
[92mINFO [0m:      Sent reply
[92mINFO [0m:      
[92mINFO [0m:      Received: train message a1e37c45-da34-4777-ab1a-5117c90af62c
[92mINFO [0m:      Sent reply
[92mINFO [0m:      
[92mINFO [0m:      Received: evaluate message b3b1405f-6937-494e-b336-e2d149e24ad4
[92mINFO [0m:      Sent reply
[92mINFO [0m:      
[92mINFO [0m:      Received: train message 85fab312-c0c4-4940-9c57-66a2035f1bef
[92mINFO [0m:      Sent reply
[92mINFO [0m:      
[92mINFO [0m:      Received: evaluate message 620b73bf-a72e-43bf-9e5d-41624a4e5e91
[92mINFO [0m:      Sent reply
[92mINFO [0m:      
[92mINFO [0m:      Received: train message 1a2d52f3-7f93-4980-8a6e-c1810f8b66d9
[92mINFO [0m:      Sent reply
[92mINFO [0m:      
[92mINFO [0m:      Received: evaluate message 553b89f7-aead-4bcc-af6c-6c5989c40228
[92mINFO [0m:      Sent reply
[92mINFO [0m:      
[92mINFO [0m:      Received: train message 3dc68720-ef14-41c7-8897-93d605bb76c2
[92mINFO [0m:      Sent reply
[92mINFO [0m:      
[92mINFO [0m:      Received: evaluate message 00f54400-93ad-4b47-8af6-9b68fd53af59
[92mINFO [0m:      Sent reply
[92mINFO [0m:      
[92mINFO [0m:      Received: evaluate message 6a6fc4b9-2087-4d8c-b397-9c759f0987a4
[92mINFO [0m:      Sent reply
[92mINFO [0m:      
[92mINFO [0m:      Received: train message 607c3b86-93c3-4919-90ce-b49f29b1be4f
[92mINFO [0m:      Sent reply
[92mINFO [0m:      
[92mINFO [0m:      Received: train message 94b045ac-27f5-471f-9e5e-ab80a2d0f234
[92mINFO [0m:      Sent reply
[92mINFO [0m:      
[92mINFO [0m:      Received: evaluate message 6cedc568-8904-4a26-a037-77a63b365613
[92mINFO [0m:      Sent reply
[92mINFO [0m:      
[92mINFO [0m:      Received: evaluate message e66d8653-9c91-4709-9358-d59b00e1d705
[92mINFO [0m:      Sent reply
[92mINFO [0m:      
[92mINFO [0m:      Received: train message bd96fae6-8aed-4671-bc25-2fe741a40bb1
[92mINFO [0m:      Sent reply
[92mINFO [0m:      
[92mINFO [0m:      Received: train message 41912de1-23cd-4053-a2b8-9c73e03ae42b
[92mINFO [0m:      Sent reply
[92mINFO [0m:      
[92mINFO [0m:      Received: evaluate message 41ad7516-9255-42b2-b103-f823ab6e106f
[92mINFO [0m:      Sent reply
[92mINFO [0m:      
[92mINFO [0m:      Received: evaluate message afbb66e4-caf9-41da-a46b-ed94c70aec67
[92mINFO [0m:      Sent reply
[92mINFO [0m:      
[92mINFO [0m:      Received: train message a9d3240f-1a6f-4c33-be61-7a1954cdc337
[92mINFO [0m:      Sent reply
[92mINFO [0m:      
[92mINFO [0m:      Received: train message 4ee1e29b-2f03-4c65-8205-8cd50bd71ca3
[92mINFO [0m:      Sent reply
[92mINFO [0m:      
[92mINFO [0m:      Received: evaluate message 7ae2f226-e199-409e-ab91-aff508783bbb
[92mINFO [0m:      Sent reply
[92mINFO [0m:      
[92mINFO [0m:      Received: train message f374836e-2d09-4bfd-99e2-9325aefa845e
[92mINFO [0m:      Sent reply
[92mINFO [0m:      
[92mINFO [0m:      Received: train message 2b83efdf-43ba-4c7c-a698-53df6ac70d2b
[92mINFO [0m:      Sent reply
[92mINFO [0m:      
[92mINFO [0m:      Received: train message 1dd04ef6-e6a6-4ccc-bc55-e57fce5d4238
[92mINFO [0m:      Sent reply
[92mINFO [0m:      
[92mINFO [0m:      Received: train message bafa6a4a-243e-4d7c-b825-553680df6ab0
[92mINFO [0m:      Sent reply
[92mINFO [0m:      
[92mINFO [0m:      Received: evaluate message 349724fd-2aa6-4e11-a600-8e04608caa05
[92mINFO [0m:      Sent reply
[92mINFO [0m:      
[92mINFO [0m:      Received: evaluate message 8011e913-34b3-4189-bffc-85b4f04b6c4a
[92mINFO [0m:      Sent reply
[92mINFO [0m:      
[92mINFO [0m:      Received: train message 3367fd22-b0f5-4190-9342-3957f219cfc3
[92mINFO [0m:      Sent reply
[92mINFO [0m:      
[92mINFO [0m:      Received: evaluate message 3942e619-d3bc-491d-81f5-6cb1620a2c2f
[92mINFO [0m:      Sent reply
[92mINFO [0m:      
[92mINFO [0m:      Received: train message d953065c-27ec-495a-ad04-b2adc43e51dd
[92mINFO [0m:      Sent reply
[92mINFO [0m:      
[92mINFO [0m:      Received: train message 2698fee6-4f3b-44bb-917b-1f14802976dc
[92mINFO [0m:      Sent reply
[92mINFO [0m:      
[92mINFO [0m:      Received: evaluate message 10f7dbee-7439-4c05-923f-2d743f0811a7
[92mINFO [0m:      Sent reply
[92mINFO [0m:      
[92mINFO [0m:      Received: train message d6ca51b6-0141-41f8-8149-2910e0dcb751
[92mINFO [0m:      Sent reply
[92mINFO [0m:      
[92mINFO [0m:      Received: train message 3614b3fa-4c45-4125-9d05-eff895659b8b
[92mINFO [0m:      Sent reply
[92mINFO [0m:      
[92mINFO [0m:      Received: evaluate message 5b00dad0-4b00-45d6-8f14-05549ec392a7
[92mINFO [0m:      Sent reply
[92mINFO [0m:      
[92mINFO [0m:      Received: train message ec135963-e044-4a86-a876-5107fd65edd6
[92mINFO [0m:      Sent reply
[92mINFO [0m:      
[92mINFO [0m:      Received: train message 5e4a4064-fe39-42e0-89fc-d8e944f4f7d4
[92mINFO [0m:      Sent reply
[92mINFO [0m:      
[92mINFO [0m:      Received: train message 6ce20255-f6ea-4b4d-bbec-5796df59ed5a
[92mINFO [0m:      Sent reply
[92mINFO [0m:      
[92mINFO [0m:      Received: evaluate message a9fcb2fa-3cb5-48f2-8e93-d61980ef3bef
[92mINFO [0m:      Sent reply
[92mINFO [0m:      
[92mINFO [0m:      Received: evaluate message c6e36f5e-bc1b-4170-89d6-c0622d8c62ed
[92mINFO [0m:      Sent reply
[92mINFO [0m:      
[92mINFO [0m:      Received: evaluate message 26e2a392-9a49-41ea-ac0b-dd92d8cfb60e
[92mINFO [0m:      Sent reply
[92mINFO [0m:      
[92mINFO [0m:      Received: train message f33c026b-fc0c-4be7-bd24-04f922d9d61a
[92mINFO [0m:      Sent reply
[92mINFO [0m:      
[92mINFO [0m:      Received: train message 4f8fdf2f-b4e4-4a6d-a74d-b8bafc2ef965
[92mINFO [0m:      Sent reply
[92mINFO [0m:      
[92mINFO [0m:      Received: evaluate message 55e1417b-d696-4efc-810b-717bb8188c44
[92mINFO [0m:      Sent reply
[92mINFO [0m:      
[92mINFO [0m:      Received: evaluate message 9241a2fc-099a-45f1-b61a-a83ea6a34363
[92mINFO [0m:      Sent reply
[92mINFO [0m:      
[92mINFO [0m:      Received: train message d7aaf00d-27bd-4e0f-9b54-449c8fd4d399
[92mINFO [0m:      Sent reply
[92mINFO [0m:      
[92mINFO [0m:      Received: train message a5ff13a4-0b29-445c-ad24-a811748ea4cb
[92mINFO [0m:      Sent reply
[92mINFO [0m:      
[92mINFO [0m:      Received: train message 0d517932-51be-4538-99a0-0f44e838455b
[92mINFO [0m:      Sent reply
[92mINFO [0m:      
[92mINFO [0m:      Received: train message f77619d6-bc73-41ca-80a7-ce0d99e355b1
[92mINFO [0m:      Sent reply
[92mINFO [0m:      
[92mINFO [0m:      Received: evaluate message 66c54df4-0ee4-4590-aa72-20021b48d844
[92mINFO [0m:      Sent reply
[92mINFO [0m:      
[92mINFO [0m:      Received: evaluate message 8d8eef7d-9e51-423d-8281-a9bae6a462ab
[92mINFO [0m:      Sent reply
[92mINFO [0m:      
[92mINFO [0m:      Received: evaluate message 670050b0-fb33-4a15-b183-27fbed5f378b
[92mINFO [0m:      Sent reply
[92mINFO [0m:      
[92mINFO [0m:      Received: evaluate message b7c41b5f-994c-4f96-90c8-e074681365db
[92mINFO [0m:      Sent reply
[92mINFO [0m:      
[92mINFO [0m:      Received: train message b18e76aa-62c2-4be5-877f-86ad5b5b87d6
[92mINFO [0m:      Sent reply
[92mINFO [0m:      
[92mINFO [0m:      Received: evaluate message 2f51312a-8aa9-4ec7-9440-f75f16469be5
[92mINFO [0m:      Sent reply
[92mINFO [0m:      
[92mINFO [0m:      Received: evaluate message 7a11fd25-a709-4f11-84bb-993218b779bc
[92mINFO [0m:      Sent reply
[92mINFO [0m:      
[92mINFO [0m:      Received: evaluate message 7c24b10e-7bb2-4d6b-b735-2d947d52a5e9
[92mINFO [0m:      Sent reply
[92mINFO [0m:      
[92mINFO [0m:      Received: evaluate message 44fdb622-dcb5-41a2-b184-a5202bb44179
[92mINFO [0m:      Sent reply
[92mINFO [0m:      
[92mINFO [0m:      Received: evaluate message 4dc0f6e4-c1ee-4738-8ccf-4ecb2de01a79
[92mINFO [0m:      Sent reply
[92mINFO [0m:      
[92mINFO [0m:      Received: evaluate message 2362d2dd-3994-4628-b2c8-5d39d9384efd
[92mINFO [0m:      Sent reply
[92mINFO [0m:      
[92mINFO [0m:      Received: evaluate message 5965ddda-1f9a-4f3e-9a58-64372c7a425c
[92mINFO [0m:      Sent reply
[92mINFO [0m:      
[92mINFO [0m:      Received: evaluate message 931bbd07-ad0a-4ebe-b10f-4b4f041d0f0f
[92mINFO [0m:      Sent reply
[92mINFO [0m:      
[92mINFO [0m:      Received: evaluate message 3b7a2688-1cfa-41cd-a7ef-3ffe98822270
[92mINFO [0m:      Sent reply
[92mINFO [0m:      
[92mINFO [0m:      Received: evaluate message 4b48e967-55cc-4ca9-9852-d85751c1e944
[92mINFO [0m:      Sent reply
[92mINFO [0m:      
[92mINFO [0m:      Received: train message d06690c6-3823-403a-8026-b865699b014b
[92mINFO [0m:      Sent reply
[92mINFO [0m:      
[92mINFO [0m:      Received: evaluate message f598a38f-03a8-4bf5-b241-a6494a96b36f
[92mINFO [0m:      Sent reply
[92mINFO [0m:      
[92mINFO [0m:      Received: train message 1c67f70f-f45e-4e12-b10f-7e5e5d365f08
[92mINFO [0m:      Sent reply
[92mINFO [0m:      
[92mINFO [0m:      Received: train message 7d9d23f6-f872-459c-adca-86cbc543c812
[92mINFO [0m:      Sent reply
[92mINFO [0m:      
[92mINFO [0m:      Received: evaluate message 31bfce67-887a-4d79-a2df-85ec2cf5d491
[92mINFO [0m:      Sent reply
[92mINFO [0m:      
[92mINFO [0m:      Received: evaluate message 41c033d6-d50d-4940-8331-4e24943a93e0
[92mINFO [0m:      Sent reply
[92mINFO [0m:      
[92mINFO [0m:      Received: train message d18fcfd2-604f-44bb-9bb7-cf4e79cfa880
[92mINFO [0m:      Sent reply
[92mINFO [0m:      
[92mINFO [0m:      Received: evaluate message 32140d4a-d75a-486e-80be-7a3a80d550da
[92mINFO [0m:      Sent reply
[92mINFO [0m:      
[92mINFO [0m:      Received: evaluate message 4691173d-2955-4733-b824-bef9dd773e53
[92mINFO [0m:      Sent reply
[92mINFO [0m:      
[92mINFO [0m:      Received: train message a8902e1f-f063-4f23-b0db-209930d245de
[92mINFO [0m:      Sent reply
[92mINFO [0m:      
[92mINFO [0m:      Received: evaluate message 5b751970-f283-447a-bd7c-dd740e3de337
[92mINFO [0m:      Sent reply
[92mINFO [0m:      
[92mINFO [0m:      Received: evaluate message aefa8e67-d961-431a-ba6f-5e81ab1b2633
[92mINFO [0m:      Sent reply
[92mINFO [0m:      
[92mINFO [0m:      Received: evaluate message 8adc6086-e1b8-4173-b83d-832c3c8080bc
[92mINFO [0m:      Sent reply
[92mINFO [0m:      
[92mINFO [0m:      Received: train message 269b3f5d-1811-4258-94cd-3f35880ab264
[92mINFO [0m:      Sent reply
[92mINFO [0m:      
[92mINFO [0m:      Received: evaluate message f6854cf7-f2a8-419a-a8f3-0033e1a6b9ff
[92mINFO [0m:      Sent reply
[92mINFO [0m:      
[92mINFO [0m:      Received: evaluate message b0e22632-8bcf-474a-9106-85625c463f2d
[92mINFO [0m:      Sent reply
[92mINFO [0m:      
[92mINFO [0m:      Received: evaluate message 885a768b-4475-41c5-bb55-e8f1bbfd0b67
[92mINFO [0m:      Sent reply
[92mINFO [0m:      
[92mINFO [0m:      Received: train message 53c549a7-274c-4566-8c16-3db28df47ef2
[92mINFO [0m:      Sent reply
[92mINFO [0m:      
[92mINFO [0m:      Received: evaluate message ec8d282c-4db1-4fd3-a263-ced0d44c40c6
[92mINFO [0m:      Sent reply
[92mINFO [0m:      
[92mINFO [0m:      Received: train message 26d249b9-abdc-4592-bc27-413d65cd7f7c
[92mINFO [0m:      Sent reply
[92mINFO [0m:      
[92mINFO [0m:      Received: evaluate message 029ab2bd-ceca-4b15-93f9-c05e543df239
[92mINFO [0m:      Sent reply
[92mINFO [0m:      
[92mINFO [0m:      Received: evaluate message 5855465e-7798-4596-a00c-07af11a25e37
[92mINFO [0m:      Sent reply
[92mINFO [0m:      
[92mINFO [0m:      Received: train message 9d3342c7-ea84-4cf4-afef-2b3a341c1a0b
[92mINFO [0m:      Sent reply
[92mINFO [0m:      
[92mINFO [0m:      Received: evaluate message 07b34f29-0213-4525-9617-012a5f66a6d1
[92mINFO [0m:      Sent reply
[92mINFO [0m:      
[92mINFO [0m:      Received: train message c53542bf-28ec-4c7c-a545-f4a98a74477e
[92mINFO [0m:      Sent reply
[92mINFO [0m:      
[92mINFO [0m:      Received: evaluate message f10beb64-e899-42cd-893c-6becb584d19a
[92mINFO [0m:      Sent reply
[92mINFO [0m:      
[92mINFO [0m:      Received: evaluate message 542187ef-3a6e-47b7-b300-4fb8c141e19f
[92mINFO [0m:      Sent reply
[92mINFO [0m:      
[92mINFO [0m:      Received: train message 4014771d-c833-4fa9-86f1-660ac38d08cf
[92mINFO [0m:      Sent reply
[92mINFO [0m:      
[92mINFO [0m:      Received: train message 08647007-7d35-4eb7-899f-5a3fcda937b1
[92mINFO [0m:      Sent reply
[92mINFO [0m:      
[92mINFO [0m:      Received: evaluate message 3ad889b2-7d1a-4b7a-8d52-7e9442b59cef
[92mINFO [0m:      Sent reply
[92mINFO [0m:      
[92mINFO [0m:      Received: train message 531c6dce-3a83-4c2b-a77f-b0915152f895
[92mINFO [0m:      Sent reply
[92mINFO [0m:      
[92mINFO [0m:      Received: evaluate message b90c9657-737c-42d8-8177-60bf46db38f1
[92mINFO [0m:      Sent reply
[92mINFO [0m:      
[92mINFO [0m:      Received: evaluate message 39ff97dd-bf4f-492d-9b3d-4a8337c90edb
[92mINFO [0m:      Sent reply
[92mINFO [0m:      
[92mINFO [0m:      Received: train message b41a15c1-da42-4cb6-bfa9-54e4184c0025
[92mINFO [0m:      Sent reply
[92mINFO [0m:      
[92mINFO [0m:      Received: evaluate message 192e0987-05f7-4187-8fef-6742fcae75b6
[92mINFO [0m:      Sent reply
[92mINFO [0m:      
[92mINFO [0m:      Received: train message 66731b69-356a-4f5b-940d-1c495e03bda1
[92mINFO [0m:      Sent reply
[92mINFO [0m:      
[92mINFO [0m:      Received: evaluate message b276393c-97e8-40e4-9a86-84cc82e5568e
[92mINFO [0m:      Sent reply
[92mINFO [0m:      
[92mINFO [0m:      Received: evaluate message f5732c83-2c3e-4b10-9fa2-0ddd2ae95acb
[92mINFO [0m:      Sent reply
[92mINFO [0m:      
[92mINFO [0m:      Received: train message ddacf1f8-b6ba-4077-893b-8ce08a58dd81
[92mINFO [0m:      Sent reply
[92mINFO [0m:      
[92mINFO [0m:      Received: evaluate message 1a8129a9-0b55-4b62-b8dc-86b6c29b9777
[92mINFO [0m:      Sent reply
[92mINFO [0m:      
[92mINFO [0m:      Received: train message 14ea1f87-3476-4493-97c5-96332338c809
[92mINFO [0m:      Sent reply
[92mINFO [0m:      
[92mINFO [0m:      Received: evaluate message 674d5661-46c9-4709-86e9-6e6cf48c24ba
[92mINFO [0m:      Sent reply
[92mINFO [0m:      
[92mINFO [0m:      Received: train message bf7705ca-ce2b-4115-8a05-7158bf145aae
[92mINFO [0m:      Sent reply
[92mINFO [0m:      
[92mINFO [0m:      Received: evaluate message 36cd6d2f-12c9-4002-9cc6-683dab3f4fe7
[92mINFO [0m:      Sent reply
[92mINFO [0m:      
[92mINFO [0m:      Received: train message 60d1223b-4509-404e-a19d-e19cbbd13f76
[92mINFO [0m:      Sent reply
[92mINFO [0m:      
[92mINFO [0m:      Received: evaluate message 0f57363b-4b6d-4c96-95f3-09b656c31fc1
[92mINFO [0m:      Sent reply
[92mINFO [0m:      
[92mINFO [0m:      Received: train message e8582221-3270-4c1e-897a-1efa794095e2
[92mINFO [0m:      Sent reply
[92mINFO [0m:      
[92mINFO [0m:      Received: train message f62a007d-150b-4a7f-a281-50b6267d9673
[92mINFO [0m:      Sent reply
[92mINFO [0m:      
[92mINFO [0m:      Received: train message acdb69ca-f24d-4bfd-9969-d986cdc89463
[92mINFO [0m:      Sent reply
[92mINFO [0m:      
[92mINFO [0m:      Received: train message a0d1357f-14b5-4610-94d3-0100b77af77a
[92mINFO [0m:      Sent reply
[92mINFO [0m:      
[92mINFO [0m:      Received: train message 82200d61-6614-4c64-803a-95fe9ddf3962
[92mINFO [0m:      Sent reply
[92mINFO [0m:      
[92mINFO [0m:      Received: evaluate message dc2ad0f5-3beb-4201-9c1e-3efa4b3c783c
[92mINFO [0m:      Sent reply
[92mINFO [0m:      
[92mINFO [0m:      Received: evaluate message 22f341f9-d96e-44e8-b4bd-aa2d0206baf3
[92mINFO [0m:      Sent reply
[92mINFO [0m:      
[92mINFO [0m:      Received: train message e69580a4-839d-44da-ae19-1db821f870d7
[92mINFO [0m:      Sent reply
[92mINFO [0m:      
[92mINFO [0m:      Received: evaluate message fb39d872-ecbd-492d-a187-8231b39c34bc
[92mINFO [0m:      Sent reply
[92mINFO [0m:      
[92mINFO [0m:      Received: train message 15c4aaa8-481b-4bb5-ae90-c5771e8ad6be
[92mINFO [0m:      Sent reply
[92mINFO [0m:      
[92mINFO [0m:      Received: evaluate message a50c61e5-b91c-4f54-8830-9f9dc5f18c3c
[92mINFO [0m:      Sent reply
[92mINFO [0m:      
[92mINFO [0m:      Received: train message eddc0d25-ba2c-45b7-bb24-80cbc81199ad
[92mINFO [0m:      Sent reply
[92mINFO [0m:      
[92mINFO [0m:      Received: evaluate message 7d7e1b60-b994-478d-a623-87018d704edd
[92mINFO [0m:      Sent reply
[92mINFO [0m:      
[92mINFO [0m:      Received: train message 8bd85089-ef5a-401c-8fc0-8c5a4b5d2154
[92mINFO [0m:      Sent reply
[92mINFO [0m:      
[92mINFO [0m:      Received: train message f556c152-91ea-4265-bfb8-cebdb7fdbe77
[92mINFO [0m:      Sent reply
[92mINFO [0m:      
[92mINFO [0m:      Received: evaluate message ce75cf6f-9d92-481c-9a90-62eaf0255299
[92mINFO [0m:      Sent reply
[92mINFO [0m:      
[92mINFO [0m:      Received: train message ec1b13a3-56d0-4948-9c6e-e5713e0e0b42
[92mINFO [0m:      Sent reply
[92mINFO [0m:      
[92mINFO [0m:      Received: train message e2f68989-6bb2-42c8-885a-d39eb8b06269
[92mINFO [0m:      Sent reply
[92mINFO [0m:      
[92mINFO [0m:      Received: evaluate message 78d0ed1f-5770-4582-befd-65386dc52920
[92mINFO [0m:      Sent reply
[92mINFO [0m:      
[92mINFO [0m:      Received: evaluate message 06817081-6048-4c1c-9132-44e2e2a5718a
[92mINFO [0m:      Sent reply
[92mINFO [0m:      
[92mINFO [0m:      Received: evaluate message 91b4a05c-6d40-44fd-9516-c262b1398a99
[92mINFO [0m:      Sent reply
[92mINFO [0m:      
[92mINFO [0m:      Received: train message 0d321789-6bae-4cf1-b8d0-630bc60e827b
[92mINFO [0m:      Sent reply
[92mINFO [0m:      
[92mINFO [0m:      Received: evaluate message 187b531b-2dce-4419-9891-abd26ada7a05
[92mINFO [0m:      Sent reply
[92mINFO [0m:      
[92mINFO [0m:      Received: evaluate message 71c29026-baf6-475b-967a-8bbb6946034e
[92mINFO [0m:      Sent reply
[92mINFO [0m:      
[92mINFO [0m:      Received: evaluate message bbe2d7b6-4716-4c9f-b9a6-9dad14b3c300
[92mINFO [0m:      Sent reply
[92mINFO [0m:      
[92mINFO [0m:      Received: train message 27995efc-f108-4b56-81dc-cf7dca42267c
[92mINFO [0m:      Sent reply
[92mINFO [0m:      
[92mINFO [0m:      Received: evaluate message 4cd03b13-55f6-44c5-bc8d-4758dd252163
[92mINFO [0m:      Sent reply
[92mINFO [0m:      
[92mINFO [0m:      Received: train message 425a32b2-dfe2-45d1-8134-4031e973182c
[92mINFO [0m:      Sent reply
[92mINFO [0m:      
[92mINFO [0m:      Received: evaluate message 0eff3ad3-b5e8-4c98-bd71-be1a155b70f9
[92mINFO [0m:      Sent reply
[92mINFO [0m:      
[92mINFO [0m:      Received: evaluate message 536d1584-8179-49e7-aa0e-5196843cfe9a
[92mINFO [0m:      Sent reply
[92mINFO [0m:      
[92mINFO [0m:      Received: evaluate message 3ee682b2-342f-4b62-9956-3056f7c8388f
[92mINFO [0m:      Sent reply
[92mINFO [0m:      
[92mINFO [0m:      Received: train message d50f1a7f-e6ff-4aa8-b6f6-968c317e4598
[92mINFO [0m:      Sent reply
[92mINFO [0m:      
[92mINFO [0m:      Received: evaluate message 5b4b4676-f04f-4268-85fd-f13c4504e405
[92mINFO [0m:      Sent reply
[92mINFO [0m:      
[92mINFO [0m:      Received: train message f7572c86-2a5c-4a84-8a90-7353f7ce9d0e
[92mINFO [0m:      Sent reply
[92mINFO [0m:      
[92mINFO [0m:      Received: evaluate message a10ccb44-feb7-4749-a428-fe42ca0be957
[92mINFO [0m:      Sent reply
[92mINFO [0m:      
[92mINFO [0m:      Received: evaluate message 490fe5a2-a422-4bca-8858-04d676664b4c
[92mINFO [0m:      Sent reply
[92mINFO [0m:      
[92mINFO [0m:      Received: train message 60f7bb0d-52a0-4d54-9b31-ec10e39d6f52
[92mINFO [0m:      Sent reply
[92mINFO [0m:      
[92mINFO [0m:      Received: evaluate message bc9a93b6-349f-4699-8dae-4aa092b45214
[92mINFO [0m:      Sent reply
[92mINFO [0m:      
[92mINFO [0m:      Received: train message 6e727ad8-cab3-4d29-90e3-5922c8916d90
[92mINFO [0m:      Sent reply
[92mINFO [0m:      
[92mINFO [0m:      Received: evaluate message 3c7f8152-ad20-4bff-ae7a-39796aa5cccb
[92mINFO [0m:      Sent reply
[92mINFO [0m:      
[92mINFO [0m:      Received: train message 1a558049-0bb6-47c7-9c53-1e107196ad86
[92mINFO [0m:      Sent reply
[92mINFO [0m:      
[92mINFO [0m:      Received: evaluate message a5f0cc0e-aec5-46b5-938f-3d0156195f47
[92mINFO [0m:      Sent reply
[92mINFO [0m:      
[92mINFO [0m:      Received: train message ff9df351-47de-45ec-9254-bca72df2fb48
[92mINFO [0m:      Sent reply
[92mINFO [0m:      
[92mINFO [0m:      Received: evaluate message 70728327-ebb9-4c31-8f0d-81f5420981ad
[92mINFO [0m:      Sent reply
[92mINFO [0m:      
[92mINFO [0m:      Received: train message 616dc6dc-11d7-499c-be04-0875f61cd95f
[92mINFO [0m:      Sent reply
[92mINFO [0m:      
[92mINFO [0m:      Received: train message 39c68414-e6cf-4caf-881d-c6223205c9eb
[92mINFO [0m:      Sent reply
[92mINFO [0m:      
[92mINFO [0m:      Received: evaluate message 3354ee83-74d7-4c88-8785-ed661730c013
[92mINFO [0m:      Sent reply
[92mINFO [0m:      
[92mINFO [0m:      Received: train message d718353e-aaee-4f48-87c7-edd484a0c1d2
[92mINFO [0m:      Sent reply
[92mINFO [0m:      
[92mINFO [0m:      Received: train message 8677d8d8-fd5e-424a-b876-c7d37eadae09
[92mINFO [0m:      Sent reply
[92mINFO [0m:      
[92mINFO [0m:      Received: train message 9ce5da98-167f-4063-b62d-24362e735a10
[92mINFO [0m:      Sent reply
[92mINFO [0m:      
[92mINFO [0m:      Received: train message 0aec604b-b066-4706-bea8-ba7768450db1
[92mINFO [0m:      Sent reply
[92mINFO [0m:      
[92mINFO [0m:      Received: train message aaaaa8b8-72dc-4864-aeb5-f47bbcff6292
[92mINFO [0m:      Sent reply
[92mINFO [0m:      
[92mINFO [0m:      Received: evaluate message d9f25760-2e01-4937-b71d-3f040ec72195
[92mINFO [0m:      Sent reply
[92mINFO [0m:      
[92mINFO [0m:      Received: train message e6a62bac-109d-42b4-8b56-de5f40efa347
[92mINFO [0m:      Sent reply
[92mINFO [0m:      
[92mINFO [0m:      Received: train message d2e29cf5-f672-4fa4-a31b-9c55c373ed57
[92mINFO [0m:      Sent reply
[92mINFO [0m:      
[92mINFO [0m:      Received: evaluate message 36a2276a-9553-42b5-8604-fe274c29b97f
[92mINFO [0m:      Sent reply
[92mINFO [0m:      
[92mINFO [0m:      Received: train message 4df3eca4-e746-4962-bf02-1c4acfefd971
[92mINFO [0m:      Sent reply
[92mINFO [0m:      
[92mINFO [0m:      Received: evaluate message 155c5aef-b389-4276-82d5-cf0b4ad49ed2
[92mINFO [0m:      Sent reply
[92mINFO [0m:      
[92mINFO [0m:      Received: evaluate message 32bf0360-c780-44ce-8f57-2b016089f6d8
[92mINFO [0m:      Sent reply
[92mINFO [0m:      
[92mINFO [0m:      Received: evaluate message 2583b081-464a-4b98-9498-ae948a9a293c
[92mINFO [0m:      Sent reply
[92mINFO [0m:      
[92mINFO [0m:      Received: train message 7f7f86a6-3b64-4e96-9e84-01a24d8c73ce
[92mINFO [0m:      Sent reply
[92mINFO [0m:      
[92mINFO [0m:      Received: train message 0986c662-1155-425c-a1b8-6c7eb89239d1
[92mINFO [0m:      Sent reply
[92mINFO [0m:      
[92mINFO [0m:      Received: evaluate message bdcb4a82-6db7-467c-8a5f-656d7fa714a0
[92mINFO [0m:      Sent reply
[92mINFO [0m:      
[92mINFO [0m:      Received: train message f1ae8d2f-8858-4c7c-b9da-82592206c64f
[92mINFO [0m:      Sent reply
[92mINFO [0m:      
[92mINFO [0m:      Received: evaluate message f5352f7e-1b20-4dec-a877-c431fa1b0f97
[92mINFO [0m:      Sent reply
[92mINFO [0m:      
[92mINFO [0m:      Received: train message e8bd57cd-cbd8-4c20-af9f-95a178cbd5ce
[92mINFO [0m:      Sent reply
[92mINFO [0m:      
[92mINFO [0m:      Received: evaluate message 70e12b1d-7fed-4cb9-85f5-e98ec09ecd71
[92mINFO [0m:      Sent reply
[92mINFO [0m:      
[92mINFO [0m:      Received: train message 229ef592-25fa-4305-95d9-fe28b8d479c3
[92mINFO [0m:      Sent reply
[92mINFO [0m:      
[92mINFO [0m:      Received: train message f15f7169-4b0a-44f8-9206-9ad670c10868
[92mINFO [0m:      Sent reply
[92mINFO [0m:      
[92mINFO [0m:      Received: evaluate message 7b39171d-74b4-4df4-ae56-59baa0a58791
[92mINFO [0m:      Sent reply
[92mINFO [0m:      
[92mINFO [0m:      Received: train message c981df36-d76a-47e9-b468-0aa6775ee296
[92mINFO [0m:      Sent reply
[92mINFO [0m:      
[92mINFO [0m:      Received: evaluate message 1b4712e7-5e46-4b2d-9044-724bfc25b605
[92mINFO [0m:      Sent reply
