[93mWARNING [0m:   DEPRECATED FEATURE: flwr.client.start_numpy_client() is deprecated. 
	Instead, use `flwr.client.start_client()` by ensuring you first call the `.to_client()` method as shown below: 
	flwr.client.start_client(
		server_address='<IP>:<PORT>',
		client=FlowerClient().to_client(), # <-- where FlowerClient is of type flwr.client.NumPyClient object
	)
	Using `start_numpy_client()` is deprecated.

            This is a deprecated feature. It will be removed
            entirely in future versions of Flower.
        
[93mWARNING [0m:   DEPRECATED FEATURE: flwr.client.start_client() is deprecated.
	Instead, use the `flower-supernode` CLI command to start a SuperNode as shown below:

		$ flower-supernode --insecure --superlink='<IP>:<PORT>'

	To view all available options, run:

		$ flower-supernode --help

	Using `start_client()` is deprecated.

            This is a deprecated feature. It will be removed
            entirely in future versions of Flower.
        
[92mINFO [0m:      
[92mINFO [0m:      Received: evaluate message 536dd378-86f5-498a-9150-2e63d1fbc570
[92mINFO [0m:      Sent reply
[92mINFO [0m:      
[92mINFO [0m:      Received: evaluate message 0786e8ad-a2cf-4199-93b5-e88e679a4067
[92mINFO [0m:      Sent reply
[92mINFO [0m:      
[92mINFO [0m:      Received: train message 21e9bd33-754f-4f34-8600-6a0cefe642a6
[92mINFO [0m:      Sent reply
[92mINFO [0m:      
[92mINFO [0m:      Received: train message 13095e94-4f7b-4b93-a644-23aad9865c44
[92mINFO [0m:      Sent reply
[92mINFO [0m:      
[92mINFO [0m:      Received: train message 6718e7e3-8dee-4e8c-bfc3-08baef1e95ed
[92mINFO [0m:      Sent reply
[92mINFO [0m:      
[92mINFO [0m:      Received: evaluate message c165ec46-cd20-455e-b70e-6177abeb54cc
[92mINFO [0m:      Sent reply
[92mINFO [0m:      
[92mINFO [0m:      Received: train message c8050473-9991-4b59-bc07-6a0eb4afe92a
[92mINFO [0m:      Sent reply
[92mINFO [0m:      
[92mINFO [0m:      Received: train message 8589dc1d-617d-40c1-bc42-6b6a312565d4
[92mINFO [0m:      Sent reply
[92mINFO [0m:      
[92mINFO [0m:      Received: evaluate message 04075d1a-3d10-4870-8a32-91d3b293bfe4
[92mINFO [0m:      Sent reply
[92mINFO [0m:      
[92mINFO [0m:      Received: train message 479d8424-ac98-49e2-9f81-8d2367ce5caf
[92mINFO [0m:      Sent reply
[92mINFO [0m:      
[92mINFO [0m:      Received: evaluate message 9323b355-cd43-428f-8458-39df94e205ca
[92mINFO [0m:      Sent reply
[92mINFO [0m:      
[92mINFO [0m:      Received: evaluate message 587ee223-7ea0-4ed5-b67d-ebfd0abc25cb
[92mINFO [0m:      Sent reply
[92mINFO [0m:      
[92mINFO [0m:      Received: train message dc45819f-f3a3-4d79-9abc-4581fce52128
[92mINFO [0m:      Sent reply
[92mINFO [0m:      
[92mINFO [0m:      Received: evaluate message 1ed8e512-53ca-427c-8ccb-974437402023
[92mINFO [0m:      Sent reply
[92mINFO [0m:      
[92mINFO [0m:      Received: evaluate message 93bdbec8-72c2-41c3-bc92-342ae7573dec
[92mINFO [0m:      Sent reply
[92mINFO [0m:      
[92mINFO [0m:      Received: train message fc2d8014-d016-4a7d-a4ef-8fa5e23e5ea5
[92mINFO [0m:      Sent reply
[92mINFO [0m:      
[92mINFO [0m:      Received: evaluate message b9df1f59-0142-4824-8416-a7bfb92300d1
[92mINFO [0m:      Sent reply
[92mINFO [0m:      
[92mINFO [0m:      Received: evaluate message 411613dc-53b7-4d03-abb5-071e4265d4f0
[92mINFO [0m:      Sent reply
[92mINFO [0m:      
[92mINFO [0m:      Received: evaluate message c819b5d7-2362-45a0-a18f-aba7209efb64
[92mINFO [0m:      Sent reply
[92mINFO [0m:      
[92mINFO [0m:      Received: train message 56d93488-9455-4f31-adcc-2687c5c93d23
[92mINFO [0m:      Sent reply
[92mINFO [0m:      
[92mINFO [0m:      Received: evaluate message d254a98e-80ce-4cf8-bde8-ecc72113e2b2
[92mINFO [0m:      Sent reply
[92mINFO [0m:      
[92mINFO [0m:      Received: train message 7b2c755a-2de3-4fc8-98a1-dec69b942875
[92mINFO [0m:      Sent reply
[92mINFO [0m:      
[92mINFO [0m:      Received: train message 31a9b65e-6409-40a5-baef-0cb410e39f9e
[92mINFO [0m:      Sent reply
[92mINFO [0m:      
[92mINFO [0m:      Received: evaluate message ff090c38-0221-4891-9b46-ad46fe15a95d
[92mINFO [0m:      Sent reply
[92mINFO [0m:      
[92mINFO [0m:      Received: evaluate message 23ea2c79-878a-4217-ad67-579da9607daa
[92mINFO [0m:      Sent reply
[92mINFO [0m:      
[92mINFO [0m:      Received: train message cde88dd3-61cb-4f41-9190-1d1f5c9b5df2
[92mINFO [0m:      Sent reply
[92mINFO [0m:      
[92mINFO [0m:      Received: train message d4215bc0-00c9-485d-b164-f880677b9cd9
[92mINFO [0m:      Sent reply
[92mINFO [0m:      
[92mINFO [0m:      Received: evaluate message f4e619d0-044f-4e5e-8be9-b8c1040f64e5
[92mINFO [0m:      Sent reply
[92mINFO [0m:      
[92mINFO [0m:      Received: train message 662516f7-93d2-4171-a984-fa6192933a19
[92mINFO [0m:      Sent reply
[92mINFO [0m:      
[92mINFO [0m:      Received: train message 713daf08-b7e5-4f23-97da-0bec1e4b41ea
[92mINFO [0m:      Sent reply
[92mINFO [0m:      
[92mINFO [0m:      Received: train message bba7c40d-d88e-4e36-8e1f-74b1f1d62bd4
[92mINFO [0m:      Sent reply
[92mINFO [0m:      
[92mINFO [0m:      Received: evaluate message 99caaa50-60a8-482f-b1b3-01afb4dce736
[92mINFO [0m:      Sent reply
[92mINFO [0m:      
[92mINFO [0m:      Received: evaluate message e2f98127-cbf4-447f-9603-c657e43ba929
[92mINFO [0m:      Sent reply
[92mINFO [0m:      
[92mINFO [0m:      Received: train message ece8272a-765f-4954-939a-8f0caae44215
[92mINFO [0m:      Sent reply
[92mINFO [0m:      
[92mINFO [0m:      Received: evaluate message 2894c6f8-dddf-45dd-8221-c69bd93d6ef1
[92mINFO [0m:      Sent reply
[92mINFO [0m:      
[92mINFO [0m:      Received: evaluate message 18b8d737-c2b3-43f0-9fef-19f4395cc4d3
[92mINFO [0m:      Sent reply
[92mINFO [0m:      
[92mINFO [0m:      Received: train message 0787b3d7-6335-477e-ba0f-ed3f208ec7bb
[92mINFO [0m:      Sent reply
[92mINFO [0m:      
[92mINFO [0m:      Received: evaluate message 5725c5f9-523e-48ef-b81e-57c73e8c191a
[92mINFO [0m:      Sent reply
[92mINFO [0m:      
[92mINFO [0m:      Received: evaluate message 8c4e0877-6dcd-4e57-9f61-e38eeea812ae
[92mINFO [0m:      Sent reply
[92mINFO [0m:      
[92mINFO [0m:      Received: train message 7fea4ac6-3cfc-40a3-a80c-40fc1beb633f
[92mINFO [0m:      Sent reply
[92mINFO [0m:      
[92mINFO [0m:      Received: train message 3cae79e1-41db-44cc-a099-a48223902d6c
[92mINFO [0m:      Sent reply
[92mINFO [0m:      
[92mINFO [0m:      Received: evaluate message 8bb45a21-92db-4e42-ad4f-a28b0f935ab8
[92mINFO [0m:      Sent reply
[92mINFO [0m:      
[92mINFO [0m:      Received: evaluate message fa415148-6bde-461b-b673-502e02a19ccf
[92mINFO [0m:      Sent reply
[92mINFO [0m:      
[92mINFO [0m:      Received: train message 6f2516cd-5be2-4730-99b2-dc1f4df0bb24
[92mINFO [0m:      Sent reply
[92mINFO [0m:      
[92mINFO [0m:      Received: train message 5f04770c-d186-409b-832e-bb3a168e2013
[92mINFO [0m:      Sent reply
[92mINFO [0m:      
[92mINFO [0m:      Received: train message ed7b4bb7-8626-4b0b-ada6-21998f9f7bf1
[92mINFO [0m:      Sent reply
[92mINFO [0m:      
[92mINFO [0m:      Received: evaluate message f115ad9d-0948-474c-a9b0-e01fcaf9f8c6
[92mINFO [0m:      Sent reply
[92mINFO [0m:      
[92mINFO [0m:      Received: train message 314ef833-1373-4520-8310-dbc516823038
[92mINFO [0m:      Sent reply
[92mINFO [0m:      
[92mINFO [0m:      Received: evaluate message 67ecc6ac-a553-42db-871c-fb36c9992518
[92mINFO [0m:      Sent reply
[92mINFO [0m:      
[92mINFO [0m:      Received: evaluate message 5a256c5c-dc5d-48be-9ba3-ca845a223006
[92mINFO [0m:      Sent reply
[92mINFO [0m:      
[92mINFO [0m:      Received: evaluate message 02c97555-a769-4bce-89a0-be9d57f4bc93
[92mINFO [0m:      Sent reply
[92mINFO [0m:      
[92mINFO [0m:      Received: evaluate message e60563b4-0302-4b76-8b2a-a126d40fada4
[92mINFO [0m:      Sent reply
[92mINFO [0m:      
[92mINFO [0m:      Received: evaluate message 01d95d2a-9c04-45b0-bec4-163692a76b60
[92mINFO [0m:      Sent reply
[92mINFO [0m:      
[92mINFO [0m:      Received: evaluate message b389567e-92a1-4ee2-8c75-36fdc2d669a2
[92mINFO [0m:      Sent reply
[92mINFO [0m:      
[92mINFO [0m:      Received: evaluate message e804e3bc-c5cf-44c7-a889-d79b663d8108
[92mINFO [0m:      Sent reply
[92mINFO [0m:      
[92mINFO [0m:      Received: train message b0d374be-ec9f-454e-a0bb-ca15895b5dee
[92mINFO [0m:      Sent reply
[92mINFO [0m:      
[92mINFO [0m:      Received: evaluate message 5400b434-a6eb-4fe6-94c9-b85ffccc119f
[92mINFO [0m:      Sent reply
[92mINFO [0m:      
[92mINFO [0m:      Received: train message 9c172cf6-0fbd-4ce5-9a1f-1390c72a04ff
[92mINFO [0m:      Sent reply
[92mINFO [0m:      
[92mINFO [0m:      Received: evaluate message 6f775a7e-b405-4969-bd5e-9d5381c55b1e
[92mINFO [0m:      Sent reply
[92mINFO [0m:      
[92mINFO [0m:      Received: train message 99de9537-2c70-4c1e-8808-c2ad33c36d15
[92mINFO [0m:      Sent reply
[92mINFO [0m:      
[92mINFO [0m:      Received: evaluate message 8abb0ccc-e084-42a8-b71a-1b7037a4a56d
[92mINFO [0m:      Sent reply
[92mINFO [0m:      
[92mINFO [0m:      Received: train message 1dfece96-cf11-4a9c-a7e6-d18979b9e9e2
[92mINFO [0m:      Sent reply
[92mINFO [0m:      
[92mINFO [0m:      Received: evaluate message fb74ebad-9810-48a2-a036-4d5381c5771b
[92mINFO [0m:      Sent reply
[92mINFO [0m:      
[92mINFO [0m:      Received: evaluate message 63834d0e-913c-4e2b-bb67-6db246e37da8
[92mINFO [0m:      Sent reply
[92mINFO [0m:      
[92mINFO [0m:      Received: train message 86849bec-cb10-418a-a4fc-c4e64fd38bc4
[92mINFO [0m:      Sent reply
[92mINFO [0m:      
[92mINFO [0m:      Received: evaluate message 296a91f9-173f-4c3a-8cc6-90b1edb32a3f
[92mINFO [0m:      Sent reply
[92mINFO [0m:      
[92mINFO [0m:      Received: train message d74d4496-ccd4-4819-960c-f3ddaff3f49c
[92mINFO [0m:      Sent reply
[92mINFO [0m:      
[92mINFO [0m:      Received: evaluate message 24e715e3-4d21-4d31-b062-8ef9b7cce982
[92mINFO [0m:      Sent reply
[92mINFO [0m:      
[92mINFO [0m:      Received: train message c7aed207-69fb-4cc9-bc34-c5e09281f635
[92mINFO [0m:      Sent reply
[92mINFO [0m:      
[92mINFO [0m:      Received: train message 3d5941da-bf2d-423d-9919-d94a569f1169
[92mINFO [0m:      Sent reply
[92mINFO [0m:      
[92mINFO [0m:      Received: evaluate message eef75b44-ed89-4b0e-b019-56604c9094c7
[92mINFO [0m:      Sent reply
[92mINFO [0m:      
[92mINFO [0m:      Received: evaluate message 511bd255-5af8-4f4e-9a64-3fe11d31007c
[92mINFO [0m:      Sent reply
[92mINFO [0m:      
[92mINFO [0m:      Received: train message bba34498-0e74-43f7-b62d-a2e41bcdf867
[92mINFO [0m:      Sent reply
[92mINFO [0m:      
[92mINFO [0m:      Received: train message 46fa2b96-70d2-40f5-beaa-fa7e3a7d0c1f
[92mINFO [0m:      Sent reply
[92mINFO [0m:      
[92mINFO [0m:      Received: train message e3fd6e92-0c5d-4c59-a935-2bae6ee721fa
[92mINFO [0m:      Sent reply
[92mINFO [0m:      
[92mINFO [0m:      Received: evaluate message 84dcd27d-bb2a-40d1-bb4f-a1782925b4cd
[92mINFO [0m:      Sent reply
[92mINFO [0m:      
[92mINFO [0m:      Received: train message 8853b626-e550-4d78-8429-b1721cfd0c35
[92mINFO [0m:      Sent reply
[92mINFO [0m:      
[92mINFO [0m:      Received: train message 3a29c3f4-a88e-4e29-9635-e474b279d447
[92mINFO [0m:      Sent reply
[92mINFO [0m:      
[92mINFO [0m:      Received: evaluate message 226a43e9-0b9f-4398-9458-4130aca191aa
[92mINFO [0m:      Sent reply
[92mINFO [0m:      
[92mINFO [0m:      Received: train message 720297f3-3b76-4d2b-ae63-81c5c882f334
[92mINFO [0m:      Sent reply
[92mINFO [0m:      
[92mINFO [0m:      Received: evaluate message 0704cb17-5bd2-4905-8d41-e58aed43ff0a
[92mINFO [0m:      Sent reply
[92mINFO [0m:      
[92mINFO [0m:      Received: evaluate message f9334f8f-0610-4dbd-b9b5-685199df720e
[92mINFO [0m:      Sent reply
[92mINFO [0m:      
[92mINFO [0m:      Received: train message 0ac545ab-17aa-4510-a33a-97800364f0d0
[92mINFO [0m:      Sent reply
[92mINFO [0m:      
[92mINFO [0m:      Received: evaluate message 5483e729-e376-4e36-8eef-fa41bd2235bf
[92mINFO [0m:      Sent reply
[92mINFO [0m:      
[92mINFO [0m:      Received: train message 2cec40ca-be50-46c1-a423-363d071730b0
[92mINFO [0m:      Sent reply
[92mINFO [0m:      
[92mINFO [0m:      Received: evaluate message 8865e46b-5c03-4591-ab64-3a2be0eedcbb
[92mINFO [0m:      Sent reply
[92mINFO [0m:      
[92mINFO [0m:      Received: train message d9202376-bfe6-4857-9c51-4f837c7fc0cd
[92mINFO [0m:      Sent reply
[92mINFO [0m:      
[92mINFO [0m:      Received: train message cbbcc6ed-cadd-41db-a5b8-924e137cd4a2
[92mINFO [0m:      Sent reply
[92mINFO [0m:      
[92mINFO [0m:      Received: train message 018f7880-d673-4025-937e-a2a56c22f5e2
[92mINFO [0m:      Sent reply
[92mINFO [0m:      
[92mINFO [0m:      Received: train message 24a835b5-8382-45e4-8af9-0cb5aa03b758
[92mINFO [0m:      Sent reply
[92mINFO [0m:      
[92mINFO [0m:      Received: evaluate message e792e6ad-a95c-44af-8a34-811270fc8682
[92mINFO [0m:      Sent reply
[92mINFO [0m:      
[92mINFO [0m:      Received: train message d15bb484-9916-4aca-b4e6-e40f68e5f002
[92mINFO [0m:      Sent reply
[92mINFO [0m:      
[92mINFO [0m:      Received: evaluate message 1bb0c0b3-a446-40ae-8118-a4f842769b8e
[92mINFO [0m:      Sent reply
[92mINFO [0m:      
[92mINFO [0m:      Received: evaluate message 08ee8165-8970-43e7-ad48-5d8b0c9c5646
[92mINFO [0m:      Sent reply
[92mINFO [0m:      
[92mINFO [0m:      Received: train message 3b4b1e2f-2004-401f-ba55-cb3fddb18bd5
[92mINFO [0m:      Sent reply
[92mINFO [0m:      
[92mINFO [0m:      Received: evaluate message e791a345-0bcf-4c55-8ece-2379d2f7cf42
[92mINFO [0m:      Sent reply
[92mINFO [0m:      
[92mINFO [0m:      Received: train message c9ad3d73-e22e-453c-92b6-0934b099bb4d
[92mINFO [0m:      Sent reply
[92mINFO [0m:      
[92mINFO [0m:      Received: evaluate message d549b70e-a9f3-47dc-8990-2828e604b71d
[92mINFO [0m:      Sent reply
[92mINFO [0m:      
[92mINFO [0m:      Received: train message 33d64b81-3f1a-478d-a2c4-e692960d8442
[92mINFO [0m:      Sent reply
[92mINFO [0m:      
[92mINFO [0m:      Received: evaluate message e3e9695d-9444-4c04-bf05-f9c0b5e1e6bf
[92mINFO [0m:      Sent reply
[92mINFO [0m:      
[92mINFO [0m:      Received: train message b7940ee1-6d46-4ccf-8b10-1e2c0fd949c8
[92mINFO [0m:      Sent reply
[92mINFO [0m:      
[92mINFO [0m:      Received: evaluate message 0e704cae-ddcf-4fbe-a399-97310806a692
[92mINFO [0m:      Sent reply
[92mINFO [0m:      
[92mINFO [0m:      Received: evaluate message 421571d8-7130-46d4-a263-d47ca359c601
[92mINFO [0m:      Sent reply
[92mINFO [0m:      
[92mINFO [0m:      Received: evaluate message dd3d37e1-680e-4c6f-b1f0-98ec29628841
[92mINFO [0m:      Sent reply
[92mINFO [0m:      
[92mINFO [0m:      Received: train message c0ca5ea8-5510-4d25-864b-a9dc2e1676b9
[92mINFO [0m:      Sent reply
[92mINFO [0m:      
[92mINFO [0m:      Received: train message a01baef3-64cf-43ef-a41b-f7e6fa205cca
[92mINFO [0m:      Sent reply
[92mINFO [0m:      
[92mINFO [0m:      Received: train message ec1f3177-3504-4ae4-9f4d-8df54a2d39aa
[92mINFO [0m:      Sent reply
[92mINFO [0m:      
[92mINFO [0m:      Received: evaluate message 131cb4b5-4bcd-48e4-a549-4845b2526954
[92mINFO [0m:      Sent reply
[92mINFO [0m:      
[92mINFO [0m:      Received: train message 17b767ea-55fd-411e-9ce4-ea3d9c6d9fdb
[92mINFO [0m:      Sent reply
[92mINFO [0m:      
[92mINFO [0m:      Received: train message d77082a3-d8e6-44c4-86ed-92a3a948b36d
[92mINFO [0m:      Sent reply
[92mINFO [0m:      
[92mINFO [0m:      Received: train message 2df37064-50f7-4b8f-b283-9ca45acc4a49
[92mINFO [0m:      Sent reply
[92mINFO [0m:      
[92mINFO [0m:      Received: train message 01994fe9-6702-427a-986d-87fdfb59ea70
[92mINFO [0m:      Sent reply
[92mINFO [0m:      
[92mINFO [0m:      Received: evaluate message e8697112-cc33-436e-bdf7-7c5b15275088
[92mINFO [0m:      Sent reply
[92mINFO [0m:      
[92mINFO [0m:      Received: train message 96307052-4a86-4d93-893e-5ce5af17c879
[92mINFO [0m:      Sent reply
[92mINFO [0m:      
[92mINFO [0m:      Received: evaluate message 2b30a270-7df3-4f82-8e99-855b7efc156d
[92mINFO [0m:      Sent reply
[92mINFO [0m:      
[92mINFO [0m:      Received: train message bf9af6d9-094f-486a-8fe1-3f5ad604a9c8
[92mINFO [0m:      Sent reply
[92mINFO [0m:      
[92mINFO [0m:      Received: evaluate message 96445ee9-ef9d-4484-b646-de927961c42b
[92mINFO [0m:      Sent reply
[92mINFO [0m:      
[92mINFO [0m:      Received: evaluate message 0e3a39f9-fa86-4080-a28d-f49042e4cb5f
[92mINFO [0m:      Sent reply
[92mINFO [0m:      
[92mINFO [0m:      Received: train message 5e3c98cc-c076-4e11-8cfe-646ac3dc56cd
[92mINFO [0m:      Sent reply
[92mINFO [0m:      
[92mINFO [0m:      Received: evaluate message ce88eb10-e4b3-43fa-9df6-265aa2f31249
[92mINFO [0m:      Sent reply
[92mINFO [0m:      
[92mINFO [0m:      Received: train message c9656b36-967f-4f5b-9759-7a398a26288b
[92mINFO [0m:      Sent reply
[92mINFO [0m:      
[92mINFO [0m:      Received: evaluate message b90869db-e150-4e4c-9a7e-2925f15c17ec
[92mINFO [0m:      Sent reply
[92mINFO [0m:      
[92mINFO [0m:      Received: evaluate message a43b4042-7999-4d3f-a39b-1f99f5fe4d52
[92mINFO [0m:      Sent reply
[92mINFO [0m:      
[92mINFO [0m:      Received: evaluate message 91c18096-7933-498d-8d42-a11e454866ab
[92mINFO [0m:      Sent reply
[92mINFO [0m:      
[92mINFO [0m:      Received: train message 7c04eef5-8e8f-4551-8b6d-563de1fe3ee0
[92mINFO [0m:      Sent reply
[92mINFO [0m:      
[92mINFO [0m:      Received: train message 32f00340-fd75-4739-985d-a1254cf81f0f
[92mINFO [0m:      Sent reply
[92mINFO [0m:      
[92mINFO [0m:      Received: evaluate message 487f8478-3f50-4aa5-8628-12a505a37f50
[92mINFO [0m:      Sent reply
[92mINFO [0m:      
[92mINFO [0m:      Received: train message 6ea7c492-ca13-44de-9061-1a8f9b11ed41
[92mINFO [0m:      Sent reply
[92mINFO [0m:      
[92mINFO [0m:      Received: evaluate message 0e9baa16-7fcf-4afe-8342-432617d65f8f
[92mINFO [0m:      Sent reply
[92mINFO [0m:      
[92mINFO [0m:      Received: train message 5f056bf6-7161-44e8-8771-8c61a30d74ba
[92mINFO [0m:      Sent reply
[92mINFO [0m:      
[92mINFO [0m:      Received: evaluate message 403b95c3-f0e5-4d56-a666-aa615e37c417
[92mINFO [0m:      Sent reply
[92mINFO [0m:      
[92mINFO [0m:      Received: evaluate message 3d7978d1-d4f6-4405-987a-ed9d36211b89
[92mINFO [0m:      Sent reply
[92mINFO [0m:      
[92mINFO [0m:      Received: train message 1d09d1bd-585d-45e0-9f35-7a4f9cf8f9ce
[92mINFO [0m:      Sent reply
[92mINFO [0m:      
[92mINFO [0m:      Received: evaluate message 0d91ff85-575a-41b9-9543-be46c52e3849
[92mINFO [0m:      Sent reply
[92mINFO [0m:      
[92mINFO [0m:      Received: train message 406f3b55-0d74-4131-89e4-c7b5adc04f60
[92mINFO [0m:      Sent reply
[92mINFO [0m:      
[92mINFO [0m:      Received: train message 67272ff9-2f05-4afc-bba0-00bc3bc1df5f
[92mINFO [0m:      Sent reply
[92mINFO [0m:      
[92mINFO [0m:      Received: train message 4ea65165-b9a1-46bb-8ecb-250408a88913
[92mINFO [0m:      Sent reply
[92mINFO [0m:      
[92mINFO [0m:      Received: train message 9dbf0a11-e2ab-4e90-ba1f-83979bfdd8d0
[92mINFO [0m:      Sent reply
[92mINFO [0m:      
[92mINFO [0m:      Received: evaluate message 954e609d-af76-42e7-86aa-d7ae375c74d8
[92mINFO [0m:      Sent reply
[92mINFO [0m:      
[92mINFO [0m:      Received: evaluate message d5320f8e-8a94-4832-a3a3-11d2eba52087
[92mINFO [0m:      Sent reply
[92mINFO [0m:      
[92mINFO [0m:      Received: train message 7161d59c-06f6-4a29-82b0-d8b747c439cd
[92mINFO [0m:      Sent reply
[92mINFO [0m:      
[92mINFO [0m:      Received: evaluate message 2fcb301f-7d72-41d2-9197-6c77fbb8f968
[92mINFO [0m:      Sent reply
[92mINFO [0m:      
[92mINFO [0m:      Received: train message 8ac81ec3-b5da-4041-b28c-e4e5071d8345
[92mINFO [0m:      Sent reply
[92mINFO [0m:      
[92mINFO [0m:      Received: evaluate message a4dbd0fe-a0ac-4d2f-91e2-68d4a7f638b2
[92mINFO [0m:      Sent reply
[92mINFO [0m:      
[92mINFO [0m:      Received: train message a4b7b6da-ddf1-4420-8b50-1d45cf13fdee
[92mINFO [0m:      Sent reply
[92mINFO [0m:      
[92mINFO [0m:      Received: train message b72d6606-49a4-4721-809d-f1b8aafcdf01
[92mINFO [0m:      Sent reply
[92mINFO [0m:      
[92mINFO [0m:      Received: evaluate message 66d74d86-3a03-4abf-85a8-8608e78501e0
[92mINFO [0m:      Sent reply
[92mINFO [0m:      
[92mINFO [0m:      Received: train message ddd86521-d312-4f8f-99f0-720938428f7c
[92mINFO [0m:      Sent reply
[92mINFO [0m:      
[92mINFO [0m:      Received: train message ce9167b3-ba8a-487e-b7e1-c70b5bb46fbd
[92mINFO [0m:      Sent reply
[92mINFO [0m:      
[92mINFO [0m:      Received: evaluate message 1e14989e-ec2b-456c-93e1-c60794b17ff6
[92mINFO [0m:      Sent reply
[92mINFO [0m:      
[92mINFO [0m:      Received: evaluate message be323c50-0e38-47ea-b097-3a3eb0136a79
[92mINFO [0m:      Sent reply
[92mINFO [0m:      
[92mINFO [0m:      Received: evaluate message 83aa953b-eb81-469e-b4cc-0b2e81fda9cb
[92mINFO [0m:      Sent reply
[92mINFO [0m:      
[92mINFO [0m:      Received: evaluate message 1053fb15-f2b6-475d-867b-890ab10079d7
[92mINFO [0m:      Sent reply
[92mINFO [0m:      
[92mINFO [0m:      Received: train message 994d9f29-3f46-48e4-ae24-048bb01a2b57
[92mINFO [0m:      Sent reply
[92mINFO [0m:      
[92mINFO [0m:      Received: train message 1277344a-e4db-4dd5-8edc-d029b5fc296c
[92mINFO [0m:      Sent reply
[92mINFO [0m:      
[92mINFO [0m:      Received: evaluate message 67bc235e-7cc7-46b6-b629-f3be77249547
[92mINFO [0m:      Sent reply
[92mINFO [0m:      
[92mINFO [0m:      Received: evaluate message e031720c-5c8f-4d58-8877-39a3cc5a6676
[92mINFO [0m:      Sent reply
[92mINFO [0m:      
[92mINFO [0m:      Received: train message d81ab2ed-9e10-4dcf-af9d-6474ea47f723
[92mINFO [0m:      Sent reply
[92mINFO [0m:      
[92mINFO [0m:      Received: evaluate message e6ef0a9a-8f7e-41df-b642-4a62696409fc
[92mINFO [0m:      Sent reply
[92mINFO [0m:      
[92mINFO [0m:      Received: evaluate message fa5b11b0-cdc6-4608-b8fb-8f088456249a
[92mINFO [0m:      Sent reply
[92mINFO [0m:      
[92mINFO [0m:      Received: train message 0105c4d4-5a9b-4d9d-b7e4-2448e37fb33e
[92mINFO [0m:      Sent reply
[92mINFO [0m:      
[92mINFO [0m:      Received: evaluate message 22d5779e-06d7-4215-900f-415cfb8eb6d7
[92mINFO [0m:      Sent reply
[92mINFO [0m:      
[92mINFO [0m:      Received: train message 803f2880-df84-4eda-b141-110bac697b81
[92mINFO [0m:      Sent reply
[92mINFO [0m:      
[92mINFO [0m:      Received: evaluate message 4dee55bd-97cd-4ccd-9636-f7f05deb6865
[92mINFO [0m:      Sent reply
[92mINFO [0m:      
[92mINFO [0m:      Received: train message 7c4509a8-804f-4474-9269-19390d18bc3a
[92mINFO [0m:      Sent reply
[92mINFO [0m:      
[92mINFO [0m:      Received: evaluate message efb64a5b-159d-47dd-9956-c353ac26bbb4
[92mINFO [0m:      Sent reply
[92mINFO [0m:      
[92mINFO [0m:      Received: evaluate message eb040a14-abee-4d68-9198-f19f8b87d68b
[92mINFO [0m:      Sent reply
[92mINFO [0m:      
[92mINFO [0m:      Received: evaluate message eb240b41-7e88-4004-b147-647c1cc888a2
[92mINFO [0m:      Sent reply
[92mINFO [0m:      
[92mINFO [0m:      Received: evaluate message 6252dcda-2b92-4b48-8d48-7fa37890d780
[92mINFO [0m:      Sent reply
[92mINFO [0m:      
[92mINFO [0m:      Received: train message 0edc15a4-a4fb-45b9-8e37-0c1abfaf9d2e
[92mINFO [0m:      Sent reply
[92mINFO [0m:      
[92mINFO [0m:      Received: evaluate message 28b4d5c6-0abb-490b-a0e5-21a13cfb0f7a
[92mINFO [0m:      Sent reply
[92mINFO [0m:      
[92mINFO [0m:      Received: evaluate message 029d6c24-91ed-40af-97e2-6d58f982fa3d
[92mINFO [0m:      Sent reply
[92mINFO [0m:      
[92mINFO [0m:      Received: evaluate message 906afd26-d2dd-4b70-88c6-c81a2a740ddc
[92mINFO [0m:      Sent reply
[92mINFO [0m:      
[92mINFO [0m:      Received: train message b9034fb3-d462-464f-9bb2-92d31b900263
[92mINFO [0m:      Sent reply
[92mINFO [0m:      
[92mINFO [0m:      Received: train message 743087c2-38a5-4413-8e34-ccf2a1711bf0
[92mINFO [0m:      Sent reply
[92mINFO [0m:      
[92mINFO [0m:      Received: evaluate message f4cb3f0c-4932-4b04-b11d-53fbe140ca49
[92mINFO [0m:      Sent reply
[92mINFO [0m:      
[92mINFO [0m:      Received: train message e4283860-5ca2-4a2c-9833-1748336d26a7
[92mINFO [0m:      Sent reply
[92mINFO [0m:      
[92mINFO [0m:      Received: train message 95affdbc-512a-4d32-b99f-fea6c4233801
[92mINFO [0m:      Sent reply
[92mINFO [0m:      
[92mINFO [0m:      Received: evaluate message 71943ee0-8567-404f-82af-717b25ea423a
[92mINFO [0m:      Sent reply
[92mINFO [0m:      
[92mINFO [0m:      Received: train message c6070ad3-ec95-43a3-b41e-9c2f8aeb0705
[92mINFO [0m:      Sent reply
[92mINFO [0m:      
[92mINFO [0m:      Received: evaluate message e692cb67-2820-46dc-a264-f801a39847f0
[92mINFO [0m:      Sent reply
[92mINFO [0m:      
[92mINFO [0m:      Received: evaluate message 2d1642ed-cfef-4293-9918-d8336df1e222
[92mINFO [0m:      Sent reply
[92mINFO [0m:      
[92mINFO [0m:      Received: train message 9519840b-de5b-461a-b7e9-d6a16619c8e0
[92mINFO [0m:      Sent reply
[92mINFO [0m:      
[92mINFO [0m:      Received: evaluate message 1231b611-5432-4b85-b220-9cf14a30ae79
[92mINFO [0m:      Sent reply
[92mINFO [0m:      
[92mINFO [0m:      Received: train message 22db46cf-7655-4082-b81c-1a372f9d548a
[92mINFO [0m:      Sent reply
[92mINFO [0m:      
[92mINFO [0m:      Received: evaluate message e1df484c-bac8-40a8-b4b4-5688ed345066
[92mINFO [0m:      Sent reply
[92mINFO [0m:      
[92mINFO [0m:      Received: train message f7c69b15-259f-41c5-89c4-e5599f8ca1b6
[92mINFO [0m:      Sent reply
[92mINFO [0m:      
[92mINFO [0m:      Received: train message 118f503b-e5af-4446-af25-f1c8ccbf238b
[92mINFO [0m:      Sent reply
[92mINFO [0m:      
[92mINFO [0m:      Received: evaluate message cc93b80e-dbc4-43e6-b21c-c10372165b2d
[92mINFO [0m:      Sent reply
[92mINFO [0m:      
[92mINFO [0m:      Received: evaluate message 5da3b38f-2550-4368-b665-976964ba0360
[92mINFO [0m:      Sent reply
[92mINFO [0m:      
[92mINFO [0m:      Received: train message d585b503-809c-4df0-9526-9b77e71058e0
[92mINFO [0m:      Sent reply
[92mINFO [0m:      
[92mINFO [0m:      Received: evaluate message 00f9fef4-79b0-42f8-af11-c355a4287f67
[92mINFO [0m:      Sent reply
[92mINFO [0m:      
[92mINFO [0m:      Received: train message d7bb2eca-47f8-4768-8949-4e1724a4625d
[92mINFO [0m:      Sent reply
[92mINFO [0m:      
[92mINFO [0m:      Received: train message 6e91e2db-c757-4898-97f8-6addd98cc3d3
[92mINFO [0m:      Sent reply
[92mINFO [0m:      
[92mINFO [0m:      Received: train message f2f0a995-8dcb-4fe5-94a7-eae91f41d87a
[92mINFO [0m:      Sent reply
[92mINFO [0m:      
[92mINFO [0m:      Received: evaluate message e9a4ddb4-a9f9-40c2-91b0-c6c47a31cca9
[92mINFO [0m:      Sent reply
[92mINFO [0m:      
[92mINFO [0m:      Received: evaluate message 1132676d-525c-4f46-9018-f248a1cf8805
[92mINFO [0m:      Sent reply
[92mINFO [0m:      
[92mINFO [0m:      Received: train message 14dca660-b46a-4bc7-b17e-d56e94edb8da
[92mINFO [0m:      Sent reply
[92mINFO [0m:      
[92mINFO [0m:      Received: evaluate message 363b6df9-99ab-4326-bfe5-5db1580b9c05
[92mINFO [0m:      Sent reply
[92mINFO [0m:      
[92mINFO [0m:      Received: evaluate message 548c8770-8c68-442b-ba64-c8eb05989daa
[92mINFO [0m:      Sent reply
[92mINFO [0m:      
[92mINFO [0m:      Received: train message e66ab8e9-f478-49d4-a50b-a2f6408111f2
[92mINFO [0m:      Sent reply
[92mINFO [0m:      
[92mINFO [0m:      Received: train message 175ac60b-49ea-4f6b-b527-39e437de37fe
[92mINFO [0m:      Sent reply
[92mINFO [0m:      
[92mINFO [0m:      Received: evaluate message aa517f52-7dae-4402-8651-ebfd5752e27e
[92mINFO [0m:      Sent reply
[92mINFO [0m:      
[92mINFO [0m:      Received: evaluate message be2e7b10-187d-4f4b-be53-d46e4dff6c46
[92mINFO [0m:      Sent reply
[92mINFO [0m:      
[92mINFO [0m:      Received: evaluate message 9ae073e6-c697-4b32-ac34-a92e6c825922
[92mINFO [0m:      Sent reply
[92mINFO [0m:      
[92mINFO [0m:      Received: train message 33e9168e-cb79-4d6a-8f4f-91b5d7cd5b00
[92mINFO [0m:      Sent reply
[92mINFO [0m:      
[92mINFO [0m:      Received: evaluate message 4f6a69db-39f8-4f76-9ebb-8ef3b1ce6bb6
[92mINFO [0m:      Sent reply
[92mINFO [0m:      
[92mINFO [0m:      Received: train message 0f2ef99b-f2c8-45be-bf16-b97f48a7dca6
[92mINFO [0m:      Sent reply
[92mINFO [0m:      
[92mINFO [0m:      Received: evaluate message 1777e66d-e6c2-4b95-995a-75cff90caaa6
[92mINFO [0m:      Sent reply
[92mINFO [0m:      
[92mINFO [0m:      Received: train message 29148d2f-ed56-41b4-9d2e-9d45139679c6
[92mINFO [0m:      Sent reply
[92mINFO [0m:      
[92mINFO [0m:      Received: evaluate message 8c9d508c-bedc-4efa-a7e7-b9661aca03ef
[92mINFO [0m:      Sent reply
[92mINFO [0m:      
[92mINFO [0m:      Received: train message 53d3cf5e-fd35-4aff-bc5d-8faf858ddf22
[92mINFO [0m:      Sent reply
[92mINFO [0m:      
[92mINFO [0m:      Received: evaluate message 11b8c6b8-3af5-4813-9903-8d44ddf0b240
[92mINFO [0m:      Sent reply
[92mINFO [0m:      
[92mINFO [0m:      Received: train message 7c7e8365-c671-4d0e-afa8-88be5d9adac3
[92mINFO [0m:      Sent reply
[92mINFO [0m:      
[92mINFO [0m:      Received: train message 844b6188-3b98-4dc5-a14e-2d41fed9afea
[92mINFO [0m:      Sent reply
[92mINFO [0m:      
[92mINFO [0m:      Received: evaluate message 945896ce-8a07-4a63-916c-18e4c1ef9a62
[92mINFO [0m:      Sent reply
[92mINFO [0m:      
[92mINFO [0m:      Received: train message c40ce6cb-6f17-4130-af9e-2ea74e051e9b
[92mINFO [0m:      Sent reply
[92mINFO [0m:      
[92mINFO [0m:      Received: train message f761775e-0875-4c41-8f16-15e795992db5
[92mINFO [0m:      Sent reply
[92mINFO [0m:      
[92mINFO [0m:      Received: train message cfa548f7-d55d-48a5-9c74-a4a81f0bc169
[92mINFO [0m:      Sent reply
[92mINFO [0m:      
[92mINFO [0m:      Received: evaluate message c03724df-e772-47f4-a31b-acc0f55b4d3f
[92mINFO [0m:      Sent reply
[92mINFO [0m:      
[92mINFO [0m:      Received: evaluate message 95fa7c24-68d9-498b-9a7c-73a24b6e2b45
[92mINFO [0m:      Sent reply
[92mINFO [0m:      
[92mINFO [0m:      Received: train message 90439a66-ec1e-49f8-b558-f6043a2afe09
[92mINFO [0m:      Sent reply
[92mINFO [0m:      
[92mINFO [0m:      Received: train message 70c9dcaf-827b-4a29-bf3e-387efc031780
[92mINFO [0m:      Sent reply
[92mINFO [0m:      
[92mINFO [0m:      Received: train message 1722090d-56d1-466c-904d-ba63161890a2
[92mINFO [0m:      Sent reply
[92mINFO [0m:      
[92mINFO [0m:      Received: evaluate message 9fb4b8f4-59d6-4d6a-bcf6-3a5a3914f42d
[92mINFO [0m:      Sent reply
[92mINFO [0m:      
[92mINFO [0m:      Received: train message c68972f0-2ae0-4b85-b14c-e8c4acd16b93
[92mINFO [0m:      Sent reply
[92mINFO [0m:      
[92mINFO [0m:      Received: train message 0d3491ec-c194-4ed0-b989-b0f21c58234e
[92mINFO [0m:      Sent reply
[92mINFO [0m:      
[92mINFO [0m:      Received: evaluate message a77ac6d8-5b94-4f84-86f7-74584ae120b2
[92mINFO [0m:      Sent reply
[92mINFO [0m:      
[92mINFO [0m:      Received: evaluate message a9226d2d-ffbd-4de1-830e-b2b1f543deae
[92mINFO [0m:      Sent reply
[92mINFO [0m:      
[92mINFO [0m:      Received: train message f4aa8595-914b-4659-aad9-c1cf81c3501d
[92mINFO [0m:      Sent reply
[92mINFO [0m:      
[92mINFO [0m:      Received: evaluate message 0a0428cc-fde4-4b2a-bf75-f67fae1d8bde
[92mINFO [0m:      Sent reply
[92mINFO [0m:      
[92mINFO [0m:      Received: evaluate message 26852d1d-e568-4476-a3d5-75c32b0b6211
[92mINFO [0m:      Sent reply
[92mINFO [0m:      
[92mINFO [0m:      Received: evaluate message fd88e1b3-6f51-4180-9527-88771aeeb008
[92mINFO [0m:      Sent reply
[92mINFO [0m:      
[92mINFO [0m:      Received: train message d7f2c730-27a8-4612-8aa0-1d578012ed2d
[92mINFO [0m:      Sent reply
[92mINFO [0m:      
[92mINFO [0m:      Received: train message 79e4c0c1-4714-4f64-8673-d105baf05223
[92mINFO [0m:      Sent reply
[92mINFO [0m:      
[92mINFO [0m:      Received: evaluate message 84f621f9-48ac-4f02-b9b2-92e07386b04f
[92mINFO [0m:      Sent reply
[92mINFO [0m:      
[92mINFO [0m:      Received: evaluate message 3b345374-b3f8-46ff-9784-720bbf3b7a7e
[92mINFO [0m:      Sent reply
[92mINFO [0m:      
[92mINFO [0m:      Received: evaluate message 3cd738bd-2b65-481d-9e5a-a996efb58b90
[92mINFO [0m:      Sent reply
[92mINFO [0m:      
[92mINFO [0m:      Received: train message 02ec5e0c-8878-45f5-a83e-fe6c3cf841ce
[92mINFO [0m:      Sent reply
[92mINFO [0m:      
[92mINFO [0m:      Received: evaluate message c052f014-3a41-4c1d-94e2-51fd17c2e02b
[92mINFO [0m:      Sent reply
[92mINFO [0m:      
[92mINFO [0m:      Received: train message 256cea16-9c1b-41bc-b2d8-3d36c1c0f5a2
[92mINFO [0m:      Sent reply
[92mINFO [0m:      
[92mINFO [0m:      Received: evaluate message 82ac566d-90a2-414b-87f8-6d546ead18f2
[92mINFO [0m:      Sent reply
[92mINFO [0m:      
[92mINFO [0m:      Received: evaluate message 5e615302-43c5-45c0-9c72-b6f39a170c01
[92mINFO [0m:      Sent reply
[92mINFO [0m:      
[92mINFO [0m:      Received: evaluate message 296f70dc-6a0c-4ca4-b37d-59284f15a7d4
[92mINFO [0m:      Sent reply
[92mINFO [0m:      
[92mINFO [0m:      Received: train message cabd9012-667a-42b8-97d7-043050d76c2c
[92mINFO [0m:      Sent reply
[92mINFO [0m:      
[92mINFO [0m:      Received: evaluate message affb1dc2-0fb3-4b98-bed2-191f25e2597b
[92mINFO [0m:      Sent reply
[92mINFO [0m:      
[92mINFO [0m:      Received: train message 7dc8a86b-9693-45dc-b91e-3be1a9dd8c48
[92mINFO [0m:      Sent reply
[92mINFO [0m:      
[92mINFO [0m:      Received: evaluate message 1e680ed6-675c-43c6-842a-3fceedb074cc
[92mINFO [0m:      Sent reply
[92mINFO [0m:      
[92mINFO [0m:      Received: evaluate message 4373aa99-8dae-48f7-b231-6f2512415b3f
[92mINFO [0m:      Sent reply
[92mINFO [0m:      
[92mINFO [0m:      Received: evaluate message 759af4e1-fa46-4347-9161-d137447075a4
[92mINFO [0m:      Sent reply
[92mINFO [0m:      
[92mINFO [0m:      Received: train message ac5a1e07-b666-4c9e-9adc-6742e910259e
[92mINFO [0m:      Sent reply
[92mINFO [0m:      
[92mINFO [0m:      Received: evaluate message a1bf6e8e-53ec-498a-b2c1-9b74415edc59
[92mINFO [0m:      Sent reply
[92mINFO [0m:      
[92mINFO [0m:      Received: train message 9d63ff81-561b-4328-bc48-e3c6d21e7178
[92mINFO [0m:      Sent reply
[92mINFO [0m:      
[92mINFO [0m:      Received: evaluate message c4449345-b59f-4247-8671-38dc2b30279e
[92mINFO [0m:      Sent reply
[92mINFO [0m:      
[92mINFO [0m:      Received: evaluate message 25aa613a-6cae-42c9-9a51-850e41c22b8f
[92mINFO [0m:      Sent reply
[92mINFO [0m:      
[92mINFO [0m:      Received: evaluate message 1a69d5bb-2522-4af1-a4c1-1462499bea1c
[92mINFO [0m:      Sent reply
[92mINFO [0m:      
[92mINFO [0m:      Received: evaluate message 5bdbd762-f072-4916-a5cb-0a508062a95c
[92mINFO [0m:      Sent reply
[92mINFO [0m:      
[92mINFO [0m:      Received: train message 08e19e57-e7ed-4a5e-ab71-1e0ddee05cda
[92mINFO [0m:      Sent reply
[92mINFO [0m:      
[92mINFO [0m:      Received: evaluate message 2c491ab5-a106-4722-ae86-b87e3eaa8fee
[92mINFO [0m:      Sent reply
[92mINFO [0m:      
[92mINFO [0m:      Received: train message 9298551c-920c-49ec-9fae-6bba51820f04
[92mINFO [0m:      Sent reply
[92mINFO [0m:      
[92mINFO [0m:      Received: evaluate message 4e675d89-7593-45d5-86d6-df2c1d1edca3
[92mINFO [0m:      Sent reply
[92mINFO [0m:      
[92mINFO [0m:      Received: train message 4ec20d7b-5a59-4d00-83ac-e04942f320eb
[92mINFO [0m:      Sent reply
[92mINFO [0m:      
[92mINFO [0m:      Received: train message b5046862-afbe-4218-b75a-074af111267c
[92mINFO [0m:      Sent reply
[92mINFO [0m:      
[92mINFO [0m:      Received: evaluate message 77d043bb-b8dd-4ebd-a653-22eabf8c5106
[92mINFO [0m:      Sent reply
[92mINFO [0m:      
[92mINFO [0m:      Received: train message bca4cad4-c824-4e11-8808-95ccd71049ba
[92mINFO [0m:      Sent reply
[92mINFO [0m:      
[92mINFO [0m:      Received: evaluate message c540f1af-2c65-4bef-8006-73da0b93bbbe
[92mINFO [0m:      Sent reply
[92mINFO [0m:      
[92mINFO [0m:      Received: train message 5b662391-17ff-4459-bb85-ecacbc9f5e68
[92mINFO [0m:      Sent reply
[92mINFO [0m:      
[92mINFO [0m:      Received: train message 2222d9fe-0422-4b17-968e-328bbc20e4ec
[92mINFO [0m:      Sent reply
[92mINFO [0m:      
[92mINFO [0m:      Received: evaluate message 7a8d07cc-fb8f-46b1-932c-edfe9217209b
[92mINFO [0m:      Sent reply
[92mINFO [0m:      
[92mINFO [0m:      Received: train message 05b788d7-f4a7-47f9-b9f6-6c385214b386
[92mINFO [0m:      Sent reply
[92mINFO [0m:      
[92mINFO [0m:      Received: train message a6aa0004-924d-43d7-a790-72df9498a9e0
[92mINFO [0m:      Sent reply
[92mINFO [0m:      
[92mINFO [0m:      Received: evaluate message 7c641731-bf3d-405f-98e3-6c5967fed409
[92mINFO [0m:      Sent reply
[92mINFO [0m:      
[92mINFO [0m:      Received: train message 463238e0-0862-47fa-a9a8-f4c4c0596b4d
[92mINFO [0m:      Sent reply
[92mINFO [0m:      
[92mINFO [0m:      Received: train message 0bb4fba4-0467-4c6f-b4f6-efc6eae5f7fa
[92mINFO [0m:      Sent reply
[92mINFO [0m:      
[92mINFO [0m:      Received: train message 77e1c35b-d968-4be2-9604-8faaec844f2d
[92mINFO [0m:      Sent reply
[92mINFO [0m:      
[92mINFO [0m:      Received: evaluate message 3143847d-b461-4be8-8acb-41b5ddcb8c9f
[92mINFO [0m:      Sent reply
[92mINFO [0m:      
[92mINFO [0m:      Received: evaluate message 25b4e88e-2d1d-47ba-a894-466ac2776a57
[92mINFO [0m:      Sent reply
[92mINFO [0m:      
[92mINFO [0m:      Received: evaluate message 2e3a1634-7f36-4a8b-a37c-8f7e18a233cb
[92mINFO [0m:      Sent reply
[92mINFO [0m:      
[92mINFO [0m:      Received: train message cf07b82a-a963-4472-bd8b-b458d53b76f3
[92mINFO [0m:      Sent reply
[92mINFO [0m:      
[92mINFO [0m:      Received: train message 341babb8-9c8f-462a-be90-f621da012fc3
[92mINFO [0m:      Sent reply
[92mINFO [0m:      
[92mINFO [0m:      Received: train message 433bff6b-93ec-4a43-a7fe-28966f1be1c4
[92mINFO [0m:      Sent reply
[92mINFO [0m:      
[92mINFO [0m:      Received: evaluate message 5d75a34a-ddb2-43d4-ae73-fc549e6f1d8b
[92mINFO [0m:      Sent reply
[92mINFO [0m:      
[92mINFO [0m:      Received: train message fab57615-aee1-4b1b-b174-14d5120f1d08
[92mINFO [0m:      Sent reply
[92mINFO [0m:      
[92mINFO [0m:      Received: train message 65a9cc2b-40dd-4906-a9e7-8efc36a21c11
[92mINFO [0m:      Sent reply
[92mINFO [0m:      
[92mINFO [0m:      Received: train message ac4d3a12-59c9-40db-be78-a86533eeaeaa
[92mINFO [0m:      Sent reply
[92mINFO [0m:      
[92mINFO [0m:      Received: evaluate message 6d6e08f5-f762-46c7-ab0f-90b945df4e6e
[92mINFO [0m:      Sent reply
[92mINFO [0m:      
[92mINFO [0m:      Received: evaluate message d51df0d1-b8c4-42f9-8633-cd939afaefd1
[92mINFO [0m:      Sent reply
[92mINFO [0m:      
[92mINFO [0m:      Received: evaluate message ec65c415-30cc-4d7b-9836-b01124c39a59
[92mINFO [0m:      Sent reply
[92mINFO [0m:      
[92mINFO [0m:      Received: evaluate message 22d3af09-b2fb-41e2-bbde-5047df3c9f2a
[92mINFO [0m:      Sent reply
[92mINFO [0m:      
[92mINFO [0m:      Received: train message 0201e241-693a-4bf1-a9bc-47aa934ed755
[92mINFO [0m:      Sent reply
[92mINFO [0m:      
[92mINFO [0m:      Received: train message bda36c9f-841e-4917-bd23-d21474ce92b5
[92mINFO [0m:      Sent reply
[92mINFO [0m:      
[92mINFO [0m:      Received: evaluate message bbaa9d5f-5f12-4b8b-97a1-7bd280bc561d
[92mINFO [0m:      Sent reply
[92mINFO [0m:      
[92mINFO [0m:      Received: train message 6f79b161-b14e-4fe5-aa86-c8acaee3a253
[92mINFO [0m:      Sent reply
[92mINFO [0m:      
[92mINFO [0m:      Received: train message c66ff0a2-32cf-4918-9177-2d89f93fba6c
[92mINFO [0m:      Sent reply
[92mINFO [0m:      
[92mINFO [0m:      Received: train message 67625728-9882-49d1-8282-b08387a63533
[92mINFO [0m:      Sent reply
[92mINFO [0m:      
[92mINFO [0m:      Received: evaluate message 73b3decc-0008-43b7-a7f5-6a57c2f89fc8
[92mINFO [0m:      Sent reply
[92mINFO [0m:      
[92mINFO [0m:      Received: evaluate message 4102522b-f560-4a97-a484-4b2987b4d85f
[92mINFO [0m:      Sent reply
[92mINFO [0m:      
[92mINFO [0m:      Received: train message 28e8fe95-0c6d-4ebc-b762-53f39573904d
[92mINFO [0m:      Sent reply
[92mINFO [0m:      
[92mINFO [0m:      Received: train message 065a3dc4-bc2d-4206-a24c-c0e97b14a40c
[92mINFO [0m:      Sent reply
[92mINFO [0m:      
[92mINFO [0m:      Received: train message c9f33fac-bc12-4700-a90b-66f82f1812b8
[92mINFO [0m:      Sent reply
[92mINFO [0m:      
[92mINFO [0m:      Received: train message 2905eb1a-3b20-483d-a34e-ac2b0f585666
[92mINFO [0m:      Sent reply
[92mINFO [0m:      
[92mINFO [0m:      Received: evaluate message 8422bfa9-a2ef-4cd6-81ee-c9d3a83d0f51
[92mINFO [0m:      Sent reply
[92mINFO [0m:      
[92mINFO [0m:      Received: train message 39fb5ea7-ae24-49de-a3ac-233620c55c50
[92mINFO [0m:      Sent reply
[92mINFO [0m:      
[92mINFO [0m:      Received: evaluate message 927474a6-02f8-4186-908f-81151e8869ac
[92mINFO [0m:      Sent reply
[92mINFO [0m:      
[92mINFO [0m:      Received: train message cb1d8d4e-6acd-46d6-a0fb-30b80ba77790
[92mINFO [0m:      Sent reply
[92mINFO [0m:      
[92mINFO [0m:      Received: evaluate message 65a16c1a-e905-4b79-8272-00430482d1b1
[92mINFO [0m:      Sent reply
[92mINFO [0m:      
[92mINFO [0m:      Received: evaluate message 6f5975e9-ee44-4756-8a3e-237b1a1be227
[92mINFO [0m:      Sent reply
[92mINFO [0m:      
[92mINFO [0m:      Received: train message 64af9b4b-163d-47fb-bb77-76fe5bac1621
[92mINFO [0m:      Sent reply
[92mINFO [0m:      
[92mINFO [0m:      Received: train message ecc66ebe-5931-48ca-9017-382ac8a43a7c
[92mINFO [0m:      Sent reply
[92mINFO [0m:      
[92mINFO [0m:      Received: train message 67a80f56-9842-43bb-996a-d244d397d801
[92mINFO [0m:      Sent reply
[92mINFO [0m:      
[92mINFO [0m:      Received: train message d172d7d2-370a-409c-b989-bf47ecb401fc
[92mINFO [0m:      Sent reply
[92mINFO [0m:      
[92mINFO [0m:      Received: evaluate message 08c79f5d-81fa-41dd-9460-bff790df5c45
[92mINFO [0m:      Sent reply
[92mINFO [0m:      
[92mINFO [0m:      Received: evaluate message 8717b349-ba7d-4c0e-8e0a-cdf285dc9d95
[92mINFO [0m:      Sent reply
[92mINFO [0m:      
[92mINFO [0m:      Received: evaluate message f4459af7-2143-498c-84ce-e66ffdd422ef
[92mINFO [0m:      Sent reply
[92mINFO [0m:      
[92mINFO [0m:      Received: evaluate message cffcc366-276d-4941-80ce-d80bb9dd0601
[92mINFO [0m:      Sent reply
[92mINFO [0m:      
[92mINFO [0m:      Received: train message ab901feb-a49d-4a58-a778-861804c629b9
[92mINFO [0m:      Sent reply
[92mINFO [0m:      
[92mINFO [0m:      Received: train message 613ab5e6-6cf4-41f8-a2a7-8dbfbb29d0f4
[92mINFO [0m:      Sent reply
[92mINFO [0m:      
[92mINFO [0m:      Received: evaluate message 6049c303-62b4-4779-9c5a-e663b168312e
[92mINFO [0m:      Sent reply
[92mINFO [0m:      
[92mINFO [0m:      Received: evaluate message f7e899ce-78d2-4956-928d-d98091d6f762
[92mINFO [0m:      Sent reply
[92mINFO [0m:      
[92mINFO [0m:      Received: evaluate message 0df96cac-d7a0-42e7-9b3a-30c862b142d3
[92mINFO [0m:      Sent reply
[92mINFO [0m:      
[92mINFO [0m:      Received: train message 7987e754-5fb1-4b36-9cbd-66f02d286df9
[92mINFO [0m:      Sent reply
[92mINFO [0m:      
[92mINFO [0m:      Received: evaluate message 60631d98-d980-4883-bb5a-73709f5c7379
[92mINFO [0m:      Sent reply
[92mINFO [0m:      
[92mINFO [0m:      Received: evaluate message 12698e92-b8d3-4b6f-a608-0d30ccdd40f5
[92mINFO [0m:      Sent reply
[92mINFO [0m:      
[92mINFO [0m:      Received: evaluate message 3fbceaf9-b293-4a5e-a2d9-61be1c5b1ae2
[92mINFO [0m:      Sent reply
[92mINFO [0m:      
[92mINFO [0m:      Received: train message 5e339c47-007f-48ce-9997-92274ca332d3
[92mINFO [0m:      Sent reply
[92mINFO [0m:      
[92mINFO [0m:      Received: evaluate message c6da66b7-e5ce-4db5-abeb-7ee80f055aba
[92mINFO [0m:      Sent reply
[92mINFO [0m:      
[92mINFO [0m:      Received: train message d62b7aab-d8f9-49bf-85a5-07dfc28cfc8b
[92mINFO [0m:      Sent reply
[92mINFO [0m:      
[92mINFO [0m:      Received: evaluate message 62185439-c9e8-4efb-9407-d579dec87bf9
[92mINFO [0m:      Sent reply
[92mINFO [0m:      
[92mINFO [0m:      Received: evaluate message 0cb18d8c-45b4-4fb0-8f14-73bdc8a6eebd
[92mINFO [0m:      Sent reply
[92mINFO [0m:      
[92mINFO [0m:      Received: train message 34244372-5d24-4d9c-b03c-a93713c5e589
[92mINFO [0m:      Sent reply
[92mINFO [0m:      
[92mINFO [0m:      Received: train message 61c7aa8b-dffb-462c-80e9-d18571bba23a
[92mINFO [0m:      Sent reply
[92mINFO [0m:      
[92mINFO [0m:      Received: train message 21076a4b-4740-4dcc-a7ed-684cc07f1a34
[92mINFO [0m:      Sent reply
[92mINFO [0m:      
[92mINFO [0m:      Received: evaluate message a080387f-55be-42e5-867b-998698e0918a
[92mINFO [0m:      Sent reply
[92mINFO [0m:      
[92mINFO [0m:      Received: train message e17f366c-8ed5-4749-9451-a1514c78b4ee
[92mINFO [0m:      Sent reply
[92mINFO [0m:      
[92mINFO [0m:      Received: train message 36d6f003-4277-4901-8036-6df31bec5777
[92mINFO [0m:      Sent reply
[92mINFO [0m:      
[92mINFO [0m:      Received: train message 1a90f564-d39c-405f-b142-bb33b399cd8a
[92mINFO [0m:      Sent reply
[92mINFO [0m:      
[92mINFO [0m:      Received: evaluate message 0ac7437a-db34-48a9-a4fe-939889809d75
[92mINFO [0m:      Sent reply
[92mINFO [0m:      
[92mINFO [0m:      Received: train message 8943d5ce-0cc6-4f52-8a0a-450cf38322d0
[92mINFO [0m:      Sent reply
[92mINFO [0m:      
[92mINFO [0m:      Received: evaluate message 868f4547-7ff3-47c0-ae99-a554fada46dd
[92mINFO [0m:      Sent reply
[92mINFO [0m:      
[92mINFO [0m:      Received: evaluate message a233ddc4-ba1e-4617-8adc-36959c7f9550
[92mINFO [0m:      Sent reply
[92mINFO [0m:      
[92mINFO [0m:      Received: evaluate message 68f74232-d277-48bd-9fa3-7db4a58b98a9
[92mINFO [0m:      Sent reply
[92mINFO [0m:      
[92mINFO [0m:      Received: train message fb69e09b-7550-46aa-9bd6-bfe6feb379a5
[92mINFO [0m:      Sent reply
[92mINFO [0m:      
[92mINFO [0m:      Received: train message 5c002a99-1440-4211-86bf-e6f60462c423
[92mINFO [0m:      Sent reply
[92mINFO [0m:      
[92mINFO [0m:      Received: evaluate message 2095d22f-925b-4ce5-bffa-c3f176659a0f
[92mINFO [0m:      Sent reply
[92mINFO [0m:      
[92mINFO [0m:      Received: evaluate message aaf8454f-4f89-4ad3-9c85-ff01da3823d7
[92mINFO [0m:      Sent reply
[92mINFO [0m:      
[92mINFO [0m:      Received: evaluate message c43af875-c617-4cdc-ac44-e1e975bad423
[92mINFO [0m:      Sent reply
[92mINFO [0m:      
[92mINFO [0m:      Received: train message 15a26b0e-7c1f-4123-94a7-6f56b3fc9c9a
[92mINFO [0m:      Sent reply
[92mINFO [0m:      
[92mINFO [0m:      Received: train message 56a2b5f7-11e5-46ff-aa6f-1436ff6761e8
[92mINFO [0m:      Sent reply
[92mINFO [0m:      
[92mINFO [0m:      Received: evaluate message 2aa86d93-1bb7-4f69-abab-19ec04b6ab34
[92mINFO [0m:      Sent reply
[92mINFO [0m:      
[92mINFO [0m:      Received: train message a50a3b63-795b-47e6-b316-ade1fb709e3a
[92mINFO [0m:      Sent reply
[92mINFO [0m:      
[92mINFO [0m:      Received: evaluate message 08486f1e-6dfb-4a0e-a464-deadf50657d1
[92mINFO [0m:      Sent reply
[92mINFO [0m:      
[92mINFO [0m:      Received: train message 17cc4bee-b015-426d-8c27-366a613c62ad
[92mINFO [0m:      Sent reply
[92mINFO [0m:      
[92mINFO [0m:      Received: evaluate message d105db89-1bb8-4d4b-8cb0-fb7d9fd4d06d
[92mINFO [0m:      Sent reply
[92mINFO [0m:      
[92mINFO [0m:      Received: train message f8e3d831-7b3a-4958-a6f7-26a3be418bb1
[92mINFO [0m:      Sent reply
[92mINFO [0m:      
[92mINFO [0m:      Received: train message 3cac3519-8c9c-4137-939e-87949412eaa8
[92mINFO [0m:      Sent reply
[92mINFO [0m:      
[92mINFO [0m:      Received: train message 5534492f-c8eb-428c-9786-8c6fe2ab6ce7
[92mINFO [0m:      Sent reply
[92mINFO [0m:      
[92mINFO [0m:      Received: evaluate message 26e2d276-c1c8-4dfb-97e3-4935766b1322
[92mINFO [0m:      Sent reply
[92mINFO [0m:      
[92mINFO [0m:      Received: train message 9126277b-5267-4eda-84bb-ee86f81e77ea
[92mINFO [0m:      Sent reply
[92mINFO [0m:      
[92mINFO [0m:      Received: evaluate message fcad3160-fa26-4f00-a0f7-3332bd1cce82
[92mINFO [0m:      Sent reply
[92mINFO [0m:      
[92mINFO [0m:      Received: train message b91e1032-a887-48c7-8113-9379952de78c
[92mINFO [0m:      Sent reply
[92mINFO [0m:      
[92mINFO [0m:      Received: train message ebd5a6e2-883b-4845-b922-ab6ff3d90bba
[92mINFO [0m:      Sent reply
[92mINFO [0m:      
[92mINFO [0m:      Received: evaluate message ef955d16-f1e7-4fe0-87a4-74908a6cd905
[92mINFO [0m:      Sent reply
[92mINFO [0m:      
[92mINFO [0m:      Received: evaluate message 71c03b83-29fe-409d-9b15-9794c3ea63f1
[92mINFO [0m:      Sent reply
[92mINFO [0m:      
[92mINFO [0m:      Received: train message 4197d9c6-3999-4752-9b5f-febc77496365
[92mINFO [0m:      Sent reply
[92mINFO [0m:      
[92mINFO [0m:      Received: evaluate message 1ee6b004-6dad-466f-a1df-4c4b01a8fb15
[92mINFO [0m:      Sent reply
[92mINFO [0m:      
[92mINFO [0m:      Received: evaluate message 660c7219-0204-4095-949b-4df56e4bb2c6
[92mINFO [0m:      Sent reply
[92mINFO [0m:      
[92mINFO [0m:      Received: train message 2071733a-4a52-4eb4-8ba3-31a5ef187309
[92mINFO [0m:      Sent reply
[92mINFO [0m:      
[92mINFO [0m:      Received: evaluate message a0d64688-e2f5-4356-8b8f-992b2d835e04
[92mINFO [0m:      Sent reply
[92mINFO [0m:      
[92mINFO [0m:      Received: train message fba1a63c-088d-42ac-93f1-96d4049520d4
[92mINFO [0m:      Sent reply
[92mINFO [0m:      
[92mINFO [0m:      Received: evaluate message 8a3fe5aa-aefb-4835-91a3-8ea80d969a06
[92mINFO [0m:      Sent reply
[92mINFO [0m:      
[92mINFO [0m:      Received: train message 5189ad69-9409-4bbf-b322-de66d43cd943
[92mINFO [0m:      Sent reply
[92mINFO [0m:      
[92mINFO [0m:      Received: evaluate message 771f1102-a589-47f2-a91e-f2839106ad9a
[92mINFO [0m:      Sent reply
[92mINFO [0m:      
[92mINFO [0m:      Received: train message d43fb323-c76b-46d4-ace2-ca54b9be34ae
[92mINFO [0m:      Sent reply
[92mINFO [0m:      
[92mINFO [0m:      Received: evaluate message 13ccc6aa-337d-448c-be5b-02fe95cd1573
[92mINFO [0m:      Sent reply
[92mINFO [0m:      
[92mINFO [0m:      Received: train message 511431e2-9642-4239-9cdf-dc45839e88bf
[92mINFO [0m:      Sent reply
[92mINFO [0m:      
[92mINFO [0m:      Received: train message d49a2a4c-dcdf-4234-92a8-eda65703c846
[92mINFO [0m:      Sent reply
[92mINFO [0m:      
[92mINFO [0m:      Received: train message 8a2d7d64-e3f3-4c9b-9930-b637095e977c
[92mINFO [0m:      Sent reply
[92mINFO [0m:      
[92mINFO [0m:      Received: evaluate message b59fef2a-1ec3-4c47-930b-2de4efe8dba0
[92mINFO [0m:      Sent reply
[92mINFO [0m:      
[92mINFO [0m:      Received: train message d4e74449-3b8a-4453-baca-5dd397e70e94
[92mINFO [0m:      Sent reply
[92mINFO [0m:      
[92mINFO [0m:      Received: evaluate message 2d7d994f-c509-4c58-8f89-59c1a6f6b240
[92mINFO [0m:      Sent reply
[92mINFO [0m:      
[92mINFO [0m:      Received: train message 644e4379-be82-4df5-93bb-1ae062f3f0a2
[92mINFO [0m:      Sent reply
[92mINFO [0m:      
[92mINFO [0m:      Received: evaluate message d83e0447-5a1c-46f1-8f14-a8bf473f664a
[92mINFO [0m:      Sent reply
[92mINFO [0m:      
[92mINFO [0m:      Received: evaluate message 5f8b5faf-77db-41f3-bbc9-9e85a036c255
[92mINFO [0m:      Sent reply
[92mINFO [0m:      
[92mINFO [0m:      Received: train message 7876c265-32f0-4aac-86b1-a8fc24a7ebcd
[92mINFO [0m:      Sent reply
[92mINFO [0m:      
[92mINFO [0m:      Received: evaluate message 22d71177-c6b0-4fa0-8a8d-273a4575e3d3
[92mINFO [0m:      Sent reply
[92mINFO [0m:      
[92mINFO [0m:      Received: train message 1e2b33b4-efd5-477d-a0ac-f80d5e3e7baf
[92mINFO [0m:      Sent reply
[92mINFO [0m:      
[92mINFO [0m:      Received: evaluate message e71c79c6-b44c-4b17-a086-170daa778704
[92mINFO [0m:      Sent reply
[92mINFO [0m:      
[92mINFO [0m:      Received: evaluate message 3f4ea1eb-0bf4-41ec-ad94-4e50be5b571e
[92mINFO [0m:      Sent reply
[92mINFO [0m:      
[92mINFO [0m:      Received: evaluate message 3a12dbcf-1efb-4d51-ae45-a49af1dc63a7
[92mINFO [0m:      Sent reply
[92mINFO [0m:      
[92mINFO [0m:      Received: evaluate message 66fcdddf-f597-4184-b8b9-f414fd333318
[92mINFO [0m:      Sent reply
[92mINFO [0m:      
[92mINFO [0m:      Received: evaluate message ebd11b5f-ee52-4b3b-82dc-0a6f7946b786
[92mINFO [0m:      Sent reply
[92mINFO [0m:      
[92mINFO [0m:      Received: train message f4d28a71-8770-4c1d-9391-51105d857aa0
[92mINFO [0m:      Sent reply
[92mINFO [0m:      
[92mINFO [0m:      Received: evaluate message 3c1fe9f2-c9ca-4fdf-b6fa-a96c6b8c6431
[92mINFO [0m:      Sent reply
[92mINFO [0m:      
[92mINFO [0m:      Received: train message 16f20d3f-e737-4fa1-bc9d-ca9af89fb4bc
[92mINFO [0m:      Sent reply
[92mINFO [0m:      
[92mINFO [0m:      Received: evaluate message 8c3566b3-6a51-41d3-b818-dead09faed54
[92mINFO [0m:      Sent reply
[92mINFO [0m:      
[92mINFO [0m:      Received: evaluate message 63aecc0d-1dea-475b-bbc2-9376b72a6bb5
[92mINFO [0m:      Sent reply
[92mINFO [0m:      
[92mINFO [0m:      Received: train message 61efc2bb-d674-4b2c-a927-6ed8756f14af
[92mINFO [0m:      Sent reply
[92mINFO [0m:      
[92mINFO [0m:      Received: train message 6cf0a2f4-5cf7-4787-9c1b-1ac9f439a98e
[92mINFO [0m:      Sent reply
[92mINFO [0m:      
[92mINFO [0m:      Received: evaluate message 172a072d-b53f-46d0-95fe-65478d52989a
[92mINFO [0m:      Sent reply
[92mINFO [0m:      
[92mINFO [0m:      Received: train message c6a76810-fc8e-494a-a186-d2e584c9ced3
[92mINFO [0m:      Sent reply
[92mINFO [0m:      
[92mINFO [0m:      Received: evaluate message 21162d8a-5010-43e0-af59-c35e729b8e51
[92mINFO [0m:      Sent reply
[92mINFO [0m:      
[92mINFO [0m:      Received: train message f10f761e-394a-41b6-bce9-32a72565215d
[92mINFO [0m:      Sent reply
[92mINFO [0m:      
[92mINFO [0m:      Received: train message 05e20147-6610-4723-a6c1-7d7eddd9e67b
[92mINFO [0m:      Sent reply
[92mINFO [0m:      
[92mINFO [0m:      Received: train message 6699e7a4-9051-472c-8e33-43709543997f
[92mINFO [0m:      Sent reply
[92mINFO [0m:      
[92mINFO [0m:      Received: evaluate message 95bdef6f-02b2-4b7e-90e1-fd21b21acf16
[92mINFO [0m:      Sent reply
[92mINFO [0m:      
[92mINFO [0m:      Received: train message 75b7a38d-44a9-4372-9ea8-6b809965cd27
[92mINFO [0m:      Sent reply
[92mINFO [0m:      
[92mINFO [0m:      Received: evaluate message 75b23ab7-45e1-41b4-a5d5-e07fe0c13392
[92mINFO [0m:      Sent reply
[92mINFO [0m:      
[92mINFO [0m:      Received: train message 84ff7b71-f497-44ae-bf0c-fbf24ceea5c8
[92mINFO [0m:      Sent reply
[92mINFO [0m:      
[92mINFO [0m:      Received: evaluate message b8de3a3d-5375-4900-acef-d4b1905620f5
[92mINFO [0m:      Sent reply
[92mINFO [0m:      
[92mINFO [0m:      Received: train message 4056ec14-dfa5-45cf-9b06-93486ce79d17
[92mINFO [0m:      Sent reply
[92mINFO [0m:      
[92mINFO [0m:      Received: evaluate message 29d347d1-d328-473c-b9c7-996a0e28a1c3
[92mINFO [0m:      Sent reply
[92mINFO [0m:      
[92mINFO [0m:      Received: evaluate message de3bcf95-bb45-4615-af98-7fa13ce5cba6
[92mINFO [0m:      Sent reply
[92mINFO [0m:      
[92mINFO [0m:      Received: train message af66efb7-baf6-4db5-ba7c-c43ce4bcf9ee
[92mINFO [0m:      Sent reply
[92mINFO [0m:      
[92mINFO [0m:      Received: evaluate message b0810acc-6c0b-46b8-8de1-3c4d0ecf1ce7
[92mINFO [0m:      Sent reply
[92mINFO [0m:      
[92mINFO [0m:      Received: evaluate message 657aa424-5e85-456e-969b-ccc721f8be04
[92mINFO [0m:      Sent reply
[92mINFO [0m:      
[92mINFO [0m:      Received: evaluate message b8411fe3-a1a2-41ac-903c-de3a87f16c3f
[92mINFO [0m:      Sent reply
[92mINFO [0m:      
[92mINFO [0m:      Received: train message 0d2e7d02-5e7f-4838-ba61-d12b2b54177b
[92mINFO [0m:      Sent reply
[92mINFO [0m:      
[92mINFO [0m:      Received: train message cfea957c-5206-473e-a16c-e9f304892174
[92mINFO [0m:      Sent reply
[92mINFO [0m:      
[92mINFO [0m:      Received: train message 49d9eef9-670d-4ba2-86ee-ee18b35c3a53
[92mINFO [0m:      Sent reply
[92mINFO [0m:      
[92mINFO [0m:      Received: evaluate message b5ffa7b1-b361-415a-9d03-1740c97f5f47
[92mINFO [0m:      Sent reply
[92mINFO [0m:      
[92mINFO [0m:      Received: evaluate message 559776ed-52e8-499e-bf10-4e765744db0b
[92mINFO [0m:      Sent reply
[92mINFO [0m:      
[92mINFO [0m:      Received: evaluate message 69c2fd84-d1f9-43be-b0d5-2a2d6a457570
[92mINFO [0m:      Sent reply
[92mINFO [0m:      
[92mINFO [0m:      Received: train message 6daadbeb-fb71-4c7f-820a-d09eb4fe86ab
[92mINFO [0m:      Sent reply
[92mINFO [0m:      
[92mINFO [0m:      Received: train message a3dc3235-c0cb-462e-bd13-24baa0098cbf
[92mINFO [0m:      Sent reply
[92mINFO [0m:      
[92mINFO [0m:      Received: train message 10632d07-8afd-4828-b520-e8d781db8402
[92mINFO [0m:      Sent reply
[92mINFO [0m:      
[92mINFO [0m:      Received: train message b71b79b4-5616-4e5d-b338-64eae2c66fd3
[92mINFO [0m:      Sent reply
[92mINFO [0m:      
[92mINFO [0m:      Received: evaluate message 7ccf166a-b9ff-48be-bbc3-a3948673b207
[92mINFO [0m:      Sent reply
[92mINFO [0m:      
[92mINFO [0m:      Received: train message 1329fdbe-9898-4fb8-8c88-a480307be7c3
[92mINFO [0m:      Sent reply
[92mINFO [0m:      
[92mINFO [0m:      Received: evaluate message 13ae42a8-3d57-4ae5-8bde-2151aac85376
[92mINFO [0m:      Sent reply
[92mINFO [0m:      
[92mINFO [0m:      Received: train message 3384eccf-fde6-4e34-bf3a-376554030bd9
[92mINFO [0m:      Sent reply
[92mINFO [0m:      
[92mINFO [0m:      Received: train message 2f536aad-e0c8-42c8-a9e6-eb6ec8f27ce3
[92mINFO [0m:      Sent reply
[92mINFO [0m:      
[92mINFO [0m:      Received: evaluate message 5737c3e5-5626-4349-beeb-2b8b3b671885
[92mINFO [0m:      Sent reply
[92mINFO [0m:      
[92mINFO [0m:      Received: evaluate message 9b3f4aec-779c-43f9-8d08-b9541c8f3d97
[92mINFO [0m:      Sent reply
[92mINFO [0m:      
[92mINFO [0m:      Received: train message 74cbaeed-205d-4e2e-84cf-70c4ecbb1b73
[92mINFO [0m:      Sent reply
[92mINFO [0m:      
[92mINFO [0m:      Received: evaluate message 2a498625-9603-4333-92c1-e1286bdc8440
[92mINFO [0m:      Sent reply
[92mINFO [0m:      
[92mINFO [0m:      Received: evaluate message a48ea931-3f27-4844-834c-65fba8ed79c6
[92mINFO [0m:      Sent reply
[92mINFO [0m:      
[92mINFO [0m:      Received: evaluate message 923b98bb-0c49-4e98-8dbf-f0575f482ca4
[92mINFO [0m:      Sent reply
[92mINFO [0m:      
[92mINFO [0m:      Received: train message 4c4944bc-7f69-48ff-965b-1413e4ab7b70
[92mINFO [0m:      Sent reply
[92mINFO [0m:      
[92mINFO [0m:      Received: evaluate message 7117f584-84b8-4ca1-9a65-54506b44bd46
[92mINFO [0m:      Sent reply
[92mINFO [0m:      
[92mINFO [0m:      Received: evaluate message 9b0afb02-32e0-4039-8506-2f28455cd304
[92mINFO [0m:      Sent reply
[92mINFO [0m:      
[92mINFO [0m:      Received: train message 8bbe8824-ed80-42be-9ef4-11061b303a16
[92mINFO [0m:      Sent reply
[92mINFO [0m:      
[92mINFO [0m:      Received: train message f2658fed-dd2c-4141-bd7f-1627c84411d7
[92mINFO [0m:      Sent reply
[92mINFO [0m:      
[92mINFO [0m:      Received: evaluate message 940cd344-6ee1-447b-96cb-24c82689cbdb
[92mINFO [0m:      Sent reply
[92mINFO [0m:      
[92mINFO [0m:      Received: train message d0ed9511-d8d6-4a41-bf75-d170bfbf346b
[92mINFO [0m:      Sent reply
[92mINFO [0m:      
[92mINFO [0m:      Received: train message 0b17d5ac-7f11-44c1-95fd-e210ee5c8944
[92mINFO [0m:      Sent reply
[92mINFO [0m:      
[92mINFO [0m:      Received: train message e0f77e0f-797b-4a58-aa2d-fd8a074c9969
[92mINFO [0m:      Sent reply
[92mINFO [0m:      
[92mINFO [0m:      Received: evaluate message 1da6b4a3-fbbd-4ffe-974b-8f2ac3af5faa
[92mINFO [0m:      Sent reply
[92mINFO [0m:      
[92mINFO [0m:      Received: evaluate message 8eda1675-648f-483e-a4c3-aea90a8ec302
[92mINFO [0m:      Sent reply
[92mINFO [0m:      
[92mINFO [0m:      Received: evaluate message c6f5eb7f-9afc-4a47-b098-7e2c61d1edef
[92mINFO [0m:      Sent reply
[92mINFO [0m:      
[92mINFO [0m:      Received: train message f284d602-ab88-44de-a658-1ea34e019579
[92mINFO [0m:      Sent reply
[92mINFO [0m:      
[92mINFO [0m:      Received: evaluate message 3febd459-410b-4a01-a39c-51d6f89c4bbc
[92mINFO [0m:      Sent reply
[92mINFO [0m:      
[92mINFO [0m:      Received: train message 531dc16f-8dd0-4e44-9400-487811037d4f
[92mINFO [0m:      Sent reply
[92mINFO [0m:      
[92mINFO [0m:      Received: evaluate message 56a57d59-e334-48a6-adf2-5b9f5fded720
[92mINFO [0m:      Sent reply
[92mINFO [0m:      
[92mINFO [0m:      Received: evaluate message 66b71e6d-73a3-4229-8cbd-ab1e629cf285
[92mINFO [0m:      Sent reply
[92mINFO [0m:      
[92mINFO [0m:      Received: train message c8bf29a7-0ce3-4d63-810a-62f94c6f2cfb
[92mINFO [0m:      Sent reply
[92mINFO [0m:      
[92mINFO [0m:      Received: train message ef9f6d5a-f7ec-4629-94ea-d2dac9910eef
[92mINFO [0m:      Sent reply
[92mINFO [0m:      
[92mINFO [0m:      Received: evaluate message fc162447-edac-4ff1-b8de-aea7cedc3029
[92mINFO [0m:      Sent reply
[92mINFO [0m:      
[92mINFO [0m:      Received: evaluate message f235b06c-e69e-4b22-9e76-fc3335aa616a
[92mINFO [0m:      Sent reply
[92mINFO [0m:      
[92mINFO [0m:      Received: train message 51bdb7b8-d97f-43c7-8a5b-bba4399227d7
[92mINFO [0m:      Sent reply
[92mINFO [0m:      
[92mINFO [0m:      Received: train message a9968c58-bb1b-4be3-8544-067935f01ab4
[92mINFO [0m:      Sent reply
[92mINFO [0m:      
[92mINFO [0m:      Received: evaluate message f50a0a0c-aa81-4f16-be15-eef702b41e20
[92mINFO [0m:      Sent reply
[92mINFO [0m:      
[92mINFO [0m:      Received: evaluate message 8fec281d-b744-41c3-815e-cd2f16e2f23e
[92mINFO [0m:      Sent reply
[92mINFO [0m:      
[92mINFO [0m:      Received: evaluate message 87f8b753-ca91-4a4d-a863-6fac645109ea
[92mINFO [0m:      Sent reply
[92mINFO [0m:      
[92mINFO [0m:      Received: train message b5129063-5b72-48de-b0b6-9866fb75977b
[92mINFO [0m:      Sent reply
[92mINFO [0m:      
[92mINFO [0m:      Received: train message fe430f36-c22a-433f-9d0d-3bf10dfe4b5a
[92mINFO [0m:      Sent reply
[92mINFO [0m:      
[92mINFO [0m:      Received: train message e26a3908-33eb-4943-bd53-2313de2dcd04
[92mINFO [0m:      Sent reply
[92mINFO [0m:      
[92mINFO [0m:      Received: train message 28d66b72-4d93-41cd-aab1-35570feaf61b
[92mINFO [0m:      Sent reply
[92mINFO [0m:      
[92mINFO [0m:      Received: evaluate message fa8f63b9-9b16-4853-a80d-7c0d3a11db3d
[92mINFO [0m:      Sent reply
[92mINFO [0m:      
[92mINFO [0m:      Received: train message 3e802842-5b20-4944-9996-cff49b77b54a
[92mINFO [0m:      Sent reply
[92mINFO [0m:      
[92mINFO [0m:      Received: evaluate message bfedafd0-e0e1-47db-8d59-69a13704ea50
[92mINFO [0m:      Sent reply
[92mINFO [0m:      
[92mINFO [0m:      Received: evaluate message 279b2d79-2b35-460a-9b81-ee8a1b38a11d
[92mINFO [0m:      Sent reply
[92mINFO [0m:      
[92mINFO [0m:      Received: train message c8b694d7-967a-496d-8e5c-db52e0713337
[92mINFO [0m:      Sent reply
[92mINFO [0m:      
[92mINFO [0m:      Received: train message 26e2e8d5-e2e7-4292-97ec-fcd6a88e39e4
[92mINFO [0m:      Sent reply
[92mINFO [0m:      
[92mINFO [0m:      Received: evaluate message 61f2177a-e330-405d-bf20-872570df31b7
[92mINFO [0m:      Sent reply
[92mINFO [0m:      
[92mINFO [0m:      Received: train message fb30ee51-dafd-4f31-a0b4-9e517cbdbacb
[92mINFO [0m:      Sent reply
[92mINFO [0m:      
[92mINFO [0m:      Received: evaluate message 52e21da6-d543-4c87-a726-1a74c6564bc4
[92mINFO [0m:      Sent reply
[92mINFO [0m:      
[92mINFO [0m:      Received: train message d2745ac8-a604-482a-a712-dbe519171a18
[92mINFO [0m:      Sent reply
[92mINFO [0m:      
[92mINFO [0m:      Received: evaluate message bd1f4c21-8ff1-4808-8bf1-6e8c6c582472
[92mINFO [0m:      Sent reply
[92mINFO [0m:      
[92mINFO [0m:      Received: evaluate message b4bda6f4-ed2c-4d87-afa4-df54530b310d
[92mINFO [0m:      Sent reply
[92mINFO [0m:      
[92mINFO [0m:      Received: evaluate message 43a480f4-7836-4133-a50a-2db901500915
[92mINFO [0m:      Sent reply
[92mINFO [0m:      
[92mINFO [0m:      Received: train message 730c5c43-cce8-4b3f-8d46-ade760450a30
[92mINFO [0m:      Sent reply
[92mINFO [0m:      
[92mINFO [0m:      Received: evaluate message 2a9a842a-bed4-4367-82e1-106803591391
[92mINFO [0m:      Sent reply
[92mINFO [0m:      
[92mINFO [0m:      Received: train message dbd827af-cbca-46f4-a2e8-d25919dd6267
[92mINFO [0m:      Sent reply
[92mINFO [0m:      
[92mINFO [0m:      Received: evaluate message ab4716c1-1f68-49a9-83ed-93b983b8f859
[92mINFO [0m:      Sent reply
[92mINFO [0m:      
[92mINFO [0m:      Received: evaluate message b002c6f0-cf32-4e54-ae4d-19a8220ab877
[92mINFO [0m:      Sent reply
[92mINFO [0m:      
[92mINFO [0m:      Received: train message f6cf4807-34ee-4e9c-99ea-1d6b3f3bedf4
[92mINFO [0m:      Sent reply
[92mINFO [0m:      
[92mINFO [0m:      Received: evaluate message 6e409993-46ee-4e5b-b763-8753cfe1f2e7
[92mINFO [0m:      Sent reply
[92mINFO [0m:      
[92mINFO [0m:      Received: evaluate message 1a1d8cc7-7b8b-42bd-94bd-8e1eeb7b2171
[92mINFO [0m:      Sent reply
[92mINFO [0m:      
[92mINFO [0m:      Received: train message fc89934d-a2dc-4baf-9fc6-535bd72cd2d7
[92mINFO [0m:      Sent reply
[92mINFO [0m:      
[92mINFO [0m:      Received: evaluate message d5648f77-d9c1-4eb7-b9b4-7b574c03fb34
[92mINFO [0m:      Sent reply
[92mINFO [0m:      
[92mINFO [0m:      Received: train message 1ec1cb2f-ced9-40ce-8229-0dd791d78bf8
[92mINFO [0m:      Sent reply
[92mINFO [0m:      
[92mINFO [0m:      Received: evaluate message 8b2b4906-ccc8-40ad-85aa-fa0427314b43
[92mINFO [0m:      Sent reply
[92mINFO [0m:      
[92mINFO [0m:      Received: train message 9fb06fa7-31d7-4a78-bff1-a506e6e69340
[92mINFO [0m:      Sent reply
[92mINFO [0m:      
[92mINFO [0m:      Received: evaluate message 7b28bfcf-3dc1-4aed-8b72-e74f2dd2ac7f
[92mINFO [0m:      Sent reply
[92mINFO [0m:      
[92mINFO [0m:      Received: train message ccea40a5-f557-43de-bbaa-89b2a429a6d6
[92mINFO [0m:      Sent reply
[92mINFO [0m:      
[92mINFO [0m:      Received: evaluate message fe4d9de9-afc9-44dc-b377-349a075e25fd
[92mINFO [0m:      Sent reply
[92mINFO [0m:      
[92mINFO [0m:      Received: train message 829df5e1-9863-489f-92ea-2f5f7ff3e275
[92mINFO [0m:      Sent reply
[92mINFO [0m:      
[92mINFO [0m:      Received: evaluate message b527d8df-b3ce-4438-ab72-a783be6d2ffb
[92mINFO [0m:      Sent reply
[92mINFO [0m:      
[92mINFO [0m:      Received: train message efd8ba4d-89a8-4c53-9836-dd84f16ff396
[92mINFO [0m:      Sent reply
[92mINFO [0m:      
[92mINFO [0m:      Received: train message a1fe848c-e8d2-43c2-9f10-841c98bbc8da
[92mINFO [0m:      Sent reply
[92mINFO [0m:      
[92mINFO [0m:      Received: evaluate message 5b3eddd0-74df-4325-828d-375718d0c983
[92mINFO [0m:      Sent reply
[92mINFO [0m:      
[92mINFO [0m:      Received: evaluate message 8d7fbb3d-090d-41e0-84c4-8abac44d8147
[92mINFO [0m:      Sent reply
[92mINFO [0m:      
[92mINFO [0m:      Received: evaluate message 95c6a711-9180-4502-b377-fa41757f0e68
[92mINFO [0m:      Sent reply
[92mINFO [0m:      
[92mINFO [0m:      Received: train message cd0615da-e97f-4ec1-904f-47e4827c7c78
[92mINFO [0m:      Sent reply
[92mINFO [0m:      
[92mINFO [0m:      Received: train message f0fe02f9-d8df-400b-879c-9300079e2df5
[92mINFO [0m:      Sent reply
[92mINFO [0m:      
[92mINFO [0m:      Received: train message d239a94a-8636-4f75-9596-d99de6c18df7
[92mINFO [0m:      Sent reply
[92mINFO [0m:      
[92mINFO [0m:      Received: evaluate message 28ca2398-965d-4284-8dfb-24e181927c1e
[92mINFO [0m:      Sent reply
[92mINFO [0m:      
[92mINFO [0m:      Received: train message 11ec5163-4a5f-4146-a031-d7af9a528c4b
[92mINFO [0m:      Sent reply
[92mINFO [0m:      
[92mINFO [0m:      Received: evaluate message 3e020550-2610-4714-9d4b-fe217c22c2f0
[92mINFO [0m:      Sent reply
[92mINFO [0m:      
[92mINFO [0m:      Received: train message fa1dff5a-e986-485a-8391-cfd40087f4df
[92mINFO [0m:      Sent reply
[92mINFO [0m:      
[92mINFO [0m:      Received: evaluate message 452c912e-ab4b-460c-b637-46ca7ab7c1ef
[92mINFO [0m:      Sent reply
[92mINFO [0m:      
[92mINFO [0m:      Received: evaluate message b9276a1f-f973-4623-87a3-372bf9f6ff28
[92mINFO [0m:      Sent reply
[92mINFO [0m:      
[92mINFO [0m:      Received: train message 36be0159-099d-41d8-b5d4-751be6293484
[92mINFO [0m:      Sent reply
[92mINFO [0m:      
[92mINFO [0m:      Received: evaluate message 9fcfb17c-53ad-407d-a48a-ed819d83f774
[92mINFO [0m:      Sent reply
[92mINFO [0m:      
[92mINFO [0m:      Received: train message cb78a0f2-9668-419d-86ca-5ec69363159c
[92mINFO [0m:      Sent reply
[92mINFO [0m:      
[92mINFO [0m:      Received: train message fd50dd6f-cc04-4134-8a8f-770bd9589a23
[92mINFO [0m:      Sent reply
[92mINFO [0m:      
[92mINFO [0m:      Received: train message 180df579-8b31-49b9-9b30-1e662311c29b
[92mINFO [0m:      Sent reply
[92mINFO [0m:      
[92mINFO [0m:      Received: evaluate message 5e9a9e85-024a-4e9e-982d-c511154d35a6
[92mINFO [0m:      Sent reply
[92mINFO [0m:      
[92mINFO [0m:      Received: train message 9f6e8724-43a7-4e8b-8839-b9707b13d3b2
[92mINFO [0m:      Sent reply
[92mINFO [0m:      
[92mINFO [0m:      Received: evaluate message cc9f1929-ba57-4047-93ad-3102e23ed366
[92mINFO [0m:      Sent reply
[92mINFO [0m:      
[92mINFO [0m:      Received: train message d5ffbf57-4655-49e5-ac41-1174afb7f4be
[92mINFO [0m:      Sent reply
[92mINFO [0m:      
[92mINFO [0m:      Received: evaluate message 1e379f9d-8315-4b95-b39f-60902a848c0b
[92mINFO [0m:      Sent reply
[92mINFO [0m:      
[92mINFO [0m:      Received: train message a5fe3a09-d505-4862-add2-65533826b831
[92mINFO [0m:      Sent reply
[92mINFO [0m:      
[92mINFO [0m:      Received: evaluate message 34046f6c-4712-4b71-ab80-e4018584dab0
[92mINFO [0m:      Sent reply
[92mINFO [0m:      
[92mINFO [0m:      Received: train message 58fc7e4e-6400-4c1a-b64a-2f9489e11acc
[92mINFO [0m:      Sent reply
[92mINFO [0m:      
[92mINFO [0m:      Received: evaluate message c4dc8af7-4402-4ffb-9be1-835be7f7e1f6
[92mINFO [0m:      Sent reply
[92mINFO [0m:      
[92mINFO [0m:      Received: evaluate message 1c3de6b3-0c53-460f-b736-ced6e1906bce
[92mINFO [0m:      Sent reply
[92mINFO [0m:      
[92mINFO [0m:      Received: train message c1d73208-edbc-4136-8994-82f0d0f41dae
[92mINFO [0m:      Sent reply
[92mINFO [0m:      
[92mINFO [0m:      Received: train message 9a98caf3-2bb3-4260-93e3-6cb6ac3f87b4
[92mINFO [0m:      Sent reply
[92mINFO [0m:      
[92mINFO [0m:      Received: evaluate message e0c82220-e937-4104-aa17-f769a4e545c4
[92mINFO [0m:      Sent reply
[92mINFO [0m:      
[92mINFO [0m:      Received: train message d322ae36-9fc8-4c6c-a6e2-aea70a369a4e
[92mINFO [0m:      Sent reply
[92mINFO [0m:      
[92mINFO [0m:      Received: evaluate message fee21b8d-96ad-4bf4-bdc2-66fadb22f7a8
[92mINFO [0m:      Sent reply
[92mINFO [0m:      
[92mINFO [0m:      Received: train message ea10daa7-e9e8-4307-85ef-010eb185e61e
[92mINFO [0m:      Sent reply
[92mINFO [0m:      
[92mINFO [0m:      Received: evaluate message 565a5390-674f-47b9-a1c7-5a5af8692563
[92mINFO [0m:      Sent reply
[92mINFO [0m:      
[92mINFO [0m:      Received: train message e4c066cc-76f8-4af1-8907-f2b187a80b94
[92mINFO [0m:      Sent reply
[92mINFO [0m:      
[92mINFO [0m:      Received: train message 1fa171ec-2685-4e64-81c5-13603daf2c05
[92mINFO [0m:      Sent reply
[92mINFO [0m:      
[92mINFO [0m:      Received: train message 0e5f0c26-c633-405b-a087-4cfa48a0dac2
[92mINFO [0m:      Sent reply
[92mINFO [0m:      
[92mINFO [0m:      Received: evaluate message b5eba93d-8400-49ff-a62e-d9715d5bd09c
[92mINFO [0m:      Sent reply
[92mINFO [0m:      
[92mINFO [0m:      Received: evaluate message 3b7ee124-ecde-46b2-bac6-681ed9711adc
[92mINFO [0m:      Sent reply
[92mINFO [0m:      
[92mINFO [0m:      Received: train message b4ef3beb-4447-4139-a454-a500eae8a305
[92mINFO [0m:      Sent reply
[92mINFO [0m:      
[92mINFO [0m:      Received: evaluate message 0cd31166-cea1-4ceb-9e0a-2dc1bfc86f43
[92mINFO [0m:      Sent reply
[92mINFO [0m:      
[92mINFO [0m:      Received: evaluate message 2395557b-24ca-482c-b730-3c4f203e576e
[92mINFO [0m:      Sent reply
[92mINFO [0m:      
[92mINFO [0m:      Received: train message ac8008eb-74d2-4b63-b15e-8b7422d39d3f
[92mINFO [0m:      Sent reply
[92mINFO [0m:      
[92mINFO [0m:      Received: evaluate message 6a269345-d6db-4aee-bee9-8753f906b2fa
[92mINFO [0m:      Sent reply
[92mINFO [0m:      
[92mINFO [0m:      Received: evaluate message 455b5f8e-ff35-47ca-8732-95e98c9693d9
[92mINFO [0m:      Sent reply
[92mINFO [0m:      
[92mINFO [0m:      Received: train message 0f9a178c-cb07-4730-8a25-40c193d99a28
[92mINFO [0m:      Sent reply
[92mINFO [0m:      
[92mINFO [0m:      Received: train message 393ab392-7537-46c9-8446-c258c3c02165
[92mINFO [0m:      Sent reply
[92mINFO [0m:      
[92mINFO [0m:      Received: evaluate message a9207e97-0277-49fe-a430-53641790671a
[92mINFO [0m:      Sent reply
[92mINFO [0m:      
[92mINFO [0m:      Received: train message 17c34b7b-7c72-4d2e-b3ad-ed75615bd5d9
[92mINFO [0m:      Sent reply
[92mINFO [0m:      
[92mINFO [0m:      Received: evaluate message 04492a0a-bfa8-4a36-b64d-43986c9ce373
[92mINFO [0m:      Sent reply
[92mINFO [0m:      
[92mINFO [0m:      Received: evaluate message b35b1695-a026-4c1c-9f33-0a0260cffe4d
[92mINFO [0m:      Sent reply
[92mINFO [0m:      
[92mINFO [0m:      Received: train message 3b7d7d10-3724-43ba-9719-c128e5a3dad7
[92mINFO [0m:      Sent reply
[92mINFO [0m:      
[92mINFO [0m:      Received: evaluate message ccf24844-722a-4cc2-87e7-be3f6303943f
[92mINFO [0m:      Sent reply
[92mINFO [0m:      
[92mINFO [0m:      Received: train message a07e60e0-20ea-4cc9-a380-7ef3b2c032b2
[92mINFO [0m:      Sent reply
[92mINFO [0m:      
[92mINFO [0m:      Received: evaluate message f5d054d5-2ae4-47d3-bde2-7fbbb172e10e
[92mINFO [0m:      Sent reply
[92mINFO [0m:      
[92mINFO [0m:      Received: evaluate message c6f66061-ca08-499b-8a9f-4d9c21b90800
[92mINFO [0m:      Sent reply
[92mINFO [0m:      
[92mINFO [0m:      Received: train message 27ffbccc-b11e-4b97-9ac9-dd0f0caee3af
[92mINFO [0m:      Sent reply
[92mINFO [0m:      
[92mINFO [0m:      Received: train message 4ccb70ec-c6ac-487b-b1e1-4fc19dd94b86
[92mINFO [0m:      Sent reply
[92mINFO [0m:      
[92mINFO [0m:      Received: evaluate message 93d63713-d5c4-4faf-8496-af286c260303
[92mINFO [0m:      Sent reply
[92mINFO [0m:      
[92mINFO [0m:      Received: evaluate message c67d3325-a060-4144-b0ce-cef15962c7bd
[92mINFO [0m:      Sent reply
[92mINFO [0m:      
[92mINFO [0m:      Received: train message 0a2ad76e-f3d4-4d55-94d1-ccbd32ecea0b
[92mINFO [0m:      Sent reply
[92mINFO [0m:      
[92mINFO [0m:      Received: train message 7bb54973-04b7-46d0-8d1c-650c4d3f306e
[92mINFO [0m:      Sent reply
[92mINFO [0m:      
[92mINFO [0m:      Received: evaluate message 3a81c89e-b52d-4974-9d36-56eec860bff3
[92mINFO [0m:      Sent reply
[92mINFO [0m:      
[92mINFO [0m:      Received: train message 8178a777-34cf-43b3-80eb-087fed16a6f0
[92mINFO [0m:      Sent reply
[92mINFO [0m:      
[92mINFO [0m:      Received: train message 328c7ca9-9c2c-4e53-aedf-6deedfbcc895
[92mINFO [0m:      Sent reply
[92mINFO [0m:      
[92mINFO [0m:      Received: train message 365fc383-90e2-4470-b82e-f7930ad30d9a
[92mINFO [0m:      Sent reply
[92mINFO [0m:      
[92mINFO [0m:      Received: evaluate message b1a0239f-1321-45d6-a687-5f571227aa13
[92mINFO [0m:      Sent reply
[92mINFO [0m:      
[92mINFO [0m:      Received: train message 11fd05be-c353-4b0e-8596-82fe31fa8bd1
[92mINFO [0m:      Sent reply
[92mINFO [0m:      
[92mINFO [0m:      Received: train message f9bf4f8e-3326-48af-966f-7e83df9f974e
[92mINFO [0m:      Sent reply
[92mINFO [0m:      
[92mINFO [0m:      Received: evaluate message a1f0377d-4aa6-4d51-8912-767adec25507
[92mINFO [0m:      Sent reply
[92mINFO [0m:      
[92mINFO [0m:      Received: train message bded45a8-2584-466b-9d37-cafba4dfe209
[92mINFO [0m:      Sent reply
[92mINFO [0m:      
[92mINFO [0m:      Received: evaluate message f1c8d823-a49b-40c0-aa51-4be1aff135a3
[92mINFO [0m:      Sent reply
[92mINFO [0m:      
[92mINFO [0m:      Received: train message d358ce71-3f1f-480a-8cdf-4678035c3648
[92mINFO [0m:      Sent reply
[92mINFO [0m:      
[92mINFO [0m:      Received: train message d71f19eb-077b-4512-920e-086f05222771
[92mINFO [0m:      Sent reply
[92mINFO [0m:      
[92mINFO [0m:      Received: evaluate message 45a08d7f-d9f5-42d6-916f-ce5008ff2e1b
[92mINFO [0m:      Sent reply
[92mINFO [0m:      
[92mINFO [0m:      Received: train message 70dafa22-9474-4d1e-b7c6-daccf2d1fe35
[92mINFO [0m:      Sent reply
[92mINFO [0m:      
[92mINFO [0m:      Received: evaluate message 60906222-20b7-439f-ac09-253eb6dd42a6
[92mINFO [0m:      Sent reply
[92mINFO [0m:      
[92mINFO [0m:      Received: train message 50f7bced-1be5-414e-834e-c463d6d46015
[92mINFO [0m:      Sent reply
[92mINFO [0m:      
[92mINFO [0m:      Received: evaluate message 470f62ad-aa04-4a81-b619-f16401aab4a0
[92mINFO [0m:      Sent reply
[92mINFO [0m:      
[92mINFO [0m:      Received: train message 38337041-6b9c-4d6d-99f7-e9b38c66d51a
[92mINFO [0m:      Sent reply
[92mINFO [0m:      
[92mINFO [0m:      Received: evaluate message fb97184e-14fd-4199-9fd0-5d2d77fa1571
[92mINFO [0m:      Sent reply
[92mINFO [0m:      
[92mINFO [0m:      Received: train message fa96c4d1-7239-478c-9210-d6cfbbf06b4a
[92mINFO [0m:      Sent reply
[92mINFO [0m:      
[92mINFO [0m:      Received: train message 0a0ab287-25bf-4f38-9ca6-01736e0daf23
[92mINFO [0m:      Sent reply
[92mINFO [0m:      
[92mINFO [0m:      Received: evaluate message c6f23513-b38b-49a9-acd2-1aab063526fb
[92mINFO [0m:      Sent reply
[92mINFO [0m:      
[92mINFO [0m:      Received: train message 7a5e2629-fa19-4fb0-8ed0-2f6d106cd39a
[92mINFO [0m:      Sent reply
[92mINFO [0m:      
[92mINFO [0m:      Received: evaluate message 9b9454eb-ffbc-4788-90f6-a410e1d90a5f
[92mINFO [0m:      Sent reply
[92mINFO [0m:      
[92mINFO [0m:      Received: train message a7045373-e61a-4fdb-b376-fd42bd7ab6b7
[92mINFO [0m:      Sent reply
[92mINFO [0m:      
[92mINFO [0m:      Received: train message 10c60863-914d-4bb0-9130-3ffbc15f3d0e
[92mINFO [0m:      Sent reply
[92mINFO [0m:      
[92mINFO [0m:      Received: evaluate message a15b606b-cf27-4a06-ae2a-21b7bae18ca4
[92mINFO [0m:      Sent reply
[92mINFO [0m:      
[92mINFO [0m:      Received: evaluate message b3ba0c46-356e-435a-ac21-347c06d7f945
[92mINFO [0m:      Sent reply
[92mINFO [0m:      
[92mINFO [0m:      Received: train message 3fb4de85-6fb0-48cc-86fb-037198cbc367
[92mINFO [0m:      Sent reply
[92mINFO [0m:      
[92mINFO [0m:      Received: train message 1d4425e1-ad47-482a-b110-264696302491
[92mINFO [0m:      Sent reply
[92mINFO [0m:      
[92mINFO [0m:      Received: train message e1a4a4fe-839a-4a9b-b0c6-7fac55aff633
[92mINFO [0m:      Sent reply
[92mINFO [0m:      
[92mINFO [0m:      Received: evaluate message fbbf3231-d130-4e4f-bb50-6e0e806faecb
[92mINFO [0m:      Sent reply
[92mINFO [0m:      
[92mINFO [0m:      Received: evaluate message 7320dbd4-c5ff-4d3b-9954-5e818300f60a
[92mINFO [0m:      Sent reply
[92mINFO [0m:      
[92mINFO [0m:      Received: train message e54c2c10-6bcd-4620-bc14-36b1ce162237
[92mINFO [0m:      Sent reply
[92mINFO [0m:      
[92mINFO [0m:      Received: train message 653ebfa5-b7c3-43a9-b16e-4c67d6052ff1
[92mINFO [0m:      Sent reply
[92mINFO [0m:      
[92mINFO [0m:      Received: evaluate message bae6d479-1893-4978-a1b9-8ab55f730f14
[92mINFO [0m:      Sent reply
[92mINFO [0m:      
[92mINFO [0m:      Received: evaluate message 73f3913e-baf6-4ed7-9ae2-c7c65061a339
[92mINFO [0m:      Sent reply
[92mINFO [0m:      
[92mINFO [0m:      Received: evaluate message 5b33a639-c3b4-42a7-8008-31ee11259a66
[92mINFO [0m:      Sent reply
[92mINFO [0m:      
[92mINFO [0m:      Received: evaluate message 86dd6487-8249-41fc-aed1-b07a423d3082
[92mINFO [0m:      Sent reply
[92mINFO [0m:      
[92mINFO [0m:      Received: train message a4b2ed7c-1bbf-4e8b-9534-f5fb698c3389
[92mINFO [0m:      Sent reply
[92mINFO [0m:      
[92mINFO [0m:      Received: evaluate message 12e46963-8922-4a30-abd6-d228dc32153c
[92mINFO [0m:      Sent reply
[92mINFO [0m:      
[92mINFO [0m:      Received: evaluate message 1b9eb2d1-bf54-40cc-b305-4824a762b12f
[92mINFO [0m:      Sent reply
[92mINFO [0m:      
[92mINFO [0m:      Received: evaluate message e23909ee-3dd3-4eb9-bf51-22b335592926
[92mINFO [0m:      Sent reply
[92mINFO [0m:      
[92mINFO [0m:      Received: evaluate message fb15b7a2-579e-4802-b980-bf12ccb89052
[92mINFO [0m:      Sent reply
[92mINFO [0m:      
[92mINFO [0m:      Received: train message a07c48f2-2150-4425-9175-8b55e6ee30e5
[92mINFO [0m:      Sent reply
[92mINFO [0m:      
[92mINFO [0m:      Received: evaluate message 1f596393-d5ed-4397-adf1-240db0f37f0d
[92mINFO [0m:      Sent reply
[92mINFO [0m:      
[92mINFO [0m:      Received: evaluate message 37e7a5a3-e9ef-4ae4-a609-f4d17eae6c4f
[92mINFO [0m:      Sent reply
[92mINFO [0m:      
[92mINFO [0m:      Received: train message 449dcafe-f4af-4549-b735-b25b654860a9
[92mINFO [0m:      Sent reply
[92mINFO [0m:      
[92mINFO [0m:      Received: evaluate message c0eaf6d0-92b2-4fc8-b996-053c0a36c665
[92mINFO [0m:      Sent reply
[92mINFO [0m:      
[92mINFO [0m:      Received: train message 0ad91511-2c50-4c5d-9d11-51caecf9a11f
[92mINFO [0m:      Sent reply
[92mINFO [0m:      
[92mINFO [0m:      Received: train message 028e99c7-0aae-4025-b763-08f4a57d1604
[92mINFO [0m:      Sent reply
[92mINFO [0m:      
[92mINFO [0m:      Received: evaluate message 8f3fc6de-a31f-4945-b022-54dd7ac20fc6
[92mINFO [0m:      Sent reply
[92mINFO [0m:      
[92mINFO [0m:      Received: train message 052cf14c-bb75-4183-b7a9-f4a3ec7aec9c
[92mINFO [0m:      Sent reply
[92mINFO [0m:      
[92mINFO [0m:      Received: evaluate message 6be0ed34-fa65-4c36-a2d8-defb63e21e11
[92mINFO [0m:      Sent reply
[92mINFO [0m:      
[92mINFO [0m:      Received: train message c2a7822a-93ad-4aa1-95e3-8e81fc861d20
[92mINFO [0m:      Sent reply
[92mINFO [0m:      
[92mINFO [0m:      Received: train message 601bde0c-3c00-4885-8da4-40f7efb3dbbb
[92mINFO [0m:      Sent reply
[92mINFO [0m:      
[92mINFO [0m:      Received: evaluate message e292ae03-bd1a-4e50-a325-514d8d058233
[92mINFO [0m:      Sent reply
[92mINFO [0m:      
[92mINFO [0m:      Received: train message ba65af7b-40a1-407e-8e0a-83ca80471018
[92mINFO [0m:      Sent reply
[92mINFO [0m:      
[92mINFO [0m:      Received: train message 5844503d-e77c-44a7-89c4-90d821196035
[92mINFO [0m:      Sent reply
[92mINFO [0m:      
[92mINFO [0m:      Received: evaluate message a21a51e9-6e30-4b48-b8c9-a66b04dd56f4
[92mINFO [0m:      Sent reply
[92mINFO [0m:      
[92mINFO [0m:      Received: train message fb515bab-3d71-440b-9ce9-055b9390ee82
[92mINFO [0m:      Sent reply
[92mINFO [0m:      
[92mINFO [0m:      Received: train message 8483806c-3735-463b-8337-2c97ca33fbc9
[92mINFO [0m:      Sent reply
[92mINFO [0m:      
[92mINFO [0m:      Received: evaluate message 21a15e49-b729-481b-8785-25f708477b41
[92mINFO [0m:      Sent reply
[92mINFO [0m:      
[92mINFO [0m:      Received: train message 175ab8c9-0288-4228-9834-7c58a033e0ff
[92mINFO [0m:      Sent reply
[92mINFO [0m:      
[92mINFO [0m:      Received: train message acd37cc4-7a9e-475e-bf31-92f6078ae046
[92mINFO [0m:      Sent reply
[92mINFO [0m:      
[92mINFO [0m:      Received: evaluate message 80eb54f0-ee50-4548-be2d-d6a9a9431e3e
[92mINFO [0m:      Sent reply
[92mINFO [0m:      
[92mINFO [0m:      Received: train message 384529c4-22a1-4f47-8335-e3dcde0576fe
[92mINFO [0m:      Sent reply
[92mINFO [0m:      
[92mINFO [0m:      Received: evaluate message 05a0825c-8ff6-42f4-9001-12ebe8e6eb6f
[92mINFO [0m:      Sent reply
[92mINFO [0m:      
[92mINFO [0m:      Received: evaluate message f2616fcf-9238-4b66-8df3-9f597182685c
[92mINFO [0m:      Sent reply
[92mINFO [0m:      
[92mINFO [0m:      Received: evaluate message 09439410-51b7-49ca-8b92-69272ed13111
[92mINFO [0m:      Sent reply
[92mINFO [0m:      
[92mINFO [0m:      Received: train message a1f2417e-9250-4505-88a2-422ca199fd24
[92mINFO [0m:      Sent reply
[92mINFO [0m:      
[92mINFO [0m:      Received: train message 9771b759-c677-4435-9905-941d1356e193
[92mINFO [0m:      Sent reply
[92mINFO [0m:      
[92mINFO [0m:      Received: evaluate message a1ebe500-6222-4280-89e2-0447caa2136b
[92mINFO [0m:      Sent reply
[92mINFO [0m:      
[92mINFO [0m:      Received: evaluate message 06b76c06-ed3c-4bd2-b064-1f832e901933
[92mINFO [0m:      Sent reply
[92mINFO [0m:      
[92mINFO [0m:      Received: evaluate message f613f1d9-8eeb-4bed-ada2-b503c19dea60
[92mINFO [0m:      Sent reply
[92mINFO [0m:      
[92mINFO [0m:      Received: evaluate message 7d3600ff-4c8f-4e01-a634-35f561bb8ae5
[92mINFO [0m:      Sent reply
[92mINFO [0m:      
[92mINFO [0m:      Received: train message 6c8876dd-7eba-4333-b03c-26f34d4e53e5
[92mINFO [0m:      Sent reply
[92mINFO [0m:      
[92mINFO [0m:      Received: train message ac75d88b-62c3-4b6e-9532-648554740943
[92mINFO [0m:      Sent reply
[92mINFO [0m:      
[92mINFO [0m:      Received: evaluate message 8985dcbb-ad45-45e5-82c2-2a14299ecbc1
[92mINFO [0m:      Sent reply
