[93mWARNING [0m:   DEPRECATED FEATURE: flwr.server.start_server() is deprecated.
	Instead, use the `flower-superlink` CLI command to start a SuperLink as shown below:

		$ flower-superlink --insecure

	To view usage and all available options, run:

		$ flower-superlink --help

	Using `start_server()` is deprecated.

            This is a deprecated feature. It will be removed
            entirely in future versions of Flower.
        
[92mINFO [0m:      Starting Flower server, config: num_rounds=10, no round_timeout
[92mINFO [0m:      Flower ECE: gRPC server running (10 rounds), SSL is disabled
[92mINFO [0m:      [INIT]
[92mINFO [0m:      Requesting initial parameters from one random client
[92mINFO [0m:      Received initial parameters from one random client
[92mINFO [0m:      Starting evaluation of initial global parameters
[92mINFO [0m:      initial parameters (loss, other metrics): 0.0, {'rmse': 0.0, 'mse': 0.0, 'mae': 0.0, 'r2': 0.0}
[92mINFO [0m:      
[92mINFO [0m:      [ROUND 1]
[92mINFO [0m:      configure_fit: strategy sampled 12 clients (out of 25)
[92mINFO [0m:      aggregate_fit: received 12 results and 0 failures
[93mWARNING [0m:   No fit_metrics_aggregation_fn provided
[92mINFO [0m:      fit progress: (1, 0.0, {'rmse': 0.0, 'mse': 0.0, 'mae': 0.0, 'r2': 0.0}, 33.27811911099707)
[92mINFO [0m:      configure_evaluate: strategy sampled 25 clients (out of 25)
[92mINFO [0m:      aggregate_evaluate: received 25 results and 0 failures
[93mWARNING [0m:   No evaluate_metrics_aggregation_fn provided
[92mINFO [0m:      
[92mINFO [0m:      [ROUND 2]
[92mINFO [0m:      configure_fit: strategy sampled 25 clients (out of 25)
[92mINFO [0m:      aggregate_fit: received 25 results and 0 failures
[92mINFO [0m:      fit progress: (2, 0.0, {'rmse': 0.0, 'mse': 0.0, 'mae': 0.0, 'r2': 0.0}, 36.10652038399712)
[92mINFO [0m:      configure_evaluate: strategy sampled 25 clients (out of 25)
[92mINFO [0m:      aggregate_evaluate: received 25 results and 0 failures
[92mINFO [0m:      
[92mINFO [0m:      [ROUND 3]
[92mINFO [0m:      configure_fit: strategy sampled 25 clients (out of 25)
[92mINFO [0m:      aggregate_fit: received 25 results and 0 failures
[92mINFO [0m:      fit progress: (3, 0.0, {'rmse': 0.0, 'mse': 0.0, 'mae': 0.0, 'r2': 0.0}, 38.79173410999647)
[92mINFO [0m:      configure_evaluate: strategy sampled 25 clients (out of 25)
[92mINFO [0m:      aggregate_evaluate: received 25 results and 0 failures
[92mINFO [0m:      
[92mINFO [0m:      [ROUND 4]
[92mINFO [0m:      configure_fit: strategy sampled 25 clients (out of 25)
[92mINFO [0m:      aggregate_fit: received 25 results and 0 failures
[92mINFO [0m:      fit progress: (4, 0.0, {'rmse': 0.0, 'mse': 0.0, 'mae': 0.0, 'r2': 0.0}, 41.36604437299684)
[92mINFO [0m:      configure_evaluate: strategy sampled 25 clients (out of 25)
[92mINFO [0m:      aggregate_evaluate: received 25 results and 0 failures
[92mINFO [0m:      
[92mINFO [0m:      [ROUND 5]
[92mINFO [0m:      configure_fit: strategy sampled 25 clients (out of 25)
[92mINFO [0m:      aggregate_fit: received 25 results and 0 failures
[92mINFO [0m:      fit progress: (5, 0.0, {'rmse': 0.0, 'mse': 0.0, 'mae': 0.0, 'r2': 0.0}, 46.728165073996934)
[92mINFO [0m:      configure_evaluate: strategy sampled 25 clients (out of 25)
[92mINFO [0m:      aggregate_evaluate: received 25 results and 0 failures
[92mINFO [0m:      
[92mINFO [0m:      [ROUND 6]
[92mINFO [0m:      configure_fit: strategy sampled 25 clients (out of 25)
[92mINFO [0m:      aggregate_fit: received 25 results and 0 failures
[92mINFO [0m:      fit progress: (6, 0.0, {'rmse': 0.0, 'mse': 0.0, 'mae': 0.0, 'r2': 0.0}, 49.35588386099698)
[92mINFO [0m:      configure_evaluate: strategy sampled 25 clients (out of 25)
[92mINFO [0m:      aggregate_evaluate: received 25 results and 0 failures
[92mINFO [0m:      
[92mINFO [0m:      [ROUND 7]
[92mINFO [0m:      configure_fit: strategy sampled 25 clients (out of 25)
[92mINFO [0m:      aggregate_fit: received 25 results and 0 failures
[92mINFO [0m:      fit progress: (7, 0.0, {'rmse': 0.0, 'mse': 0.0, 'mae': 0.0, 'r2': 0.0}, 51.91310199799773)
[92mINFO [0m:      configure_evaluate: strategy sampled 25 clients (out of 25)
[92mINFO [0m:      aggregate_evaluate: received 25 results and 0 failures
[92mINFO [0m:      
[92mINFO [0m:      [ROUND 8]
[92mINFO [0m:      configure_fit: strategy sampled 25 clients (out of 25)
[92mINFO [0m:      aggregate_fit: received 25 results and 0 failures
[92mINFO [0m:      fit progress: (8, 0.0, {'rmse': 0.0, 'mse': 0.0, 'mae': 0.0, 'r2': 0.0}, 54.60837046899542)
[92mINFO [0m:      configure_evaluate: strategy sampled 25 clients (out of 25)
[92mINFO [0m:      aggregate_evaluate: received 25 results and 0 failures
[92mINFO [0m:      
[92mINFO [0m:      [ROUND 9]
[92mINFO [0m:      configure_fit: strategy sampled 25 clients (out of 25)
[92mINFO [0m:      aggregate_fit: received 25 results and 0 failures
[92mINFO [0m:      fit progress: (9, 0.0, {'rmse': 0.0, 'mse': 0.0, 'mae': 0.0, 'r2': 0.0}, 59.68953356199927)
[92mINFO [0m:      configure_evaluate: strategy sampled 25 clients (out of 25)
[92mINFO [0m:      aggregate_evaluate: received 25 results and 0 failures
[92mINFO [0m:      
[92mINFO [0m:      [ROUND 10]
[92mINFO [0m:      configure_fit: strategy sampled 25 clients (out of 25)
[92mINFO [0m:      aggregate_fit: received 25 results and 0 failures
[92mINFO [0m:      fit progress: (10, 0.0, {'rmse': 0.0, 'mse': 0.0, 'mae': 0.0, 'r2': 0.0}, 64.81944995899539)
[92mINFO [0m:      configure_evaluate: strategy sampled 25 clients (out of 25)
[92mINFO [0m:      aggregate_evaluate: received 25 results and 0 failures
[92mINFO [0m:      
[92mINFO [0m:      [SUMMARY]
[92mINFO [0m:      Run finished 10 round(s) in 65.14s
[92mINFO [0m:      	History (loss, distributed):
[92mINFO [0m:      		round 1: 11158.683558261919
[92mINFO [0m:      		round 2: 7329.651051598146
[92mINFO [0m:      		round 3: 7312.4046726401275
[92mINFO [0m:      		round 4: 7309.753619639531
[92mINFO [0m:      		round 5: 7306.000069215479
[92mINFO [0m:      		round 6: 7304.687388558581
[92mINFO [0m:      		round 7: 7305.024317346806
[92mINFO [0m:      		round 8: 7307.180119576543
[92mINFO [0m:      		round 9: 7299.797316855583
[92mINFO [0m:      		round 10: 7301.140892181963
[92mINFO [0m:      	History (loss, centralized):
[92mINFO [0m:      		round 0: 0.0
[92mINFO [0m:      		round 1: 0.0
[92mINFO [0m:      		round 2: 0.0
[92mINFO [0m:      		round 3: 0.0
[92mINFO [0m:      		round 4: 0.0
[92mINFO [0m:      		round 5: 0.0
[92mINFO [0m:      		round 6: 0.0
[92mINFO [0m:      		round 7: 0.0
[92mINFO [0m:      		round 8: 0.0
[92mINFO [0m:      		round 9: 0.0
[92mINFO [0m:      		round 10: 0.0
[92mINFO [0m:      	History (metrics, centralized):
[92mINFO [0m:      	{'mae': [(0, 0.0),
[92mINFO [0m:      	         (1, 0.0),
[92mINFO [0m:      	         (2, 0.0),
[92mINFO [0m:      	         (3, 0.0),
[92mINFO [0m:      	         (4, 0.0),
[92mINFO [0m:      	         (5, 0.0),
[92mINFO [0m:      	         (6, 0.0),
[92mINFO [0m:      	         (7, 0.0),
[92mINFO [0m:      	         (8, 0.0),
[92mINFO [0m:      	         (9, 0.0),
[92mINFO [0m:      	         (10, 0.0)],
[92mINFO [0m:      	 'mse': [(0, 0.0),
[92mINFO [0m:      	         (1, 0.0),
[92mINFO [0m:      	         (2, 0.0),
[92mINFO [0m:      	         (3, 0.0),
[92mINFO [0m:      	         (4, 0.0),
[92mINFO [0m:      	         (5, 0.0),
[92mINFO [0m:      	         (6, 0.0),
[92mINFO [0m:      	         (7, 0.0),
[92mINFO [0m:      	         (8, 0.0),
[92mINFO [0m:      	         (9, 0.0),
[92mINFO [0m:      	         (10, 0.0)],
[92mINFO [0m:      	 'r2': [(0, 0.0),
[92mINFO [0m:      	        (1, 0.0),
[92mINFO [0m:      	        (2, 0.0),
[92mINFO [0m:      	        (3, 0.0),
[92mINFO [0m:      	        (4, 0.0),
[92mINFO [0m:      	        (5, 0.0),
[92mINFO [0m:      	        (6, 0.0),
[92mINFO [0m:      	        (7, 0.0),
[92mINFO [0m:      	        (8, 0.0),
[92mINFO [0m:      	        (9, 0.0),
[92mINFO [0m:      	        (10, 0.0)],
[92mINFO [0m:      	 'rmse': [(0, 0.0),
[92mINFO [0m:      	          (1, 0.0),
[92mINFO [0m:      	          (2, 0.0),
[92mINFO [0m:      	          (3, 0.0),
[92mINFO [0m:      	          (4, 0.0),
[92mINFO [0m:      	          (5, 0.0),
[92mINFO [0m:      	          (6, 0.0),
[92mINFO [0m:      	          (7, 0.0),
[92mINFO [0m:      	          (8, 0.0),
[92mINFO [0m:      	          (9, 0.0),
[92mINFO [0m:      	          (10, 0.0)]}
[92mINFO [0m:      
🚀 Starting NASA Federated Learning Server
==================================================
Experiment ID: nasa_25c_alpha_0.1_fedavg
Algorithm: FEDAVG
Server: localhost:8686
Rounds: 10
Strategy: fedavg
Min Clients: 25
Fit Fraction: 1.0
Eval Fraction: 1.0
Results Directory: /mnt/ceph_drive/FL_IoT_Network/scale/results/run_20251029_150344/nasa_25c_alpha_0.1_fedavg
==================================================
🔄 Starting FL server on localhost:8686...
📊 Evaluation enabled: True
📊 Round 1 Fit Metrics:
   Clients: 12
   Avg Train Loss: 10670.4724
   Avg Val Loss: 10589.2899
   Avg Val R²: -0.6116
🧪 Round 1 Client Test Evaluation:
   Clients: 25
   Avg Test Loss: 11041.8917
   Avg Test R²: 0.0000
📊 Round 2 Fit Metrics:
   Clients: 25
   Avg Train Loss: 7197.3001
   Avg Val Loss: 7054.6614
   Avg Val R²: -0.0131
🧪 Round 2 Client Test Evaluation:
   Clients: 25
   Avg Test Loss: 7268.1149
   Avg Test R²: 0.0000
📊 Round 3 Fit Metrics:
   Clients: 25
   Avg Train Loss: 7188.0105
   Avg Val Loss: 7046.3636
   Avg Val R²: -0.0119
🧪 Round 3 Client Test Evaluation:
   Clients: 25
   Avg Test Loss: 7251.8301
   Avg Test R²: 0.0000
📊 Round 4 Fit Metrics:
   Clients: 25
   Avg Train Loss: 7182.6832
   Avg Val Loss: 7040.2037
   Avg Val R²: -0.0108
🧪 Round 4 Client Test Evaluation:
   Clients: 25
   Avg Test Loss: 7249.3358
   Avg Test R²: 0.0000
📊 Round 5 Fit Metrics:
   Clients: 25
   Avg Train Loss: 7180.2379
   Avg Val Loss: 7038.6897
   Avg Val R²: -0.0109
🧪 Round 5 Client Test Evaluation:
   Clients: 25
   Avg Test Loss: 7245.8089
   Avg Test R²: 0.0000
📊 Round 6 Fit Metrics:
   Clients: 25
   Avg Train Loss: 7179.8771
   Avg Val Loss: 7038.2279
   Avg Val R²: -0.0109
🧪 Round 6 Client Test Evaluation:
   Clients: 25
   Avg Test Loss: 7244.5768
   Avg Test R²: 0.0000
📊 Round 7 Fit Metrics:
   Clients: 25
   Avg Train Loss: 7181.6932
   Avg Val Loss: 7039.9673
   Avg Val R²: -0.0108
🧪 Round 7 Client Test Evaluation:
   Clients: 25
   Avg Test Loss: 7244.8930
   Avg Test R²: 0.0000
📊 Round 8 Fit Metrics:
   Clients: 25
   Avg Train Loss: 7180.0413
   Avg Val Loss: 7038.0260
   Avg Val R²: -0.0110
🧪 Round 8 Client Test Evaluation:
   Clients: 25
   Avg Test Loss: 7246.9171
   Avg Test R²: 0.0000
📊 Round 9 Fit Metrics:
   Clients: 25
   Avg Train Loss: 7174.0913
   Avg Val Loss: 7032.8917
   Avg Val R²: -0.0100
🧪 Round 9 Client Test Evaluation:
   Clients: 25
   Avg Test Loss: 7239.9939
   Avg Test R²: 0.0000
📊 Round 10 Fit Metrics:
   Clients: 25
   Avg Train Loss: 7177.5189
   Avg Val Loss: 7035.8770
   Avg Val R²: -0.0103
🧪 Round 10 Client Test Evaluation:
   Clients: 25
   Avg Test Loss: 7241.2521
   Avg Test R²: 0.0000
✅ Server completed successfully!
📊 Results saved to: /mnt/ceph_drive/FL_IoT_Network/scale/results/run_20251029_150344/nasa_25c_alpha_0.1_fedavg/nasa_25c_alpha_0.1_fedavg

📈 FINAL SUMMARY:
   Round metrics: /mnt/ceph_drive/FL_IoT_Network/scale/results/run_20251029_150344/nasa_25c_alpha_0.1_fedavg/nasa_25c_alpha_0.1_fedavg/round_metrics.csv
   Client metrics: /mnt/ceph_drive/FL_IoT_Network/scale/results/run_20251029_150344/nasa_25c_alpha_0.1_fedavg/nasa_25c_alpha_0.1_fedavg/client_metrics.csv
   Test metrics: /mnt/ceph_drive/FL_IoT_Network/scale/results/run_20251029_150344/nasa_25c_alpha_0.1_fedavg/nasa_25c_alpha_0.1_fedavg/test_metrics.csv
   Eval metrics: /mnt/ceph_drive/FL_IoT_Network/scale/results/run_20251029_150344/nasa_25c_alpha_0.1_fedavg/nasa_25c_alpha_0.1_fedavg/eval_metrics.csv
