[93mWARNING [0m:   DEPRECATED FEATURE: flwr.client.start_numpy_client() is deprecated. 
	Instead, use `flwr.client.start_client()` by ensuring you first call the `.to_client()` method as shown below: 
	flwr.client.start_client(
		server_address='<IP>:<PORT>',
		client=FlowerClient().to_client(), # <-- where FlowerClient is of type flwr.client.NumPyClient object
	)
	Using `start_numpy_client()` is deprecated.

            This is a deprecated feature. It will be removed
            entirely in future versions of Flower.
        
[93mWARNING [0m:   DEPRECATED FEATURE: flwr.client.start_client() is deprecated.
	Instead, use the `flower-supernode` CLI command to start a SuperNode as shown below:

		$ flower-supernode --insecure --superlink='<IP>:<PORT>'

	To view all available options, run:

		$ flower-supernode --help

	Using `start_client()` is deprecated.

            This is a deprecated feature. It will be removed
            entirely in future versions of Flower.
        
[92mINFO [0m:      
[92mINFO [0m:      Received: train message 1322b8c1-c401-4c02-8e6b-f85ca573ca8f
[92mINFO [0m:      Sent reply
[92mINFO [0m:      
[92mINFO [0m:      Received: evaluate message 0ee43fbf-79ef-4367-91cd-55c9e971f954
[92mINFO [0m:      Sent reply
[92mINFO [0m:      
[92mINFO [0m:      Received: train message f6ebc142-7d42-4e38-8b0b-c862e7e1545a
[92mINFO [0m:      Sent reply
[92mINFO [0m:      
[92mINFO [0m:      Received: train message c151d440-af39-4d96-82bd-96e42cf8d5ef
[92mINFO [0m:      Sent reply
[92mINFO [0m:      
[92mINFO [0m:      Received: evaluate message 7cb017ce-c775-4b53-910e-7be44011b63e
[92mINFO [0m:      Sent reply
[92mINFO [0m:      
[92mINFO [0m:      Received: train message 7517ab94-21c8-47fd-9cba-eb45e5cc91c3
[92mINFO [0m:      Sent reply
[92mINFO [0m:      
[92mINFO [0m:      Received: evaluate message f9f15f8b-ee3b-456c-8ee1-112b618dd7c5
[92mINFO [0m:      Sent reply
[92mINFO [0m:      
[92mINFO [0m:      Received: train message 3b3efc66-73a8-4589-a81e-90039c90538c
[92mINFO [0m:      Sent reply
[92mINFO [0m:      
[92mINFO [0m:      Received: train message 10904e85-c774-4741-9474-63884e87267c
[92mINFO [0m:      Sent reply
[92mINFO [0m:      
[92mINFO [0m:      Received: train message bb3fcec5-6331-4031-be2b-dd26520c0cd8
[92mINFO [0m:      Sent reply
[92mINFO [0m:      
[92mINFO [0m:      Received: train message 38ae5386-058b-4fac-a087-8e8cb72b5e55
[92mINFO [0m:      Sent reply
[92mINFO [0m:      
[92mINFO [0m:      Received: train message 08ddcfbc-428f-4225-aa0a-d610d1997ffb
[92mINFO [0m:      Sent reply
[92mINFO [0m:      
[92mINFO [0m:      Received: evaluate message 1787cc7b-016b-4007-a34d-08c1d88aa192
[92mINFO [0m:      Sent reply
[92mINFO [0m:      
[92mINFO [0m:      Received: train message 1f777f0f-ce9b-44a0-b189-b27aaa61aba5
[92mINFO [0m:      Sent reply
[92mINFO [0m:      
[92mINFO [0m:      Received: evaluate message 30915f8f-e775-46be-8de8-8f67e0674741
[92mINFO [0m:      Sent reply
[92mINFO [0m:      
[92mINFO [0m:      Received: train message e92c53fb-f3b9-439f-be68-afefc78c4b91
[92mINFO [0m:      Sent reply
[92mINFO [0m:      
[92mINFO [0m:      Received: train message 9a4f3da4-517c-4796-858d-410a487bff97
[92mINFO [0m:      Sent reply
[92mINFO [0m:      
[92mINFO [0m:      Received: evaluate message 3947679d-0ef7-421f-8d06-eccacaa97612
[92mINFO [0m:      Sent reply
[92mINFO [0m:      
[92mINFO [0m:      Received: train message 3d4d9425-3796-48f3-a741-d0347c22b735
[92mINFO [0m:      Sent reply
[92mINFO [0m:      
[92mINFO [0m:      Received: evaluate message 9985b1fc-f93a-41e3-a85a-88f02984dbaa
[92mINFO [0m:      Sent reply
[92mINFO [0m:      
[92mINFO [0m:      Received: train message 5e7620d5-d8f0-422e-a768-34d8180c2759
[92mINFO [0m:      Sent reply
[92mINFO [0m:      
[92mINFO [0m:      Received: train message 50634028-4a73-47f6-85a4-435b216ee1e5
[92mINFO [0m:      Sent reply
[92mINFO [0m:      
[92mINFO [0m:      Received: train message bbf6a99b-8949-4188-a637-bf3c620a1cb2
[92mINFO [0m:      Sent reply
[92mINFO [0m:      
[92mINFO [0m:      Received: evaluate message 3d9b3fdb-f805-488b-aace-3db314746ac0
[92mINFO [0m:      Sent reply
[92mINFO [0m:      
[92mINFO [0m:      Received: evaluate message 9a7069ef-d617-417e-bb89-257a7cb12705
[92mINFO [0m:      Sent reply
[92mINFO [0m:      
[92mINFO [0m:      Received: train message 98f8c37d-6e65-43cf-9409-6e60c19dca20
[92mINFO [0m:      Sent reply
[92mINFO [0m:      
[92mINFO [0m:      Received: train message 9e9afc6a-d010-40e1-b052-3545c905c89a
[92mINFO [0m:      Sent reply
[92mINFO [0m:      
[92mINFO [0m:      Received: train message 91e80f60-6e6f-4ee5-bb9c-c613ba51f012
[92mINFO [0m:      Sent reply
[92mINFO [0m:      
[92mINFO [0m:      Received: train message 941fef40-de92-4c94-b1b5-ddfe82ad1128
[92mINFO [0m:      Sent reply
[92mINFO [0m:      
[92mINFO [0m:      Received: evaluate message 6ae4f8f9-bb56-48c7-8201-8639d25f5d63
[92mINFO [0m:      Sent reply
[92mINFO [0m:      
[92mINFO [0m:      Received: train message 7f088c54-46bb-45e6-b76e-9852b49107ad
[92mINFO [0m:      Sent reply
[92mINFO [0m:      
[92mINFO [0m:      Received: evaluate message cf4df696-fba7-4fad-ad11-0354649814bc
[92mINFO [0m:      Sent reply
[92mINFO [0m:      
[92mINFO [0m:      Received: train message b4fda8ff-8afc-46a0-8c6c-4b2dcd172f94
[92mINFO [0m:      Sent reply
[92mINFO [0m:      
[92mINFO [0m:      Received: train message 0b5673cd-ff19-4590-a3b0-bbb7022ec991
[92mINFO [0m:      Sent reply
[92mINFO [0m:      
[92mINFO [0m:      Received: train message 21e256a7-6c9c-4033-ac4d-88559ea282ea
[92mINFO [0m:      Sent reply
[92mINFO [0m:      
[92mINFO [0m:      Received: train message 7a6c78c4-e3f3-42e4-a60d-c263c7122c6f
[92mINFO [0m:      Sent reply
[92mINFO [0m:      
[92mINFO [0m:      Received: evaluate message e8da9347-95d9-4251-9c67-c78516ccca76
[92mINFO [0m:      Sent reply
[92mINFO [0m:      
[92mINFO [0m:      Received: evaluate message da1ad355-680d-4c44-8667-8471c10126cc
[92mINFO [0m:      Sent reply
[92mINFO [0m:      
[92mINFO [0m:      Received: train message 26fdbece-1364-46d3-a956-1c7659def4e0
[92mINFO [0m:      Sent reply
[92mINFO [0m:      
[92mINFO [0m:      Received: train message 206f4708-6879-4240-9948-463b646f7618
[92mINFO [0m:      Sent reply
[92mINFO [0m:      
[92mINFO [0m:      Received: evaluate message af3806b0-87ce-4766-9281-c2cd501dac29
[92mINFO [0m:      Sent reply
[92mINFO [0m:      
[92mINFO [0m:      Received: train message 07cc214b-de35-4ac6-9791-4ca17a2c93c2
[92mINFO [0m:      Sent reply
[92mINFO [0m:      
[92mINFO [0m:      Received: evaluate message 14d748c1-d55e-4cb8-bec4-083e137d46c2
[92mINFO [0m:      Sent reply
[92mINFO [0m:      
[92mINFO [0m:      Received: train message 0f1453ce-501e-446b-acb5-9804273067dc
[92mINFO [0m:      Sent reply
[92mINFO [0m:      
[92mINFO [0m:      Received: train message d19d27b4-ba40-44d1-b3d3-2671feaf9705
[92mINFO [0m:      Sent reply
[92mINFO [0m:      
[92mINFO [0m:      Received: train message 13cc71a9-bce5-4473-9360-19fb4223f899
[92mINFO [0m:      Sent reply
[92mINFO [0m:      
[92mINFO [0m:      Received: evaluate message 3bd96568-4628-425f-96df-bd3766dd6467
[92mINFO [0m:      Sent reply
[92mINFO [0m:      
[92mINFO [0m:      Received: train message d88ea4bc-9867-4c75-bf32-49af06dd2c0f
[92mINFO [0m:      Sent reply
[92mINFO [0m:      
[92mINFO [0m:      Received: evaluate message 67966a95-d5cc-4622-b6f0-95872a89de73
[92mINFO [0m:      Sent reply
[92mINFO [0m:      
[92mINFO [0m:      Received: train message 080bb727-bf97-410e-8303-ccd31c69800d
[92mINFO [0m:      Sent reply
[92mINFO [0m:      
[92mINFO [0m:      Received: train message 78bb2c76-23b9-49ba-8b74-26957fccd563
[92mINFO [0m:      Sent reply
[92mINFO [0m:      
[92mINFO [0m:      Received: evaluate message 2f9dd8d1-74c4-4d4d-a0e4-be3b0b6f5d54
[92mINFO [0m:      Sent reply
[92mINFO [0m:      
[92mINFO [0m:      Received: train message ef687869-e6fd-4bca-b262-53ab0894dbac
[92mINFO [0m:      Sent reply
[92mINFO [0m:      
[92mINFO [0m:      Received: train message e395db31-046a-4e87-a29a-4debb24fba4b
[92mINFO [0m:      Sent reply
[92mINFO [0m:      
[92mINFO [0m:      Received: evaluate message bd96185f-2076-4488-b4b1-c5b685400919
[92mINFO [0m:      Sent reply
[92mINFO [0m:      
[92mINFO [0m:      Received: train message 53707f45-efc4-4f37-9c7a-75ce566fa797
[92mINFO [0m:      Sent reply
[92mINFO [0m:      
[92mINFO [0m:      Received: train message 706a1a8f-2faa-4a8c-9095-9fd0405b8213
[92mINFO [0m:      Sent reply
[92mINFO [0m:      
[92mINFO [0m:      Received: evaluate message 6d50517e-a5c8-4e1e-acb6-907ac5ca46a2
[92mINFO [0m:      Sent reply
[92mINFO [0m:      
[92mINFO [0m:      Received: train message 0c8aa85f-4f02-47ea-842f-e1ae0978d3c8
[92mINFO [0m:      Sent reply
[92mINFO [0m:      
[92mINFO [0m:      Received: evaluate message 1cf11c35-8eda-4252-a77c-c5064be3779d
[92mINFO [0m:      Sent reply
[92mINFO [0m:      
[92mINFO [0m:      Received: evaluate message 53e1b4c5-6d4e-48fe-8543-ce040adec8da
[92mINFO [0m:      Sent reply
[92mINFO [0m:      
[92mINFO [0m:      Received: evaluate message a252fe3b-51e0-4bc5-a223-f87f5617ad4a
[92mINFO [0m:      Sent reply
[92mINFO [0m:      
[92mINFO [0m:      Received: train message 635a6f28-3eab-4dd2-b5da-52391c9beffb
[92mINFO [0m:      Sent reply
[92mINFO [0m:      
[92mINFO [0m:      Received: evaluate message 990bd090-4db6-4b44-a551-07404b4fb8bd
[92mINFO [0m:      Sent reply
[92mINFO [0m:      
[92mINFO [0m:      Received: train message 66edd52f-712e-4007-a553-4162762404dd
[92mINFO [0m:      Sent reply
[92mINFO [0m:      
[92mINFO [0m:      Received: train message 7762f9be-182a-4152-826f-dc81d1b5104b
[92mINFO [0m:      Sent reply
[92mINFO [0m:      
[92mINFO [0m:      Received: evaluate message 3aadb95e-674e-4524-9d03-478801a392c9
[92mINFO [0m:      Sent reply
[92mINFO [0m:      
[92mINFO [0m:      Received: train message 076eebc9-35e9-4bfb-8afc-c70dc41b6a37
[92mINFO [0m:      Sent reply
[92mINFO [0m:      
[92mINFO [0m:      Received: evaluate message fca601ac-e316-42c5-a7b9-36e6c88b38f1
[92mINFO [0m:      Sent reply
[92mINFO [0m:      
[92mINFO [0m:      Received: train message 76a3a298-c4a6-4a12-a2ad-440110638239
[92mINFO [0m:      Sent reply
[92mINFO [0m:      
[92mINFO [0m:      Received: evaluate message 005b071e-adf4-43e6-a3e7-250229e3fafd
[92mINFO [0m:      Sent reply
[92mINFO [0m:      
[92mINFO [0m:      Received: train message 7de3aabd-e261-4c5d-a632-64412dddec7c
[92mINFO [0m:      Sent reply
[92mINFO [0m:      
[92mINFO [0m:      Received: evaluate message e6ce3895-186a-4d18-9214-ab6d8fba175f
[92mINFO [0m:      Sent reply
[92mINFO [0m:      
[92mINFO [0m:      Received: evaluate message cf49113c-12b8-4677-8d9f-f76bc25c00d9
[92mINFO [0m:      Sent reply
[92mINFO [0m:      
[92mINFO [0m:      Received: evaluate message 4eaf743b-36db-4c9c-b39d-5dbbb7958708
[92mINFO [0m:      Sent reply
[92mINFO [0m:      
[92mINFO [0m:      Received: evaluate message 88159c32-469d-4ca6-8f4b-db1cae65a42b
[92mINFO [0m:      Sent reply
[92mINFO [0m:      
[92mINFO [0m:      Received: train message fd1e99eb-75e4-4622-8536-5cd3ef0700ff
[92mINFO [0m:      Sent reply
[92mINFO [0m:      
[92mINFO [0m:      Received: train message a69d990e-1be0-4801-bb94-0124d28233c4
[92mINFO [0m:      Sent reply
[92mINFO [0m:      
[92mINFO [0m:      Received: evaluate message 83359d9a-0114-4e23-b731-9796b82d4b77
[92mINFO [0m:      Sent reply
[92mINFO [0m:      
[92mINFO [0m:      Received: evaluate message 5cb51947-c839-4ec5-ac8a-034e9b6b959c
[92mINFO [0m:      Sent reply
[92mINFO [0m:      
[92mINFO [0m:      Received: train message 103f1e43-68a1-45f7-9082-c479efc79331
[92mINFO [0m:      Sent reply
[92mINFO [0m:      
[92mINFO [0m:      Received: evaluate message 458b1338-8805-44cd-9c9b-207d050a327e
[92mINFO [0m:      Sent reply
[92mINFO [0m:      
[92mINFO [0m:      Received: evaluate message a5a00294-aa59-4353-8674-e0b73b43d7b3
[92mINFO [0m:      Sent reply
[92mINFO [0m:      
[92mINFO [0m:      Received: train message de9cbb2d-6111-449a-90c4-cf308b477058
[92mINFO [0m:      Sent reply
[92mINFO [0m:      
[92mINFO [0m:      Received: evaluate message f19e22e2-4076-4e6d-9061-e0b497133c50
[92mINFO [0m:      Sent reply
[92mINFO [0m:      
[92mINFO [0m:      Received: train message 612a9565-7b77-42a5-867a-b9d28841d83f
[92mINFO [0m:      Sent reply
[92mINFO [0m:      
[92mINFO [0m:      Received: evaluate message 709abb95-02e3-467d-9868-3eb6c21a8554
[92mINFO [0m:      Sent reply
[92mINFO [0m:      
[92mINFO [0m:      Received: train message 9b380725-b78c-4238-80a5-0bc2c90821c7
[92mINFO [0m:      Sent reply
[92mINFO [0m:      
[92mINFO [0m:      Received: train message ede4ea2d-5f3d-49a3-bd3a-17dd207c2577
[92mINFO [0m:      Sent reply
[92mINFO [0m:      
[92mINFO [0m:      Received: evaluate message 1fc8dae9-a3f9-4f50-8079-f8c7b13e2c47
[92mINFO [0m:      Sent reply
[92mINFO [0m:      
[92mINFO [0m:      Received: train message 96f41ae6-40c7-48e9-9852-322ccfa64ed1
[92mINFO [0m:      Sent reply
[92mINFO [0m:      
[92mINFO [0m:      Received: train message 0220bd0e-b90d-4815-81ef-08bc26c3e9e2
[92mINFO [0m:      Sent reply
[92mINFO [0m:      
[92mINFO [0m:      Received: evaluate message 446b4b78-0a9e-46f2-9b31-f94910389b02
[92mINFO [0m:      Sent reply
[92mINFO [0m:      
[92mINFO [0m:      Received: train message 36c10baa-2d24-49e9-be5a-87027abb33f4
[92mINFO [0m:      Sent reply
[92mINFO [0m:      
[92mINFO [0m:      Received: train message 72aa63cd-7823-4d66-970a-1ab56b4a684c
[92mINFO [0m:      Sent reply
[92mINFO [0m:      
[92mINFO [0m:      Received: train message 3a7c9e71-7d84-4394-83b0-9b817ad2d9a6
[92mINFO [0m:      Sent reply
[92mINFO [0m:      
[92mINFO [0m:      Received: train message a907e010-fa95-4c44-87ff-4db1e9409902
[92mINFO [0m:      Sent reply
[92mINFO [0m:      
[92mINFO [0m:      Received: evaluate message 988a6635-efc5-4087-9be1-55169af19fc0
[92mINFO [0m:      Sent reply
[92mINFO [0m:      
[92mINFO [0m:      Received: train message b8a4826a-3382-40f8-b5a3-a801647c4717
[92mINFO [0m:      Sent reply
[92mINFO [0m:      
[92mINFO [0m:      Received: evaluate message d0a06d2d-fd13-41be-81f5-7e29d77bb402
[92mINFO [0m:      Sent reply
[92mINFO [0m:      
[92mINFO [0m:      Received: evaluate message ff1291de-2b85-4809-a1ab-ba56f5f6f6d5
[92mINFO [0m:      Sent reply
[92mINFO [0m:      
[92mINFO [0m:      Received: evaluate message 55e1b31e-b7d3-4ce6-8ff7-a5eae0aa3985
[92mINFO [0m:      Sent reply
[92mINFO [0m:      
[92mINFO [0m:      Received: train message ed5523d7-4b9a-4638-80f9-23cd2b28983d
[92mINFO [0m:      Sent reply
[92mINFO [0m:      
[92mINFO [0m:      Received: evaluate message f9eafd53-fb7f-46ec-a90d-f48c5c284039
[92mINFO [0m:      Sent reply
[92mINFO [0m:      
[92mINFO [0m:      Received: train message fbfb5d3f-f38b-47ff-a250-9f15f9ad431e
[92mINFO [0m:      Sent reply
[92mINFO [0m:      
[92mINFO [0m:      Received: evaluate message 4ac90484-a678-46dd-9fab-7e5d5c052829
[92mINFO [0m:      Sent reply
[92mINFO [0m:      
[92mINFO [0m:      Received: train message 17a02144-e995-47e1-aa4c-edf7e958f831
[92mINFO [0m:      Sent reply
[92mINFO [0m:      
[92mINFO [0m:      Received: evaluate message 8da39152-abba-41b1-9617-092d55228434
[92mINFO [0m:      Sent reply
[92mINFO [0m:      
[92mINFO [0m:      Received: train message cb5bcb06-cef2-4208-a755-25d8d9ed5e3f
[92mINFO [0m:      Sent reply
[92mINFO [0m:      
[92mINFO [0m:      Received: train message 0fc55500-ceaf-4993-98a4-871a31585e3d
[92mINFO [0m:      Sent reply
[92mINFO [0m:      
[92mINFO [0m:      Received: evaluate message 188eaf84-0ec9-4993-bab4-e98225173406
[92mINFO [0m:      Sent reply
[92mINFO [0m:      
[92mINFO [0m:      Received: train message 9feb8aa4-1f52-4000-bd3c-c9f741e3924f
[92mINFO [0m:      Sent reply
[92mINFO [0m:      
[92mINFO [0m:      Received: evaluate message a8f75ead-d3b4-4758-9d2e-90a8ff03d90c
[92mINFO [0m:      Sent reply
[92mINFO [0m:      
[92mINFO [0m:      Received: train message 8f4cb49f-da03-47f5-b32c-7bb235ca040e
[92mINFO [0m:      Sent reply
[92mINFO [0m:      
[92mINFO [0m:      Received: train message f0164475-4931-4e01-81f8-214d7707b72e
[92mINFO [0m:      Sent reply
[92mINFO [0m:      
[92mINFO [0m:      Received: train message ef045e31-ddf4-4d0e-b0d4-9d2ba2b978fa
[92mINFO [0m:      Sent reply
[92mINFO [0m:      
[92mINFO [0m:      Received: train message d748a35e-05ae-476d-a7ad-f5aa4668dddb
[92mINFO [0m:      Sent reply
[92mINFO [0m:      
[92mINFO [0m:      Received: train message 21ad6890-b572-4542-aa20-c08a0acd4d94
[92mINFO [0m:      Sent reply
[92mINFO [0m:      
[92mINFO [0m:      Received: evaluate message 32199a91-4943-4af5-9e72-d35c67c40b56
[92mINFO [0m:      Sent reply
[92mINFO [0m:      
[92mINFO [0m:      Received: train message 418cb397-2b3b-43d8-a872-765f3250f968
[92mINFO [0m:      Sent reply
[92mINFO [0m:      
[92mINFO [0m:      Received: evaluate message a8cc4007-c982-4e96-ab7d-06cab54ec7a2
[92mINFO [0m:      Sent reply
[92mINFO [0m:      
[92mINFO [0m:      Received: train message 8ae6b58a-9ee8-4cb8-b2aa-5d1475faf76f
[92mINFO [0m:      Sent reply
[92mINFO [0m:      
[92mINFO [0m:      Received: evaluate message 81fd3169-a36c-4040-96e4-b5abc60c2f02
[92mINFO [0m:      Sent reply
[92mINFO [0m:      
[92mINFO [0m:      Received: evaluate message 92eb2993-651e-41a2-99c6-5b161b3f8ba5
[92mINFO [0m:      Sent reply
[92mINFO [0m:      
[92mINFO [0m:      Received: train message a69b861b-84da-4eaa-80da-52c9fc819d2c
[92mINFO [0m:      Sent reply
[92mINFO [0m:      
[92mINFO [0m:      Received: evaluate message 553c43ac-656d-4a1e-81c1-422949c6b7b0
[92mINFO [0m:      Sent reply
[92mINFO [0m:      
[92mINFO [0m:      Received: train message 4b32d943-4544-4437-9767-22a19ebbb094
[92mINFO [0m:      Sent reply
[92mINFO [0m:      
[92mINFO [0m:      Received: evaluate message 293d5b11-4ba0-4865-8024-a62d473f6b71
[92mINFO [0m:      Sent reply
[92mINFO [0m:      
[92mINFO [0m:      Received: evaluate message 193f5a0a-af47-4a8e-af53-7cca6403d62c
[92mINFO [0m:      Sent reply
[92mINFO [0m:      
[92mINFO [0m:      Received: train message 8fda68a0-bcb8-4bf1-bd55-0ed44129e9e5
[92mINFO [0m:      Sent reply
[92mINFO [0m:      
[92mINFO [0m:      Received: evaluate message 7f2623fb-894a-40a1-9841-c9ac8858ce6e
[92mINFO [0m:      Sent reply
[92mINFO [0m:      
[92mINFO [0m:      Received: train message 131a17b8-f0e3-49d1-9c12-bfedfb4af663
[92mINFO [0m:      Sent reply
[92mINFO [0m:      
[92mINFO [0m:      Received: evaluate message 06736e55-75ef-4d09-9395-aac96855d92a
[92mINFO [0m:      Sent reply
[92mINFO [0m:      
[92mINFO [0m:      Received: evaluate message 670a1fe5-48c1-4e42-a310-c90e6d99e9b1
[92mINFO [0m:      Sent reply
[92mINFO [0m:      
[92mINFO [0m:      Received: evaluate message 193e0307-6ee2-48bb-a60c-a4cc38cf4aaf
[92mINFO [0m:      Sent reply
[92mINFO [0m:      
[92mINFO [0m:      Received: train message 89992db8-6be6-4966-9069-de029a353ebe
[92mINFO [0m:      Sent reply
[92mINFO [0m:      
[92mINFO [0m:      Received: train message 756c65e9-4411-4bb0-af84-a21660ddc644
[92mINFO [0m:      Sent reply
[92mINFO [0m:      
[92mINFO [0m:      Received: evaluate message 6fe30c41-14b5-41a5-824e-aba1077493f2
[92mINFO [0m:      Sent reply
[92mINFO [0m:      
[92mINFO [0m:      Received: train message 5b224c07-045f-4e51-95d2-34d74771dc0d
[92mINFO [0m:      Sent reply
[92mINFO [0m:      
[92mINFO [0m:      Received: evaluate message bcce8fb8-ca2a-4c3c-91ba-628c1a24c769
[92mINFO [0m:      Sent reply
[92mINFO [0m:      
[92mINFO [0m:      Received: evaluate message e1f8afea-c2c7-4680-85be-d144cde04463
[92mINFO [0m:      Sent reply
[92mINFO [0m:      
[92mINFO [0m:      Received: evaluate message b7619eea-7910-4742-b598-0ef65d47a561
[92mINFO [0m:      Sent reply
[92mINFO [0m:      
[92mINFO [0m:      Received: train message 0c6a7e0e-056d-4f58-92e8-e0b380a2de8f
[92mINFO [0m:      Sent reply
[92mINFO [0m:      
[92mINFO [0m:      Received: train message 3170ddfe-e875-4e5e-a03e-9ebfec3df22d
[92mINFO [0m:      Sent reply
[92mINFO [0m:      
[92mINFO [0m:      Received: train message c644d04e-407f-4948-ae22-4f68e61409f6
[92mINFO [0m:      Sent reply
[92mINFO [0m:      
[92mINFO [0m:      Received: evaluate message 006cf199-e6cf-4160-b5f9-b953a55d753e
[92mINFO [0m:      Sent reply
[92mINFO [0m:      
[92mINFO [0m:      Received: evaluate message fc82cd6c-2fb0-46c1-8296-bd8a22f96daf
[92mINFO [0m:      Sent reply
[92mINFO [0m:      
[92mINFO [0m:      Received: train message 145ab7b5-fa87-42a9-9ca2-8bad905b2f4c
[92mINFO [0m:      Sent reply
[92mINFO [0m:      
[92mINFO [0m:      Received: evaluate message 062abbc3-ea52-4c3d-9aa6-0dc3b6e0aeff
[92mINFO [0m:      Sent reply
[92mINFO [0m:      
[92mINFO [0m:      Received: train message c6bea605-f55f-4489-b94b-6dfe87fdb694
[92mINFO [0m:      Sent reply
[92mINFO [0m:      
[92mINFO [0m:      Received: evaluate message a1acd073-3db5-45c6-80f2-e7c05751d3d6
[92mINFO [0m:      Sent reply
[92mINFO [0m:      
[92mINFO [0m:      Received: train message b7e2d484-0e3f-4cb1-a139-a618137d65b2
[92mINFO [0m:      Sent reply
[92mINFO [0m:      
[92mINFO [0m:      Received: train message 625a8ccb-727a-4de9-b7a9-ce3173bf61c1
[92mINFO [0m:      Sent reply
[92mINFO [0m:      
[92mINFO [0m:      Received: evaluate message a93aec72-6e5d-48b4-a247-f90a1ed3f3ab
[92mINFO [0m:      Sent reply
[92mINFO [0m:      
[92mINFO [0m:      Received: train message e4c9fdd0-d301-4f91-a813-fb25c2308cd7
