[93mWARNING [0m:   DEPRECATED FEATURE: flwr.client.start_numpy_client() is deprecated. 
	Instead, use `flwr.client.start_client()` by ensuring you first call the `.to_client()` method as shown below: 
	flwr.client.start_client(
		server_address='<IP>:<PORT>',
		client=FlowerClient().to_client(), # <-- where FlowerClient is of type flwr.client.NumPyClient object
	)
	Using `start_numpy_client()` is deprecated.

            This is a deprecated feature. It will be removed
            entirely in future versions of Flower.
        
[93mWARNING [0m:   DEPRECATED FEATURE: flwr.client.start_client() is deprecated.
	Instead, use the `flower-supernode` CLI command to start a SuperNode as shown below:

		$ flower-supernode --insecure --superlink='<IP>:<PORT>'

	To view all available options, run:

		$ flower-supernode --help

	Using `start_client()` is deprecated.

            This is a deprecated feature. It will be removed
            entirely in future versions of Flower.
        
[92mINFO [0m:      
[92mINFO [0m:      Received: train message 6ade7d92-2125-416f-8be5-2598b1817b02
[92mINFO [0m:      Sent reply
[92mINFO [0m:      
[92mINFO [0m:      Received: evaluate message a5451c10-1a7d-410a-99dc-58fe7c22610b
[92mINFO [0m:      Sent reply
[92mINFO [0m:      
[92mINFO [0m:      Received: train message 8807657f-aae2-4b9c-a61a-8a8917381485
[92mINFO [0m:      Sent reply
[92mINFO [0m:      
[92mINFO [0m:      Received: evaluate message 4cc7a917-efc9-4929-86fd-419d0114d500
[92mINFO [0m:      Sent reply
[92mINFO [0m:      
[92mINFO [0m:      Received: train message 091717d0-7ef2-4125-af6b-001c90a1a97e
[92mINFO [0m:      Sent reply
[92mINFO [0m:      
[92mINFO [0m:      Received: evaluate message 8e2a9422-faf6-4945-a1ef-c85487cac809
[92mINFO [0m:      Sent reply
[92mINFO [0m:      
[92mINFO [0m:      Received: train message 012bcca6-4fe1-4feb-a482-dbc49a32c04a
[92mINFO [0m:      Sent reply
[92mINFO [0m:      
[92mINFO [0m:      Received: evaluate message 5ce881ac-96e7-45ab-92ec-1395d9d63146
[92mINFO [0m:      Sent reply
[92mINFO [0m:      
[92mINFO [0m:      Received: train message 7605e9b5-4885-41a8-b57c-33f02857ced2
[92mINFO [0m:      Sent reply
[92mINFO [0m:      
[92mINFO [0m:      Received: evaluate message 753679a5-3d23-4d2f-a7d1-699cea0007e0
[92mINFO [0m:      Sent reply
[92mINFO [0m:      
[92mINFO [0m:      Received: evaluate message 6cde7491-8c23-423d-9bab-bd39b2bbd137
[92mINFO [0m:      Sent reply
[92mINFO [0m:      
[92mINFO [0m:      Received: train message cd7eb676-6ea9-49c5-9929-e1b974b059d1
[92mINFO [0m:      Sent reply
[92mINFO [0m:      
[92mINFO [0m:      Received: evaluate message e64481ad-163b-471a-8843-1f0c5df254ea
[92mINFO [0m:      Sent reply
[92mINFO [0m:      
[92mINFO [0m:      Received: train message 27ea457e-0233-42fc-9ed9-a3fa9ebeea52
[92mINFO [0m:      Sent reply
[92mINFO [0m:      
[92mINFO [0m:      Received: evaluate message ca28fe80-b7f0-4ac2-96d2-f946470c9bb9
[92mINFO [0m:      Sent reply
[92mINFO [0m:      
[92mINFO [0m:      Received: evaluate message 85a98f48-74a1-4d1e-a9d6-bfac314ed890
[92mINFO [0m:      Sent reply
[92mINFO [0m:      
[92mINFO [0m:      Received: evaluate message bf352656-bff1-4285-a461-935541eac5de
[92mINFO [0m:      Sent reply
[92mINFO [0m:      
[92mINFO [0m:      Received: train message 77332279-8ac9-4206-a345-09d92b338ca6
[92mINFO [0m:      Sent reply
[92mINFO [0m:      
[92mINFO [0m:      Received: evaluate message 8a095c4c-114a-45a9-a29c-a3d1c299e5b7
[92mINFO [0m:      Sent reply
[92mINFO [0m:      
[92mINFO [0m:      Received: evaluate message 553f1b30-6b57-40c4-a712-643cef20b7f3
[92mINFO [0m:      Sent reply
[92mINFO [0m:      
[92mINFO [0m:      Received: evaluate message b90c7d87-5eb9-4d49-bef2-3c850277f2e1
[92mINFO [0m:      Sent reply
[92mINFO [0m:      
[92mINFO [0m:      Received: evaluate message 539e531d-46cd-4619-9d6a-36a06d0087ba
[92mINFO [0m:      Sent reply
[92mINFO [0m:      
[92mINFO [0m:      Received: train message 92f2bc57-7c9b-4715-a57f-b28d1fd07e6e
[92mINFO [0m:      Sent reply
[92mINFO [0m:      
[92mINFO [0m:      Received: evaluate message 6643864c-bd40-4a31-a8a5-7529c71a5f01
[92mINFO [0m:      Sent reply
[92mINFO [0m:      
[92mINFO [0m:      Received: train message dd9297d8-0e8a-4967-85e9-ea174f770b49
[92mINFO [0m:      Sent reply
[92mINFO [0m:      
[92mINFO [0m:      Received: evaluate message 5b649445-6533-4c8d-b3eb-0d935ab18e4e
[92mINFO [0m:      Sent reply
[92mINFO [0m:      
[92mINFO [0m:      Received: train message 1e2dd724-2c3d-4704-855c-5eb5c9cfd843
[92mINFO [0m:      Sent reply
[92mINFO [0m:      
[92mINFO [0m:      Received: evaluate message b858383b-d6d7-4988-96f9-b50f1d459dbd
[92mINFO [0m:      Sent reply
[92mINFO [0m:      
[92mINFO [0m:      Received: evaluate message b6ed6e3f-08ed-4dc6-9a23-3afffd1333ae
[92mINFO [0m:      Sent reply
[92mINFO [0m:      
[92mINFO [0m:      Received: train message b6e68c4d-03e1-4162-900f-fd7dbab05373
[92mINFO [0m:      Sent reply
[92mINFO [0m:      
[92mINFO [0m:      Received: evaluate message d91fa58a-de08-48fb-a1d7-0a2583833fe0
[92mINFO [0m:      Sent reply
[92mINFO [0m:      
[92mINFO [0m:      Received: train message 33077c4f-1924-42ec-8b83-1f2a4d29ebfd
[92mINFO [0m:      Sent reply
[92mINFO [0m:      
[92mINFO [0m:      Received: evaluate message e16abd98-06b1-4f44-b065-6f55e1140c58
[92mINFO [0m:      Sent reply
[92mINFO [0m:      
[92mINFO [0m:      Received: evaluate message 9ab9261a-e772-4fc6-9774-b18910e15549
[92mINFO [0m:      Sent reply
[92mINFO [0m:      
[92mINFO [0m:      Received: train message 1d65c875-f67e-47d5-bc34-aadaa376f826
[92mINFO [0m:      Sent reply
[92mINFO [0m:      
[92mINFO [0m:      Received: train message a7e4a68e-7bdd-4556-aa08-80bd0bc293bd
[92mINFO [0m:      Sent reply
[92mINFO [0m:      
[92mINFO [0m:      Received: evaluate message aee2b1e3-ab5d-4406-8636-ea482165c2dd
[92mINFO [0m:      Sent reply
[92mINFO [0m:      
[92mINFO [0m:      Received: train message 383e0329-1361-424d-b829-982cab25c8de
[92mINFO [0m:      Sent reply
[92mINFO [0m:      
[92mINFO [0m:      Received: evaluate message 180679df-4058-4ff6-ab87-b4042e8c1e41
[92mINFO [0m:      Sent reply
[92mINFO [0m:      
[92mINFO [0m:      Received: evaluate message f066ef9a-9933-4310-9551-6866770f572f
[92mINFO [0m:      Sent reply
[92mINFO [0m:      
[92mINFO [0m:      Received: evaluate message 63000a04-837f-4c23-b7c9-199c00b31ace
[92mINFO [0m:      Sent reply
[92mINFO [0m:      
[92mINFO [0m:      Received: train message 78efb66b-ade8-4eac-af68-6777eb8bebf0
[92mINFO [0m:      Sent reply
[92mINFO [0m:      
[92mINFO [0m:      Received: evaluate message bedb0de8-5900-4e60-8db4-c1b04432b6f9
[92mINFO [0m:      Sent reply
[92mINFO [0m:      
[92mINFO [0m:      Received: train message 705f0242-b834-4554-b7ec-6aee1e7fd23b
[92mINFO [0m:      Sent reply
[92mINFO [0m:      
[92mINFO [0m:      Received: evaluate message b24f8402-fa62-44b3-8d98-b4d24fad0ace
[92mINFO [0m:      Sent reply
[92mINFO [0m:      
[92mINFO [0m:      Received: train message 64cacf39-ed3b-453d-a1d7-3a9ebfff601b
[92mINFO [0m:      Sent reply
[92mINFO [0m:      
[92mINFO [0m:      Received: evaluate message 87351fbc-aebb-4c98-8533-5c46e42a6bd6
[92mINFO [0m:      Sent reply
[92mINFO [0m:      
[92mINFO [0m:      Received: train message 8c760d48-64cf-4e57-82b5-34c77e4d4663
[92mINFO [0m:      Sent reply
[92mINFO [0m:      
[92mINFO [0m:      Received: evaluate message 37db0348-654e-41df-baef-9ee4e0af4155
[92mINFO [0m:      Sent reply
[92mINFO [0m:      
[92mINFO [0m:      Received: train message 55ea37ba-6ae3-47b7-a70c-a45a1b1a20f8
[92mINFO [0m:      Sent reply
[92mINFO [0m:      
[92mINFO [0m:      Received: evaluate message 824fd347-7e53-49dc-ab62-8e5ba4e4cb70
[92mINFO [0m:      Sent reply
[92mINFO [0m:      
[92mINFO [0m:      Received: train message 3c94114e-ac98-44e9-94df-002b10c9d441
[92mINFO [0m:      Sent reply
[92mINFO [0m:      
[92mINFO [0m:      Received: evaluate message fbaf5ed0-604c-4ad6-99ab-ae566badf9d4
[92mINFO [0m:      Sent reply
[92mINFO [0m:      
[92mINFO [0m:      Received: train message 1c1b8f6a-68b4-4404-a8bc-cb7673cd9d3d
[92mINFO [0m:      Sent reply
[92mINFO [0m:      
[92mINFO [0m:      Received: evaluate message 7fcbb5b4-9ff6-4a46-8847-1848a2b27702
[92mINFO [0m:      Sent reply
[92mINFO [0m:      
[92mINFO [0m:      Received: train message 36fc4471-e8da-434a-b636-fba8b07adee0
[92mINFO [0m:      Sent reply
[92mINFO [0m:      
[92mINFO [0m:      Received: evaluate message a2cd480a-586f-4358-8ce0-204e7c578736
[92mINFO [0m:      Sent reply
[92mINFO [0m:      
[92mINFO [0m:      Received: train message 29fb500b-9d5d-4f47-866f-81dab5a51f7a
[92mINFO [0m:      Sent reply
[92mINFO [0m:      
[92mINFO [0m:      Received: train message ce7a2336-412c-4288-8eb8-06c94f58f032
[92mINFO [0m:      Sent reply
[92mINFO [0m:      
[92mINFO [0m:      Received: evaluate message 4bd0fdef-230f-4005-a554-058e72f71f2b
[92mINFO [0m:      Sent reply
[92mINFO [0m:      
[92mINFO [0m:      Received: evaluate message 5149b810-24f8-4a4f-a2dc-6e0494300e2f
[92mINFO [0m:      Sent reply
[92mINFO [0m:      
[92mINFO [0m:      Received: evaluate message f8b86c13-ea34-4b1e-8b85-5c2a5f4f0616
[92mINFO [0m:      Sent reply
[92mINFO [0m:      
[92mINFO [0m:      Received: evaluate message 533a069d-05a8-444e-9116-bbb6646034d4
[92mINFO [0m:      Sent reply
[92mINFO [0m:      
[92mINFO [0m:      Received: train message 3946bdb4-3d2e-41f7-b908-2ca335a1b682
[92mINFO [0m:      Sent reply
[92mINFO [0m:      
[92mINFO [0m:      Received: train message 480ae1cb-6a1e-4092-90ba-2b127f729271
[92mINFO [0m:      Sent reply
[92mINFO [0m:      
[92mINFO [0m:      Received: train message aabfe30b-d3e9-4336-8db9-7ff29f7c61bc
[92mINFO [0m:      Sent reply
[92mINFO [0m:      
[92mINFO [0m:      Received: train message be35a333-da6a-4b45-903e-76c657c97646
[92mINFO [0m:      Sent reply
[92mINFO [0m:      
[92mINFO [0m:      Received: evaluate message 874c0231-10bc-4472-b69b-94914f42f820
[92mINFO [0m:      Sent reply
[92mINFO [0m:      
[92mINFO [0m:      Received: evaluate message bfd8fbc1-f8f1-4e7b-b635-fdb5ba9f87ba
[92mINFO [0m:      Sent reply
[92mINFO [0m:      
[92mINFO [0m:      Received: train message cb378669-371a-44a1-a311-33d05f709238
[92mINFO [0m:      Sent reply
[92mINFO [0m:      
[92mINFO [0m:      Received: evaluate message 7d7f9ce2-d677-412e-9f88-8b0fe49c54c9
[92mINFO [0m:      Sent reply
[92mINFO [0m:      
[92mINFO [0m:      Received: train message c53b62f1-fec3-44f7-a4ab-2cbee527f498
[92mINFO [0m:      Sent reply
[92mINFO [0m:      
[92mINFO [0m:      Received: train message dadd7f11-3f25-41db-837d-a03bacb4063f
[92mINFO [0m:      Sent reply
[92mINFO [0m:      
[92mINFO [0m:      Received: evaluate message c666eabe-6a9a-44b1-8660-d9b6111652d8
[92mINFO [0m:      Sent reply
[92mINFO [0m:      
[92mINFO [0m:      Received: train message a628b0e2-53ae-47d0-a857-8e75f37d9ab0
[92mINFO [0m:      Sent reply
[92mINFO [0m:      
[92mINFO [0m:      Received: train message 2be0456a-2627-457f-91a0-ae3090c5abed
[92mINFO [0m:      Sent reply
[92mINFO [0m:      
[92mINFO [0m:      Received: train message 36619f44-2402-456a-9b2c-f1dbeda49869
[92mINFO [0m:      Sent reply
[92mINFO [0m:      
[92mINFO [0m:      Received: evaluate message 5067defd-18b8-4252-9b8d-e15c3ab93cc9
[92mINFO [0m:      Sent reply
[92mINFO [0m:      
[92mINFO [0m:      Received: evaluate message 15b6614b-b0fa-44d6-9a58-0e4426d932d3
[92mINFO [0m:      Sent reply
[92mINFO [0m:      
[92mINFO [0m:      Received: train message 8aba0489-d5df-4b47-b84f-380bb1b508bb
[92mINFO [0m:      Sent reply
[92mINFO [0m:      
[92mINFO [0m:      Received: train message 0c2ceae4-700b-4126-ab6f-4b51644e04a5
[92mINFO [0m:      Sent reply
[92mINFO [0m:      
[92mINFO [0m:      Received: train message 6d5683cd-44fb-45ce-831c-a04cb0fc5524
[92mINFO [0m:      Sent reply
[92mINFO [0m:      
[92mINFO [0m:      Received: evaluate message ab5c0791-39f2-47db-aaf7-5c92f0239060
[92mINFO [0m:      Sent reply
[92mINFO [0m:      
[92mINFO [0m:      Received: evaluate message bcfdfaaa-9391-44f8-8b01-3486349711a9
[92mINFO [0m:      Sent reply
[92mINFO [0m:      
[92mINFO [0m:      Received: evaluate message c95814d3-42ed-4699-b9ff-927843df0e14
[92mINFO [0m:      Sent reply
[92mINFO [0m:      
[92mINFO [0m:      Received: train message 56bc6467-e7f3-4ca0-889c-7c8c421ecfa7
[92mINFO [0m:      Sent reply
[92mINFO [0m:      
[92mINFO [0m:      Received: train message bf370690-9304-40f1-9448-30b5925e1485
[92mINFO [0m:      Sent reply
[92mINFO [0m:      
[92mINFO [0m:      Received: evaluate message aec63a2d-88b1-4fea-ab42-872c4feac842
[92mINFO [0m:      Sent reply
[92mINFO [0m:      
[92mINFO [0m:      Received: evaluate message ca5b187d-0d6a-48e8-bf2d-ed48535ae4c8
[92mINFO [0m:      Sent reply
[92mINFO [0m:      
[92mINFO [0m:      Received: train message 49150412-6a61-4ebb-91a9-1d15e632a6a2
[92mINFO [0m:      Sent reply
[92mINFO [0m:      
[92mINFO [0m:      Received: evaluate message 744fcb9d-51d6-4681-a6ee-dc63ea247aa3
[92mINFO [0m:      Sent reply
[92mINFO [0m:      
[92mINFO [0m:      Received: evaluate message 0e25230f-4bbb-4adb-8d9e-79e6acf6e640
[92mINFO [0m:      Sent reply
[92mINFO [0m:      
[92mINFO [0m:      Received: train message 5dc6a304-d525-4c8d-bcae-f0afa8d6f177
[92mINFO [0m:      Sent reply
[92mINFO [0m:      
[92mINFO [0m:      Received: evaluate message cac39a4f-55d2-4b44-aeb5-ba573bfff896
[92mINFO [0m:      Sent reply
[92mINFO [0m:      
[92mINFO [0m:      Received: train message 1f467959-27bf-42f6-955f-f07793fc6a0a
[92mINFO [0m:      Sent reply
[92mINFO [0m:      
[92mINFO [0m:      Received: train message 48f2c833-9a06-472a-9d35-7cda00e6044d
[92mINFO [0m:      Sent reply
[92mINFO [0m:      
[92mINFO [0m:      Received: evaluate message abe0772f-862d-4b75-84b5-24358e3ec3da
[92mINFO [0m:      Sent reply
[92mINFO [0m:      
[92mINFO [0m:      Received: train message b405f83b-06ce-4034-bcf3-db3a26ad168a
[92mINFO [0m:      Sent reply
[92mINFO [0m:      
[92mINFO [0m:      Received: train message 1b0856e7-14c9-4cbe-b3e5-edd018967c69
[92mINFO [0m:      Sent reply
[92mINFO [0m:      
[92mINFO [0m:      Received: evaluate message 68b4d460-73b8-4c81-9885-726dd564dd85
[92mINFO [0m:      Sent reply
[92mINFO [0m:      
[92mINFO [0m:      Received: train message 49b0f5ff-8b14-4aab-a15a-fd14e23912ce
[92mINFO [0m:      Sent reply
[92mINFO [0m:      
[92mINFO [0m:      Received: evaluate message 5287a51c-beef-4307-aa06-4788aee9d05c
[92mINFO [0m:      Sent reply
[92mINFO [0m:      
[92mINFO [0m:      Received: train message ced2e656-f344-48a0-b56b-3f53df0b7328
[92mINFO [0m:      Sent reply
[92mINFO [0m:      
[92mINFO [0m:      Received: evaluate message b4abd4f9-fb10-4310-b16d-59a61c8080b6
[92mINFO [0m:      Sent reply
[92mINFO [0m:      
[92mINFO [0m:      Received: evaluate message 20d77ab7-dad8-4325-bc9e-4f3304fb7220
[92mINFO [0m:      Sent reply
[92mINFO [0m:      
[92mINFO [0m:      Received: train message 9170697b-5c15-4c05-854a-aeeaab9ac2a2
[92mINFO [0m:      Sent reply
[92mINFO [0m:      
[92mINFO [0m:      Received: train message 778f4df6-e1cf-48ba-83af-4a20bf949a4a
[92mINFO [0m:      Sent reply
[92mINFO [0m:      
[92mINFO [0m:      Received: train message 0fdeaa06-b6e9-4450-a1be-79c1d5a73dcf
[92mINFO [0m:      Sent reply
[92mINFO [0m:      
[92mINFO [0m:      Received: evaluate message 80e1cde7-90c6-402a-8b2d-4a1229dd317b
[92mINFO [0m:      Sent reply
[92mINFO [0m:      
[92mINFO [0m:      Received: evaluate message 683bfde3-2627-4f67-8e6d-c677ae4087d4
[92mINFO [0m:      Sent reply
[92mINFO [0m:      
[92mINFO [0m:      Received: evaluate message c54efac9-a983-46e5-a918-d05435298ecf
[92mINFO [0m:      Sent reply
[92mINFO [0m:      
[92mINFO [0m:      Received: train message 18efbf83-d9c2-4fb4-9ed4-4201016e2c93
[92mINFO [0m:      Sent reply
[92mINFO [0m:      
[92mINFO [0m:      Received: evaluate message efa56003-7138-48b9-a311-bb1458d31a4e
[92mINFO [0m:      Sent reply
[92mINFO [0m:      
[92mINFO [0m:      Received: train message 6501a0ef-251f-4a20-b036-e2822eaf52c5
[92mINFO [0m:      Sent reply
[92mINFO [0m:      
[92mINFO [0m:      Received: evaluate message b6d77780-9a0f-4c86-8289-a0b12a1eb539
[92mINFO [0m:      Sent reply
[92mINFO [0m:      
[92mINFO [0m:      Received: evaluate message 048144a6-87d6-4d41-863c-7b8d8aa1f648
[92mINFO [0m:      Sent reply
[92mINFO [0m:      
[92mINFO [0m:      Received: evaluate message 16fecb19-073f-4a7e-bed9-f6c29b32f1ac
[92mINFO [0m:      Sent reply
[92mINFO [0m:      
[92mINFO [0m:      Received: evaluate message 2a44f5ba-675c-4945-a923-289e6a6ca1f3
[92mINFO [0m:      Sent reply
[92mINFO [0m:      
[92mINFO [0m:      Received: evaluate message 09a9dc5d-1ae5-45de-9c57-9d60d723d115
[92mINFO [0m:      Sent reply
[92mINFO [0m:      
[92mINFO [0m:      Received: train message 25938600-9207-405c-b063-6e4effa20a9c
[92mINFO [0m:      Sent reply
[92mINFO [0m:      
[92mINFO [0m:      Received: evaluate message bf0b3a4b-fe0d-42bd-894c-479ced63075d
[92mINFO [0m:      Sent reply
[92mINFO [0m:      
[92mINFO [0m:      Received: train message 0a88c8e5-a9e9-45ee-b6b0-e5eee81dc3bb
[92mINFO [0m:      Sent reply
[92mINFO [0m:      
[92mINFO [0m:      Received: evaluate message f63b4153-c316-4fbe-9973-120659e675b9
[92mINFO [0m:      Sent reply
[92mINFO [0m:      
[92mINFO [0m:      Received: evaluate message 3b878def-7d53-459f-a5ee-70cbe26a36d8
[92mINFO [0m:      Sent reply
[92mINFO [0m:      
[92mINFO [0m:      Received: train message 84599a7b-4046-457f-9437-7b2963d378e0
[92mINFO [0m:      Sent reply
[92mINFO [0m:      
[92mINFO [0m:      Received: train message eff45fd6-9d94-4645-a12f-9a56ff906f39
[92mINFO [0m:      Sent reply
[92mINFO [0m:      
[92mINFO [0m:      Received: evaluate message 2bb0cd00-187c-42ec-96ba-8a49f885cf8e
[92mINFO [0m:      Sent reply
[92mINFO [0m:      
[92mINFO [0m:      Received: train message b0a142a2-14e0-4e96-b257-b79150898efb
[92mINFO [0m:      Sent reply
[92mINFO [0m:      
[92mINFO [0m:      Received: train message 9e7a4f0b-91d1-4b7e-8be4-b434e55a5958
[92mINFO [0m:      Sent reply
[92mINFO [0m:      
[92mINFO [0m:      Received: evaluate message bc801a91-91c2-4c36-895a-cb0c328b2528
[92mINFO [0m:      Sent reply
[92mINFO [0m:      
[92mINFO [0m:      Received: train message 6702f08b-1f5f-4530-93bb-0c5d010113c5
[92mINFO [0m:      Sent reply
[92mINFO [0m:      
[92mINFO [0m:      Received: evaluate message b48c1d36-8895-4d86-a2d9-64f26d416d7d
[92mINFO [0m:      Sent reply
[92mINFO [0m:      
[92mINFO [0m:      Received: train message 9825344f-fada-49a1-aeab-e2e971741ecc
[92mINFO [0m:      Sent reply
[92mINFO [0m:      
[92mINFO [0m:      Received: train message 55910519-0119-4622-9278-6d3f5fd0b7e3
[92mINFO [0m:      Sent reply
[92mINFO [0m:      
[92mINFO [0m:      Received: evaluate message 846d9cff-4c57-4222-b1fd-61648ee25c8d
[92mINFO [0m:      Sent reply
[92mINFO [0m:      
[92mINFO [0m:      Received: train message 91ee15f3-eb02-4634-82dc-9133d53c03cb
[92mINFO [0m:      Sent reply
[92mINFO [0m:      
[92mINFO [0m:      Received: evaluate message 3d31cc8a-1bfb-45f9-b546-1d22e985717f
[92mINFO [0m:      Sent reply
[92mINFO [0m:      
[92mINFO [0m:      Received: evaluate message 399552dc-1df9-4f40-b7ee-0e5e3d279be4
[92mINFO [0m:      Sent reply
[92mINFO [0m:      
[92mINFO [0m:      Received: train message cf646f88-ee45-438c-b1af-e9d9ba39e687
[92mINFO [0m:      Sent reply
[92mINFO [0m:      
[92mINFO [0m:      Received: evaluate message 253b4b39-74eb-4d19-8275-cfc066c7fba7
[92mINFO [0m:      Sent reply
[92mINFO [0m:      
[92mINFO [0m:      Received: evaluate message 62a45036-a68b-458e-b4b6-2e203739da3b
[92mINFO [0m:      Sent reply
[92mINFO [0m:      
[92mINFO [0m:      Received: evaluate message f5acfd69-3b01-4d23-8ed0-e3f3f270b34f
[92mINFO [0m:      Sent reply
[92mINFO [0m:      
[92mINFO [0m:      Received: evaluate message b778f34a-d8c8-4f89-b6b9-f52798977e3d
[92mINFO [0m:      Sent reply
[92mINFO [0m:      
[92mINFO [0m:      Received: evaluate message fbc21c24-22e3-4038-bb9b-49bd9b154341
[92mINFO [0m:      Sent reply
[92mINFO [0m:      
[92mINFO [0m:      Received: train message 71a45376-4fe2-417c-9f44-76c41afe7099
[92mINFO [0m:      Sent reply
[92mINFO [0m:      
[92mINFO [0m:      Received: evaluate message 43de1708-3dfd-47e8-96de-8ca84f148963
[92mINFO [0m:      Sent reply
